[0.082s] Invoking command in '/home/weiwei/Desktop/project/path_follow/build/path_follow': CMAKE_PREFIX_PATH=/opt/ros/foxy /usr/bin/cmake /home/weiwei/Desktop/project/path_follow/src/path_follow -DCMAKE_INSTALL_PREFIX=/home/weiwei/Desktop/project/path_follow/install/path_follow
[0.148s] -- The C compiler identification is GNU 9.4.0
[0.198s] -- The CXX compiler identification is GNU 9.4.0
[0.201s] -- Check for working C compiler: /usr/bin/cc
[0.246s] -- Check for working C compiler: /usr/bin/cc -- works
[0.247s] -- Detecting C compiler ABI info
[0.312s] -- Detecting C compiler ABI info - done
[0.321s] -- Detecting C compile features
[0.322s] -- Detecting C compile features - done
[0.323s] -- Check for working CXX compiler: /usr/bin/c++
[0.384s] -- Check for working CXX compiler: /usr/bin/c++ -- works
[0.384s] -- Detecting CXX compiler ABI info
[0.433s] -- Detecting CXX compiler ABI info - done
[0.440s] -- Detecting CXX compile features
[0.441s] -- Detecting CXX compile features - done
[0.446s] -- Found ament_cmake: 0.9.12 (/opt/ros/foxy/share/ament_cmake/cmake)
[0.462s] -- Found PythonInterp: /usr/bin/python3 (found suitable version "3.8.10", minimum required is "3") 
[0.463s] -- Using PYTHON_EXECUTABLE: /usr/bin/python3
[0.587s] -- Found rclcpp: 2.4.3 (/opt/ros/foxy/share/rclcpp/cmake)
[0.625s] -- Using all available rosidl_typesupport_c: rosidl_typesupport_fastrtps_c;rosidl_typesupport_introspection_c
[0.631s] -- Found rosidl_adapter: 1.3.1 (/opt/ros/foxy/share/rosidl_adapter/cmake)
[0.687s] -- Found OpenSSL: /usr/lib/x86_64-linux-gnu/libcrypto.so (found version "1.1.1f")  
[0.708s] -- Found FastRTPS: /opt/ros/foxy/include  
[0.763s] -- Using all available rosidl_typesupport_cpp: rosidl_typesupport_fastrtps_cpp;rosidl_typesupport_introspection_cpp
[0.802s] -- Found rmw_implementation_cmake: 1.0.4 (/opt/ros/foxy/share/rmw_implementation_cmake/cmake)
[0.804s] -- Using RMW implementation 'rmw_fastrtps_cpp' as default
[0.805s] -- Looking for pthread.h
[0.858s] -- Looking for pthread.h - found
[0.858s] -- Performing Test CMAKE_HAVE_LIBC_PTHREAD
[0.927s] -- Performing Test CMAKE_HAVE_LIBC_PTHREAD - Failed
[0.927s] -- Looking for pthread_create in pthreads
[0.972s] -- Looking for pthread_create in pthreads - not found
[0.972s] -- Looking for pthread_create in pthread
[1.057s] -- Looking for pthread_create in pthread - found
[1.058s] -- Found Threads: TRUE  
[1.175s] -- Found ament_lint_auto: 0.9.8 (/opt/ros/foxy/share/ament_lint_auto/cmake)
[1.229s] -- Added test 'copyright' to check source files copyright and LICENSE
[1.230s] -- Added test 'cppcheck' to perform static code analysis on C / C++ code
[1.230s] -- Configured cppcheck include dirs: 
[1.230s] -- Configured cppcheck exclude dirs and/or files: 
[1.231s] -- Added test 'cpplint' to check C / C++ code against the Google style
[1.231s] -- Configured cpplint exclude dirs and/or files: 
[1.232s] -- Added test 'lint_cmake' to check CMake code style
[1.233s] -- Added test 'uncrustify' to check C / C++ code style
[1.233s] -- Configured uncrustify additional arguments: 
[1.233s] -- Added test 'xmllint' to check XML markup files
[1.235s] -- Configuring done
[1.240s] -- Generating done
[1.241s] -- Build files have been written to: /home/weiwei/Desktop/project/path_follow/build/path_follow
[1.246s] Invoked command in '/home/weiwei/Desktop/project/path_follow/build/path_follow' returned '0': CMAKE_PREFIX_PATH=/opt/ros/foxy /usr/bin/cmake /home/weiwei/Desktop/project/path_follow/src/path_follow -DCMAKE_INSTALL_PREFIX=/home/weiwei/Desktop/project/path_follow/install/path_follow
[1.248s] Invoking command in '/home/weiwei/Desktop/project/path_follow/build/path_follow': CMAKE_PREFIX_PATH=/opt/ros/foxy /usr/bin/cmake --build /home/weiwei/Desktop/project/path_follow/build/path_follow -- -j16 -l16
[1.272s] [35m[1mScanning dependencies of target path_follow[0m
[1.277s] [ 25%] [32mBuilding CXX object CMakeFiles/path_follow.dir/src/main.cpp.o[0m
[1.278s] [ 50%] [32mBuilding CXX object CMakeFiles/path_follow.dir/src/cdcr.cpp.o[0m
[1.278s] [ 75%] [32mBuilding CXX object CMakeFiles/path_follow.dir/src/joint.cpp.o[0m
[1.290s] [100%] [32m[1mLinking CXX executable path_follow[0m
[1.333s] /usr/bin/ld: /usr/lib/gcc/x86_64-linux-gnu/9/../../../x86_64-linux-gnu/Scrt1.o: in function `_start':
[1.333s] (.text+0x24): undefined reference to `main'
[1.333s] collect2: error: ld returned 1 exit status
[1.334s] make[2]: *** [CMakeFiles/path_follow.dir/build.make:161：path_follow] 错误 1
[1.334s] make[1]: *** [CMakeFiles/Makefile2:78：CMakeFiles/path_follow.dir/all] 错误 2
[1.334s] make: *** [Makefile:141：all] 错误 2
[1.336s] Invoked command in '/home/weiwei/Desktop/project/path_follow/build/path_follow' returned '2': CMAKE_PREFIX_PATH=/opt/ros/foxy /usr/bin/cmake --build /home/weiwei/Desktop/project/path_follow/build/path_follow -- -j16 -l16
