-- Found ament_cmake: 0.9.12 (/opt/ros/foxy/share/ament_cmake/cmake)
-- Using PYTHON_EXECUTABLE: /usr/bin/python3
-- Found rclcpp: 2.4.3 (/opt/ros/foxy/share/rclcpp/cmake)
-- Using all available rosidl_typesupport_c: rosidl_typesupport_fastrtps_c;rosidl_typesupport_introspection_c
-- Found rosidl_adapter: 1.3.1 (/opt/ros/foxy/share/rosidl_adapter/cmake)
-- Using all available rosidl_typesupport_cpp: rosidl_typesupport_fastrtps_cpp;rosidl_typesupport_introspection_cpp
-- Found rmw_implementation_cmake: 1.0.4 (/opt/ros/foxy/share/rmw_implementation_cmake/cmake)
-- Using RMW implementation 'rmw_fastrtps_cpp' as default
CMake Error at CMakeLists.txt:21 (find_package):
  Could not find a configuration file for package "Eigen3" that is compatible
  with requested version "3.7".

  The following configuration files were considered but not accepted:

    /usr/local/share/eigen3/cmake/Eigen3Config.cmake, version: 3.3.9
    /usr/lib/cmake/eigen3/Eigen3Config.cmake, version: 3.3.7
    /lib/cmake/eigen3/Eigen3Config.cmake, version: 3.3.7
    /home/weiwei/Desktop/thirdParty/eigen/eigen-3.3.9/build/Eigen3Config.cmake, version: 3.3.9



-- Configuring incomplete, errors occurred!
See also "/home/weiwei/Desktop/project/path_follow/build/path_follow/CMakeFiles/CMakeOutput.log".
See also "/home/weiwei/Desktop/project/path_follow/build/path_follow/CMakeFiles/CMakeError.log".
make: *** [Makefile:326：cmake_check_build_system] 错误 1
