Performing C SOURCE FILE Test CMAKE_HAVE_LIBC_PTHREAD failed with the following output:
Change Dir: /home/weiwei/Desktop/project/path_follow/build/path_follow/CMakeFiles/CMakeTmp

Run Build Command(s):/usr/bin/make cmTC_d7258/fast && /usr/bin/make -f CMakeFiles/cmTC_d7258.dir/build.make CMakeFiles/cmTC_d7258.dir/build
make[1]: 进入目录“/home/weiwei/Desktop/project/path_follow/build/path_follow/CMakeFiles/CMakeTmp”
Building C object CMakeFiles/cmTC_d7258.dir/src.c.o
/usr/bin/cc   -DCMAKE_HAVE_LIBC_PTHREAD   -o CMakeFiles/cmTC_d7258.dir/src.c.o   -c /home/weiwei/Desktop/project/path_follow/build/path_follow/CMakeFiles/CMakeTmp/src.c
Linking C executable cmTC_d7258
/usr/bin/cmake -E cmake_link_script CMakeFiles/cmTC_d7258.dir/link.txt --verbose=1
/usr/bin/cc  -DCMAKE_HAVE_LIBC_PTHREAD    CMakeFiles/cmTC_d7258.dir/src.c.o  -o cmTC_d7258 
/usr/bin/ld: CMakeFiles/cmTC_d7258.dir/src.c.o: in function `main':
src.c:(.text+0x46): undefined reference to `pthread_create'
/usr/bin/ld: src.c:(.text+0x52): undefined reference to `pthread_detach'
/usr/bin/ld: src.c:(.text+0x63): undefined reference to `pthread_join'
collect2: error: ld returned 1 exit status
make[1]: *** [CMakeFiles/cmTC_d7258.dir/build.make:87：cmTC_d7258] 错误 1
make[1]: 离开目录“/home/weiwei/Desktop/project/path_follow/build/path_follow/CMakeFiles/CMakeTmp”
make: *** [Makefile:121：cmTC_d7258/fast] 错误 2


Source file was:
#include <pthread.h>

void* test_func(void* data)
{
  return data;
}

int main(void)
{
  pthread_t thread;
  pthread_create(&thread, NULL, test_func, NULL);
  pthread_detach(thread);
  pthread_join(thread, NULL);
  pthread_atfork(NULL, NULL, NULL);
  pthread_exit(NULL);

  return 0;
}

Determining if the function pthread_create exists in the pthreads failed with the following output:
Change Dir: /home/weiwei/Desktop/project/path_follow/build/path_follow/CMakeFiles/CMakeTmp

Run Build Command(s):/usr/bin/make cmTC_780f1/fast && /usr/bin/make -f CMakeFiles/cmTC_780f1.dir/build.make CMakeFiles/cmTC_780f1.dir/build
make[1]: 进入目录“/home/weiwei/Desktop/project/path_follow/build/path_follow/CMakeFiles/CMakeTmp”
Building C object CMakeFiles/cmTC_780f1.dir/CheckFunctionExists.c.o
/usr/bin/cc   -DCHECK_FUNCTION_EXISTS=pthread_create   -o CMakeFiles/cmTC_780f1.dir/CheckFunctionExists.c.o   -c /usr/share/cmake-3.16/Modules/CheckFunctionExists.c
Linking C executable cmTC_780f1
/usr/bin/cmake -E cmake_link_script CMakeFiles/cmTC_780f1.dir/link.txt --verbose=1
/usr/bin/cc  -DCHECK_FUNCTION_EXISTS=pthread_create    CMakeFiles/cmTC_780f1.dir/CheckFunctionExists.c.o  -o cmTC_780f1  -lpthreads 
/usr/bin/ld: 找不到 -lpthreads
collect2: error: ld returned 1 exit status
make[1]: *** [CMakeFiles/cmTC_780f1.dir/build.make:87：cmTC_780f1] 错误 1
make[1]: 离开目录“/home/weiwei/Desktop/project/path_follow/build/path_follow/CMakeFiles/CMakeTmp”
make: *** [Makefile:121：cmTC_780f1/fast] 错误 2



Determining if the function sgemm_ exists failed with the following output:
Change Dir: /home/weiwei/Desktop/project/path_follow/build/path_follow/CMakeFiles/CMakeTmp

Run Build Command(s):/usr/bin/make cmTC_dcba7/fast && make[1]: 进入目录“/home/weiwei/Desktop/project/path_follow/build/path_follow/CMakeFiles/CMakeTmp”
/usr/bin/make -f CMakeFiles/cmTC_dcba7.dir/build.make CMakeFiles/cmTC_dcba7.dir/build
make[2]: 进入目录“/home/weiwei/Desktop/project/path_follow/build/path_follow/CMakeFiles/CMakeTmp”
Building C object CMakeFiles/cmTC_dcba7.dir/CheckFunctionExists.c.o
/usr/bin/cc   -DCHECK_FUNCTION_EXISTS=sgemm_   -o CMakeFiles/cmTC_dcba7.dir/CheckFunctionExists.c.o   -c /usr/share/cmake-3.16/Modules/CheckFunctionExists.c
Linking C executable cmTC_dcba7
/usr/bin/cmake -E cmake_link_script CMakeFiles/cmTC_dcba7.dir/link.txt --verbose=1
/usr/bin/cc  -DCHECK_FUNCTION_EXISTS=sgemm_    CMakeFiles/cmTC_dcba7.dir/CheckFunctionExists.c.o  -o cmTC_dcba7 
/usr/bin/ld: CMakeFiles/cmTC_dcba7.dir/CheckFunctionExists.c.o: in function `main':
CheckFunctionExists.c:(.text+0x14): undefined reference to `sgemm_'
collect2: error: ld returned 1 exit status
make[2]: *** [CMakeFiles/cmTC_dcba7.dir/build.make:87：cmTC_dcba7] 错误 1
make[2]: 离开目录“/home/weiwei/Desktop/project/path_follow/build/path_follow/CMakeFiles/CMakeTmp”
make[1]: *** [Makefile:121：cmTC_dcba7/fast] 错误 2
make[1]: 离开目录“/home/weiwei/Desktop/project/path_follow/build/path_follow/CMakeFiles/CMakeTmp”



Determining if the function cheev_ exists failed with the following output:
Change Dir: /home/weiwei/Desktop/project/path_follow/build/path_follow/CMakeFiles/CMakeTmp

Run Build Command(s):/usr/bin/make cmTC_e97b1/fast && make[1]: 进入目录“/home/weiwei/Desktop/project/path_follow/build/path_follow/CMakeFiles/CMakeTmp”
/usr/bin/make -f CMakeFiles/cmTC_e97b1.dir/build.make CMakeFiles/cmTC_e97b1.dir/build
make[2]: 进入目录“/home/weiwei/Desktop/project/path_follow/build/path_follow/CMakeFiles/CMakeTmp”
Building C object CMakeFiles/cmTC_e97b1.dir/CheckFunctionExists.c.o
/usr/bin/cc   -DCHECK_FUNCTION_EXISTS=cheev_   -o CMakeFiles/cmTC_e97b1.dir/CheckFunctionExists.c.o   -c /usr/share/cmake-3.16/Modules/CheckFunctionExists.c
Linking C executable cmTC_e97b1
/usr/bin/cmake -E cmake_link_script CMakeFiles/cmTC_e97b1.dir/link.txt --verbose=1
/usr/bin/cc  -DCHECK_FUNCTION_EXISTS=cheev_    CMakeFiles/cmTC_e97b1.dir/CheckFunctionExists.c.o  -o cmTC_e97b1  /usr/lib/x86_64-linux-gnu/libblas.so 
/usr/bin/ld: CMakeFiles/cmTC_e97b1.dir/CheckFunctionExists.c.o: in function `main':
CheckFunctionExists.c:(.text+0x14): undefined reference to `cheev_'
collect2: error: ld returned 1 exit status
make[2]: *** [CMakeFiles/cmTC_e97b1.dir/build.make:88：cmTC_e97b1] 错误 1
make[2]: 离开目录“/home/weiwei/Desktop/project/path_follow/build/path_follow/CMakeFiles/CMakeTmp”
make[1]: *** [Makefile:121：cmTC_e97b1/fast] 错误 2
make[1]: 离开目录“/home/weiwei/Desktop/project/path_follow/build/path_follow/CMakeFiles/CMakeTmp”



