[0.107s] Invoking command in '/home/weiwei/Desktop/project/path_follow/build/path_follow': CMAKE_PREFIX_PATH=${CMAKE_PREFIX_PATH}:/opt/ros/foxy /usr/bin/cmake --build /home/weiwei/Desktop/project/path_follow/build/path_follow -- -j16 -l16
[0.151s] [35m[1mScanning dependencies of target path_follow[0m
[0.195s] [ 40%] [32mBuilding CXX object CMakeFiles/path_follow.dir/src/cdcr.cpp.o[0m
[0.195s] [ 40%] [32mBuilding CXX object CMakeFiles/path_follow.dir/src/main.cpp.o[0m
[2.674s] In file included from [01m[K/home/weiwei/Desktop/project/path_follow/src/path_follow/src/main.cpp:1[m[K:
[2.674s] [01m[K/home/weiwei/Desktop/project/path_follow/src/path_follow/src/cdcr.hpp:[m[K In constructor ‘[01m[KCDCR::position_residual::position_residual(double, double, double, double, Eigen::Vector3d)[m[K’:
[2.674s] [01m[K/home/weiwei/Desktop/project/path_follow/src/path_follow/src/cdcr.hpp:59:27:[m[K [01;35m[Kwarning: [m[K‘[01m[KCDCR::position_residual::position_[m[K’ will be initialized after [[01;35m[K-Wreorder[m[K]
[2.674s]    59 |     const Eigen::Vector3d [01;35m[Kposition_[m[K;
[2.674s]       |                           [01;35m[K^~~~~~~~~[m[K
[2.674s] [01m[K/home/weiwei/Desktop/project/path_follow/src/path_follow/src/cdcr.hpp:57:18:[m[K [01;35m[Kwarning: [m[K  ‘[01m[Kconst double CDCR::position_residual::weight_position_[m[K’ [[01;35m[K-Wreorder[m[K]
[2.674s]    57 |     const double [01;35m[Kweight_position_[m[K;
[2.674s]       |                  [01;35m[K^~~~~~~~~~~~~~~~[m[K
[2.674s] [01m[K/home/weiwei/Desktop/project/path_follow/src/path_follow/src/cdcr.hpp:39:5:[m[K [01;35m[Kwarning: [m[K  when initialized here [[01;35m[K-Wreorder[m[K]
[2.674s]    39 |     [01;35m[Kposition_residual[m[K(double weight_position,
[2.674s]       |     [01;35m[K^~~~~~~~~~~~~~~~~[m[K
[2.674s] [01m[K/home/weiwei/Desktop/project/path_follow/src/path_follow/src/cdcr.hpp:[m[K In constructor ‘[01m[KCDCR::angle_residual::angle_residual(double, double, double, double, Eigen::Vector3d)[m[K’:
[2.674s] [01m[K/home/weiwei/Desktop/project/path_follow/src/path_follow/src/cdcr.hpp:82:27:[m[K [01;35m[Kwarning: [m[K‘[01m[KCDCR::angle_residual::tangent_vector_[m[K’ will be initialized after [[01;35m[K-Wreorder[m[K]
[2.674s]    82 |     const Eigen::Vector3d [01;35m[Ktangent_vector_[m[K;
[2.674s]       |                           [01;35m[K^~~~~~~~~~~~~~~[m[K
[2.674s] [01m[K/home/weiwei/Desktop/project/path_follow/src/path_follow/src/cdcr.hpp:80:18:[m[K [01;35m[Kwarning: [m[K  ‘[01m[Kconst double CDCR::angle_residual::weight_direction_[m[K’ [[01;35m[K-Wreorder[m[K]
[2.674s]    80 |     const double [01;35m[Kweight_direction_[m[K;
[2.674s]       |                  [01;35m[K^~~~~~~~~~~~~~~~~[m[K
[2.674s] [01m[K/home/weiwei/Desktop/project/path_follow/src/path_follow/src/cdcr.hpp:63:5:[m[K [01;35m[Kwarning: [m[K  when initialized here [[01;35m[K-Wreorder[m[K]
[2.674s]    63 |     [01;35m[Kangle_residual[m[K(double weight_direction,
[2.675s]       |     [01;35m[K^~~~~~~~~~~~~~[m[K
[2.719s] In file included from [01m[K/home/weiwei/Desktop/project/path_follow/src/path_follow/src/cdcr.cpp:1[m[K:
[2.719s] [01m[K/home/weiwei/Desktop/project/path_follow/src/path_follow/src/cdcr.hpp:[m[K In constructor ‘[01m[KCDCR::position_residual::position_residual(double, double, double, double, Eigen::Vector3d)[m[K’:
[2.719s] [01m[K/home/weiwei/Desktop/project/path_follow/src/path_follow/src/cdcr.hpp:59:27:[m[K [01;35m[Kwarning: [m[K‘[01m[KCDCR::position_residual::position_[m[K’ will be initialized after [[01;35m[K-Wreorder[m[K]
[2.719s]    59 |     const Eigen::Vector3d [01;35m[Kposition_[m[K;
[2.719s]       |                           [01;35m[K^~~~~~~~~[m[K
[2.719s] [01m[K/home/weiwei/Desktop/project/path_follow/src/path_follow/src/cdcr.hpp:57:18:[m[K [01;35m[Kwarning: [m[K  ‘[01m[Kconst double CDCR::position_residual::weight_position_[m[K’ [[01;35m[K-Wreorder[m[K]
[2.719s]    57 |     const double [01;35m[Kweight_position_[m[K;
[2.719s]       |                  [01;35m[K^~~~~~~~~~~~~~~~[m[K
[2.719s] [01m[K/home/weiwei/Desktop/project/path_follow/src/path_follow/src/cdcr.hpp:39:5:[m[K [01;35m[Kwarning: [m[K  when initialized here [[01;35m[K-Wreorder[m[K]
[2.719s]    39 |     [01;35m[Kposition_residual[m[K(double weight_position,
[2.719s]       |     [01;35m[K^~~~~~~~~~~~~~~~~[m[K
[2.719s] [01m[K/home/weiwei/Desktop/project/path_follow/src/path_follow/src/cdcr.hpp:[m[K In constructor ‘[01m[KCDCR::angle_residual::angle_residual(double, double, double, double, Eigen::Vector3d)[m[K’:
[2.719s] [01m[K/home/weiwei/Desktop/project/path_follow/src/path_follow/src/cdcr.hpp:82:27:[m[K [01;35m[Kwarning: [m[K‘[01m[KCDCR::angle_residual::tangent_vector_[m[K’ will be initialized after [[01;35m[K-Wreorder[m[K]
[2.719s]    82 |     const Eigen::Vector3d [01;35m[Ktangent_vector_[m[K;
[2.719s]       |                           [01;35m[K^~~~~~~~~~~~~~~[m[K
[2.719s] [01m[K/home/weiwei/Desktop/project/path_follow/src/path_follow/src/cdcr.hpp:80:18:[m[K [01;35m[Kwarning: [m[K  ‘[01m[Kconst double CDCR::angle_residual::weight_direction_[m[K’ [[01;35m[K-Wreorder[m[K]
[2.719s]    80 |     const double [01;35m[Kweight_direction_[m[K;
[2.719s]       |                  [01;35m[K^~~~~~~~~~~~~~~~~[m[K
[2.719s] [01m[K/home/weiwei/Desktop/project/path_follow/src/path_follow/src/cdcr.hpp:63:5:[m[K [01;35m[Kwarning: [m[K  when initialized here [[01;35m[K-Wreorder[m[K]
[2.719s]    63 |     [01;35m[Kangle_residual[m[K(double weight_direction,
[2.719s]       |     [01;35m[K^~~~~~~~~~~~~~[m[K
[2.770s] [01m[K/home/weiwei/Desktop/project/path_follow/src/path_follow/src/cdcr.cpp:[m[K In constructor ‘[01m[KCDCR::CDCR()[m[K’:
[2.770s] [01m[K/home/weiwei/Desktop/project/path_follow/src/path_follow/src/cdcr.cpp:115:12:[m[K [01;35m[Kwarning: [m[Kunused variable ‘[01m[Kbase_tolerance_deviation[m[K’ [[01;35m[K-Wunused-variable[m[K]
[2.770s]   115 |     double [01;35m[Kbase_tolerance_deviation[m[K = this->get_parameter("base_tolerance_deviation").as_double();
[2.770s]       |            [01;35m[K^~~~~~~~~~~~~~~~~~~~~~~~[m[K
[2.805s] [01m[K/home/weiwei/Desktop/project/path_follow/src/path_follow/src/cdcr.cpp:[m[K In member function ‘[01m[Kvoid CDCR::discretePath()[m[K’:
[2.805s] [01m[K/home/weiwei/Desktop/project/path_follow/src/path_follow/src/cdcr.cpp:457:23:[m[K [01;35m[Kwarning: [m[Kcomparison of integer expressions of different signedness: ‘[01m[Kint[m[K’ and ‘[01m[Kstd::vector<Eigen::Matrix<double, 3, 1> >::size_type[m[K’ {aka ‘[01m[Klong unsigned int[m[K’} [[01;35m[K-Wsign-compare[m[K]
[2.805s]   457 |         for (int i=0;[01;35m[Ki<this->temp_b_spline_path_interval_poins.size()[m[K;i++)
[2.805s]       |                      [01;35m[K~^~~~~~~~~~~~~~~~~~~~~~~~~~~~~~~~~~~~~~~~~~~~~~~[m[K
[2.806s] [01m[K/home/weiwei/Desktop/project/path_follow/src/path_follow/src/cdcr.cpp:[m[K In member function ‘[01m[Kvoid CDCR::path_follow_exeperience()[m[K’:
[2.806s] [01m[K/home/weiwei/Desktop/project/path_follow/src/path_follow/src/cdcr.cpp:532:27:[m[K [01;35m[Kwarning: [m[Kcomparison of integer expressions of different signedness: ‘[01m[Kint[m[K’ and ‘[01m[Kstd::vector<Joint>::size_type[m[K’ {aka ‘[01m[Klong unsigned int[m[K’} [[01;35m[K-Wsign-compare[m[K]
[2.806s]   532 |             for (int i=0;[01;35m[Ki<joints.size()[m[K;i++)
[2.806s]       |                          [01;35m[K~^~~~~~~~~~~~~~[m[K
[2.806s] [01m[K/home/weiwei/Desktop/project/path_follow/src/path_follow/src/cdcr.cpp:539:23:[m[K [01;35m[Kwarning: [m[Kcomparison of integer expressions of different signedness: ‘[01m[Kint[m[K’ and ‘[01m[Kstd::vector<double, std::allocator<double> >::size_type[m[K’ {aka ‘[01m[Klong unsigned int[m[K’} [[01;35m[K-Wsign-compare[m[K]
[2.807s]   539 |         for (int i=0;[01;35m[Ki<experience_arc_radiuses.size()[m[K;i++)
[2.807s]       |                      [01;35m[K~^~~~~~~~~~~~~~~~~~~~~~~~~~~~~~~[m[K
[2.814s] [01m[K/home/weiwei/Desktop/project/path_follow/src/path_follow/src/cdcr.cpp:541:13:[m[K [01;31m[Kerror: [m[K‘[01m[Kper_radius_fit_time_ofs[m[K’ was not declared in this scope
[2.814s]   541 |             [01;31m[Kper_radius_fit_time_ofs[m[K << time_spend[i] << "\n";
[2.814s]       |             [01;31m[K^~~~~~~~~~~~~~~~~~~~~~~[m[K
[2.821s] [01m[K/home/weiwei/Desktop/project/path_follow/src/path_follow/src/cdcr.cpp:542:13:[m[K [01;31m[Kerror: [m[K‘[01m[Kper_radius_max_deviation_ofs[m[K’ was not declared in this scope
[2.822s]   542 |             [01;31m[Kper_radius_max_deviation_ofs[m[K << experience_deviations[i] << "\n";
[2.822s]       |             [01;31m[K^~~~~~~~~~~~~~~~~~~~~~~~~~~~[m[K
[2.826s] [01m[K/home/weiwei/Desktop/project/path_follow/src/path_follow/src/cdcr.cpp:543:13:[m[K [01;31m[Kerror: [m[K‘[01m[Karc_radius_ofs[m[K’ was not declared in this scope
[2.827s]   543 |             [01;31m[Karc_radius_ofs[m[K << experience_arc_radiuses[i] << "\n";
[2.827s]       |             [01;31m[K^~~~~~~~~~~~~~[m[K
[2.832s] [01m[K/home/weiwei/Desktop/project/path_follow/src/path_follow/src/cdcr.cpp:[m[K In member function ‘[01m[Kvoid CDCR::getCorrectTravelPointID()[m[K’:
[2.832s] [01m[K/home/weiwei/Desktop/project/path_follow/src/path_follow/src/cdcr.cpp:607:19:[m[K [01;35m[Kwarning: [m[Kcomparison of integer expressions of different signedness: ‘[01m[Kint[m[K’ and ‘[01m[Kstd::vector<Eigen::Matrix<double, 3, 1> >::size_type[m[K’ {aka ‘[01m[Klong unsigned int[m[K’} [[01;35m[K-Wsign-compare[m[K]
[2.832s]   607 |     for (int i=1;[01;35m[Ki<path_points.size()-1[m[K;i++)
[2.832s]       |                  [01;35m[K~^~~~~~~~~~~~~~~~~~~~~[m[K
[2.832s] [01m[K/home/weiwei/Desktop/project/path_follow/src/path_follow/src/cdcr.cpp:609:14:[m[K [01;35m[Kwarning: [m[Kcomparison of integer expressions of different signedness: ‘[01m[Kint[m[K’ and ‘[01m[Kstd::vector<Eigen::Matrix<double, 3, 1> >::size_type[m[K’ {aka ‘[01m[Klong unsigned int[m[K’} [[01;35m[K-Wsign-compare[m[K]
[2.832s]   609 |         if ([01;35m[Ki>=(path_points.size()-2)[m[K)
[2.832s]       |             [01;35m[K~^~~~~~~~~~~~~~~~~~~~~~~~[m[K
[2.832s] [01m[K/home/weiwei/Desktop/project/path_follow/src/path_follow/src/cdcr.cpp:624:23:[m[K [01;35m[Kwarning: [m[Kcomparison of integer expressions of different signedness: ‘[01m[Kint[m[K’ and ‘[01m[Kstd::vector<Eigen::Matrix<double, 3, 1> >::size_type[m[K’ {aka ‘[01m[Klong unsigned int[m[K’} [[01;35m[K-Wsign-compare[m[K]
[2.832s]   624 |         for (int j=i;[01;35m[Kj<path_points.size()-1[m[K;j++)
[2.832s]       |                      [01;35m[K~^~~~~~~~~~~~~~~~~~~~~[m[K
[2.832s] [01m[K/home/weiwei/Desktop/project/path_follow/src/path_follow/src/cdcr.cpp:626:18:[m[K [01;35m[Kwarning: [m[Kcomparison of integer expressions of different signedness: ‘[01m[Kint[m[K’ and ‘[01m[Kstd::vector<Eigen::Matrix<double, 3, 1> >::size_type[m[K’ {aka ‘[01m[Klong unsigned int[m[K’} [[01;35m[K-Wsign-compare[m[K]
[2.833s]   626 |             if ([01;35m[Kj==(path_points.size()-2)[m[K)
[2.833s]       |                 [01;35m[K~^~~~~~~~~~~~~~~~~~~~~~~~[m[K
[2.833s] [01m[K/home/weiwei/Desktop/project/path_follow/src/path_follow/src/cdcr.cpp:605:12:[m[K [01;35m[Kwarning: [m[Kunused variable ‘[01m[Kpath_deviation[m[K’ [[01;35m[K-Wunused-variable[m[K]
[2.833s]   605 |     double [01;35m[Kpath_deviation[m[K;
[2.833s]       |            [01;35m[K^~~~~~~~~~~~~~[m[K
[2.839s] [01m[K/home/weiwei/Desktop/project/path_follow/src/path_follow/src/cdcr.cpp:[m[K In member function ‘[01m[Kvoid CDCR::path_follow(double&, double&)[m[K’:
[2.839s] [01m[K/home/weiwei/Desktop/project/path_follow/src/path_follow/src/cdcr.cpp:729:23:[m[K [01;35m[Kwarning: [m[Kcomparison of integer expressions of different signedness: ‘[01m[Kint[m[K’ and ‘[01m[Kstd::vector<double, std::allocator<double> >::size_type[m[K’ {aka ‘[01m[Klong unsigned int[m[K’} [[01;35m[K-Wsign-compare[m[K]
[2.839s]   729 |         for (int i=0;[01;35m[Ki<max_deviations.size()[m[K;i++)
[2.839s]       |                      [01;35m[K~^~~~~~~~~~~~~~~~~~~~~~[m[K
[2.847s] [01m[K/home/weiwei/Desktop/project/path_follow/src/path_follow/src/cdcr.cpp:731:13:[m[K [01;31m[Kerror: [m[K‘[01m[Kper_fitperiod_theta_value_ofs[m[K’ was not declared in this scope
[2.847s]   731 |             [01;31m[Kper_fitperiod_theta_value_ofs[m[K << theta_per_fit[i] << "\n";
[2.847s]       |             [01;31m[K^~~~~~~~~~~~~~~~~~~~~~~~~~~~~[m[K
[2.854s] [01m[K/home/weiwei/Desktop/project/path_follow/src/path_follow/src/cdcr.cpp:732:13:[m[K [01;31m[Kerror: [m[K‘[01m[Kper_fitperiod_max_deviation_ofs[m[K’ was not declared in this scope
[2.855s]   732 |             [01;31m[Kper_fitperiod_max_deviation_ofs[m[K << max_deviations[i] << "\n";
[2.855s]       |             [01;31m[K^~~~~~~~~~~~~~~~~~~~~~~~~~~~~~~[m[K
[2.950s] [01m[K/home/weiwei/Desktop/project/path_follow/src/path_follow/src/cdcr.cpp:[m[K In member function ‘[01m[Kvoid CDCR::visualization()[m[K’:
[2.950s] [01m[K/home/weiwei/Desktop/project/path_follow/src/path_follow/src/cdcr.cpp:882:19:[m[K [01;35m[Kwarning: [m[Kcomparison of integer expressions of different signedness: ‘[01m[Kint[m[K’ and ‘[01m[Kstd::vector<Eigen::Matrix<double, 3, 1> >::size_type[m[K’ {aka ‘[01m[Klong unsigned int[m[K’} [[01;35m[K-Wsign-compare[m[K]
[2.950s]   882 |     for (int i=0;[01;35m[Ki<this->cdcr_points.size()[m[K;i+=2)
[2.951s]       |                  [01;35m[K~^~~~~~~~~~~~~~~~~~~~~~~~~[m[K
[2.951s] [01m[K/home/weiwei/Desktop/project/path_follow/src/path_follow/src/cdcr.cpp:892:19:[m[K [01;35m[Kwarning: [m[Kcomparison of integer expressions of different signedness: ‘[01m[Kint[m[K’ and ‘[01m[Kstd::vector<int>::size_type[m[K’ {aka ‘[01m[Klong unsigned int[m[K’} [[01;35m[K-Wsign-compare[m[K]
[2.951s]   892 |     for (int i=0;[01;35m[Ki<this->cdcr_segment_point_id.size()[m[K;i++)
[2.951s]       |                  [01;35m[K~^~~~~~~~~~~~~~~~~~~~~~~~~~~~~~~~~~~[m[K
[2.951s] [01m[K/home/weiwei/Desktop/project/path_follow/src/path_follow/src/cdcr.cpp:936:24:[m[K [01;35m[Kwarning: [m[Kcomparison of integer expressions of different signedness: ‘[01m[Kint[m[K’ and ‘[01m[Kstd::vector<Eigen::Matrix<double, 3, 1> >::size_type[m[K’ {aka ‘[01m[Klong unsigned int[m[K’} [[01;35m[K-Wsign-compare[m[K]
[2.951s]   936 |         for (int i=0; [01;35m[Ki<this->b_spline_path_interval_points.size()[m[K;i++)
[2.951s]       |                       [01;35m[K~^~~~~~~~~~~~~~~~~~~~~~~~~~~~~~~~~~~~~~~~~~~[m[K
[2.972s] [01m[K/home/weiwei/Desktop/project/path_follow/src/path_follow/src/cdcr.cpp:[m[K In member function ‘[01m[Kvoid CDCR::cal_deviation_get_max_deviation_path_point_id(double&, int&)[m[K’:
[2.972s] [01m[K/home/weiwei/Desktop/project/path_follow/src/path_follow/src/cdcr.cpp:1031:52:[m[K [01;35m[Kwarning: [m[Kcomparison of integer expressions of different signedness: ‘[01m[Kint[m[K’ and ‘[01m[Kstd::vector<Eigen::Matrix<double, 3, 1> >::size_type[m[K’ {aka ‘[01m[Klong unsigned int[m[K’} [[01;35m[K-Wsign-compare[m[K]
[2.972s]  1031 |                     if ([01;35m[Ktemp_current_cdcr_point_id >= this->cdcr_points.size()[m[K)
[2.972s]       |                         [01;35m[K~~~~~~~~~~~~~~~~~~~~~~~~~~~^~~~~~~~~~~~~~~~~~~~~~~~~~~[m[K
[3.010s] [01m[K/home/weiwei/Desktop/project/path_follow/src/path_follow/src/cdcr.cpp:[m[K In member function ‘[01m[Kvoid CDCR::find_closed_path_point(const int&, const Vector3d&, int&)[m[K’:
[3.010s] [01m[K/home/weiwei/Desktop/project/path_follow/src/path_follow/src/cdcr.cpp:1169:54:[m[K [01;35m[Kwarning: [m[Kcomparison of integer expressions of different signedness: ‘[01m[Kint[m[K’ and ‘[01m[Kstd::vector<Eigen::Matrix<double, 3, 1> >::size_type[m[K’ {aka ‘[01m[Klong unsigned int[m[K’} [[01;35m[K-Wsign-compare[m[K]
[3.010s]  1169 |         }while(temp_dot_value>0 && [01;35m[Ktemp_path_point_id<path_points.size()-2[m[K);
[3.010s]       |                                    [01;35m[K~~~~~~~~~~~~~~~~~~^~~~~~~~~~~~~~~~~~~~~[m[K
[4.736s] make[2]: *** [CMakeFiles/path_follow.dir/build.make:76：CMakeFiles/path_follow.dir/src/cdcr.cpp.o] 错误 1
[4.736s] make[1]: *** [CMakeFiles/Makefile2:78：CMakeFiles/path_follow.dir/all] 错误 2
[4.736s] make: *** [Makefile:141：all] 错误 2
[4.738s] Invoked command in '/home/weiwei/Desktop/project/path_follow/build/path_follow' returned '2': CMAKE_PREFIX_PATH=${CMAKE_PREFIX_PATH}:/opt/ros/foxy /usr/bin/cmake --build /home/weiwei/Desktop/project/path_follow/build/path_follow -- -j16 -l16
