[0.079s] Invoking command in '/home/weiwei/Desktop/project/path_follow/build/path_follow': CMAKE_PREFIX_PATH=/opt/ros/foxy /usr/bin/cmake --build /home/weiwei/Desktop/project/path_follow/build/path_follow -- -j16 -l16
[0.110s] [35m[1mScanning dependencies of target path_follow[0m
[0.140s] [ 25%] [32mBuilding CXX object CMakeFiles/path_follow.dir/src/cdcr.cpp.o[0m
[1.681s] In file included from [01m[K/home/weiwei/Desktop/project/path_follow/src/path_follow/src/cdcr.cpp:1[m[K:
[1.681s] [01m[K/home/weiwei/Desktop/project/path_follow/src/path_follow/src/cdcr.hpp:[m[K In constructor ‘[01m[KCDCR::x_residual::x_residual(double, double, double, double)[m[K’:
[1.681s] [01m[K/home/weiwei/Desktop/project/path_follow/src/path_follow/src/cdcr.hpp:50:18:[m[K [01;35m[Kwarning: [m[K‘[01m[KCDCR::x_residual::x_[m[K’ will be initialized after [[01;35m[K-Wreorder[m[K]
[1.681s]    50 |     const double [01;35m[Kx_[m[K;
[1.681s]       |                  [01;35m[K^~[m[K
[1.681s] [01m[K/home/weiwei/Desktop/project/path_follow/src/path_follow/src/cdcr.hpp:48:18:[m[K [01;35m[Kwarning: [m[K  ‘[01m[Kconst double CDCR::x_residual::weight_position_[m[K’ [[01;35m[K-Wreorder[m[K]
[1.681s]    48 |     const double [01;35m[Kweight_position_[m[K;
[1.681s]       |                  [01;35m[K^~~~~~~~~~~~~~~~[m[K
[1.681s] [01m[K/home/weiwei/Desktop/project/path_follow/src/path_follow/src/cdcr.hpp:35:5:[m[K [01;35m[Kwarning: [m[K  when initialized here [[01;35m[K-Wreorder[m[K]
[1.681s]    35 |     [01;35m[Kx_residual[m[K(double weight_position,
[1.681s]       |     [01;35m[K^~~~~~~~~~[m[K
[1.681s] [01m[K/home/weiwei/Desktop/project/path_follow/src/path_follow/src/cdcr.hpp:[m[K In constructor ‘[01m[KCDCR::y_residual::y_residual(double, double, double, double)[m[K’:
[1.681s] [01m[K/home/weiwei/Desktop/project/path_follow/src/path_follow/src/cdcr.hpp:68:18:[m[K [01;35m[Kwarning: [m[K‘[01m[KCDCR::y_residual::y_[m[K’ will be initialized after [[01;35m[K-Wreorder[m[K]
[1.681s]    68 |     const double [01;35m[Ky_[m[K;
[1.681s]       |                  [01;35m[K^~[m[K
[1.681s] [01m[K/home/weiwei/Desktop/project/path_follow/src/path_follow/src/cdcr.hpp:66:18:[m[K [01;35m[Kwarning: [m[K  ‘[01m[Kconst double CDCR::y_residual::weight_position_[m[K’ [[01;35m[K-Wreorder[m[K]
[1.681s]    66 |     const double [01;35m[Kweight_position_[m[K;
[1.681s]       |                  [01;35m[K^~~~~~~~~~~~~~~~[m[K
[1.681s] [01m[K/home/weiwei/Desktop/project/path_follow/src/path_follow/src/cdcr.hpp:53:5:[m[K [01;35m[Kwarning: [m[K  when initialized here [[01;35m[K-Wreorder[m[K]
[1.681s]    53 |     [01;35m[Ky_residual[m[K(double weight_position,
[1.681s]       |     [01;35m[K^~~~~~~~~~[m[K
[1.681s] [01m[K/home/weiwei/Desktop/project/path_follow/src/path_follow/src/cdcr.hpp:[m[K In constructor ‘[01m[KCDCR::z_residual::z_residual(double, double, double, double, double)[m[K’:
[1.682s] [01m[K/home/weiwei/Desktop/project/path_follow/src/path_follow/src/cdcr.hpp:87:51:[m[K [01;35m[Kwarning: [m[K‘[01m[KCDCR::z_residual::length_rigid1_[m[K’ will be initialized after [[01;35m[K-Wreorder[m[K]
[1.682s]    87 |     const double length_continuum_,length_rigid2_,[01;35m[Klength_rigid1_[m[K;
[1.682s]       |                                                   [01;35m[K^~~~~~~~~~~~~~[m[K
[1.682s] [01m[K/home/weiwei/Desktop/project/path_follow/src/path_follow/src/cdcr.hpp:87:36:[m[K [01;35m[Kwarning: [m[K  ‘[01m[Kconst double CDCR::z_residual::length_rigid2_[m[K’ [[01;35m[K-Wreorder[m[K]
[1.682s]    87 |     const double length_continuum_,[01;35m[Klength_rigid2_[m[K,length_rigid1_;
[1.682s]       |                                    [01;35m[K^~~~~~~~~~~~~~[m[K
[1.682s] [01m[K/home/weiwei/Desktop/project/path_follow/src/path_follow/src/cdcr.hpp:71:5:[m[K [01;35m[Kwarning: [m[K  when initialized here [[01;35m[K-Wreorder[m[K]
[1.682s]    71 |     [01;35m[Kz_residual[m[K(double weight_position,
[1.682s]       |     [01;35m[K^~~~~~~~~~[m[K
[1.682s] [01m[K/home/weiwei/Desktop/project/path_follow/src/path_follow/src/cdcr.hpp:88:18:[m[K [01;35m[Kwarning: [m[K‘[01m[KCDCR::z_residual::z_[m[K’ will be initialized after [[01;35m[K-Wreorder[m[K]
[1.682s]    88 |     const double [01;35m[Kz_[m[K;
[1.682s]       |                  [01;35m[K^~[m[K
[1.682s] [01m[K/home/weiwei/Desktop/project/path_follow/src/path_follow/src/cdcr.hpp:86:18:[m[K [01;35m[Kwarning: [m[K  ‘[01m[Kconst double CDCR::z_residual::weight_position_[m[K’ [[01;35m[K-Wreorder[m[K]
[1.682s]    86 |     const double [01;35m[Kweight_position_[m[K;
[1.682s]       |                  [01;35m[K^~~~~~~~~~~~~~~~[m[K
[1.682s] [01m[K/home/weiwei/Desktop/project/path_follow/src/path_follow/src/cdcr.hpp:71:5:[m[K [01;35m[Kwarning: [m[K  when initialized here [[01;35m[K-Wreorder[m[K]
[1.682s]    71 |     [01;35m[Kz_residual[m[K(double weight_position,
[1.682s]       |     [01;35m[K^~~~~~~~~~[m[K
[1.682s] [01m[K/home/weiwei/Desktop/project/path_follow/src/path_follow/src/cdcr.hpp:[m[K In constructor ‘[01m[KCDCR::angle_residual::angle_residual(double, double, double, double, Eigen::Vector3d)[m[K’:
[1.682s] [01m[K/home/weiwei/Desktop/project/path_follow/src/path_follow/src/cdcr.hpp:110:27:[m[K [01;35m[Kwarning: [m[K‘[01m[KCDCR::angle_residual::tangent_vector_[m[K’ will be initialized after [[01;35m[K-Wreorder[m[K]
[1.682s]   110 |     const Eigen::Vector3d [01;35m[Ktangent_vector_[m[K;
[1.682s]       |                           [01;35m[K^~~~~~~~~~~~~~~[m[K
[1.682s] [01m[K/home/weiwei/Desktop/project/path_follow/src/path_follow/src/cdcr.hpp:108:18:[m[K [01;35m[Kwarning: [m[K  ‘[01m[Kconst double CDCR::angle_residual::weight_direction_[m[K’ [[01;35m[K-Wreorder[m[K]
[1.682s]   108 |     const double [01;35m[Kweight_direction_[m[K;
[1.682s]       |                  [01;35m[K^~~~~~~~~~~~~~~~~[m[K
[1.682s] [01m[K/home/weiwei/Desktop/project/path_follow/src/path_follow/src/cdcr.hpp:91:5:[m[K [01;35m[Kwarning: [m[K  when initialized here [[01;35m[K-Wreorder[m[K]
[1.682s]    91 |     [01;35m[Kangle_residual[m[K(double weight_direction,
[1.682s]       |     [01;35m[K^~~~~~~~~~~~~~[m[K
[1.723s] [01m[K/home/weiwei/Desktop/project/path_follow/src/path_follow/src/cdcr.cpp:[m[K In constructor ‘[01m[KCDCR::CDCR()[m[K’:
[1.723s] [01m[K/home/weiwei/Desktop/project/path_follow/src/path_follow/src/cdcr.cpp:68:12:[m[K [01;35m[Kwarning: [m[Kunused variable ‘[01m[Kbase_tolerance_deviation[m[K’ [[01;35m[K-Wunused-variable[m[K]
[1.723s]    68 |     double [01;35m[Kbase_tolerance_deviation[m[K = this->get_parameter("base_tolerance_deviation").as_double();
[1.723s]       |            [01;35m[K^~~~~~~~~~~~~~~~~~~~~~~~[m[K
[1.771s] [01m[K/home/weiwei/Desktop/project/path_follow/src/path_follow/src/cdcr.cpp:[m[K In member function ‘[01m[Kvoid CDCR::path_follow_exeperience()[m[K’:
[1.772s] [01m[K/home/weiwei/Desktop/project/path_follow/src/path_follow/src/cdcr.cpp:239:15:[m[K [01;35m[Kwarning: [m[Kstatement has no effect [[01;35m[K-Wunused-value[m[K]
[1.772s]   239 |         [01;35m[Kthis->start_track_path_point_id[m[K;
[1.772s]       |         [01;35m[K~~~~~~^~~~~~~~~~~~~~~~~~~~~~~~~[m[K
[1.772s] [01m[K/home/weiwei/Desktop/project/path_follow/src/path_follow/src/cdcr.cpp:[m[K In member function ‘[01m[Kvoid CDCR::getCorrectTravelPointID()[m[K’:
[1.772s] [01m[K/home/weiwei/Desktop/project/path_follow/src/path_follow/src/cdcr.cpp:250:19:[m[K [01;35m[Kwarning: [m[Kcomparison of integer expressions of different signedness: ‘[01m[Kint[m[K’ and ‘[01m[Kstd::vector<Eigen::Matrix<double, 3, 1> >::size_type[m[K’ {aka ‘[01m[Klong unsigned int[m[K’} [[01;35m[K-Wsign-compare[m[K]
[1.772s]   250 |     for (int i=1;[01;35m[Ki<path_points.size()-1[m[K;i++)
[1.772s]       |                  [01;35m[K~^~~~~~~~~~~~~~~~~~~~~[m[K
[1.772s] [01m[K/home/weiwei/Desktop/project/path_follow/src/path_follow/src/cdcr.cpp:252:14:[m[K [01;35m[Kwarning: [m[Ksuggest parentheses around assignment used as truth value [[01;35m[K-Wparentheses[m[K]
[1.772s]   252 |         if ([01;35m[Ki=path_points.size()-2[m[K)
[1.772s]       |             [01;35m[K~^~~~~~~~~~~~~~~~~~~~~[m[K
[1.772s] [01m[K/home/weiwei/Desktop/project/path_follow/src/path_follow/src/cdcr.cpp:266:23:[m[K [01;35m[Kwarning: [m[Kcomparison of integer expressions of different signedness: ‘[01m[Kint[m[K’ and ‘[01m[Kstd::vector<Eigen::Matrix<double, 3, 1> >::size_type[m[K’ {aka ‘[01m[Klong unsigned int[m[K’} [[01;35m[K-Wsign-compare[m[K]
[1.772s]   266 |         for (int j=i;[01;35m[Kj<path_points.size()-1[m[K;j++)
[1.772s]       |                      [01;35m[K~^~~~~~~~~~~~~~~~~~~~~[m[K
[1.772s] [01m[K/home/weiwei/Desktop/project/path_follow/src/path_follow/src/cdcr.cpp:268:18:[m[K [01;35m[Kwarning: [m[Ksuggest parentheses around assignment used as truth value [[01;35m[K-Wparentheses[m[K]
[1.772s]   268 |             if ([01;35m[Kj=path_points.size()-2[m[K)
[1.772s]       |                 [01;35m[K~^~~~~~~~~~~~~~~~~~~~~[m[K
[1.773s] [01m[K/home/weiwei/Desktop/project/path_follow/src/path_follow/src/cdcr.cpp:248:12:[m[K [01;35m[Kwarning: [m[Kunused variable ‘[01m[Kpath_deviation[m[K’ [[01;35m[K-Wunused-variable[m[K]
[1.773s]   248 |     double [01;35m[Kpath_deviation[m[K;
[1.773s]       |            [01;35m[K^~~~~~~~~~~~~~[m[K
[1.852s] [01m[K/home/weiwei/Desktop/project/path_follow/src/path_follow/src/cdcr.cpp:[m[K In member function ‘[01m[Kvoid CDCR::visualization()[m[K’:
[1.852s] [01m[K/home/weiwei/Desktop/project/path_follow/src/path_follow/src/cdcr.cpp:403:19:[m[K [01;35m[Kwarning: [m[Kcomparison of integer expressions of different signedness: ‘[01m[Kint[m[K’ and ‘[01m[Kstd::vector<Eigen::Matrix<double, 3, 1> >::size_type[m[K’ {aka ‘[01m[Klong unsigned int[m[K’} [[01;35m[K-Wsign-compare[m[K]
[1.852s]   403 |     for (int i=0;[01;35m[Ki<this->cdcr_points.size()[m[K;i++)
[1.852s]       |                  [01;35m[K~^~~~~~~~~~~~~~~~~~~~~~~~~[m[K
[1.852s] [01m[K/home/weiwei/Desktop/project/path_follow/src/path_follow/src/cdcr.cpp:413:19:[m[K [01;35m[Kwarning: [m[Kcomparison of integer expressions of different signedness: ‘[01m[Kint[m[K’ and ‘[01m[Kstd::vector<int>::size_type[m[K’ {aka ‘[01m[Klong unsigned int[m[K’} [[01;35m[K-Wsign-compare[m[K]
[1.852s]   413 |     for (int i=0;[01;35m[Ki<this->cdcr_segment_point_id.size()[m[K;i++)
[1.852s]       |                  [01;35m[K~^~~~~~~~~~~~~~~~~~~~~~~~~~~~~~~~~~~[m[K
[1.852s] [01m[K/home/weiwei/Desktop/project/path_follow/src/path_follow/src/cdcr.cpp:428:14:[m[K [01;35m[Kwarning: [m[Kcomparison of integer expressions of different signedness: ‘[01m[Kint[m[K’ and ‘[01m[Kstd::vector<int>::size_type[m[K’ {aka ‘[01m[Klong unsigned int[m[K’} [[01;35m[K-Wsign-compare[m[K]
[1.852s]   428 |         if ([01;35m[Ki==cdcr_segment_point_id.size()-1[m[K)
[1.852s]       |             [01;35m[K~^~~~~~~~~~~~~~~~~~~~~~~~~~~~~~~~[m[K
[1.875s] [01m[K/home/weiwei/Desktop/project/path_follow/src/path_follow/src/cdcr.cpp:[m[K In member function ‘[01m[Kvoid CDCR::fitCDCR()[m[K’:
[1.875s] [01m[K/home/weiwei/Desktop/project/path_follow/src/path_follow/src/cdcr.cpp:475:10:[m[K [01;35m[Kwarning: [m[Kstatement has no effect [[01;35m[K-Wunused-value[m[K]
[1.875s]   475 |     for ([01;35m[Kjoint_id[m[K; joint_id<joint_number; joint_id++)
[1.875s]       |          [01;35m[K^~~~~~~~[m[K
[1.894s] [01m[K/home/weiwei/Desktop/project/path_follow/src/path_follow/src/cdcr.cpp:[m[K In member function ‘[01m[Kvoid CDCR::find_closed_path_point(const int&, const Vector3d&, int&)[m[K’:
[1.894s] [01m[K/home/weiwei/Desktop/project/path_follow/src/path_follow/src/cdcr.cpp:574:52:[m[K [01;35m[Kwarning: [m[Kcomparison of integer expressions of different signedness: ‘[01m[Kint[m[K’ and ‘[01m[Kstd::vector<Eigen::Matrix<double, 3, 1> >::size_type[m[K’ {aka ‘[01m[Klong unsigned int[m[K’} [[01;35m[K-Wsign-compare[m[K]
[1.894s]   574 |         }while(temp_dot_value<0||[01;35m[Ktemp_path_point_id<path_points.size()[m[K);
[1.894s]       |                                  [01;35m[K~~~~~~~~~~~~~~~~~~^~~~~~~~~~~~~~~~~~~[m[K
[1.895s] [01m[K/home/weiwei/Desktop/project/path_follow/src/path_follow/src/cdcr.cpp:[m[K In member function ‘[01m[Kvoid CDCR::getPathDeviationAndNextIndex(const int&, const int&, int&)[m[K’:
[1.895s] [01m[K/home/weiwei/Desktop/project/path_follow/src/path_follow/src/cdcr.cpp:620:52:[m[K [01;35m[Kwarning: [m[Kunused parameter ‘[01m[Kpath_point_index_start[m[K’ [[01;35m[K-Wunused-parameter[m[K]
[1.895s]   620 | void CDCR::getPathDeviationAndNextIndex([01;35m[Kconst int& path_point_index_start[m[K,
[1.895s]       |                                         [01;35m[K~~~~~~~~~~~^~~~~~~~~~~~~~~~~~~~~~[m[K
[1.895s] [01m[K/home/weiwei/Desktop/project/path_follow/src/path_follow/src/cdcr.cpp:621:52:[m[K [01;35m[Kwarning: [m[Kunused parameter ‘[01m[Kcdcr_point_index[m[K’ [[01;35m[K-Wunused-parameter[m[K]
[1.895s]   621 |                                         [01;35m[Kconst int& cdcr_point_index[m[K,
[1.895s]       |                                         [01;35m[K~~~~~~~~~~~^~~~~~~~~~~~~~~~[m[K
[1.895s] [01m[K/home/weiwei/Desktop/project/path_follow/src/path_follow/src/cdcr.cpp:622:46:[m[K [01;35m[Kwarning: [m[Kunused parameter ‘[01m[Kpath_point_index_next_start[m[K’ [[01;35m[K-Wunused-parameter[m[K]
[1.895s]   622 |                                         [01;35m[Kint& path_point_index_next_start[m[K)
[1.895s]       |                                         [01;35m[K~~~~~^~~~~~~~~~~~~~~~~~~~~~~~~~~[m[K
[2.908s] In file included from [01m[K/usr/local/include/ceres/internal/autodiff.h:151[m[K,
[2.908s]                  from [01m[K/usr/local/include/ceres/autodiff_cost_function.h:130[m[K,
[2.908s]                  from [01m[K/usr/local/include/ceres/ceres.h:37[m[K,
[2.908s]                  from [01m[K/home/weiwei/Desktop/project/path_follow/src/path_follow/src/cdcr.hpp:11[m[K,
[2.908s]                  from [01m[K/home/weiwei/Desktop/project/path_follow/src/path_follow/src/cdcr.cpp:1[m[K:
[2.908s] /usr/local/include/ceres/internal/variadic_evaluate.h: In instantiation of ‘[01m[Kbool ceres::internal::VariadicEvaluateImpl(const Functor&, const T* const*, T*, std::false_type, std::integer_sequence<int, Indices ...>) [with Functor = CDCR::angle_residual; T = double; int ...Indices = {0}; std::false_type = std::integral_constant<bool, false>][m[K’:
[2.908s] [01m[K/usr/local/include/ceres/internal/variadic_evaluate.h:77:30:[m[K   required from ‘[01m[Kbool ceres::internal::VariadicEvaluateImpl(const Functor&, const T* const*, T*, const void*) [with ParameterDims = ceres::internal::ParameterDims<false, 1>; Functor = CDCR::angle_residual; T = double][m[K’
[2.908s] [01m[K/usr/local/include/ceres/internal/variadic_evaluate.h:106:45:[m[K   required from ‘[01m[Kbool ceres::internal::VariadicEvaluate(const Functor&, const T* const*, T*) [with ParameterDims = ceres::internal::ParameterDims<false, 1>; Functor = CDCR::angle_residual; T = double][m[K’
[2.908s] [01m[K/usr/local/include/ceres/autodiff_cost_function.h:208:55:[m[K   required from ‘[01m[Kbool ceres::AutoDiffCostFunction<CostFunctor, kNumResiduals, Ns>::Evaluate(const double* const*, double*, double**) const [with CostFunctor = CDCR::angle_residual; int kNumResiduals = 1; int ...Ns = {1}][m[K’
[2.908s] [01m[K/usr/local/include/ceres/autodiff_cost_function.h:201:8:[m[K   required from here
[2.908s] [01m[K/usr/local/include/ceres/internal/variadic_evaluate.h:55:17:[m[K [01;31m[Kerror: [m[Kno match for call to ‘[01m[K(const CDCR::angle_residual) (const double* const&, double*&)[m[K’
[2.908s]    55 |   return [01;31m[Kfunctor(input[Indices]..., output)[m[K;
[2.909s]       |          [01;31m[K~~~~~~~^~~~~~~~~~~~~~~~~~~~~~~~~~~[m[K
[2.909s] In file included from [01m[K/home/weiwei/Desktop/project/path_follow/src/path_follow/src/cdcr.cpp:1[m[K:
[2.909s] [01m[K/home/weiwei/Desktop/project/path_follow/src/path_follow/src/cdcr.hpp:101:32:[m[K [01;36m[Knote: [m[Kcandidate: ‘[01m[Ktemplate<class T> bool CDCR::angle_residual::operator()(const T*, const T*, T*) const[m[K’
[2.909s]   101 |     template <typename T> bool [01;36m[Koperator[m[K()(const T* const alpha, const T* const theta, T* residual) const {
[2.909s]       |                                [01;36m[K^~~~~~~~[m[K
[2.909s] [01m[K/home/weiwei/Desktop/project/path_follow/src/path_follow/src/cdcr.hpp:101:32:[m[K [01;36m[Knote: [m[K  template argument deduction/substitution failed:
[2.909s] In file included from [01m[K/usr/local/include/ceres/internal/autodiff.h:151[m[K,
[2.909s]                  from [01m[K/usr/local/include/ceres/autodiff_cost_function.h:130[m[K,
[2.909s]                  from [01m[K/usr/local/include/ceres/ceres.h:37[m[K,
[2.909s]                  from [01m[K/home/weiwei/Desktop/project/path_follow/src/path_follow/src/cdcr.hpp:11[m[K,
[2.909s]                  from [01m[K/home/weiwei/Desktop/project/path_follow/src/path_follow/src/cdcr.cpp:1[m[K:
[2.909s] [01m[K/usr/local/include/ceres/internal/variadic_evaluate.h:55:17:[m[K [01;36m[Knote: [m[K  candidate expects 3 arguments, 2 provided
[2.909s]    55 |   return [01;36m[Kfunctor(input[Indices]..., output)[m[K;
[2.909s]       |          [01;36m[K~~~~~~~^~~~~~~~~~~~~~~~~~~~~~~~~~~[m[K
[2.924s] /usr/local/include/ceres/internal/variadic_evaluate.h: In instantiation of ‘[01m[Kbool ceres::internal::VariadicEvaluateImpl(const Functor&, const T* const*, T*, std::false_type, std::integer_sequence<int, Indices ...>) [with Functor = CDCR::z_residual; T = double; int ...Indices = {0}; std::false_type = std::integral_constant<bool, false>][m[K’:
[2.924s] [01m[K/usr/local/include/ceres/internal/variadic_evaluate.h:77:30:[m[K   required from ‘[01m[Kbool ceres::internal::VariadicEvaluateImpl(const Functor&, const T* const*, T*, const void*) [with ParameterDims = ceres::internal::ParameterDims<false, 1>; Functor = CDCR::z_residual; T = double][m[K’
[2.924s] [01m[K/usr/local/include/ceres/internal/variadic_evaluate.h:106:45:[m[K   required from ‘[01m[Kbool ceres::internal::VariadicEvaluate(const Functor&, const T* const*, T*) [with ParameterDims = ceres::internal::ParameterDims<false, 1>; Functor = CDCR::z_residual; T = double][m[K’
[2.924s] [01m[K/usr/local/include/ceres/autodiff_cost_function.h:208:55:[m[K   required from ‘[01m[Kbool ceres::AutoDiffCostFunction<CostFunctor, kNumResiduals, Ns>::Evaluate(const double* const*, double*, double**) const [with CostFunctor = CDCR::z_residual; int kNumResiduals = 1; int ...Ns = {1}][m[K’
[2.924s] [01m[K/usr/local/include/ceres/autodiff_cost_function.h:201:8:[m[K   required from here
[2.924s] [01m[K/usr/local/include/ceres/internal/variadic_evaluate.h:55:17:[m[K [01;31m[Kerror: [m[Kno match for call to ‘[01m[K(const CDCR::z_residual) (const double* const&, double*&)[m[K’
[2.924s] In file included from [01m[K/home/weiwei/Desktop/project/path_follow/src/path_follow/src/cdcr.cpp:1[m[K:
[2.924s] [01m[K/home/weiwei/Desktop/project/path_follow/src/path_follow/src/cdcr.hpp:81:32:[m[K [01;36m[Knote: [m[Kcandidate: ‘[01m[Ktemplate<class T> bool CDCR::z_residual::operator()(const T*, const T*, T*) const[m[K’
[2.924s]    81 |     template <typename T> bool [01;36m[Koperator[m[K()(const T* const alpha, const T* const theta, T* residual) const {
[2.924s]       |                                [01;36m[K^~~~~~~~[m[K
[2.924s] [01m[K/home/weiwei/Desktop/project/path_follow/src/path_follow/src/cdcr.hpp:81:32:[m[K [01;36m[Knote: [m[K  template argument deduction/substitution failed:
[2.924s] In file included from [01m[K/usr/local/include/ceres/internal/autodiff.h:151[m[K,
[2.924s]                  from [01m[K/usr/local/include/ceres/autodiff_cost_function.h:130[m[K,
[2.924s]                  from [01m[K/usr/local/include/ceres/ceres.h:37[m[K,
[2.924s]                  from [01m[K/home/weiwei/Desktop/project/path_follow/src/path_follow/src/cdcr.hpp:11[m[K,
[2.924s]                  from [01m[K/home/weiwei/Desktop/project/path_follow/src/path_follow/src/cdcr.cpp:1[m[K:
[2.924s] [01m[K/usr/local/include/ceres/internal/variadic_evaluate.h:55:17:[m[K [01;36m[Knote: [m[K  candidate expects 3 arguments, 2 provided
[2.924s]    55 |   return [01;36m[Kfunctor(input[Indices]..., output)[m[K;
[2.924s]       |          [01;36m[K~~~~~~~^~~~~~~~~~~~~~~~~~~~~~~~~~~[m[K
[2.924s] /usr/local/include/ceres/internal/variadic_evaluate.h: In instantiation of ‘[01m[Kbool ceres::internal::VariadicEvaluateImpl(const Functor&, const T* const*, T*, std::false_type, std::integer_sequence<int, Indices ...>) [with Functor = CDCR::y_residual; T = double; int ...Indices = {0}; std::false_type = std::integral_constant<bool, false>][m[K’:
[2.924s] [01m[K/usr/local/include/ceres/internal/variadic_evaluate.h:77:30:[m[K   required from ‘[01m[Kbool ceres::internal::VariadicEvaluateImpl(const Functor&, const T* const*, T*, const void*) [with ParameterDims = ceres::internal::ParameterDims<false, 1>; Functor = CDCR::y_residual; T = double][m[K’
[2.924s] [01m[K/usr/local/include/ceres/internal/variadic_evaluate.h:106:45:[m[K   required from ‘[01m[Kbool ceres::internal::VariadicEvaluate(const Functor&, const T* const*, T*) [with ParameterDims = ceres::internal::ParameterDims<false, 1>; Functor = CDCR::y_residual; T = double][m[K’
[2.924s] [01m[K/usr/local/include/ceres/autodiff_cost_function.h:208:55:[m[K   required from ‘[01m[Kbool ceres::AutoDiffCostFunction<CostFunctor, kNumResiduals, Ns>::Evaluate(const double* const*, double*, double**) const [with CostFunctor = CDCR::y_residual; int kNumResiduals = 1; int ...Ns = {1}][m[K’
[2.924s] [01m[K/usr/local/include/ceres/autodiff_cost_function.h:201:8:[m[K   required from here
[2.925s] [01m[K/usr/local/include/ceres/internal/variadic_evaluate.h:55:17:[m[K [01;31m[Kerror: [m[Kno match for call to ‘[01m[K(const CDCR::y_residual) (const double* const&, double*&)[m[K’
[2.925s] In file included from [01m[K/home/weiwei/Desktop/project/path_follow/src/path_follow/src/cdcr.cpp:1[m[K:
[2.925s] [01m[K/home/weiwei/Desktop/project/path_follow/src/path_follow/src/cdcr.hpp:61:32:[m[K [01;36m[Knote: [m[Kcandidate: ‘[01m[Ktemplate<class T> bool CDCR::y_residual::operator()(const T*, const T*, T*) const[m[K’
[2.925s]    61 |     template <typename T> bool [01;36m[Koperator[m[K()(const T* const alpha, const T* const theta, T* residual) const {
[2.925s]       |                                [01;36m[K^~~~~~~~[m[K
[2.925s] [01m[K/home/weiwei/Desktop/project/path_follow/src/path_follow/src/cdcr.hpp:61:32:[m[K [01;36m[Knote: [m[K  template argument deduction/substitution failed:
[2.925s] In file included from [01m[K/usr/local/include/ceres/internal/autodiff.h:151[m[K,
[2.925s]                  from [01m[K/usr/local/include/ceres/autodiff_cost_function.h:130[m[K,
[2.925s]                  from [01m[K/usr/local/include/ceres/ceres.h:37[m[K,
[2.925s]                  from [01m[K/home/weiwei/Desktop/project/path_follow/src/path_follow/src/cdcr.hpp:11[m[K,
[2.925s]                  from [01m[K/home/weiwei/Desktop/project/path_follow/src/path_follow/src/cdcr.cpp:1[m[K:
[2.925s] [01m[K/usr/local/include/ceres/internal/variadic_evaluate.h:55:17:[m[K [01;36m[Knote: [m[K  candidate expects 3 arguments, 2 provided
[2.925s]    55 |   return [01;36m[Kfunctor(input[Indices]..., output)[m[K;
[2.925s]       |          [01;36m[K~~~~~~~^~~~~~~~~~~~~~~~~~~~~~~~~~~[m[K
[2.925s] /usr/local/include/ceres/internal/variadic_evaluate.h: In instantiation of ‘[01m[Kbool ceres::internal::VariadicEvaluateImpl(const Functor&, const T* const*, T*, std::false_type, std::integer_sequence<int, Indices ...>) [with Functor = CDCR::x_residual; T = double; int ...Indices = {0}; std::false_type = std::integral_constant<bool, false>][m[K’:
[2.925s] [01m[K/usr/local/include/ceres/internal/variadic_evaluate.h:77:30:[m[K   required from ‘[01m[Kbool ceres::internal::VariadicEvaluateImpl(const Functor&, const T* const*, T*, const void*) [with ParameterDims = ceres::internal::ParameterDims<false, 1>; Functor = CDCR::x_residual; T = double][m[K’
[2.925s] [01m[K/usr/local/include/ceres/internal/variadic_evaluate.h:106:45:[m[K   required from ‘[01m[Kbool ceres::internal::VariadicEvaluate(const Functor&, const T* const*, T*) [with ParameterDims = ceres::internal::ParameterDims<false, 1>; Functor = CDCR::x_residual; T = double][m[K’
[2.925s] [01m[K/usr/local/include/ceres/autodiff_cost_function.h:208:55:[m[K   required from ‘[01m[Kbool ceres::AutoDiffCostFunction<CostFunctor, kNumResiduals, Ns>::Evaluate(const double* const*, double*, double**) const [with CostFunctor = CDCR::x_residual; int kNumResiduals = 1; int ...Ns = {1}][m[K’
[2.925s] [01m[K/usr/local/include/ceres/autodiff_cost_function.h:201:8:[m[K   required from here
[2.925s] [01m[K/usr/local/include/ceres/internal/variadic_evaluate.h:55:17:[m[K [01;31m[Kerror: [m[Kno match for call to ‘[01m[K(const CDCR::x_residual) (const double* const&, double*&)[m[K’
[2.925s] In file included from [01m[K/home/weiwei/Desktop/project/path_follow/src/path_follow/src/cdcr.cpp:1[m[K:
[2.926s] [01m[K/home/weiwei/Desktop/project/path_follow/src/path_follow/src/cdcr.hpp:43:32:[m[K [01;36m[Knote: [m[Kcandidate: ‘[01m[Ktemplate<class T> bool CDCR::x_residual::operator()(const T*, const T*, T*) const[m[K’
[2.926s]    43 |     template <typename T> bool [01;36m[Koperator[m[K()(const T* const alpha, const T* const theta, T* residual) const {
[2.926s]       |                                [01;36m[K^~~~~~~~[m[K
[2.926s] [01m[K/home/weiwei/Desktop/project/path_follow/src/path_follow/src/cdcr.hpp:43:32:[m[K [01;36m[Knote: [m[K  template argument deduction/substitution failed:
[2.926s] In file included from [01m[K/usr/local/include/ceres/internal/autodiff.h:151[m[K,
[2.926s]                  from [01m[K/usr/local/include/ceres/autodiff_cost_function.h:130[m[K,
[2.926s]                  from [01m[K/usr/local/include/ceres/ceres.h:37[m[K,
[2.926s]                  from [01m[K/home/weiwei/Desktop/project/path_follow/src/path_follow/src/cdcr.hpp:11[m[K,
[2.926s]                  from [01m[K/home/weiwei/Desktop/project/path_follow/src/path_follow/src/cdcr.cpp:1[m[K:
[2.926s] [01m[K/usr/local/include/ceres/internal/variadic_evaluate.h:55:17:[m[K [01;36m[Knote: [m[K  candidate expects 3 arguments, 2 provided
[2.926s]    55 |   return [01;36m[Kfunctor(input[Indices]..., output)[m[K;
[2.926s]       |          [01;36m[K~~~~~~~^~~~~~~~~~~~~~~~~~~~~~~~~~~[m[K
[2.926s] /usr/local/include/ceres/internal/variadic_evaluate.h: In instantiation of ‘[01m[Kbool ceres::internal::VariadicEvaluateImpl(const Functor&, const T* const*, T*, std::false_type, std::integer_sequence<int, Indices ...>) [with Functor = CDCR::angle_residual; T = ceres::Jet<double, 1>; int ...Indices = {0}; std::false_type = std::integral_constant<bool, false>][m[K’:
[2.926s] [01m[K/usr/local/include/ceres/internal/variadic_evaluate.h:77:30:[m[K   required from ‘[01m[Kbool ceres::internal::VariadicEvaluateImpl(const Functor&, const T* const*, T*, const void*) [with ParameterDims = ceres::internal::ParameterDims<false, 1>; Functor = CDCR::angle_residual; T = ceres::Jet<double, 1>][m[K’
[2.926s] [01m[K/usr/local/include/ceres/internal/variadic_evaluate.h:106:45:[m[K   required from ‘[01m[Kbool ceres::internal::VariadicEvaluate(const Functor&, const T* const*, T*) [with ParameterDims = ceres::internal::ParameterDims<false, 1>; Functor = CDCR::angle_residual; T = ceres::Jet<double, 1>][m[K’
[2.926s] [01m[K/usr/local/include/ceres/internal/autodiff.h:349:39:[m[K   required from ‘[01m[Kbool ceres::internal::AutoDifferentiate(const Functor&, const T* const*, int, T*, T**) [with int kNumResiduals = 1; ParameterDims = ceres::internal::ParameterDims<false, 1>; Functor = CDCR::angle_residual; T = double][m[K’
[2.926s] [01m[K/usr/local/include/ceres/autodiff_cost_function.h:211:69:[m[K   required from ‘[01m[Kbool ceres::AutoDiffCostFunction<CostFunctor, kNumResiduals, Ns>::Evaluate(const double* const*, double*, double**) const [with CostFunctor = CDCR::angle_residual; int kNumResiduals = 1; int ...Ns = {1}][m[K’
[2.926s] [01m[K/usr/local/include/ceres/autodiff_cost_function.h:201:8:[m[K   required from here
[2.926s] [01m[K/usr/local/include/ceres/internal/variadic_evaluate.h:55:17:[m[K [01;31m[Kerror: [m[Kno match for call to ‘[01m[K(const CDCR::angle_residual) (const ceres::Jet<double, 1>* const&, ceres::Jet<double, 1>*&)[m[K’
[2.926s] In file included from [01m[K/home/weiwei/Desktop/project/path_follow/src/path_follow/src/cdcr.cpp:1[m[K:
[2.926s] [01m[K/home/weiwei/Desktop/project/path_follow/src/path_follow/src/cdcr.hpp:101:32:[m[K [01;36m[Knote: [m[Kcandidate: ‘[01m[Ktemplate<class T> bool CDCR::angle_residual::operator()(const T*, const T*, T*) const[m[K’
[2.927s]   101 |     template <typename T> bool [01;36m[Koperator[m[K()(const T* const alpha, const T* const theta, T* residual) const {
[2.927s]       |                                [01;36m[K^~~~~~~~[m[K
[2.927s] [01m[K/home/weiwei/Desktop/project/path_follow/src/path_follow/src/cdcr.hpp:101:32:[m[K [01;36m[Knote: [m[K  template argument deduction/substitution failed:
[2.927s] In file included from [01m[K/usr/local/include/ceres/internal/autodiff.h:151[m[K,
[2.927s]                  from [01m[K/usr/local/include/ceres/autodiff_cost_function.h:130[m[K,
[2.927s]                  from [01m[K/usr/local/include/ceres/ceres.h:37[m[K,
[2.927s]                  from [01m[K/home/weiwei/Desktop/project/path_follow/src/path_follow/src/cdcr.hpp:11[m[K,
[2.927s]                  from [01m[K/home/weiwei/Desktop/project/path_follow/src/path_follow/src/cdcr.cpp:1[m[K:
[2.927s] [01m[K/usr/local/include/ceres/internal/variadic_evaluate.h:55:17:[m[K [01;36m[Knote: [m[K  candidate expects 3 arguments, 2 provided
[2.927s]    55 |   return [01;36m[Kfunctor(input[Indices]..., output)[m[K;
[2.927s]       |          [01;36m[K~~~~~~~^~~~~~~~~~~~~~~~~~~~~~~~~~~[m[K
[2.927s] /usr/local/include/ceres/internal/variadic_evaluate.h: In instantiation of ‘[01m[Kbool ceres::internal::VariadicEvaluateImpl(const Functor&, const T* const*, T*, std::false_type, std::integer_sequence<int, Indices ...>) [with Functor = CDCR::z_residual; T = ceres::Jet<double, 1>; int ...Indices = {0}; std::false_type = std::integral_constant<bool, false>][m[K’:
[2.927s] [01m[K/usr/local/include/ceres/internal/variadic_evaluate.h:77:30:[m[K   required from ‘[01m[Kbool ceres::internal::VariadicEvaluateImpl(const Functor&, const T* const*, T*, const void*) [with ParameterDims = ceres::internal::ParameterDims<false, 1>; Functor = CDCR::z_residual; T = ceres::Jet<double, 1>][m[K’
[2.927s] [01m[K/usr/local/include/ceres/internal/variadic_evaluate.h:106:45:[m[K   required from ‘[01m[Kbool ceres::internal::VariadicEvaluate(const Functor&, const T* const*, T*) [with ParameterDims = ceres::internal::ParameterDims<false, 1>; Functor = CDCR::z_residual; T = ceres::Jet<double, 1>][m[K’
[2.927s] [01m[K/usr/local/include/ceres/internal/autodiff.h:349:39:[m[K   required from ‘[01m[Kbool ceres::internal::AutoDifferentiate(const Functor&, const T* const*, int, T*, T**) [with int kNumResiduals = 1; ParameterDims = ceres::internal::ParameterDims<false, 1>; Functor = CDCR::z_residual; T = double][m[K’
[2.927s] [01m[K/usr/local/include/ceres/autodiff_cost_function.h:211:69:[m[K   required from ‘[01m[Kbool ceres::AutoDiffCostFunction<CostFunctor, kNumResiduals, Ns>::Evaluate(const double* const*, double*, double**) const [with CostFunctor = CDCR::z_residual; int kNumResiduals = 1; int ...Ns = {1}][m[K’
[2.927s] [01m[K/usr/local/include/ceres/autodiff_cost_function.h:201:8:[m[K   required from here
[2.927s] [01m[K/usr/local/include/ceres/internal/variadic_evaluate.h:55:17:[m[K [01;31m[Kerror: [m[Kno match for call to ‘[01m[K(const CDCR::z_residual) (const ceres::Jet<double, 1>* const&, ceres::Jet<double, 1>*&)[m[K’
[2.927s] In file included from [01m[K/home/weiwei/Desktop/project/path_follow/src/path_follow/src/cdcr.cpp:1[m[K:
[2.927s] [01m[K/home/weiwei/Desktop/project/path_follow/src/path_follow/src/cdcr.hpp:81:32:[m[K [01;36m[Knote: [m[Kcandidate: ‘[01m[Ktemplate<class T> bool CDCR::z_residual::operator()(const T*, const T*, T*) const[m[K’
[2.927s]    81 |     template <typename T> bool [01;36m[Koperator[m[K()(const T* const alpha, const T* const theta, T* residual) const {
[2.927s]       |                                [01;36m[K^~~~~~~~[m[K
[2.927s] [01m[K/home/weiwei/Desktop/project/path_follow/src/path_follow/src/cdcr.hpp:81:32:[m[K [01;36m[Knote: [m[K  template argument deduction/substitution failed:
[2.927s] In file included from [01m[K/usr/local/include/ceres/internal/autodiff.h:151[m[K,
[2.927s]                  from [01m[K/usr/local/include/ceres/autodiff_cost_function.h:130[m[K,
[2.927s]                  from [01m[K/usr/local/include/ceres/ceres.h:37[m[K,
[2.927s]                  from [01m[K/home/weiwei/Desktop/project/path_follow/src/path_follow/src/cdcr.hpp:11[m[K,
[2.927s]                  from [01m[K/home/weiwei/Desktop/project/path_follow/src/path_follow/src/cdcr.cpp:1[m[K:
[2.927s] [01m[K/usr/local/include/ceres/internal/variadic_evaluate.h:55:17:[m[K [01;36m[Knote: [m[K  candidate expects 3 arguments, 2 provided
[2.928s]    55 |   return [01;36m[Kfunctor(input[Indices]..., output)[m[K;
[2.928s]       |          [01;36m[K~~~~~~~^~~~~~~~~~~~~~~~~~~~~~~~~~~[m[K
[2.928s] /usr/local/include/ceres/internal/variadic_evaluate.h: In instantiation of ‘[01m[Kbool ceres::internal::VariadicEvaluateImpl(const Functor&, const T* const*, T*, std::false_type, std::integer_sequence<int, Indices ...>) [with Functor = CDCR::y_residual; T = ceres::Jet<double, 1>; int ...Indices = {0}; std::false_type = std::integral_constant<bool, false>][m[K’:
[2.928s] [01m[K/usr/local/include/ceres/internal/variadic_evaluate.h:77:30:[m[K   required from ‘[01m[Kbool ceres::internal::VariadicEvaluateImpl(const Functor&, const T* const*, T*, const void*) [with ParameterDims = ceres::internal::ParameterDims<false, 1>; Functor = CDCR::y_residual; T = ceres::Jet<double, 1>][m[K’
[2.928s] [01m[K/usr/local/include/ceres/internal/variadic_evaluate.h:106:45:[m[K   required from ‘[01m[Kbool ceres::internal::VariadicEvaluate(const Functor&, const T* const*, T*) [with ParameterDims = ceres::internal::ParameterDims<false, 1>; Functor = CDCR::y_residual; T = ceres::Jet<double, 1>][m[K’
[2.928s] [01m[K/usr/local/include/ceres/internal/autodiff.h:349:39:[m[K   required from ‘[01m[Kbool ceres::internal::AutoDifferentiate(const Functor&, const T* const*, int, T*, T**) [with int kNumResiduals = 1; ParameterDims = ceres::internal::ParameterDims<false, 1>; Functor = CDCR::y_residual; T = double][m[K’
[2.928s] [01m[K/usr/local/include/ceres/autodiff_cost_function.h:211:69:[m[K   required from ‘[01m[Kbool ceres::AutoDiffCostFunction<CostFunctor, kNumResiduals, Ns>::Evaluate(const double* const*, double*, double**) const [with CostFunctor = CDCR::y_residual; int kNumResiduals = 1; int ...Ns = {1}][m[K’
[2.928s] [01m[K/usr/local/include/ceres/autodiff_cost_function.h:201:8:[m[K   required from here
[2.928s] [01m[K/usr/local/include/ceres/internal/variadic_evaluate.h:55:17:[m[K [01;31m[Kerror: [m[Kno match for call to ‘[01m[K(const CDCR::y_residual) (const ceres::Jet<double, 1>* const&, ceres::Jet<double, 1>*&)[m[K’
[2.928s] In file included from [01m[K/home/weiwei/Desktop/project/path_follow/src/path_follow/src/cdcr.cpp:1[m[K:
[2.928s] [01m[K/home/weiwei/Desktop/project/path_follow/src/path_follow/src/cdcr.hpp:61:32:[m[K [01;36m[Knote: [m[Kcandidate: ‘[01m[Ktemplate<class T> bool CDCR::y_residual::operator()(const T*, const T*, T*) const[m[K’
[2.928s]    61 |     template <typename T> bool [01;36m[Koperator[m[K()(const T* const alpha, const T* const theta, T* residual) const {
[2.928s]       |                                [01;36m[K^~~~~~~~[m[K
[2.928s] [01m[K/home/weiwei/Desktop/project/path_follow/src/path_follow/src/cdcr.hpp:61:32:[m[K [01;36m[Knote: [m[K  template argument deduction/substitution failed:
[2.928s] In file included from [01m[K/usr/local/include/ceres/internal/autodiff.h:151[m[K,
[2.928s]                  from [01m[K/usr/local/include/ceres/autodiff_cost_function.h:130[m[K,
[2.928s]                  from [01m[K/usr/local/include/ceres/ceres.h:37[m[K,
[2.928s]                  from [01m[K/home/weiwei/Desktop/project/path_follow/src/path_follow/src/cdcr.hpp:11[m[K,
[2.928s]                  from [01m[K/home/weiwei/Desktop/project/path_follow/src/path_follow/src/cdcr.cpp:1[m[K:
[2.928s] [01m[K/usr/local/include/ceres/internal/variadic_evaluate.h:55:17:[m[K [01;36m[Knote: [m[K  candidate expects 3 arguments, 2 provided
[2.928s]    55 |   return [01;36m[Kfunctor(input[Indices]..., output)[m[K;
[2.928s]       |          [01;36m[K~~~~~~~^~~~~~~~~~~~~~~~~~~~~~~~~~~[m[K
[2.928s] /usr/local/include/ceres/internal/variadic_evaluate.h: In instantiation of ‘[01m[Kbool ceres::internal::VariadicEvaluateImpl(const Functor&, const T* const*, T*, std::false_type, std::integer_sequence<int, Indices ...>) [with Functor = CDCR::x_residual; T = ceres::Jet<double, 1>; int ...Indices = {0}; std::false_type = std::integral_constant<bool, false>][m[K’:
[2.928s] [01m[K/usr/local/include/ceres/internal/variadic_evaluate.h:77:30:[m[K   required from ‘[01m[Kbool ceres::internal::VariadicEvaluateImpl(const Functor&, const T* const*, T*, const void*) [with ParameterDims = ceres::internal::ParameterDims<false, 1>; Functor = CDCR::x_residual; T = ceres::Jet<double, 1>][m[K’
[2.928s] [01m[K/usr/local/include/ceres/internal/variadic_evaluate.h:106:45:[m[K   required from ‘[01m[Kbool ceres::internal::VariadicEvaluate(const Functor&, const T* const*, T*) [with ParameterDims = ceres::internal::ParameterDims<false, 1>; Functor = CDCR::x_residual; T = ceres::Jet<double, 1>][m[K’
[2.928s] [01m[K/usr/local/include/ceres/internal/autodiff.h:349:39:[m[K   required from ‘[01m[Kbool ceres::internal::AutoDifferentiate(const Functor&, const T* const*, int, T*, T**) [with int kNumResiduals = 1; ParameterDims = ceres::internal::ParameterDims<false, 1>; Functor = CDCR::x_residual; T = double][m[K’
[2.928s] [01m[K/usr/local/include/ceres/autodiff_cost_function.h:211:69:[m[K   required from ‘[01m[Kbool ceres::AutoDiffCostFunction<CostFunctor, kNumResiduals, Ns>::Evaluate(const double* const*, double*, double**) const [with CostFunctor = CDCR::x_residual; int kNumResiduals = 1; int ...Ns = {1}][m[K’
[2.928s] [01m[K/usr/local/include/ceres/autodiff_cost_function.h:201:8:[m[K   required from here
[2.928s] [01m[K/usr/local/include/ceres/internal/variadic_evaluate.h:55:17:[m[K [01;31m[Kerror: [m[Kno match for call to ‘[01m[K(const CDCR::x_residual) (const ceres::Jet<double, 1>* const&, ceres::Jet<double, 1>*&)[m[K’
[2.929s] In file included from [01m[K/home/weiwei/Desktop/project/path_follow/src/path_follow/src/cdcr.cpp:1[m[K:
[2.929s] [01m[K/home/weiwei/Desktop/project/path_follow/src/path_follow/src/cdcr.hpp:43:32:[m[K [01;36m[Knote: [m[Kcandidate: ‘[01m[Ktemplate<class T> bool CDCR::x_residual::operator()(const T*, const T*, T*) const[m[K’
[2.929s]    43 |     template <typename T> bool [01;36m[Koperator[m[K()(const T* const alpha, const T* const theta, T* residual) const {
[2.929s]       |                                [01;36m[K^~~~~~~~[m[K
[2.929s] [01m[K/home/weiwei/Desktop/project/path_follow/src/path_follow/src/cdcr.hpp:43:32:[m[K [01;36m[Knote: [m[K  template argument deduction/substitution failed:
[2.929s] In file included from [01m[K/usr/local/include/ceres/internal/autodiff.h:151[m[K,
[2.929s]                  from [01m[K/usr/local/include/ceres/autodiff_cost_function.h:130[m[K,
[2.929s]                  from [01m[K/usr/local/include/ceres/ceres.h:37[m[K,
[2.929s]                  from [01m[K/home/weiwei/Desktop/project/path_follow/src/path_follow/src/cdcr.hpp:11[m[K,
[2.929s]                  from [01m[K/home/weiwei/Desktop/project/path_follow/src/path_follow/src/cdcr.cpp:1[m[K:
[2.929s] [01m[K/usr/local/include/ceres/internal/variadic_evaluate.h:55:17:[m[K [01;36m[Knote: [m[K  candidate expects 3 arguments, 2 provided
[2.929s]    55 |   return [01;36m[Kfunctor(input[Indices]..., output)[m[K;
[2.929s]       |          [01;36m[K~~~~~~~^~~~~~~~~~~~~~~~~~~~~~~~~~~[m[K
[3.096s] make[2]: *** [CMakeFiles/path_follow.dir/build.make:76：CMakeFiles/path_follow.dir/src/cdcr.cpp.o] 错误 1
[3.096s] make[1]: *** [CMakeFiles/Makefile2:78：CMakeFiles/path_follow.dir/all] 错误 2
[3.096s] make: *** [Makefile:141：all] 错误 2
[3.099s] Invoked command in '/home/weiwei/Desktop/project/path_follow/build/path_follow' returned '2': CMAKE_PREFIX_PATH=/opt/ros/foxy /usr/bin/cmake --build /home/weiwei/Desktop/project/path_follow/build/path_follow -- -j16 -l16
