[1.247s] DEBUG:colcon:Command line arguments: ['/usr/bin/colcon', 'build', '--packages-select', 'path_follow']
[1.247s] DEBUG:colcon:Parsed command line arguments: Namespace(allow_overriding=[], ament_cmake_args=None, base_paths=['.'], build_base='build', catkin_cmake_args=None, catkin_skip_building_tests=False, cmake_args=None, cmake_clean_cache=False, cmake_clean_first=False, cmake_force_configure=False, cmake_target=None, cmake_target_skip_unavailable=False, continue_on_error=False, event_handlers=None, executor='parallel', ignore_user_meta=False, install_base='install', log_base=None, log_level=None, main=<bound method BuildVerb.main of <colcon_core.verb.build.BuildVerb object at 0x7f52bb1f1ca0>>, merge_install=False, metas=['./colcon.meta'], packages_above=None, packages_above_and_dependencies=None, packages_above_depth=None, packages_end=None, packages_ignore=None, packages_ignore_regex=None, packages_select=['path_follow'], packages_select_build_failed=False, packages_select_by_dep=None, packages_select_regex=None, packages_select_test_failures=False, packages_skip=None, packages_skip_build_finished=False, packages_skip_by_dep=None, packages_skip_regex=None, packages_skip_test_passed=False, packages_skip_up_to=None, packages_start=None, packages_up_to=None, packages_up_to_regex=None, parallel_workers=16, paths=None, symlink_install=False, test_result_base=None, verb_extension=<colcon_core.verb.build.BuildVerb object at 0x7f52bb1f1ca0>, verb_name='build', verb_parser=<colcon_defaults.argument_parser.defaults.DefaultArgumentsDecorator object at 0x7f52bb15b730>)
[1.305s] Level 1:colcon.colcon_core.package_discovery:discover_packages(colcon_meta) check parameters
[1.305s] Level 1:colcon.colcon_core.package_discovery:discover_packages(recursive) check parameters
[1.305s] Level 1:colcon.colcon_core.package_discovery:discover_packages(ignore) check parameters
[1.305s] Level 1:colcon.colcon_core.package_discovery:discover_packages(path) check parameters
[1.305s] Level 1:colcon.colcon_core.package_discovery:discover_packages(colcon_meta) discover
[1.305s] Level 1:colcon.colcon_core.package_discovery:discover_packages(recursive) discover
[1.305s] INFO:colcon.colcon_core.package_discovery:Crawling recursively for packages in '/home/weiwei/Desktop/project/path_follow'
[1.305s] Level 1:colcon.colcon_core.package_identification:_identify(.) by extensions ['ignore', 'ignore_ament_install']
[1.305s] Level 1:colcon.colcon_core.package_identification:_identify(.) by extension 'ignore'
[1.305s] Level 1:colcon.colcon_core.package_identification:_identify(.) by extension 'ignore_ament_install'
[1.305s] Level 1:colcon.colcon_core.package_identification:_identify(.) by extensions ['colcon_pkg']
[1.305s] Level 1:colcon.colcon_core.package_identification:_identify(.) by extension 'colcon_pkg'
[1.305s] Level 1:colcon.colcon_core.package_identification:_identify(.) by extensions ['colcon_meta']
[1.305s] Level 1:colcon.colcon_core.package_identification:_identify(.) by extension 'colcon_meta'
[1.305s] Level 1:colcon.colcon_core.package_identification:_identify(.) by extensions ['ros']
[1.305s] Level 1:colcon.colcon_core.package_identification:_identify(.) by extension 'ros'
[1.320s] Level 1:colcon.colcon_core.package_identification:_identify(.) by extensions ['cmake', 'python']
[1.320s] Level 1:colcon.colcon_core.package_identification:_identify(.) by extension 'cmake'
[1.320s] Level 1:colcon.colcon_core.package_identification:_identify(.) by extension 'python'
[1.320s] Level 1:colcon.colcon_core.package_identification:_identify(.) by extensions ['python_setup_py']
[1.320s] Level 1:colcon.colcon_core.package_identification:_identify(.) by extension 'python_setup_py'
[1.320s] Level 1:colcon.colcon_core.package_identification:_identify(build) by extensions ['ignore', 'ignore_ament_install']
[1.320s] Level 1:colcon.colcon_core.package_identification:_identify(build) by extension 'ignore'
[1.320s] Level 1:colcon.colcon_core.package_identification:_identify(build) ignored
[1.320s] Level 1:colcon.colcon_core.package_identification:_identify(install) by extensions ['ignore', 'ignore_ament_install']
[1.320s] Level 1:colcon.colcon_core.package_identification:_identify(install) by extension 'ignore'
[1.320s] Level 1:colcon.colcon_core.package_identification:_identify(install) ignored
[1.321s] Level 1:colcon.colcon_core.package_identification:_identify(log) by extensions ['ignore', 'ignore_ament_install']
[1.321s] Level 1:colcon.colcon_core.package_identification:_identify(log) by extension 'ignore'
[1.321s] Level 1:colcon.colcon_core.package_identification:_identify(log) ignored
[1.321s] Level 1:colcon.colcon_core.package_identification:_identify(src) by extensions ['ignore', 'ignore_ament_install']
[1.321s] Level 1:colcon.colcon_core.package_identification:_identify(src) by extension 'ignore'
[1.321s] Level 1:colcon.colcon_core.package_identification:_identify(src) by extension 'ignore_ament_install'
[1.321s] Level 1:colcon.colcon_core.package_identification:_identify(src) by extensions ['colcon_pkg']
[1.321s] Level 1:colcon.colcon_core.package_identification:_identify(src) by extension 'colcon_pkg'
[1.321s] Level 1:colcon.colcon_core.package_identification:_identify(src) by extensions ['colcon_meta']
[1.321s] Level 1:colcon.colcon_core.package_identification:_identify(src) by extension 'colcon_meta'
[1.321s] Level 1:colcon.colcon_core.package_identification:_identify(src) by extensions ['ros']
[1.321s] Level 1:colcon.colcon_core.package_identification:_identify(src) by extension 'ros'
[1.321s] Level 1:colcon.colcon_core.package_identification:_identify(src) by extensions ['cmake', 'python']
[1.321s] Level 1:colcon.colcon_core.package_identification:_identify(src) by extension 'cmake'
[1.321s] Level 1:colcon.colcon_core.package_identification:_identify(src) by extension 'python'
[1.321s] Level 1:colcon.colcon_core.package_identification:_identify(src) by extensions ['python_setup_py']
[1.321s] Level 1:colcon.colcon_core.package_identification:_identify(src) by extension 'python_setup_py'
[1.321s] Level 1:colcon.colcon_core.package_identification:_identify(src/path_follow) by extensions ['ignore', 'ignore_ament_install']
[1.321s] Level 1:colcon.colcon_core.package_identification:_identify(src/path_follow) by extension 'ignore'
[1.321s] Level 1:colcon.colcon_core.package_identification:_identify(src/path_follow) by extension 'ignore_ament_install'
[1.321s] Level 1:colcon.colcon_core.package_identification:_identify(src/path_follow) by extensions ['colcon_pkg']
[1.321s] Level 1:colcon.colcon_core.package_identification:_identify(src/path_follow) by extension 'colcon_pkg'
[1.321s] Level 1:colcon.colcon_core.package_identification:_identify(src/path_follow) by extensions ['colcon_meta']
[1.321s] Level 1:colcon.colcon_core.package_identification:_identify(src/path_follow) by extension 'colcon_meta'
[1.321s] Level 1:colcon.colcon_core.package_identification:_identify(src/path_follow) by extensions ['ros']
[1.321s] Level 1:colcon.colcon_core.package_identification:_identify(src/path_follow) by extension 'ros'
[1.323s] DEBUG:colcon.colcon_core.package_identification:Package 'src/path_follow' with type 'ros.ament_cmake' and name 'path_follow'
[1.323s] Level 1:colcon.colcon_core.package_discovery:discover_packages(recursive) using defaults
[1.323s] Level 1:colcon.colcon_core.package_discovery:discover_packages(ignore) discover
[1.323s] Level 1:colcon.colcon_core.package_discovery:discover_packages(ignore) using defaults
[1.323s] Level 1:colcon.colcon_core.package_discovery:discover_packages(path) discover
[1.323s] Level 1:colcon.colcon_core.package_discovery:discover_packages(path) using defaults
[1.441s] Level 1:colcon.colcon_core.package_discovery:discover_packages(prefix_path) check parameters
[1.441s] Level 1:colcon.colcon_core.package_discovery:discover_packages(prefix_path) discover
[1.484s] DEBUG:colcon.colcon_installed_package_information.package_discovery:Found 2 installed packages in /home/weiwei/Desktop/project/path_follow/install
[1.506s] DEBUG:colcon.colcon_installed_package_information.package_discovery:Found 310 installed packages in /opt/ros/foxy
[1.507s] Level 1:colcon.colcon_core.package_discovery:discover_packages(prefix_path) using defaults
[1.598s] Level 5:colcon.colcon_core.verb:set package 'path_follow' build argument 'cmake_args' from command line to 'None'
[1.598s] Level 5:colcon.colcon_core.verb:set package 'path_follow' build argument 'cmake_target' from command line to 'None'
[1.598s] Level 5:colcon.colcon_core.verb:set package 'path_follow' build argument 'cmake_target_skip_unavailable' from command line to 'False'
[1.598s] Level 5:colcon.colcon_core.verb:set package 'path_follow' build argument 'cmake_clean_cache' from command line to 'False'
[1.598s] Level 5:colcon.colcon_core.verb:set package 'path_follow' build argument 'cmake_clean_first' from command line to 'False'
[1.598s] Level 5:colcon.colcon_core.verb:set package 'path_follow' build argument 'cmake_force_configure' from command line to 'False'
[1.598s] Level 5:colcon.colcon_core.verb:set package 'path_follow' build argument 'ament_cmake_args' from command line to 'None'
[1.598s] Level 5:colcon.colcon_core.verb:set package 'path_follow' build argument 'catkin_cmake_args' from command line to 'None'
[1.598s] Level 5:colcon.colcon_core.verb:set package 'path_follow' build argument 'catkin_skip_building_tests' from command line to 'False'
[1.598s] DEBUG:colcon.colcon_core.verb:Building package 'path_follow' with the following arguments: {'ament_cmake_args': None, 'build_base': '/home/weiwei/Desktop/project/path_follow/build/path_follow', 'catkin_cmake_args': None, 'catkin_skip_building_tests': False, 'cmake_args': None, 'cmake_clean_cache': False, 'cmake_clean_first': False, 'cmake_force_configure': False, 'cmake_target': None, 'cmake_target_skip_unavailable': False, 'install_base': '/home/weiwei/Desktop/project/path_follow/install/path_follow', 'merge_install': False, 'path': '/home/weiwei/Desktop/project/path_follow/src/path_follow', 'symlink_install': False, 'test_result_base': None}
[1.620s] INFO:colcon.colcon_core.executor:Executing jobs using 'parallel' executor
[1.642s] DEBUG:colcon.colcon_parallel_executor.executor.parallel:run_until_complete
[1.642s] INFO:colcon.colcon_ros.task.ament_cmake.build:Building ROS package in '/home/weiwei/Desktop/project/path_follow/src/path_follow' with build type 'ament_cmake'
[1.642s] INFO:colcon.colcon_cmake.task.cmake.build:Building CMake package in '/home/weiwei/Desktop/project/path_follow/src/path_follow'
[1.668s] INFO:colcon.colcon_core.plugin_system:Skipping extension 'colcon_core.shell.bat': Not used on non-Windows systems
[1.668s] INFO:colcon.colcon_core.shell:Skip shell extension 'powershell' for command environment: Not usable outside of PowerShell
[1.668s] DEBUG:colcon.colcon_core.shell:Skip shell extension 'dsv' for command environment
[1.744s] DEBUG:colcon.colcon_core.event_handler.log_command:Invoking command in '/home/weiwei/Desktop/project/path_follow/build/path_follow': CMAKE_PREFIX_PATH=${CMAKE_PREFIX_PATH}:/opt/ros/foxy /usr/bin/cmake --build /home/weiwei/Desktop/project/path_follow/build/path_follow -- -j16 -l16
[8.086s] DEBUG:colcon.colcon_core.event_handler.log_command:Invoked command in '/home/weiwei/Desktop/project/path_follow/build/path_follow' returned '0': CMAKE_PREFIX_PATH=${CMAKE_PREFIX_PATH}:/opt/ros/foxy /usr/bin/cmake --build /home/weiwei/Desktop/project/path_follow/build/path_follow -- -j16 -l16
[8.111s] DEBUG:colcon.colcon_core.event_handler.log_command:Invoking command in '/home/weiwei/Desktop/project/path_follow/build/path_follow': CMAKE_PREFIX_PATH=${CMAKE_PREFIX_PATH}:/opt/ros/foxy /usr/bin/cmake --install /home/weiwei/Desktop/project/path_follow/build/path_follow
[8.123s] Level 1:colcon.colcon_core.environment:create_environment_scripts_only(path_follow)
[8.123s] DEBUG:colcon.colcon_core.event_handler.log_command:Invoked command in '/home/weiwei/Desktop/project/path_follow/build/path_follow' returned '0': CMAKE_PREFIX_PATH=${CMAKE_PREFIX_PATH}:/opt/ros/foxy /usr/bin/cmake --install /home/weiwei/Desktop/project/path_follow/build/path_follow
[8.148s] Level 1:colcon.colcon_core.environment:checking '/home/weiwei/Desktop/project/path_follow/install/path_follow' for CMake module files
[8.148s] Level 1:colcon.colcon_core.environment:checking '/home/weiwei/Desktop/project/path_follow/install/path_follow' for CMake config files
[8.148s] Level 1:colcon.colcon_core.shell:create_environment_hook('path_follow', 'cmake_prefix_path')
[8.171s] INFO:colcon.colcon_core.shell:Creating environment hook '/home/weiwei/Desktop/project/path_follow/install/path_follow/share/path_follow/hook/cmake_prefix_path.ps1'
[8.171s] INFO:colcon.colcon_core.shell:Creating environment descriptor '/home/weiwei/Desktop/project/path_follow/install/path_follow/share/path_follow/hook/cmake_prefix_path.dsv'
[8.172s] INFO:colcon.colcon_core.shell:Creating environment hook '/home/weiwei/Desktop/project/path_follow/install/path_follow/share/path_follow/hook/cmake_prefix_path.sh'
[8.172s] Level 1:colcon.colcon_core.environment:checking '/home/weiwei/Desktop/project/path_follow/install/path_follow/lib'
[8.172s] Level 1:colcon.colcon_core.environment:checking '/home/weiwei/Desktop/project/path_follow/install/path_follow/bin'
[8.172s] Level 1:colcon.colcon_core.environment:checking '/home/weiwei/Desktop/project/path_follow/install/path_follow/lib/pkgconfig/path_follow.pc'
[8.173s] Level 1:colcon.colcon_core.environment:checking '/home/weiwei/Desktop/project/path_follow/install/path_follow/lib/python3.8/site-packages'
[8.173s] Level 1:colcon.colcon_core.environment:checking '/home/weiwei/Desktop/project/path_follow/install/path_follow/bin'
[8.195s] INFO:colcon.colcon_core.shell:Creating package script '/home/weiwei/Desktop/project/path_follow/install/path_follow/share/path_follow/package.ps1'
[8.196s] INFO:colcon.colcon_core.shell:Creating package descriptor '/home/weiwei/Desktop/project/path_follow/install/path_follow/share/path_follow/package.dsv'
[8.196s] INFO:colcon.colcon_core.shell:Creating package script '/home/weiwei/Desktop/project/path_follow/install/path_follow/share/path_follow/package.sh'
[8.197s] INFO:colcon.colcon_core.shell:Creating package script '/home/weiwei/Desktop/project/path_follow/install/path_follow/share/path_follow/package.bash'
[8.197s] INFO:colcon.colcon_core.shell:Creating package script '/home/weiwei/Desktop/project/path_follow/install/path_follow/share/path_follow/package.zsh'
[8.198s] Level 1:colcon.colcon_core.environment:create_file_with_runtime_dependencies(/home/weiwei/Desktop/project/path_follow/install/path_follow/share/colcon-core/packages/path_follow)
[8.237s] Level 1:colcon.colcon_core.environment:create_environment_scripts_only(path_follow)
[8.260s] Level 1:colcon.colcon_core.environment:checking '/home/weiwei/Desktop/project/path_follow/install/path_follow' for CMake module files
[8.260s] Level 1:colcon.colcon_core.environment:checking '/home/weiwei/Desktop/project/path_follow/install/path_follow' for CMake config files
[8.260s] Level 1:colcon.colcon_core.shell:create_environment_hook('path_follow', 'cmake_prefix_path')
[8.284s] INFO:colcon.colcon_core.shell:Creating environment hook '/home/weiwei/Desktop/project/path_follow/install/path_follow/share/path_follow/hook/cmake_prefix_path.ps1'
[8.284s] INFO:colcon.colcon_core.shell:Creating environment descriptor '/home/weiwei/Desktop/project/path_follow/install/path_follow/share/path_follow/hook/cmake_prefix_path.dsv'
[8.284s] INFO:colcon.colcon_core.shell:Creating environment hook '/home/weiwei/Desktop/project/path_follow/install/path_follow/share/path_follow/hook/cmake_prefix_path.sh'
[8.285s] Level 1:colcon.colcon_core.environment:checking '/home/weiwei/Desktop/project/path_follow/install/path_follow/lib'
[8.285s] Level 1:colcon.colcon_core.environment:checking '/home/weiwei/Desktop/project/path_follow/install/path_follow/bin'
[8.285s] Level 1:colcon.colcon_core.environment:checking '/home/weiwei/Desktop/project/path_follow/install/path_follow/lib/pkgconfig/path_follow.pc'
[8.285s] Level 1:colcon.colcon_core.environment:checking '/home/weiwei/Desktop/project/path_follow/install/path_follow/lib/python3.8/site-packages'
[8.285s] Level 1:colcon.colcon_core.environment:checking '/home/weiwei/Desktop/project/path_follow/install/path_follow/bin'
[8.308s] INFO:colcon.colcon_core.shell:Creating package script '/home/weiwei/Desktop/project/path_follow/install/path_follow/share/path_follow/package.ps1'
[8.308s] INFO:colcon.colcon_core.shell:Creating package descriptor '/home/weiwei/Desktop/project/path_follow/install/path_follow/share/path_follow/package.dsv'
[8.308s] INFO:colcon.colcon_core.shell:Creating package script '/home/weiwei/Desktop/project/path_follow/install/path_follow/share/path_follow/package.sh'
[8.308s] INFO:colcon.colcon_core.shell:Creating package script '/home/weiwei/Desktop/project/path_follow/install/path_follow/share/path_follow/package.bash'
[8.309s] INFO:colcon.colcon_core.shell:Creating package script '/home/weiwei/Desktop/project/path_follow/install/path_follow/share/path_follow/package.zsh'
[8.309s] Level 1:colcon.colcon_core.environment:create_file_with_runtime_dependencies(/home/weiwei/Desktop/project/path_follow/install/path_follow/share/colcon-core/packages/path_follow)
[8.309s] DEBUG:colcon.colcon_parallel_executor.executor.parallel:closing loop
[8.309s] DEBUG:colcon.colcon_parallel_executor.executor.parallel:loop closed
[8.309s] DEBUG:colcon.colcon_parallel_executor.executor.parallel:run_until_complete finished with '0'
[8.309s] DEBUG:colcon.colcon_core.event_reactor:joining thread
[8.338s] INFO:colcon.colcon_core.plugin_system:Skipping extension 'colcon_notification.desktop_notification.terminal_notifier': Not used on non-Darwin systems
[8.339s] INFO:colcon.colcon_core.plugin_system:Skipping extension 'colcon_notification.desktop_notification.win32': Not used on non-Windows systems
[8.339s] INFO:colcon.colcon_notification.desktop_notification:Sending desktop notification using 'notify2'
[8.349s] DEBUG:colcon.colcon_core.event_reactor:joined thread
[8.372s] INFO:colcon.colcon_core.shell:Creating prefix script '/home/weiwei/Desktop/project/path_follow/install/local_setup.ps1'
[8.373s] INFO:colcon.colcon_core.shell:Creating prefix util module '/home/weiwei/Desktop/project/path_follow/install/_local_setup_util_ps1.py'
[8.374s] INFO:colcon.colcon_core.shell:Creating prefix chain script '/home/weiwei/Desktop/project/path_follow/install/setup.ps1'
[8.397s] INFO:colcon.colcon_core.shell:Creating prefix script '/home/weiwei/Desktop/project/path_follow/install/local_setup.sh'
[8.398s] INFO:colcon.colcon_core.shell:Creating prefix util module '/home/weiwei/Desktop/project/path_follow/install/_local_setup_util_sh.py'
[8.398s] INFO:colcon.colcon_core.shell:Creating prefix chain script '/home/weiwei/Desktop/project/path_follow/install/setup.sh'
[8.421s] INFO:colcon.colcon_core.shell:Creating prefix script '/home/weiwei/Desktop/project/path_follow/install/local_setup.bash'
[8.422s] INFO:colcon.colcon_core.shell:Creating prefix chain script '/home/weiwei/Desktop/project/path_follow/install/setup.bash'
[8.445s] INFO:colcon.colcon_core.shell:Creating prefix script '/home/weiwei/Desktop/project/path_follow/install/local_setup.zsh'
[8.446s] INFO:colcon.colcon_core.shell:Creating prefix chain script '/home/weiwei/Desktop/project/path_follow/install/setup.zsh'
