[0.093s] Invoking command in '/home/weiwei/Desktop/project/path_follow/build/path_follow': CMAKE_PREFIX_PATH=/opt/ros/foxy /usr/bin/cmake --build /home/weiwei/Desktop/project/path_follow/build/path_follow -- -j16 -l16
[0.131s] [35m[1mScanning dependencies of target path_follow[0m
[0.161s] [ 50%] [32mBuilding CXX object CMakeFiles/path_follow.dir/src/main.cpp.o[0m
[0.161s] [ 50%] [32mBuilding CXX object CMakeFiles/path_follow.dir/src/cdcr.cpp.o[0m
[1.904s] In file included from [01m[K/home/weiwei/Desktop/project/path_follow/src/path_follow/src/main.cpp:1[m[K:
[1.905s] [01m[K/home/weiwei/Desktop/project/path_follow/src/path_follow/src/cdcr.hpp:[m[K In constructor ‘[01m[KCDCR::x_residual::x_residual(double, double, double, double)[m[K’:
[1.905s] [01m[K/home/weiwei/Desktop/project/path_follow/src/path_follow/src/cdcr.hpp:51:18:[m[K [01;35m[Kwarning: [m[K‘[01m[KCDCR::x_residual::x_[m[K’ will be initialized after [[01;35m[K-Wreorder[m[K]
[1.905s]    51 |     const double [01;35m[Kx_[m[K;
[1.905s]       |                  [01;35m[K^~[m[K
[1.905s] [01m[K/home/weiwei/Desktop/project/path_follow/src/path_follow/src/cdcr.hpp:49:18:[m[K [01;35m[Kwarning: [m[K  ‘[01m[Kconst double CDCR::x_residual::weight_position_[m[K’ [[01;35m[K-Wreorder[m[K]
[1.905s]    49 |     const double [01;35m[Kweight_position_[m[K;
[1.905s]       |                  [01;35m[K^~~~~~~~~~~~~~~~[m[K
[1.905s] [01m[K/home/weiwei/Desktop/project/path_follow/src/path_follow/src/cdcr.hpp:36:5:[m[K [01;35m[Kwarning: [m[K  when initialized here [[01;35m[K-Wreorder[m[K]
[1.905s]    36 |     [01;35m[Kx_residual[m[K(double weight_position,
[1.905s]       |     [01;35m[K^~~~~~~~~~[m[K
[1.906s] [01m[K/home/weiwei/Desktop/project/path_follow/src/path_follow/src/cdcr.hpp:[m[K In constructor ‘[01m[KCDCR::y_residual::y_residual(double, double, double, double)[m[K’:
[1.906s] [01m[K/home/weiwei/Desktop/project/path_follow/src/path_follow/src/cdcr.hpp:69:18:[m[K [01;35m[Kwarning: [m[K‘[01m[KCDCR::y_residual::y_[m[K’ will be initialized after [[01;35m[K-Wreorder[m[K]
[1.906s]    69 |     const double [01;35m[Ky_[m[K;
[1.906s]       |                  [01;35m[K^~[m[K
[1.906s] [01m[K/home/weiwei/Desktop/project/path_follow/src/path_follow/src/cdcr.hpp:67:18:[m[K [01;35m[Kwarning: [m[K  ‘[01m[Kconst double CDCR::y_residual::weight_position_[m[K’ [[01;35m[K-Wreorder[m[K]
[1.906s]    67 |     const double [01;35m[Kweight_position_[m[K;
[1.906s]       |                  [01;35m[K^~~~~~~~~~~~~~~~[m[K
[1.906s] [01m[K/home/weiwei/Desktop/project/path_follow/src/path_follow/src/cdcr.hpp:54:5:[m[K [01;35m[Kwarning: [m[K  when initialized here [[01;35m[K-Wreorder[m[K]
[1.906s]    54 |     [01;35m[Ky_residual[m[K(double weight_position,
[1.906s]       |     [01;35m[K^~~~~~~~~~[m[K
[1.906s] [01m[K/home/weiwei/Desktop/project/path_follow/src/path_follow/src/cdcr.hpp:[m[K In constructor ‘[01m[KCDCR::z_residual::z_residual(double, double, double, double, double)[m[K’:
[1.906s] [01m[K/home/weiwei/Desktop/project/path_follow/src/path_follow/src/cdcr.hpp:88:51:[m[K [01;35m[Kwarning: [m[K‘[01m[KCDCR::z_residual::length_rigid1_[m[K’ will be initialized after [[01;35m[K-Wreorder[m[K]
[1.906s]    88 |     const double length_continuum_,length_rigid2_,[01;35m[Klength_rigid1_[m[K;
[1.906s]       |                                                   [01;35m[K^~~~~~~~~~~~~~[m[K
[1.906s] [01m[K/home/weiwei/Desktop/project/path_follow/src/path_follow/src/cdcr.hpp:88:36:[m[K [01;35m[Kwarning: [m[K  ‘[01m[Kconst double CDCR::z_residual::length_rigid2_[m[K’ [[01;35m[K-Wreorder[m[K]
[1.906s]    88 |     const double length_continuum_,[01;35m[Klength_rigid2_[m[K,length_rigid1_;
[1.906s]       |                                    [01;35m[K^~~~~~~~~~~~~~[m[K
[1.907s] [01m[K/home/weiwei/Desktop/project/path_follow/src/path_follow/src/cdcr.hpp:72:5:[m[K [01;35m[Kwarning: [m[K  when initialized here [[01;35m[K-Wreorder[m[K]
[1.907s]    72 |     [01;35m[Kz_residual[m[K(double weight_position,
[1.907s]       |     [01;35m[K^~~~~~~~~~[m[K
[1.907s] [01m[K/home/weiwei/Desktop/project/path_follow/src/path_follow/src/cdcr.hpp:89:18:[m[K [01;35m[Kwarning: [m[K‘[01m[KCDCR::z_residual::z_[m[K’ will be initialized after [[01;35m[K-Wreorder[m[K]
[1.907s]    89 |     const double [01;35m[Kz_[m[K;
[1.907s]       |                  [01;35m[K^~[m[K
[1.907s] [01m[K/home/weiwei/Desktop/project/path_follow/src/path_follow/src/cdcr.hpp:87:18:[m[K [01;35m[Kwarning: [m[K  ‘[01m[Kconst double CDCR::z_residual::weight_position_[m[K’ [[01;35m[K-Wreorder[m[K]
[1.907s]    87 |     const double [01;35m[Kweight_position_[m[K;
[1.907s]       |                  [01;35m[K^~~~~~~~~~~~~~~~[m[K
[1.907s] [01m[K/home/weiwei/Desktop/project/path_follow/src/path_follow/src/cdcr.hpp:72:5:[m[K [01;35m[Kwarning: [m[K  when initialized here [[01;35m[K-Wreorder[m[K]
[1.907s]    72 |     [01;35m[Kz_residual[m[K(double weight_position,
[1.908s]       |     [01;35m[K^~~~~~~~~~[m[K
[1.908s] [01m[K/home/weiwei/Desktop/project/path_follow/src/path_follow/src/cdcr.hpp:[m[K In constructor ‘[01m[KCDCR::angle_residual::angle_residual(double, double, double, double, Eigen::Vector3d)[m[K’:
[1.908s] [01m[K/home/weiwei/Desktop/project/path_follow/src/path_follow/src/cdcr.hpp:111:27:[m[K [01;35m[Kwarning: [m[K‘[01m[KCDCR::angle_residual::tangent_vector_[m[K’ will be initialized after [[01;35m[K-Wreorder[m[K]
[1.908s]   111 |     const Eigen::Vector3d [01;35m[Ktangent_vector_[m[K;
[1.908s]       |                           [01;35m[K^~~~~~~~~~~~~~~[m[K
[1.908s] [01m[K/home/weiwei/Desktop/project/path_follow/src/path_follow/src/cdcr.hpp:109:18:[m[K [01;35m[Kwarning: [m[K  ‘[01m[Kconst double CDCR::angle_residual::weight_direction_[m[K’ [[01;35m[K-Wreorder[m[K]
[1.908s]   109 |     const double [01;35m[Kweight_direction_[m[K;
[1.908s]       |                  [01;35m[K^~~~~~~~~~~~~~~~~[m[K
[1.908s] [01m[K/home/weiwei/Desktop/project/path_follow/src/path_follow/src/cdcr.hpp:92:5:[m[K [01;35m[Kwarning: [m[K  when initialized here [[01;35m[K-Wreorder[m[K]
[1.908s]    92 |     [01;35m[Kangle_residual[m[K(double weight_direction,
[1.908s]       |     [01;35m[K^~~~~~~~~~~~~~[m[K
[1.908s] In file included from [01m[K/home/weiwei/Desktop/project/path_follow/src/path_follow/src/cdcr.cpp:1[m[K:
[1.908s] [01m[K/home/weiwei/Desktop/project/path_follow/src/path_follow/src/cdcr.hpp:[m[K In constructor ‘[01m[KCDCR::x_residual::x_residual(double, double, double, double)[m[K’:
[1.908s] [01m[K/home/weiwei/Desktop/project/path_follow/src/path_follow/src/cdcr.hpp:51:18:[m[K [01;35m[Kwarning: [m[K‘[01m[KCDCR::x_residual::x_[m[K’ will be initialized after [[01;35m[K-Wreorder[m[K]
[1.908s]    51 |     const double [01;35m[Kx_[m[K;
[1.908s]       |                  [01;35m[K^~[m[K
[1.909s] [01m[K/home/weiwei/Desktop/project/path_follow/src/path_follow/src/cdcr.hpp:49:18:[m[K [01;35m[Kwarning: [m[K  ‘[01m[Kconst double CDCR::x_residual::weight_position_[m[K’ [[01;35m[K-Wreorder[m[K]
[1.909s]    49 |     const double [01;35m[Kweight_position_[m[K;
[1.909s]       |                  [01;35m[K^~~~~~~~~~~~~~~~[m[K
[1.909s] [01m[K/home/weiwei/Desktop/project/path_follow/src/path_follow/src/cdcr.hpp:36:5:[m[K [01;35m[Kwarning: [m[K  when initialized here [[01;35m[K-Wreorder[m[K]
[1.909s]    36 |     [01;35m[Kx_residual[m[K(double weight_position,
[1.909s]       |     [01;35m[K^~~~~~~~~~[m[K
[1.909s] [01m[K/home/weiwei/Desktop/project/path_follow/src/path_follow/src/cdcr.hpp:[m[K In constructor ‘[01m[KCDCR::y_residual::y_residual(double, double, double, double)[m[K’:
[1.909s] [01m[K/home/weiwei/Desktop/project/path_follow/src/path_follow/src/cdcr.hpp:69:18:[m[K [01;35m[Kwarning: [m[K‘[01m[KCDCR::y_residual::y_[m[K’ will be initialized after [[01;35m[K-Wreorder[m[K]
[1.909s]    69 |     const double [01;35m[Ky_[m[K;
[1.909s]       |                  [01;35m[K^~[m[K
[1.909s] [01m[K/home/weiwei/Desktop/project/path_follow/src/path_follow/src/cdcr.hpp:67:18:[m[K [01;35m[Kwarning: [m[K  ‘[01m[Kconst double CDCR::y_residual::weight_position_[m[K’ [[01;35m[K-Wreorder[m[K]
[1.909s]    67 |     const double [01;35m[Kweight_position_[m[K;
[1.909s]       |                  [01;35m[K^~~~~~~~~~~~~~~~[m[K
[1.909s] [01m[K/home/weiwei/Desktop/project/path_follow/src/path_follow/src/cdcr.hpp:54:5:[m[K [01;35m[Kwarning: [m[K  when initialized here [[01;35m[K-Wreorder[m[K]
[1.909s]    54 |     [01;35m[Ky_residual[m[K(double weight_position,
[1.909s]       |     [01;35m[K^~~~~~~~~~[m[K
[1.909s] [01m[K/home/weiwei/Desktop/project/path_follow/src/path_follow/src/cdcr.hpp:[m[K In constructor ‘[01m[KCDCR::z_residual::z_residual(double, double, double, double, double)[m[K’:
[1.910s] [01m[K/home/weiwei/Desktop/project/path_follow/src/path_follow/src/cdcr.hpp:88:51:[m[K [01;35m[Kwarning: [m[K‘[01m[KCDCR::z_residual::length_rigid1_[m[K’ will be initialized after [[01;35m[K-Wreorder[m[K]
[1.910s]    88 |     const double length_continuum_,length_rigid2_,[01;35m[Klength_rigid1_[m[K;
[1.910s]       |                                                   [01;35m[K^~~~~~~~~~~~~~[m[K
[1.910s] [01m[K/home/weiwei/Desktop/project/path_follow/src/path_follow/src/cdcr.hpp:88:36:[m[K [01;35m[Kwarning: [m[K  ‘[01m[Kconst double CDCR::z_residual::length_rigid2_[m[K’ [[01;35m[K-Wreorder[m[K]
[1.910s]    88 |     const double length_continuum_,[01;35m[Klength_rigid2_[m[K,length_rigid1_;
[1.910s]       |                                    [01;35m[K^~~~~~~~~~~~~~[m[K
[1.910s] [01m[K/home/weiwei/Desktop/project/path_follow/src/path_follow/src/cdcr.hpp:72:5:[m[K [01;35m[Kwarning: [m[K  when initialized here [[01;35m[K-Wreorder[m[K]
[1.910s]    72 |     [01;35m[Kz_residual[m[K(double weight_position,
[1.910s]       |     [01;35m[K^~~~~~~~~~[m[K
[1.910s] [01m[K/home/weiwei/Desktop/project/path_follow/src/path_follow/src/cdcr.hpp:89:18:[m[K [01;35m[Kwarning: [m[K‘[01m[KCDCR::z_residual::z_[m[K’ will be initialized after [[01;35m[K-Wreorder[m[K]
[1.910s]    89 |     const double [01;35m[Kz_[m[K;
[1.910s]       |                  [01;35m[K^~[m[K
[1.910s] [01m[K/home/weiwei/Desktop/project/path_follow/src/path_follow/src/cdcr.hpp:87:18:[m[K [01;35m[Kwarning: [m[K  ‘[01m[Kconst double CDCR::z_residual::weight_position_[m[K’ [[01;35m[K-Wreorder[m[K]
[1.910s]    87 |     const double [01;35m[Kweight_position_[m[K;
[1.911s]       |                  [01;35m[K^~~~~~~~~~~~~~~~[m[K
[1.911s] [01m[K/home/weiwei/Desktop/project/path_follow/src/path_follow/src/cdcr.hpp:72:5:[m[K [01;35m[Kwarning: [m[K  when initialized here [[01;35m[K-Wreorder[m[K]
[1.911s]    72 |     [01;35m[Kz_residual[m[K(double weight_position,
[1.911s]       |     [01;35m[K^~~~~~~~~~[m[K
[1.911s] [01m[K/home/weiwei/Desktop/project/path_follow/src/path_follow/src/cdcr.hpp:[m[K In constructor ‘[01m[KCDCR::angle_residual::angle_residual(double, double, double, double, Eigen::Vector3d)[m[K’:
[1.911s] [01m[K/home/weiwei/Desktop/project/path_follow/src/path_follow/src/cdcr.hpp:111:27:[m[K [01;35m[Kwarning: [m[K‘[01m[KCDCR::angle_residual::tangent_vector_[m[K’ will be initialized after [[01;35m[K-Wreorder[m[K]
[1.911s]   111 |     const Eigen::Vector3d [01;35m[Ktangent_vector_[m[K;
[1.911s]       |                           [01;35m[K^~~~~~~~~~~~~~~[m[K
[1.911s] [01m[K/home/weiwei/Desktop/project/path_follow/src/path_follow/src/cdcr.hpp:109:18:[m[K [01;35m[Kwarning: [m[K  ‘[01m[Kconst double CDCR::angle_residual::weight_direction_[m[K’ [[01;35m[K-Wreorder[m[K]
[1.911s]   109 |     const double [01;35m[Kweight_direction_[m[K;
[1.911s]       |                  [01;35m[K^~~~~~~~~~~~~~~~~[m[K
[1.911s] [01m[K/home/weiwei/Desktop/project/path_follow/src/path_follow/src/cdcr.hpp:92:5:[m[K [01;35m[Kwarning: [m[K  when initialized here [[01;35m[K-Wreorder[m[K]
[1.911s]    92 |     [01;35m[Kangle_residual[m[K(double weight_direction,
[1.911s]       |     [01;35m[K^~~~~~~~~~~~~~[m[K
[1.959s] [01m[K/home/weiwei/Desktop/project/path_follow/src/path_follow/src/cdcr.cpp:[m[K In constructor ‘[01m[KCDCR::CDCR()[m[K’:
[1.960s] [01m[K/home/weiwei/Desktop/project/path_follow/src/path_follow/src/cdcr.cpp:76:12:[m[K [01;35m[Kwarning: [m[Kunused variable ‘[01m[Kbase_tolerance_deviation[m[K’ [[01;35m[K-Wunused-variable[m[K]
[1.960s]    76 |     double [01;35m[Kbase_tolerance_deviation[m[K = this->get_parameter("base_tolerance_deviation").as_double();
[1.960s]       |            [01;35m[K^~~~~~~~~~~~~~~~~~~~~~~~[m[K
[2.012s] [01m[K/home/weiwei/Desktop/project/path_follow/src/path_follow/src/cdcr.cpp:[m[K In member function ‘[01m[Kvoid CDCR::path_follow_exeperience()[m[K’:
[2.013s] [01m[K/home/weiwei/Desktop/project/path_follow/src/path_follow/src/cdcr.cpp:249:15:[m[K [01;35m[Kwarning: [m[Kstatement has no effect [[01;35m[K-Wunused-value[m[K]
[2.013s]   249 |         [01;35m[Kthis->start_track_path_point_id[m[K;
[2.013s]       |         [01;35m[K~~~~~~^~~~~~~~~~~~~~~~~~~~~~~~~[m[K
[2.013s] [01m[K/home/weiwei/Desktop/project/path_follow/src/path_follow/src/cdcr.cpp:[m[K In member function ‘[01m[Kvoid CDCR::getCorrectTravelPointID()[m[K’:
[2.013s] [01m[K/home/weiwei/Desktop/project/path_follow/src/path_follow/src/cdcr.cpp:264:19:[m[K [01;35m[Kwarning: [m[Kcomparison of integer expressions of different signedness: ‘[01m[Kint[m[K’ and ‘[01m[Kstd::vector<Eigen::Matrix<double, 3, 1> >::size_type[m[K’ {aka ‘[01m[Klong unsigned int[m[K’} [[01;35m[K-Wsign-compare[m[K]
[2.013s]   264 |     for (int i=1;[01;35m[Ki<path_points.size()-1[m[K;i++)
[2.013s]       |                  [01;35m[K~^~~~~~~~~~~~~~~~~~~~~[m[K
[2.013s] [01m[K/home/weiwei/Desktop/project/path_follow/src/path_follow/src/cdcr.cpp:266:14:[m[K [01;35m[Kwarning: [m[Ksuggest parentheses around assignment used as truth value [[01;35m[K-Wparentheses[m[K]
[2.013s]   266 |         if ([01;35m[Ki=path_points.size()-2[m[K)
[2.013s]       |             [01;35m[K~^~~~~~~~~~~~~~~~~~~~~[m[K
[2.013s] [01m[K/home/weiwei/Desktop/project/path_follow/src/path_follow/src/cdcr.cpp:280:23:[m[K [01;35m[Kwarning: [m[Kcomparison of integer expressions of different signedness: ‘[01m[Kint[m[K’ and ‘[01m[Kstd::vector<Eigen::Matrix<double, 3, 1> >::size_type[m[K’ {aka ‘[01m[Klong unsigned int[m[K’} [[01;35m[K-Wsign-compare[m[K]
[2.014s]   280 |         for (int j=i;[01;35m[Kj<path_points.size()-1[m[K;j++)
[2.014s]       |                      [01;35m[K~^~~~~~~~~~~~~~~~~~~~~[m[K
[2.014s] [01m[K/home/weiwei/Desktop/project/path_follow/src/path_follow/src/cdcr.cpp:282:18:[m[K [01;35m[Kwarning: [m[Ksuggest parentheses around assignment used as truth value [[01;35m[K-Wparentheses[m[K]
[2.014s]   282 |             if ([01;35m[Kj=path_points.size()-2[m[K)
[2.014s]       |                 [01;35m[K~^~~~~~~~~~~~~~~~~~~~~[m[K
[2.014s] [01m[K/home/weiwei/Desktop/project/path_follow/src/path_follow/src/cdcr.cpp:262:12:[m[K [01;35m[Kwarning: [m[Kunused variable ‘[01m[Kpath_deviation[m[K’ [[01;35m[K-Wunused-variable[m[K]
[2.014s]   262 |     double [01;35m[Kpath_deviation[m[K;
[2.014s]       |            [01;35m[K^~~~~~~~~~~~~~[m[K
[2.110s] [01m[K/home/weiwei/Desktop/project/path_follow/src/path_follow/src/cdcr.cpp:[m[K In member function ‘[01m[Kvoid CDCR::visualization()[m[K’:
[2.110s] [01m[K/home/weiwei/Desktop/project/path_follow/src/path_follow/src/cdcr.cpp:468:19:[m[K [01;35m[Kwarning: [m[Kcomparison of integer expressions of different signedness: ‘[01m[Kint[m[K’ and ‘[01m[Kstd::vector<Eigen::Matrix<double, 3, 1> >::size_type[m[K’ {aka ‘[01m[Klong unsigned int[m[K’} [[01;35m[K-Wsign-compare[m[K]
[2.111s]   468 |     for (int i=0;[01;35m[Ki<this->cdcr_points.size()[m[K;i++)
[2.111s]       |                  [01;35m[K~^~~~~~~~~~~~~~~~~~~~~~~~~[m[K
[2.111s] [01m[K/home/weiwei/Desktop/project/path_follow/src/path_follow/src/cdcr.cpp:478:19:[m[K [01;35m[Kwarning: [m[Kcomparison of integer expressions of different signedness: ‘[01m[Kint[m[K’ and ‘[01m[Kstd::vector<int>::size_type[m[K’ {aka ‘[01m[Klong unsigned int[m[K’} [[01;35m[K-Wsign-compare[m[K]
[2.111s]   478 |     for (int i=0;[01;35m[Ki<this->cdcr_segment_point_id.size()[m[K;i++)
[2.111s]       |                  [01;35m[K~^~~~~~~~~~~~~~~~~~~~~~~~~~~~~~~~~~~[m[K
[2.111s] [01m[K/home/weiwei/Desktop/project/path_follow/src/path_follow/src/cdcr.cpp:493:14:[m[K [01;35m[Kwarning: [m[Kcomparison of integer expressions of different signedness: ‘[01m[Kint[m[K’ and ‘[01m[Kstd::vector<int>::size_type[m[K’ {aka ‘[01m[Klong unsigned int[m[K’} [[01;35m[K-Wsign-compare[m[K]
[2.111s]   493 |         if ([01;35m[Ki==cdcr_segment_point_id.size()-1[m[K)
[2.111s]       |             [01;35m[K~^~~~~~~~~~~~~~~~~~~~~~~~~~~~~~~~[m[K
[2.138s] [01m[K/home/weiwei/Desktop/project/path_follow/src/path_follow/src/cdcr.cpp:[m[K In member function ‘[01m[Kvoid CDCR::cal_deviation_get_max_deviation_path_point_id(double&, int&)[m[K’:
[2.138s] [01m[K/home/weiwei/Desktop/project/path_follow/src/path_follow/src/cdcr.cpp:563:52:[m[K [01;35m[Kwarning: [m[Kcomparison of integer expressions of different signedness: ‘[01m[Kint[m[K’ and ‘[01m[Kstd::vector<Eigen::Matrix<double, 3, 1> >::size_type[m[K’ {aka ‘[01m[Klong unsigned int[m[K’} [[01;35m[K-Wsign-compare[m[K]
[2.138s]   563 |                     if ([01;35m[Ktemp_current_cdcr_point_id >= this->cdcr_points.size()[m[K)
[2.138s]       |                         [01;35m[K~~~~~~~~~~~~~~~~~~~~~~~~~~~^~~~~~~~~~~~~~~~~~~~~~~~~~~[m[K
[2.151s] [01m[K/home/weiwei/Desktop/project/path_follow/src/path_follow/src/cdcr.cpp:[m[K In member function ‘[01m[Kvoid CDCR::fitCDCR()[m[K’:
[2.152s] [01m[K/home/weiwei/Desktop/project/path_follow/src/path_follow/src/cdcr.cpp:595:10:[m[K [01;35m[Kwarning: [m[Kstatement has no effect [[01;35m[K-Wunused-value[m[K]
[2.153s]   595 |     for ([01;35m[Kjoint_id[m[K; joint_id<joint_number; joint_id++)
[2.153s]       |          [01;35m[K^~~~~~~~[m[K
[2.175s] [01m[K/home/weiwei/Desktop/project/path_follow/src/path_follow/src/cdcr.cpp:[m[K In member function ‘[01m[Kvoid CDCR::find_closed_path_point(const int&, const Vector3d&, int&)[m[K’:
[2.175s] [01m[K/home/weiwei/Desktop/project/path_follow/src/path_follow/src/cdcr.cpp:694:52:[m[K [01;35m[Kwarning: [m[Kcomparison of integer expressions of different signedness: ‘[01m[Kint[m[K’ and ‘[01m[Kstd::vector<Eigen::Matrix<double, 3, 1> >::size_type[m[K’ {aka ‘[01m[Klong unsigned int[m[K’} [[01;35m[K-Wsign-compare[m[K]
[2.175s]   694 |         }while(temp_dot_value<0||[01;35m[Ktemp_path_point_id<path_points.size()-1[m[K);
[2.175s]       |                                  [01;35m[K~~~~~~~~~~~~~~~~~~^~~~~~~~~~~~~~~~~~~~~[m[K
[2.176s] [01m[K/home/weiwei/Desktop/project/path_follow/src/path_follow/src/cdcr.cpp:[m[K In member function ‘[01m[Kvoid CDCR::getPathDeviationAndNextIndex(const int&, const int&, int&)[m[K’:
[2.176s] [01m[K/home/weiwei/Desktop/project/path_follow/src/path_follow/src/cdcr.cpp:740:52:[m[K [01;35m[Kwarning: [m[Kunused parameter ‘[01m[Kpath_point_index_start[m[K’ [[01;35m[K-Wunused-parameter[m[K]
[2.176s]   740 | void CDCR::getPathDeviationAndNextIndex([01;35m[Kconst int& path_point_index_start[m[K,
[2.176s]       |                                         [01;35m[K~~~~~~~~~~~^~~~~~~~~~~~~~~~~~~~~~[m[K
[2.176s] [01m[K/home/weiwei/Desktop/project/path_follow/src/path_follow/src/cdcr.cpp:741:52:[m[K [01;35m[Kwarning: [m[Kunused parameter ‘[01m[Kcdcr_point_index[m[K’ [[01;35m[K-Wunused-parameter[m[K]
[2.176s]   741 |                                         [01;35m[Kconst int& cdcr_point_index[m[K,
[2.176s]       |                                         [01;35m[K~~~~~~~~~~~^~~~~~~~~~~~~~~~[m[K
[2.176s] [01m[K/home/weiwei/Desktop/project/path_follow/src/path_follow/src/cdcr.cpp:742:46:[m[K [01;35m[Kwarning: [m[Kunused parameter ‘[01m[Kpath_point_index_next_start[m[K’ [[01;35m[K-Wunused-parameter[m[K]
[2.176s]   742 |                                         [01;35m[Kint& path_point_index_next_start[m[K)
[2.176s]       |                                         [01;35m[K~~~~~^~~~~~~~~~~~~~~~~~~~~~~~~~~[m[K
[5.707s] [ 75%] [32m[1mLinking CXX executable path_follow[0m
[6.195s] [100%] Built target path_follow
[6.203s] Invoked command in '/home/weiwei/Desktop/project/path_follow/build/path_follow' returned '0': CMAKE_PREFIX_PATH=/opt/ros/foxy /usr/bin/cmake --build /home/weiwei/Desktop/project/path_follow/build/path_follow -- -j16 -l16
[6.228s] Invoking command in '/home/weiwei/Desktop/project/path_follow/build/path_follow': CMAKE_PREFIX_PATH=/opt/ros/foxy /usr/bin/cmake --install /home/weiwei/Desktop/project/path_follow/build/path_follow
[6.234s] -- Install configuration: ""
[6.235s] -- Installing: /home/weiwei/Desktop/project/path_follow/install/path_follow/lib/path_follow/path_follow
[6.240s] -- Set runtime path of "/home/weiwei/Desktop/project/path_follow/install/path_follow/lib/path_follow/path_follow" to ""
[6.240s] -- Up-to-date: /home/weiwei/Desktop/project/path_follow/install/path_follow/share/path_follow/launch
[6.240s] -- Up-to-date: /home/weiwei/Desktop/project/path_follow/install/path_follow/share/path_follow/launch/path_follow.launch.py
[6.240s] -- Up-to-date: /home/weiwei/Desktop/project/path_follow/install/path_follow/share/ament_index/resource_index/package_run_dependencies/path_follow
[6.241s] -- Up-to-date: /home/weiwei/Desktop/project/path_follow/install/path_follow/share/ament_index/resource_index/parent_prefix_path/path_follow
[6.241s] -- Up-to-date: /home/weiwei/Desktop/project/path_follow/install/path_follow/share/path_follow/environment/ament_prefix_path.sh
[6.241s] -- Up-to-date: /home/weiwei/Desktop/project/path_follow/install/path_follow/share/path_follow/environment/ament_prefix_path.dsv
[6.241s] -- Up-to-date: /home/weiwei/Desktop/project/path_follow/install/path_follow/share/path_follow/environment/path.sh
[6.241s] -- Up-to-date: /home/weiwei/Desktop/project/path_follow/install/path_follow/share/path_follow/environment/path.dsv
[6.241s] -- Up-to-date: /home/weiwei/Desktop/project/path_follow/install/path_follow/share/path_follow/local_setup.bash
[6.241s] -- Up-to-date: /home/weiwei/Desktop/project/path_follow/install/path_follow/share/path_follow/local_setup.sh
[6.241s] -- Up-to-date: /home/weiwei/Desktop/project/path_follow/install/path_follow/share/path_follow/local_setup.zsh
[6.241s] -- Up-to-date: /home/weiwei/Desktop/project/path_follow/install/path_follow/share/path_follow/local_setup.dsv
[6.241s] -- Installing: /home/weiwei/Desktop/project/path_follow/install/path_follow/share/path_follow/package.dsv
[6.241s] -- Up-to-date: /home/weiwei/Desktop/project/path_follow/install/path_follow/share/ament_index/resource_index/packages/path_follow
[6.241s] -- Up-to-date: /home/weiwei/Desktop/project/path_follow/install/path_follow/share/path_follow/cmake/path_followConfig.cmake
[6.241s] -- Up-to-date: /home/weiwei/Desktop/project/path_follow/install/path_follow/share/path_follow/cmake/path_followConfig-version.cmake
[6.241s] -- Up-to-date: /home/weiwei/Desktop/project/path_follow/install/path_follow/share/path_follow/package.xml
[6.243s] Invoked command in '/home/weiwei/Desktop/project/path_follow/build/path_follow' returned '0': CMAKE_PREFIX_PATH=/opt/ros/foxy /usr/bin/cmake --install /home/weiwei/Desktop/project/path_follow/build/path_follow
