[0.083s] Invoking command in '/home/weiwei/Desktop/project/path_follow/build/path_follow_interface': CMAKE_PREFIX_PATH=/opt/ros/foxy /usr/bin/cmake /home/weiwei/Desktop/project/path_follow/src/path_follow_interface -DCMAKE_INSTALL_PREFIX=/home/weiwei/Desktop/project/path_follow/install/path_follow_interface
[0.187s] -- The C compiler identification is GNU 9.4.0
[0.257s] -- The CXX compiler identification is GNU 9.4.0
[0.262s] -- Check for working C compiler: /usr/bin/cc
[0.306s] -- Check for working C compiler: /usr/bin/cc -- works
[0.307s] -- Detecting C compiler ABI info
[0.353s] -- Detecting C compiler ABI info - done
[0.360s] -- Detecting C compile features
[0.360s] -- Detecting C compile features - done
[0.362s] -- Check for working CXX compiler: /usr/bin/c++
[0.412s] -- Check for working CXX compiler: /usr/bin/c++ -- works
[0.413s] -- Detecting CXX compiler ABI info
[0.461s] -- Detecting CXX compiler ABI info - done
[0.469s] -- Detecting CXX compile features
[0.469s] -- Detecting CXX compile features - done
[0.476s] -- Found ament_cmake: 0.9.12 (/opt/ros/foxy/share/ament_cmake/cmake)
[0.493s] -- Found PythonInterp: /usr/bin/python3 (found suitable version "3.8.10", minimum required is "3") 
[0.493s] -- Using PYTHON_EXECUTABLE: /usr/bin/python3
[0.625s] -- Found rclcpp: 2.4.3 (/opt/ros/foxy/share/rclcpp/cmake)
[0.670s] -- Using all available rosidl_typesupport_c: rosidl_typesupport_fastrtps_c;rosidl_typesupport_introspection_c
[0.676s] -- Found rosidl_adapter: 1.3.1 (/opt/ros/foxy/share/rosidl_adapter/cmake)
[0.741s] -- Found OpenSSL: /usr/lib/x86_64-linux-gnu/libcrypto.so (found version "1.1.1f")  
[0.762s] -- Found FastRTPS: /opt/ros/foxy/include  
[0.821s] -- Using all available rosidl_typesupport_cpp: rosidl_typesupport_fastrtps_cpp;rosidl_typesupport_introspection_cpp
[0.863s] -- Found rmw_implementation_cmake: 1.0.4 (/opt/ros/foxy/share/rmw_implementation_cmake/cmake)
[0.864s] -- Using RMW implementation 'rmw_fastrtps_cpp' as default
[0.865s] -- Looking for pthread.h
[0.909s] -- Looking for pthread.h - found
[0.909s] -- Performing Test CMAKE_HAVE_LIBC_PTHREAD
[0.955s] -- Performing Test CMAKE_HAVE_LIBC_PTHREAD - Failed
[0.956s] -- Looking for pthread_create in pthreads
[0.990s] -- Looking for pthread_create in pthreads - not found
[0.990s] -- Looking for pthread_create in pthread
[1.034s] -- Looking for pthread_create in pthread - found
[1.035s] -- Found Threads: TRUE  
[1.140s] -- Found rosidl_default_generators: 1.0.1 (/opt/ros/foxy/share/rosidl_default_generators/cmake)
[1.148s] -- Found ament_lint_auto: 0.9.8 (/opt/ros/foxy/share/ament_lint_auto/cmake)
[1.207s] -- Found PythonInterp: /usr/bin/python3 (found version "3.8.10") 
[1.267s] -- Found ament_cmake_ros: 0.9.2 (/opt/ros/foxy/share/ament_cmake_ros/cmake)
[1.385s] -- Using all available rosidl_typesupport_c: rosidl_typesupport_fastrtps_c;rosidl_typesupport_introspection_c
[1.423s] -- Using all available rosidl_typesupport_cpp: rosidl_typesupport_fastrtps_cpp;rosidl_typesupport_introspection_cpp
[1.438s] -- Found PythonInterp: /usr/bin/python3 (found suitable version "3.8.10", minimum required is "3.5") 
[1.439s] -- Found python_cmake_module: 0.8.1 (/opt/ros/foxy/share/python_cmake_module/cmake)
[1.457s] -- Found PythonLibs: /usr/lib/x86_64-linux-gnu/libpython3.8.so (found suitable version "3.8.10", minimum required is "3.5") 
[1.457s] -- Using PYTHON_EXECUTABLE: /usr/bin/python3
[1.457s] -- Using PYTHON_INCLUDE_DIRS: /usr/include/python3.8
[1.457s] -- Using PYTHON_LIBRARIES: /usr/lib/x86_64-linux-gnu/libpython3.8.so
[1.469s] -- Found PythonExtra: .so  
[1.508s] -- Added test 'copyright' to check source files copyright and LICENSE
[1.509s] -- Added test 'lint_cmake' to check CMake code style
[1.510s] -- Added test 'xmllint' to check XML markup files
[1.516s] -- Configuring done
[1.543s] -- Generating done
[1.545s] -- Build files have been written to: /home/weiwei/Desktop/project/path_follow/build/path_follow_interface
[1.551s] Invoked command in '/home/weiwei/Desktop/project/path_follow/build/path_follow_interface' returned '0': CMAKE_PREFIX_PATH=/opt/ros/foxy /usr/bin/cmake /home/weiwei/Desktop/project/path_follow/src/path_follow_interface -DCMAKE_INSTALL_PREFIX=/home/weiwei/Desktop/project/path_follow/install/path_follow_interface
[1.554s] Invoking command in '/home/weiwei/Desktop/project/path_follow/build/path_follow_interface': CMAKE_PREFIX_PATH=/opt/ros/foxy /usr/bin/cmake --build /home/weiwei/Desktop/project/path_follow/build/path_follow_interface -- -j16 -l16
[1.578s] [35m[1mScanning dependencies of target path_follow_interface__cpp[0m
[1.578s] [  3%] [34m[1mGenerating C code for ROS interfaces[0m
[1.584s] [  6%] [34m[1mGenerating C++ code for ROS interfaces[0m
[1.722s] [35m[1mScanning dependencies of target path_follow_interface__rosidl_generator_c[0m
[1.728s] [  6%] Built target path_follow_interface__cpp
[1.729s] [  9%] [32mBuilding C object CMakeFiles/path_follow_interface__rosidl_generator_c.dir/rosidl_generator_c/path_follow_interface/msg/detail/interface__functions.c.o[0m
[1.735s] [ 19%] [34m[1mGenerating C++ type support dispatch for ROS interfaces[0m
[1.735s] [ 19%] [34m[1mGenerating C++ type support for eProsima Fast-RTPS[0m
[1.735s] [ 19%] [34m[1mGenerating C++ introspection for ROS interfaces[0m
[1.757s] [ 22%] [32m[1mLinking C shared library libpath_follow_interface__rosidl_generator_c.so[0m
[1.784s] [ 22%] Built target path_follow_interface__rosidl_generator_c
[1.791s] [ 29%] [34m[1mGenerating C type support dispatch for ROS interfaces[0m
[1.791s] [ 29%] [34m[1mGenerating C introspection for ROS interfaces[0m
[1.862s] [35m[1mScanning dependencies of target path_follow_interface__rosidl_typesupport_cpp[0m
[1.870s] [ 32%] [32mBuilding CXX object CMakeFiles/path_follow_interface__rosidl_typesupport_cpp.dir/rosidl_typesupport_cpp/path_follow_interface/msg/interface__type_support.cpp.o[0m
[1.871s] [35m[1mScanning dependencies of target path_follow_interface__rosidl_typesupport_introspection_cpp[0m
[1.876s] [35m[1mScanning dependencies of target path_follow_interface__rosidl_typesupport_fastrtps_cpp[0m
[1.879s] [ 35%] [32mBuilding CXX object CMakeFiles/path_follow_interface__rosidl_typesupport_introspection_cpp.dir/rosidl_typesupport_introspection_cpp/path_follow_interface/msg/detail/interface__type_support.cpp.o[0m
[1.886s] [ 38%] [32mBuilding CXX object CMakeFiles/path_follow_interface__rosidl_typesupport_fastrtps_cpp.dir/rosidl_typesupport_fastrtps_cpp/path_follow_interface/msg/detail/dds_fastrtps/interface__type_support.cpp.o[0m
[1.927s] [35m[1mScanning dependencies of target path_follow_interface__rosidl_typesupport_c[0m
[1.935s] [ 41%] [32mBuilding CXX object CMakeFiles/path_follow_interface__rosidl_typesupport_c.dir/rosidl_typesupport_c/path_follow_interface/msg/interface__type_support.cpp.o[0m
[1.937s] [35m[1mScanning dependencies of target path_follow_interface__rosidl_typesupport_introspection_c[0m
[1.945s] [ 45%] [32mBuilding C object CMakeFiles/path_follow_interface__rosidl_typesupport_introspection_c.dir/rosidl_typesupport_introspection_c/path_follow_interface/msg/detail/interface__type_support.c.o[0m
[1.955s] [ 48%] [32m[1mLinking CXX shared library libpath_follow_interface__rosidl_typesupport_c.so[0m
[1.965s] [ 51%] [32m[1mLinking C shared library libpath_follow_interface__rosidl_typesupport_introspection_c.so[0m
[1.981s] [ 51%] Built target path_follow_interface__rosidl_typesupport_c
[1.984s] [ 51%] Built target path_follow_interface__rosidl_typesupport_introspection_c
[2.047s] [ 54%] [32m[1mLinking CXX shared library libpath_follow_interface__rosidl_typesupport_cpp.so[0m
[2.048s] [ 58%] [32m[1mLinking CXX shared library libpath_follow_interface__rosidl_typesupport_introspection_cpp.so[0m
[2.074s] [ 58%] Built target path_follow_interface__rosidl_typesupport_cpp
[2.074s] [ 58%] Built target path_follow_interface__rosidl_typesupport_introspection_cpp
[2.132s] [ 61%] [32m[1mLinking CXX shared library libpath_follow_interface__rosidl_typesupport_fastrtps_cpp.so[0m
[2.185s] [ 61%] Built target path_follow_interface__rosidl_typesupport_fastrtps_cpp
[2.191s] [ 64%] [34m[1mGenerating C type support for eProsima Fast-RTPS[0m
[2.320s] [35m[1mScanning dependencies of target path_follow_interface__rosidl_typesupport_fastrtps_c[0m
[2.331s] [ 67%] [32mBuilding CXX object CMakeFiles/path_follow_interface__rosidl_typesupport_fastrtps_c.dir/rosidl_typesupport_fastrtps_c/path_follow_interface/msg/detail/interface__type_support_c.cpp.o[0m
[2.528s] [ 70%] [32m[1mLinking CXX shared library libpath_follow_interface__rosidl_typesupport_fastrtps_c.so[0m
[2.580s] [ 70%] Built target path_follow_interface__rosidl_typesupport_fastrtps_c
[2.586s] [35m[1mScanning dependencies of target path_follow_interface[0m
[2.592s] [ 70%] Built target path_follow_interface
[2.597s] [35m[1mScanning dependencies of target path_follow_interface__py[0m
[2.604s] [ 74%] [34m[1mGenerating Python code for ROS interfaces[0m
[2.882s] [ 74%] Built target path_follow_interface__py
[2.887s] [35m[1mScanning dependencies of target path_follow_interface__python[0m
[2.908s] [ 77%] [32mBuilding C object CMakeFiles/path_follow_interface__python.dir/rosidl_generator_py/path_follow_interface/msg/_interface_s.c.o[0m
[2.962s] [ 80%] [32m[1mLinking C shared library rosidl_generator_py/path_follow_interface/libpath_follow_interface__python.so[0m
[2.988s] [ 80%] Built target path_follow_interface__python
[2.995s] [35m[1mScanning dependencies of target path_follow_interface__rosidl_typesupport_introspection_c__pyext[0m
[2.995s] [35m[1mScanning dependencies of target path_follow_interface__rosidl_typesupport_c__pyext[0m
[2.995s] [35m[1mScanning dependencies of target path_follow_interface__rosidl_typesupport_fastrtps_c__pyext[0m
[3.005s] [ 87%] [32mBuilding C object CMakeFiles/path_follow_interface__rosidl_typesupport_c__pyext.dir/rosidl_generator_py/path_follow_interface/_path_follow_interface_s.ep.rosidl_typesupport_c.c.o[0m
[3.005s] [ 87%] [32mBuilding C object CMakeFiles/path_follow_interface__rosidl_typesupport_introspection_c__pyext.dir/rosidl_generator_py/path_follow_interface/_path_follow_interface_s.ep.rosidl_typesupport_introspection_c.c.o[0m
[3.005s] [ 90%] [32mBuilding C object CMakeFiles/path_follow_interface__rosidl_typesupport_fastrtps_c__pyext.dir/rosidl_generator_py/path_follow_interface/_path_follow_interface_s.ep.rosidl_typesupport_fastrtps_c.c.o[0m
[3.053s] [ 96%] [32m[1mLinking C shared library rosidl_generator_py/path_follow_interface/path_follow_interface_s__rosidl_typesupport_c.cpython-38-x86_64-linux-gnu.so[0m
[3.053s] [ 96%] [32m[1mLinking CXX shared library rosidl_generator_py/path_follow_interface/path_follow_interface_s__rosidl_typesupport_fastrtps_c.cpython-38-x86_64-linux-gnu.so[0m
[3.053s] [100%] [32m[1mLinking C shared library rosidl_generator_py/path_follow_interface/path_follow_interface_s__rosidl_typesupport_introspection_c.cpython-38-x86_64-linux-gnu.so[0m
[3.077s] [100%] Built target path_follow_interface__rosidl_typesupport_introspection_c__pyext
[3.077s] [100%] Built target path_follow_interface__rosidl_typesupport_c__pyext
[3.096s] [100%] Built target path_follow_interface__rosidl_typesupport_fastrtps_c__pyext
[3.104s] Invoked command in '/home/weiwei/Desktop/project/path_follow/build/path_follow_interface' returned '0': CMAKE_PREFIX_PATH=/opt/ros/foxy /usr/bin/cmake --build /home/weiwei/Desktop/project/path_follow/build/path_follow_interface -- -j16 -l16
[3.138s] Invoking command in '/home/weiwei/Desktop/project/path_follow/build/path_follow_interface': CMAKE_PREFIX_PATH=/opt/ros/foxy /usr/bin/cmake --install /home/weiwei/Desktop/project/path_follow/build/path_follow_interface
[3.144s] -- Install configuration: ""
[3.144s] -- Installing: /home/weiwei/Desktop/project/path_follow/install/path_follow_interface/share/ament_index/resource_index/rosidl_interfaces/path_follow_interface
[3.144s] -- Installing: /home/weiwei/Desktop/project/path_follow/install/path_follow_interface/include/path_follow_interface
[3.144s] -- Installing: /home/weiwei/Desktop/project/path_follow/install/path_follow_interface/include/path_follow_interface/msg
[3.144s] -- Installing: /home/weiwei/Desktop/project/path_follow/install/path_follow_interface/include/path_follow_interface/msg/detail
[3.144s] -- Installing: /home/weiwei/Desktop/project/path_follow/install/path_follow_interface/include/path_follow_interface/msg/detail/interface__functions.c
[3.144s] -- Installing: /home/weiwei/Desktop/project/path_follow/install/path_follow_interface/include/path_follow_interface/msg/detail/interface__struct.h
[3.144s] -- Installing: /home/weiwei/Desktop/project/path_follow/install/path_follow_interface/include/path_follow_interface/msg/detail/interface__functions.h
[3.144s] -- Installing: /home/weiwei/Desktop/project/path_follow/install/path_follow_interface/include/path_follow_interface/msg/detail/interface__type_support.h
[3.144s] -- Installing: /home/weiwei/Desktop/project/path_follow/install/path_follow_interface/include/path_follow_interface/msg/interface.h
[3.144s] -- Installing: /home/weiwei/Desktop/project/path_follow/install/path_follow_interface/include/path_follow_interface/msg/rosidl_generator_c__visibility_control.h
[3.144s] -- Installing: /home/weiwei/Desktop/project/path_follow/install/path_follow_interface/share/path_follow_interface/environment/library_path.sh
[3.144s] -- Installing: /home/weiwei/Desktop/project/path_follow/install/path_follow_interface/share/path_follow_interface/environment/library_path.dsv
[3.144s] -- Installing: /home/weiwei/Desktop/project/path_follow/install/path_follow_interface/lib/libpath_follow_interface__rosidl_generator_c.so
[3.145s] -- Set runtime path of "/home/weiwei/Desktop/project/path_follow/install/path_follow_interface/lib/libpath_follow_interface__rosidl_generator_c.so" to ""
[3.145s] -- Up-to-date: /home/weiwei/Desktop/project/path_follow/install/path_follow_interface/include/path_follow_interface
[3.145s] -- Up-to-date: /home/weiwei/Desktop/project/path_follow/install/path_follow_interface/include/path_follow_interface/msg
[3.145s] -- Up-to-date: /home/weiwei/Desktop/project/path_follow/install/path_follow_interface/include/path_follow_interface/msg/detail
[3.145s] -- Installing: /home/weiwei/Desktop/project/path_follow/install/path_follow_interface/include/path_follow_interface/msg/detail/interface__rosidl_typesupport_fastrtps_c.h
[3.145s] -- Installing: /home/weiwei/Desktop/project/path_follow/install/path_follow_interface/include/path_follow_interface/msg/rosidl_typesupport_fastrtps_c__visibility_control.h
[3.145s] -- Installing: /home/weiwei/Desktop/project/path_follow/install/path_follow_interface/lib/libpath_follow_interface__rosidl_typesupport_fastrtps_c.so
[3.145s] -- Set runtime path of "/home/weiwei/Desktop/project/path_follow/install/path_follow_interface/lib/libpath_follow_interface__rosidl_typesupport_fastrtps_c.so" to ""
[3.145s] -- Up-to-date: /home/weiwei/Desktop/project/path_follow/install/path_follow_interface/include/path_follow_interface
[3.145s] -- Up-to-date: /home/weiwei/Desktop/project/path_follow/install/path_follow_interface/include/path_follow_interface/msg
[3.145s] -- Up-to-date: /home/weiwei/Desktop/project/path_follow/install/path_follow_interface/include/path_follow_interface/msg/detail
[3.145s] -- Installing: /home/weiwei/Desktop/project/path_follow/install/path_follow_interface/include/path_follow_interface/msg/detail/interface__rosidl_typesupport_fastrtps_cpp.hpp
[3.145s] -- Installing: /home/weiwei/Desktop/project/path_follow/install/path_follow_interface/include/path_follow_interface/msg/detail/dds_fastrtps
[3.145s] -- Installing: /home/weiwei/Desktop/project/path_follow/install/path_follow_interface/include/path_follow_interface/msg/rosidl_typesupport_fastrtps_cpp__visibility_control.h
[3.145s] -- Installing: /home/weiwei/Desktop/project/path_follow/install/path_follow_interface/lib/libpath_follow_interface__rosidl_typesupport_fastrtps_cpp.so
[3.145s] -- Set runtime path of "/home/weiwei/Desktop/project/path_follow/install/path_follow_interface/lib/libpath_follow_interface__rosidl_typesupport_fastrtps_cpp.so" to ""
[3.145s] -- Up-to-date: /home/weiwei/Desktop/project/path_follow/install/path_follow_interface/include/path_follow_interface
[3.145s] -- Up-to-date: /home/weiwei/Desktop/project/path_follow/install/path_follow_interface/include/path_follow_interface/msg
[3.145s] -- Up-to-date: /home/weiwei/Desktop/project/path_follow/install/path_follow_interface/include/path_follow_interface/msg/detail
[3.146s] -- Installing: /home/weiwei/Desktop/project/path_follow/install/path_follow_interface/include/path_follow_interface/msg/detail/interface__type_support.c
[3.146s] -- Installing: /home/weiwei/Desktop/project/path_follow/install/path_follow_interface/include/path_follow_interface/msg/detail/interface__rosidl_typesupport_introspection_c.h
[3.146s] -- Installing: /home/weiwei/Desktop/project/path_follow/install/path_follow_interface/include/path_follow_interface/msg/rosidl_typesupport_introspection_c__visibility_control.h
[3.146s] -- Installing: /home/weiwei/Desktop/project/path_follow/install/path_follow_interface/lib/libpath_follow_interface__rosidl_typesupport_introspection_c.so
[3.146s] -- Set runtime path of "/home/weiwei/Desktop/project/path_follow/install/path_follow_interface/lib/libpath_follow_interface__rosidl_typesupport_introspection_c.so" to ""
[3.146s] -- Installing: /home/weiwei/Desktop/project/path_follow/install/path_follow_interface/lib/libpath_follow_interface__rosidl_typesupport_c.so
[3.146s] -- Set runtime path of "/home/weiwei/Desktop/project/path_follow/install/path_follow_interface/lib/libpath_follow_interface__rosidl_typesupport_c.so" to ""
[3.146s] -- Up-to-date: /home/weiwei/Desktop/project/path_follow/install/path_follow_interface/include/path_follow_interface
[3.146s] -- Up-to-date: /home/weiwei/Desktop/project/path_follow/install/path_follow_interface/include/path_follow_interface/msg
[3.146s] -- Up-to-date: /home/weiwei/Desktop/project/path_follow/install/path_follow_interface/include/path_follow_interface/msg/detail
[3.146s] -- Installing: /home/weiwei/Desktop/project/path_follow/install/path_follow_interface/include/path_follow_interface/msg/detail/interface__struct.hpp
[3.146s] -- Installing: /home/weiwei/Desktop/project/path_follow/install/path_follow_interface/include/path_follow_interface/msg/detail/interface__type_support.hpp
[3.146s] -- Installing: /home/weiwei/Desktop/project/path_follow/install/path_follow_interface/include/path_follow_interface/msg/detail/interface__traits.hpp
[3.146s] -- Installing: /home/weiwei/Desktop/project/path_follow/install/path_follow_interface/include/path_follow_interface/msg/detail/interface__builder.hpp
[3.146s] -- Installing: /home/weiwei/Desktop/project/path_follow/install/path_follow_interface/include/path_follow_interface/msg/interface.hpp
[3.146s] -- Installing: /home/weiwei/Desktop/project/path_follow/install/path_follow_interface/include/path_follow_interface/msg/rosidl_generator_cpp__visibility_control.hpp
[3.146s] -- Up-to-date: /home/weiwei/Desktop/project/path_follow/install/path_follow_interface/include/path_follow_interface
[3.146s] -- Up-to-date: /home/weiwei/Desktop/project/path_follow/install/path_follow_interface/include/path_follow_interface/msg
[3.147s] -- Up-to-date: /home/weiwei/Desktop/project/path_follow/install/path_follow_interface/include/path_follow_interface/msg/detail
[3.147s] -- Installing: /home/weiwei/Desktop/project/path_follow/install/path_follow_interface/include/path_follow_interface/msg/detail/interface__type_support.cpp
[3.147s] -- Installing: /home/weiwei/Desktop/project/path_follow/install/path_follow_interface/include/path_follow_interface/msg/detail/interface__rosidl_typesupport_introspection_cpp.hpp
[3.147s] -- Installing: /home/weiwei/Desktop/project/path_follow/install/path_follow_interface/lib/libpath_follow_interface__rosidl_typesupport_introspection_cpp.so
[3.147s] -- Set runtime path of "/home/weiwei/Desktop/project/path_follow/install/path_follow_interface/lib/libpath_follow_interface__rosidl_typesupport_introspection_cpp.so" to ""
[3.147s] -- Installing: /home/weiwei/Desktop/project/path_follow/install/path_follow_interface/lib/libpath_follow_interface__rosidl_typesupport_cpp.so
[3.147s] -- Set runtime path of "/home/weiwei/Desktop/project/path_follow/install/path_follow_interface/lib/libpath_follow_interface__rosidl_typesupport_cpp.so" to ""
[3.147s] -- Installing: /home/weiwei/Desktop/project/path_follow/install/path_follow_interface/share/path_follow_interface/environment/pythonpath.sh
[3.147s] -- Installing: /home/weiwei/Desktop/project/path_follow/install/path_follow_interface/share/path_follow_interface/environment/pythonpath.dsv
[3.147s] -- Installing: /home/weiwei/Desktop/project/path_follow/install/path_follow_interface/lib/python3.8/site-packages/path_follow_interface/__init__.py
[3.165s] Compiling '/home/weiwei/Desktop/project/path_follow/install/path_follow_interface/lib/python3.8/site-packages/path_follow_interface/__init__.py'...
[3.167s] -- Installing: /home/weiwei/Desktop/project/path_follow/install/path_follow_interface/lib/python3.8/site-packages/path_follow_interface/msg
[3.167s] -- Installing: /home/weiwei/Desktop/project/path_follow/install/path_follow_interface/lib/python3.8/site-packages/path_follow_interface/msg/_interface_s.c
[3.167s] -- Installing: /home/weiwei/Desktop/project/path_follow/install/path_follow_interface/lib/python3.8/site-packages/path_follow_interface/msg/_interface.py
[3.167s] -- Installing: /home/weiwei/Desktop/project/path_follow/install/path_follow_interface/lib/python3.8/site-packages/path_follow_interface/msg/__init__.py
[3.167s] -- Installing: /home/weiwei/Desktop/project/path_follow/install/path_follow_interface/lib/python3.8/site-packages/path_follow_interface/path_follow_interface_s__rosidl_typesupport_fastrtps_c.cpython-38-x86_64-linux-gnu.so
[3.168s] -- Set runtime path of "/home/weiwei/Desktop/project/path_follow/install/path_follow_interface/lib/python3.8/site-packages/path_follow_interface/path_follow_interface_s__rosidl_typesupport_fastrtps_c.cpython-38-x86_64-linux-gnu.so" to ""
[3.168s] -- Installing: /home/weiwei/Desktop/project/path_follow/install/path_follow_interface/lib/python3.8/site-packages/path_follow_interface/path_follow_interface_s__rosidl_typesupport_introspection_c.cpython-38-x86_64-linux-gnu.so
[3.168s] -- Set runtime path of "/home/weiwei/Desktop/project/path_follow/install/path_follow_interface/lib/python3.8/site-packages/path_follow_interface/path_follow_interface_s__rosidl_typesupport_introspection_c.cpython-38-x86_64-linux-gnu.so" to ""
[3.168s] -- Installing: /home/weiwei/Desktop/project/path_follow/install/path_follow_interface/lib/python3.8/site-packages/path_follow_interface/path_follow_interface_s__rosidl_typesupport_c.cpython-38-x86_64-linux-gnu.so
[3.169s] -- Set runtime path of "/home/weiwei/Desktop/project/path_follow/install/path_follow_interface/lib/python3.8/site-packages/path_follow_interface/path_follow_interface_s__rosidl_typesupport_c.cpython-38-x86_64-linux-gnu.so" to ""
[3.169s] -- Installing: /home/weiwei/Desktop/project/path_follow/install/path_follow_interface/lib/libpath_follow_interface__python.so
[3.169s] -- Set runtime path of "/home/weiwei/Desktop/project/path_follow/install/path_follow_interface/lib/libpath_follow_interface__python.so" to ""
[3.169s] -- Installing: /home/weiwei/Desktop/project/path_follow/install/path_follow_interface/share/path_follow_interface/msg/Interface.idl
[3.169s] -- Installing: /home/weiwei/Desktop/project/path_follow/install/path_follow_interface/share/path_follow_interface/msg/Interface.msg
[3.169s] -- Installing: /home/weiwei/Desktop/project/path_follow/install/path_follow_interface/share/ament_index/resource_index/package_run_dependencies/path_follow_interface
[3.169s] -- Installing: /home/weiwei/Desktop/project/path_follow/install/path_follow_interface/share/ament_index/resource_index/parent_prefix_path/path_follow_interface
[3.169s] -- Installing: /home/weiwei/Desktop/project/path_follow/install/path_follow_interface/share/path_follow_interface/environment/ament_prefix_path.sh
[3.169s] -- Installing: /home/weiwei/Desktop/project/path_follow/install/path_follow_interface/share/path_follow_interface/environment/ament_prefix_path.dsv
[3.169s] -- Installing: /home/weiwei/Desktop/project/path_follow/install/path_follow_interface/share/path_follow_interface/environment/path.sh
[3.169s] -- Installing: /home/weiwei/Desktop/project/path_follow/install/path_follow_interface/share/path_follow_interface/environment/path.dsv
[3.169s] -- Installing: /home/weiwei/Desktop/project/path_follow/install/path_follow_interface/share/path_follow_interface/local_setup.bash
[3.170s] -- Installing: /home/weiwei/Desktop/project/path_follow/install/path_follow_interface/share/path_follow_interface/local_setup.sh
[3.170s] -- Installing: /home/weiwei/Desktop/project/path_follow/install/path_follow_interface/share/path_follow_interface/local_setup.zsh
[3.170s] -- Installing: /home/weiwei/Desktop/project/path_follow/install/path_follow_interface/share/path_follow_interface/local_setup.dsv
[3.170s] -- Installing: /home/weiwei/Desktop/project/path_follow/install/path_follow_interface/share/path_follow_interface/package.dsv
[3.170s] -- Installing: /home/weiwei/Desktop/project/path_follow/install/path_follow_interface/share/ament_index/resource_index/packages/path_follow_interface
[3.170s] -- Installing: /home/weiwei/Desktop/project/path_follow/install/path_follow_interface/share/path_follow_interface/cmake/path_follow_interface__rosidl_generator_cExport.cmake
[3.170s] -- Installing: /home/weiwei/Desktop/project/path_follow/install/path_follow_interface/share/path_follow_interface/cmake/path_follow_interface__rosidl_generator_cExport-noconfig.cmake
[3.170s] -- Installing: /home/weiwei/Desktop/project/path_follow/install/path_follow_interface/share/path_follow_interface/cmake/path_follow_interface__rosidl_typesupport_introspection_cExport.cmake
[3.170s] -- Installing: /home/weiwei/Desktop/project/path_follow/install/path_follow_interface/share/path_follow_interface/cmake/path_follow_interface__rosidl_typesupport_introspection_cExport-noconfig.cmake
[3.170s] -- Installing: /home/weiwei/Desktop/project/path_follow/install/path_follow_interface/share/path_follow_interface/cmake/path_follow_interface__rosidl_typesupport_cExport.cmake
[3.170s] -- Installing: /home/weiwei/Desktop/project/path_follow/install/path_follow_interface/share/path_follow_interface/cmake/path_follow_interface__rosidl_typesupport_cExport-noconfig.cmake
[3.170s] -- Installing: /home/weiwei/Desktop/project/path_follow/install/path_follow_interface/share/path_follow_interface/cmake/path_follow_interface__rosidl_generator_cppExport.cmake
[3.170s] -- Installing: /home/weiwei/Desktop/project/path_follow/install/path_follow_interface/share/path_follow_interface/cmake/path_follow_interface__rosidl_typesupport_introspection_cppExport.cmake
[3.170s] -- Installing: /home/weiwei/Desktop/project/path_follow/install/path_follow_interface/share/path_follow_interface/cmake/path_follow_interface__rosidl_typesupport_introspection_cppExport-noconfig.cmake
[3.171s] -- Installing: /home/weiwei/Desktop/project/path_follow/install/path_follow_interface/share/path_follow_interface/cmake/path_follow_interface__rosidl_typesupport_cppExport.cmake
[3.171s] -- Installing: /home/weiwei/Desktop/project/path_follow/install/path_follow_interface/share/path_follow_interface/cmake/path_follow_interface__rosidl_typesupport_cppExport-noconfig.cmake
[3.171s] -- Installing: /home/weiwei/Desktop/project/path_follow/install/path_follow_interface/share/path_follow_interface/cmake/rosidl_cmake-extras.cmake
[3.171s] -- Installing: /home/weiwei/Desktop/project/path_follow/install/path_follow_interface/share/path_follow_interface/cmake/ament_cmake_export_dependencies-extras.cmake
[3.171s] -- Installing: /home/weiwei/Desktop/project/path_follow/install/path_follow_interface/share/path_follow_interface/cmake/ament_cmake_export_libraries-extras.cmake
[3.171s] -- Installing: /home/weiwei/Desktop/project/path_follow/install/path_follow_interface/share/path_follow_interface/cmake/ament_cmake_export_targets-extras.cmake
[3.171s] -- Installing: /home/weiwei/Desktop/project/path_follow/install/path_follow_interface/share/path_follow_interface/cmake/ament_cmake_export_include_directories-extras.cmake
[3.171s] -- Installing: /home/weiwei/Desktop/project/path_follow/install/path_follow_interface/share/path_follow_interface/cmake/rosidl_cmake_export_typesupport_libraries-extras.cmake
[3.171s] -- Installing: /home/weiwei/Desktop/project/path_follow/install/path_follow_interface/share/path_follow_interface/cmake/rosidl_cmake_export_typesupport_targets-extras.cmake
[3.171s] -- Installing: /home/weiwei/Desktop/project/path_follow/install/path_follow_interface/share/path_follow_interface/cmake/path_follow_interfaceConfig.cmake
[3.171s] -- Installing: /home/weiwei/Desktop/project/path_follow/install/path_follow_interface/share/path_follow_interface/cmake/path_follow_interfaceConfig-version.cmake
[3.171s] -- Installing: /home/weiwei/Desktop/project/path_follow/install/path_follow_interface/share/path_follow_interface/package.xml
[3.173s] Invoked command in '/home/weiwei/Desktop/project/path_follow/build/path_follow_interface' returned '0': CMAKE_PREFIX_PATH=/opt/ros/foxy /usr/bin/cmake --install /home/weiwei/Desktop/project/path_follow/build/path_follow_interface
