[7.221s] DEBUG:colcon:Command line arguments: ['/usr/bin/colcon', 'build', '--packages-select', 'path_follow']
[7.221s] DEBUG:colcon:Parsed command line arguments: Namespace(allow_overriding=[], ament_cmake_args=None, base_paths=['.'], build_base='build', catkin_cmake_args=None, catkin_skip_building_tests=False, cmake_args=None, cmake_clean_cache=False, cmake_clean_first=False, cmake_force_configure=False, cmake_target=None, cmake_target_skip_unavailable=False, continue_on_error=False, event_handlers=None, executor='parallel', ignore_user_meta=False, install_base='install', log_base=None, log_level=None, main=<bound method BuildVerb.main of <colcon_core.verb.build.BuildVerb object at 0x7fae3faeed90>>, merge_install=False, metas=['./colcon.meta'], packages_above=None, packages_above_and_dependencies=None, packages_above_depth=None, packages_end=None, packages_ignore=None, packages_ignore_regex=None, packages_select=['path_follow'], packages_select_build_failed=False, packages_select_by_dep=None, packages_select_regex=None, packages_select_test_failures=False, packages_skip=None, packages_skip_build_finished=False, packages_skip_by_dep=None, packages_skip_regex=None, packages_skip_test_passed=False, packages_skip_up_to=None, packages_start=None, packages_up_to=None, packages_up_to_regex=None, parallel_workers=16, paths=None, symlink_install=False, test_result_base=None, verb_extension=<colcon_core.verb.build.BuildVerb object at 0x7fae3faeed90>, verb_name='build', verb_parser=<colcon_defaults.argument_parser.defaults.DefaultArgumentsDecorator object at 0x7fae3f70d730>)
[7.552s] Level 1:colcon.colcon_core.package_discovery:discover_packages(colcon_meta) check parameters
[7.552s] Level 1:colcon.colcon_core.package_discovery:discover_packages(recursive) check parameters
[7.552s] Level 1:colcon.colcon_core.package_discovery:discover_packages(ignore) check parameters
[7.552s] Level 1:colcon.colcon_core.package_discovery:discover_packages(path) check parameters
[7.553s] Level 1:colcon.colcon_core.package_discovery:discover_packages(colcon_meta) discover
[7.553s] Level 1:colcon.colcon_core.package_discovery:discover_packages(recursive) discover
[7.553s] INFO:colcon.colcon_core.package_discovery:Crawling recursively for packages in '/home/weiwei/Desktop/project/path_follow'
[7.553s] Level 1:colcon.colcon_core.package_identification:_identify(.) by extensions ['ignore', 'ignore_ament_install']
[7.554s] Level 1:colcon.colcon_core.package_identification:_identify(.) by extension 'ignore'
[7.554s] Level 1:colcon.colcon_core.package_identification:_identify(.) by extension 'ignore_ament_install'
[7.554s] Level 1:colcon.colcon_core.package_identification:_identify(.) by extensions ['colcon_pkg']
[7.554s] Level 1:colcon.colcon_core.package_identification:_identify(.) by extension 'colcon_pkg'
[7.554s] Level 1:colcon.colcon_core.package_identification:_identify(.) by extensions ['colcon_meta']
[7.554s] Level 1:colcon.colcon_core.package_identification:_identify(.) by extension 'colcon_meta'
[7.554s] Level 1:colcon.colcon_core.package_identification:_identify(.) by extensions ['ros']
[7.554s] Level 1:colcon.colcon_core.package_identification:_identify(.) by extension 'ros'
[7.591s] Level 1:colcon.colcon_core.package_identification:_identify(.) by extensions ['cmake', 'python']
[7.592s] Level 1:colcon.colcon_core.package_identification:_identify(.) by extension 'cmake'
[7.592s] Level 1:colcon.colcon_core.package_identification:_identify(.) by extension 'python'
[7.592s] Level 1:colcon.colcon_core.package_identification:_identify(.) by extensions ['python_setup_py']
[7.592s] Level 1:colcon.colcon_core.package_identification:_identify(.) by extension 'python_setup_py'
[7.592s] Level 1:colcon.colcon_core.package_identification:_identify(build) by extensions ['ignore', 'ignore_ament_install']
[7.593s] Level 1:colcon.colcon_core.package_identification:_identify(build) by extension 'ignore'
[7.593s] Level 1:colcon.colcon_core.package_identification:_identify(build) ignored
[7.593s] Level 1:colcon.colcon_core.package_identification:_identify(install) by extensions ['ignore', 'ignore_ament_install']
[7.594s] Level 1:colcon.colcon_core.package_identification:_identify(install) by extension 'ignore'
[7.594s] Level 1:colcon.colcon_core.package_identification:_identify(install) ignored
[7.595s] Level 1:colcon.colcon_core.package_identification:_identify(log) by extensions ['ignore', 'ignore_ament_install']
[7.596s] Level 1:colcon.colcon_core.package_identification:_identify(log) by extension 'ignore'
[7.596s] Level 1:colcon.colcon_core.package_identification:_identify(log) ignored
[7.596s] Level 1:colcon.colcon_core.package_identification:_identify(src) by extensions ['ignore', 'ignore_ament_install']
[7.596s] Level 1:colcon.colcon_core.package_identification:_identify(src) by extension 'ignore'
[7.596s] Level 1:colcon.colcon_core.package_identification:_identify(src) by extension 'ignore_ament_install'
[7.596s] Level 1:colcon.colcon_core.package_identification:_identify(src) by extensions ['colcon_pkg']
[7.597s] Level 1:colcon.colcon_core.package_identification:_identify(src) by extension 'colcon_pkg'
[7.597s] Level 1:colcon.colcon_core.package_identification:_identify(src) by extensions ['colcon_meta']
[7.597s] Level 1:colcon.colcon_core.package_identification:_identify(src) by extension 'colcon_meta'
[7.597s] Level 1:colcon.colcon_core.package_identification:_identify(src) by extensions ['ros']
[7.597s] Level 1:colcon.colcon_core.package_identification:_identify(src) by extension 'ros'
[7.597s] Level 1:colcon.colcon_core.package_identification:_identify(src) by extensions ['cmake', 'python']
[7.597s] Level 1:colcon.colcon_core.package_identification:_identify(src) by extension 'cmake'
[7.597s] Level 1:colcon.colcon_core.package_identification:_identify(src) by extension 'python'
[7.598s] Level 1:colcon.colcon_core.package_identification:_identify(src) by extensions ['python_setup_py']
[7.598s] Level 1:colcon.colcon_core.package_identification:_identify(src) by extension 'python_setup_py'
[7.598s] Level 1:colcon.colcon_core.package_identification:_identify(src/path_follow) by extensions ['ignore', 'ignore_ament_install']
[7.598s] Level 1:colcon.colcon_core.package_identification:_identify(src/path_follow) by extension 'ignore'
[7.598s] Level 1:colcon.colcon_core.package_identification:_identify(src/path_follow) by extension 'ignore_ament_install'
[7.599s] Level 1:colcon.colcon_core.package_identification:_identify(src/path_follow) by extensions ['colcon_pkg']
[7.599s] Level 1:colcon.colcon_core.package_identification:_identify(src/path_follow) by extension 'colcon_pkg'
[7.599s] Level 1:colcon.colcon_core.package_identification:_identify(src/path_follow) by extensions ['colcon_meta']
[7.599s] Level 1:colcon.colcon_core.package_identification:_identify(src/path_follow) by extension 'colcon_meta'
[7.599s] Level 1:colcon.colcon_core.package_identification:_identify(src/path_follow) by extensions ['ros']
[7.599s] Level 1:colcon.colcon_core.package_identification:_identify(src/path_follow) by extension 'ros'
[7.609s] DEBUG:colcon.colcon_core.package_identification:Package 'src/path_follow' with type 'ros.ament_cmake' and name 'path_follow'
[7.609s] Level 1:colcon.colcon_core.package_discovery:discover_packages(recursive) using defaults
[7.609s] Level 1:colcon.colcon_core.package_discovery:discover_packages(ignore) discover
[7.609s] Level 1:colcon.colcon_core.package_discovery:discover_packages(ignore) using defaults
[7.609s] Level 1:colcon.colcon_core.package_discovery:discover_packages(path) discover
[7.609s] Level 1:colcon.colcon_core.package_discovery:discover_packages(path) using defaults
[8.266s] Level 1:colcon.colcon_core.package_discovery:discover_packages(prefix_path) check parameters
[8.266s] Level 1:colcon.colcon_core.package_discovery:discover_packages(prefix_path) discover
[8.514s] DEBUG:colcon.colcon_installed_package_information.package_discovery:Found 310 installed packages in /opt/ros/foxy
[8.520s] Level 1:colcon.colcon_core.package_discovery:discover_packages(prefix_path) using defaults
[9.022s] Level 5:colcon.colcon_core.verb:set package 'path_follow' build argument 'cmake_args' from command line to 'None'
[9.022s] Level 5:colcon.colcon_core.verb:set package 'path_follow' build argument 'cmake_target' from command line to 'None'
[9.022s] Level 5:colcon.colcon_core.verb:set package 'path_follow' build argument 'cmake_target_skip_unavailable' from command line to 'False'
[9.022s] Level 5:colcon.colcon_core.verb:set package 'path_follow' build argument 'cmake_clean_cache' from command line to 'False'
[9.022s] Level 5:colcon.colcon_core.verb:set package 'path_follow' build argument 'cmake_clean_first' from command line to 'False'
[9.022s] Level 5:colcon.colcon_core.verb:set package 'path_follow' build argument 'cmake_force_configure' from command line to 'False'
[9.022s] Level 5:colcon.colcon_core.verb:set package 'path_follow' build argument 'ament_cmake_args' from command line to 'None'
[9.022s] Level 5:colcon.colcon_core.verb:set package 'path_follow' build argument 'catkin_cmake_args' from command line to 'None'
[9.023s] Level 5:colcon.colcon_core.verb:set package 'path_follow' build argument 'catkin_skip_building_tests' from command line to 'False'
[9.023s] DEBUG:colcon.colcon_core.verb:Building package 'path_follow' with the following arguments: {'ament_cmake_args': None, 'build_base': '/home/weiwei/Desktop/project/path_follow/build/path_follow', 'catkin_cmake_args': None, 'catkin_skip_building_tests': False, 'cmake_args': None, 'cmake_clean_cache': False, 'cmake_clean_first': False, 'cmake_force_configure': False, 'cmake_target': None, 'cmake_target_skip_unavailable': False, 'install_base': '/home/weiwei/Desktop/project/path_follow/install/path_follow', 'merge_install': False, 'path': '/home/weiwei/Desktop/project/path_follow/src/path_follow', 'symlink_install': False, 'test_result_base': None}
[9.142s] INFO:colcon.colcon_core.executor:Executing jobs using 'parallel' executor
[9.265s] DEBUG:colcon.colcon_parallel_executor.executor.parallel:run_until_complete
[9.266s] INFO:colcon.colcon_ros.task.ament_cmake.build:Building ROS package in '/home/weiwei/Desktop/project/path_follow/src/path_follow' with build type 'ament_cmake'
[9.266s] INFO:colcon.colcon_cmake.task.cmake.build:Building CMake package in '/home/weiwei/Desktop/project/path_follow/src/path_follow'
[9.397s] INFO:colcon.colcon_core.plugin_system:Skipping extension 'colcon_core.shell.bat': Not used on non-Windows systems
[9.398s] INFO:colcon.colcon_core.shell:Skip shell extension 'powershell' for command environment: Not usable outside of PowerShell
[9.398s] DEBUG:colcon.colcon_core.shell:Skip shell extension 'dsv' for command environment
[9.681s] DEBUG:colcon.colcon_core.event_handler.log_command:Invoking command in '/home/weiwei/Desktop/project/path_follow/build/path_follow': CMAKE_PREFIX_PATH=/opt/ros/foxy /usr/bin/cmake --build /home/weiwei/Desktop/project/path_follow/build/path_follow -- -j16 -l16
[47.957s] DEBUG:colcon.colcon_core.event_handler.log_command:Invoked command in '/home/weiwei/Desktop/project/path_follow/build/path_follow' returned '0': CMAKE_PREFIX_PATH=/opt/ros/foxy /usr/bin/cmake --build /home/weiwei/Desktop/project/path_follow/build/path_follow -- -j16 -l16
[48.081s] DEBUG:colcon.colcon_core.event_handler.log_command:Invoking command in '/home/weiwei/Desktop/project/path_follow/build/path_follow': CMAKE_PREFIX_PATH=/opt/ros/foxy /usr/bin/cmake --install /home/weiwei/Desktop/project/path_follow/build/path_follow
[48.147s] Level 1:colcon.colcon_core.environment:create_environment_scripts_only(path_follow)
[48.149s] DEBUG:colcon.colcon_core.event_handler.log_command:Invoked command in '/home/weiwei/Desktop/project/path_follow/build/path_follow' returned '0': CMAKE_PREFIX_PATH=/opt/ros/foxy /usr/bin/cmake --install /home/weiwei/Desktop/project/path_follow/build/path_follow
[48.300s] Level 1:colcon.colcon_core.environment:checking '/home/weiwei/Desktop/project/path_follow/install/path_follow' for CMake module files
[48.302s] Level 1:colcon.colcon_core.environment:checking '/home/weiwei/Desktop/project/path_follow/install/path_follow' for CMake config files
[48.303s] Level 1:colcon.colcon_core.shell:create_environment_hook('path_follow', 'cmake_prefix_path')
[48.444s] INFO:colcon.colcon_core.shell:Creating environment hook '/home/weiwei/Desktop/project/path_follow/install/path_follow/share/path_follow/hook/cmake_prefix_path.ps1'
[48.446s] INFO:colcon.colcon_core.shell:Creating environment descriptor '/home/weiwei/Desktop/project/path_follow/install/path_follow/share/path_follow/hook/cmake_prefix_path.dsv'
[48.447s] INFO:colcon.colcon_core.shell:Creating environment hook '/home/weiwei/Desktop/project/path_follow/install/path_follow/share/path_follow/hook/cmake_prefix_path.sh'
[48.451s] Level 1:colcon.colcon_core.environment:checking '/home/weiwei/Desktop/project/path_follow/install/path_follow/lib'
[48.451s] Level 1:colcon.colcon_core.environment:checking '/home/weiwei/Desktop/project/path_follow/install/path_follow/bin'
[48.451s] Level 1:colcon.colcon_core.environment:checking '/home/weiwei/Desktop/project/path_follow/install/path_follow/lib/pkgconfig/path_follow.pc'
[48.452s] Level 1:colcon.colcon_core.environment:checking '/home/weiwei/Desktop/project/path_follow/install/path_follow/lib/python3.8/site-packages'
[48.453s] Level 1:colcon.colcon_core.environment:checking '/home/weiwei/Desktop/project/path_follow/install/path_follow/bin'
[48.597s] INFO:colcon.colcon_core.shell:Creating package script '/home/weiwei/Desktop/project/path_follow/install/path_follow/share/path_follow/package.ps1'
[48.602s] INFO:colcon.colcon_core.shell:Creating package descriptor '/home/weiwei/Desktop/project/path_follow/install/path_follow/share/path_follow/package.dsv'
[48.604s] INFO:colcon.colcon_core.shell:Creating package script '/home/weiwei/Desktop/project/path_follow/install/path_follow/share/path_follow/package.sh'
[48.606s] INFO:colcon.colcon_core.shell:Creating package script '/home/weiwei/Desktop/project/path_follow/install/path_follow/share/path_follow/package.bash'
[48.608s] INFO:colcon.colcon_core.shell:Creating package script '/home/weiwei/Desktop/project/path_follow/install/path_follow/share/path_follow/package.zsh'
[48.611s] Level 1:colcon.colcon_core.environment:create_file_with_runtime_dependencies(/home/weiwei/Desktop/project/path_follow/install/path_follow/share/colcon-core/packages/path_follow)
[48.857s] Level 1:colcon.colcon_core.environment:create_environment_scripts_only(path_follow)
[48.984s] Level 1:colcon.colcon_core.environment:checking '/home/weiwei/Desktop/project/path_follow/install/path_follow' for CMake module files
[48.985s] Level 1:colcon.colcon_core.environment:checking '/home/weiwei/Desktop/project/path_follow/install/path_follow' for CMake config files
[48.986s] Level 1:colcon.colcon_core.shell:create_environment_hook('path_follow', 'cmake_prefix_path')
[49.116s] INFO:colcon.colcon_core.shell:Creating environment hook '/home/weiwei/Desktop/project/path_follow/install/path_follow/share/path_follow/hook/cmake_prefix_path.ps1'
[49.118s] INFO:colcon.colcon_core.shell:Creating environment descriptor '/home/weiwei/Desktop/project/path_follow/install/path_follow/share/path_follow/hook/cmake_prefix_path.dsv'
[49.119s] INFO:colcon.colcon_core.shell:Creating environment hook '/home/weiwei/Desktop/project/path_follow/install/path_follow/share/path_follow/hook/cmake_prefix_path.sh'
[49.121s] Level 1:colcon.colcon_core.environment:checking '/home/weiwei/Desktop/project/path_follow/install/path_follow/lib'
[49.121s] Level 1:colcon.colcon_core.environment:checking '/home/weiwei/Desktop/project/path_follow/install/path_follow/bin'
[49.122s] Level 1:colcon.colcon_core.environment:checking '/home/weiwei/Desktop/project/path_follow/install/path_follow/lib/pkgconfig/path_follow.pc'
[49.122s] Level 1:colcon.colcon_core.environment:checking '/home/weiwei/Desktop/project/path_follow/install/path_follow/lib/python3.8/site-packages'
[49.123s] Level 1:colcon.colcon_core.environment:checking '/home/weiwei/Desktop/project/path_follow/install/path_follow/bin'
[49.252s] INFO:colcon.colcon_core.shell:Creating package script '/home/weiwei/Desktop/project/path_follow/install/path_follow/share/path_follow/package.ps1'
[49.254s] INFO:colcon.colcon_core.shell:Creating package descriptor '/home/weiwei/Desktop/project/path_follow/install/path_follow/share/path_follow/package.dsv'
[49.255s] INFO:colcon.colcon_core.shell:Creating package script '/home/weiwei/Desktop/project/path_follow/install/path_follow/share/path_follow/package.sh'
[49.257s] INFO:colcon.colcon_core.shell:Creating package script '/home/weiwei/Desktop/project/path_follow/install/path_follow/share/path_follow/package.bash'
[49.258s] INFO:colcon.colcon_core.shell:Creating package script '/home/weiwei/Desktop/project/path_follow/install/path_follow/share/path_follow/package.zsh'
[49.259s] Level 1:colcon.colcon_core.environment:create_file_with_runtime_dependencies(/home/weiwei/Desktop/project/path_follow/install/path_follow/share/colcon-core/packages/path_follow)
[49.260s] DEBUG:colcon.colcon_parallel_executor.executor.parallel:closing loop
[49.261s] DEBUG:colcon.colcon_parallel_executor.executor.parallel:loop closed
[49.262s] DEBUG:colcon.colcon_parallel_executor.executor.parallel:run_until_complete finished with '0'
[49.262s] DEBUG:colcon.colcon_core.event_reactor:joining thread
[49.409s] INFO:colcon.colcon_core.plugin_system:Skipping extension 'colcon_notification.desktop_notification.terminal_notifier': Not used on non-Darwin systems
[49.410s] INFO:colcon.colcon_core.plugin_system:Skipping extension 'colcon_notification.desktop_notification.win32': Not used on non-Windows systems
[49.410s] INFO:colcon.colcon_notification.desktop_notification:Sending desktop notification using 'notify2'
[49.472s] DEBUG:colcon.colcon_core.event_reactor:joined thread
[49.599s] INFO:colcon.colcon_core.shell:Creating prefix script '/home/weiwei/Desktop/project/path_follow/install/local_setup.ps1'
[49.602s] INFO:colcon.colcon_core.shell:Creating prefix util module '/home/weiwei/Desktop/project/path_follow/install/_local_setup_util_ps1.py'
[49.606s] INFO:colcon.colcon_core.shell:Creating prefix chain script '/home/weiwei/Desktop/project/path_follow/install/setup.ps1'
[49.738s] INFO:colcon.colcon_core.shell:Creating prefix script '/home/weiwei/Desktop/project/path_follow/install/local_setup.sh'
[49.740s] INFO:colcon.colcon_core.shell:Creating prefix util module '/home/weiwei/Desktop/project/path_follow/install/_local_setup_util_sh.py'
[49.741s] INFO:colcon.colcon_core.shell:Creating prefix chain script '/home/weiwei/Desktop/project/path_follow/install/setup.sh'
[49.868s] INFO:colcon.colcon_core.shell:Creating prefix script '/home/weiwei/Desktop/project/path_follow/install/local_setup.bash'
[49.869s] INFO:colcon.colcon_core.shell:Creating prefix chain script '/home/weiwei/Desktop/project/path_follow/install/setup.bash'
[50.001s] INFO:colcon.colcon_core.shell:Creating prefix script '/home/weiwei/Desktop/project/path_follow/install/local_setup.zsh'
[50.003s] INFO:colcon.colcon_core.shell:Creating prefix chain script '/home/weiwei/Desktop/project/path_follow/install/setup.zsh'
