-- Found ament_cmake: 0.9.12 (/opt/ros/foxy/share/ament_cmake/cmake)
-- Using PYTHON_EXECUTABLE: /usr/bin/python3
-- Found rclcpp: 2.4.3 (/opt/ros/foxy/share/rclcpp/cmake)
-- Using all available rosidl_typesupport_c: rosidl_typesupport_fastrtps_c;rosidl_typesupport_introspection_c
-- Found rosidl_adapter: 1.3.1 (/opt/ros/foxy/share/rosidl_adapter/cmake)
-- Using all available rosidl_typesupport_cpp: rosidl_typesupport_fastrtps_cpp;rosidl_typesupport_introspection_cpp
-- Found rmw_implementation_cmake: 1.0.4 (/opt/ros/foxy/share/rmw_implementation_cmake/cmake)
-- Using RMW implementation 'rmw_fastrtps_cpp' as default
-- Found nav_msgs: 2.0.5 (/opt/ros/foxy/share/nav_msgs/cmake)
-- Found rclcpp_components: 2.4.3 (/opt/ros/foxy/share/rclcpp_components/cmake)
-- Found ament_lint_auto: 0.9.8 (/opt/ros/foxy/share/ament_lint_auto/cmake)
-- Added test 'copyright' to check source files copyright and LICENSE
-- Added test 'cppcheck' to perform static code analysis on C / C++ code
-- Configured cppcheck include dirs: 
-- Configured cppcheck exclude dirs and/or files: 
-- Added test 'cpplint' to check C / C++ code against the Google style
-- Configured cpplint exclude dirs and/or files: 
-- Added test 'flake8' to check Python code syntax and style conventions
-- Added test 'lint_cmake' to check CMake code style
-- Added test 'pep257' to check Python code against some of the style conventions in PEP 257
-- Added test 'uncrustify' to check C / C++ code style
-- Configured uncrustify additional arguments: 
-- Added test 'xmllint' to check XML markup files
-- Configuring done
-- Generating done
-- Build files have been written to: /home/weiwei/Desktop/project/path_follow/build/path_follow
[35m[1mScanning dependencies of target path_follow[0m
[ 75%] [32mBuilding CXX object CMakeFiles/path_follow.dir/src/main.cpp.o[0m
[ 75%] [32mBuilding CXX object CMakeFiles/path_follow.dir/src/joint.cpp.o[0m
[ 75%] [32mBuilding CXX object CMakeFiles/path_follow.dir/src/cdcr.cpp.o[0m
[01m[K/home/weiwei/Desktop/project/path_follow/src/path_follow/src/cdcr.cpp:[m[K In member function ‘[01m[Kvoid CDCR::path_callback(nav_msgs::msg::Path_<std::allocator<void> >::SharedPtr)[m[K’:
[01m[K/home/weiwei/Desktop/project/path_follow/src/path_follow/src/cdcr.cpp:38:63:[m[K [01;35m[Kwarning: [m[Kunused parameter ‘[01m[Kpath_msg[m[K’ [[01;35m[K-Wunused-parameter[m[K]
   38 | void CDCR::path_callback([01;35m[Kconst nav_msgs::msg::Path::SharedPtr path_msg[m[K)
      |                          [01;35m[K~~~~~~~~~~~~~~~~~~~~~~~~~~~~~~~~~~~~~^~~~~~~~[m[K
[100%] [32m[1mLinking CXX executable path_follow[0m
[100%] Built target path_follow
-- Install configuration: ""
-- Installing: /home/weiwei/Desktop/project/path_follow/install/path_follow/lib/path_follow/path_follow
-- Set runtime path of "/home/weiwei/Desktop/project/path_follow/install/path_follow/lib/path_follow/path_follow" to ""
-- Installing: /home/weiwei/Desktop/project/path_follow/install/path_follow/share/path_follow/launch
-- Installing: /home/weiwei/Desktop/project/path_follow/install/path_follow/share/path_follow/launch/path_follow.launch.py
-- Up-to-date: /home/weiwei/Desktop/project/path_follow/install/path_follow/share/ament_index/resource_index/package_run_dependencies/path_follow
-- Up-to-date: /home/weiwei/Desktop/project/path_follow/install/path_follow/share/ament_index/resource_index/parent_prefix_path/path_follow
-- Up-to-date: /home/weiwei/Desktop/project/path_follow/install/path_follow/share/path_follow/environment/ament_prefix_path.sh
-- Installing: /home/weiwei/Desktop/project/path_follow/install/path_follow/share/path_follow/environment/ament_prefix_path.dsv
-- Up-to-date: /home/weiwei/Desktop/project/path_follow/install/path_follow/share/path_follow/environment/path.sh
-- Installing: /home/weiwei/Desktop/project/path_follow/install/path_follow/share/path_follow/environment/path.dsv
-- Up-to-date: /home/weiwei/Desktop/project/path_follow/install/path_follow/share/path_follow/local_setup.bash
-- Up-to-date: /home/weiwei/Desktop/project/path_follow/install/path_follow/share/path_follow/local_setup.sh
-- Up-to-date: /home/weiwei/Desktop/project/path_follow/install/path_follow/share/path_follow/local_setup.zsh
-- Installing: /home/weiwei/Desktop/project/path_follow/install/path_follow/share/path_follow/local_setup.dsv
-- Installing: /home/weiwei/Desktop/project/path_follow/install/path_follow/share/path_follow/package.dsv
-- Up-to-date: /home/weiwei/Desktop/project/path_follow/install/path_follow/share/ament_index/resource_index/packages/path_follow
-- Up-to-date: /home/weiwei/Desktop/project/path_follow/install/path_follow/share/path_follow/cmake/path_followConfig.cmake
-- Up-to-date: /home/weiwei/Desktop/project/path_follow/install/path_follow/share/path_follow/cmake/path_followConfig-version.cmake
-- Up-to-date: /home/weiwei/Desktop/project/path_follow/install/path_follow/share/path_follow/package.xml
