[0.159s] Invoking command in '/home/weiwei/Desktop/project/path_follow/build/path_follow': CMAKE_PREFIX_PATH=/opt/ros/foxy /usr/bin/cmake --build /home/weiwei/Desktop/project/path_follow/build/path_follow -- -j16 -l16
[0.201s] -- Found ament_cmake: 0.9.12 (/opt/ros/foxy/share/ament_cmake/cmake)
[0.220s] -- Using PYTHON_EXECUTABLE: /usr/bin/python3
[0.340s] -- Found rclcpp: 2.4.3 (/opt/ros/foxy/share/rclcpp/cmake)
[0.369s] -- Using all available rosidl_typesupport_c: rosidl_typesupport_fastrtps_c;rosidl_typesupport_introspection_c
[0.372s] -- Found rosidl_adapter: 1.3.1 (/opt/ros/foxy/share/rosidl_adapter/cmake)
[0.469s] -- Using all available rosidl_typesupport_cpp: rosidl_typesupport_fastrtps_cpp;rosidl_typesupport_introspection_cpp
[0.509s] -- Found rmw_implementation_cmake: 1.0.4 (/opt/ros/foxy/share/rmw_implementation_cmake/cmake)
[0.510s] -- Using RMW implementation 'rmw_fastrtps_cpp' as default
[0.610s] -- Found nav_msgs: 2.0.5 (/opt/ros/foxy/share/nav_msgs/cmake)
[0.688s] -- Found rclcpp_components: 2.4.3 (/opt/ros/foxy/share/rclcpp_components/cmake)
[0.730s] -- Found ament_lint_auto: 0.9.8 (/opt/ros/foxy/share/ament_lint_auto/cmake)
[0.777s] -- Added test 'copyright' to check source files copyright and LICENSE
[0.778s] -- Added test 'cppcheck' to perform static code analysis on C / C++ code
[0.778s] -- Configured cppcheck include dirs: 
[0.778s] -- Configured cppcheck exclude dirs and/or files: 
[0.779s] -- Added test 'cpplint' to check C / C++ code against the Google style
[0.779s] -- Configured cpplint exclude dirs and/or files: 
[0.779s] -- Added test 'flake8' to check Python code syntax and style conventions
[0.780s] -- Added test 'lint_cmake' to check CMake code style
[0.780s] -- Added test 'pep257' to check Python code against some of the style conventions in PEP 257
[0.781s] -- Added test 'uncrustify' to check C / C++ code style
[0.781s] -- Configured uncrustify additional arguments: 
[0.781s] -- Added test 'xmllint' to check XML markup files
[0.783s] -- Configuring done
[0.790s] -- Generating done
[0.791s] -- Build files have been written to: /home/weiwei/Desktop/project/path_follow/build/path_follow
[0.810s] [35m[1mScanning dependencies of target path_follow[0m
[0.839s] [ 75%] [32mBuilding CXX object CMakeFiles/path_follow.dir/src/main.cpp.o[0m
[0.840s] [ 75%] [32mBuilding CXX object CMakeFiles/path_follow.dir/src/joint.cpp.o[0m
[0.840s] [ 75%] [32mBuilding CXX object CMakeFiles/path_follow.dir/src/cdcr.cpp.o[0m
[2.392s] [01m[K/home/weiwei/Desktop/project/path_follow/src/path_follow/src/cdcr.cpp:[m[K In member function ‘[01m[Kvoid CDCR::path_callback(nav_msgs::msg::Path_<std::allocator<void> >::SharedPtr)[m[K’:
[2.392s] [01m[K/home/weiwei/Desktop/project/path_follow/src/path_follow/src/cdcr.cpp:38:63:[m[K [01;35m[Kwarning: [m[Kunused parameter ‘[01m[Kpath_msg[m[K’ [[01;35m[K-Wunused-parameter[m[K]
[2.392s]    38 | void CDCR::path_callback([01;35m[Kconst nav_msgs::msg::Path::SharedPtr path_msg[m[K)
[2.392s]       |                          [01;35m[K~~~~~~~~~~~~~~~~~~~~~~~~~~~~~~~~~~~~~^~~~~~~~[m[K
[4.923s] [100%] [32m[1mLinking CXX executable path_follow[0m
[5.077s] [100%] Built target path_follow
[5.085s] Invoked command in '/home/weiwei/Desktop/project/path_follow/build/path_follow' returned '0': CMAKE_PREFIX_PATH=/opt/ros/foxy /usr/bin/cmake --build /home/weiwei/Desktop/project/path_follow/build/path_follow -- -j16 -l16
[5.101s] Invoking command in '/home/weiwei/Desktop/project/path_follow/build/path_follow': CMAKE_PREFIX_PATH=/opt/ros/foxy /usr/bin/cmake --install /home/weiwei/Desktop/project/path_follow/build/path_follow
[5.106s] -- Install configuration: ""
[5.106s] -- Installing: /home/weiwei/Desktop/project/path_follow/install/path_follow/lib/path_follow/path_follow
[5.108s] -- Set runtime path of "/home/weiwei/Desktop/project/path_follow/install/path_follow/lib/path_follow/path_follow" to ""
[5.108s] -- Installing: /home/weiwei/Desktop/project/path_follow/install/path_follow/share/path_follow/launch
[5.108s] -- Installing: /home/weiwei/Desktop/project/path_follow/install/path_follow/share/path_follow/launch/path_follow.launch.py
[5.108s] -- Up-to-date: /home/weiwei/Desktop/project/path_follow/install/path_follow/share/ament_index/resource_index/package_run_dependencies/path_follow
[5.108s] -- Up-to-date: /home/weiwei/Desktop/project/path_follow/install/path_follow/share/ament_index/resource_index/parent_prefix_path/path_follow
[5.108s] -- Up-to-date: /home/weiwei/Desktop/project/path_follow/install/path_follow/share/path_follow/environment/ament_prefix_path.sh
[5.108s] -- Installing: /home/weiwei/Desktop/project/path_follow/install/path_follow/share/path_follow/environment/ament_prefix_path.dsv
[5.108s] -- Up-to-date: /home/weiwei/Desktop/project/path_follow/install/path_follow/share/path_follow/environment/path.sh
[5.108s] -- Installing: /home/weiwei/Desktop/project/path_follow/install/path_follow/share/path_follow/environment/path.dsv
[5.108s] -- Up-to-date: /home/weiwei/Desktop/project/path_follow/install/path_follow/share/path_follow/local_setup.bash
[5.108s] -- Up-to-date: /home/weiwei/Desktop/project/path_follow/install/path_follow/share/path_follow/local_setup.sh
[5.108s] -- Up-to-date: /home/weiwei/Desktop/project/path_follow/install/path_follow/share/path_follow/local_setup.zsh
[5.108s] -- Installing: /home/weiwei/Desktop/project/path_follow/install/path_follow/share/path_follow/local_setup.dsv
[5.108s] -- Installing: /home/weiwei/Desktop/project/path_follow/install/path_follow/share/path_follow/package.dsv
[5.108s] -- Up-to-date: /home/weiwei/Desktop/project/path_follow/install/path_follow/share/ament_index/resource_index/packages/path_follow
[5.108s] -- Up-to-date: /home/weiwei/Desktop/project/path_follow/install/path_follow/share/path_follow/cmake/path_followConfig.cmake
[5.108s] -- Up-to-date: /home/weiwei/Desktop/project/path_follow/install/path_follow/share/path_follow/cmake/path_followConfig-version.cmake
[5.108s] -- Up-to-date: /home/weiwei/Desktop/project/path_follow/install/path_follow/share/path_follow/package.xml
[5.109s] Invoked command in '/home/weiwei/Desktop/project/path_follow/build/path_follow' returned '0': CMAKE_PREFIX_PATH=/opt/ros/foxy /usr/bin/cmake --install /home/weiwei/Desktop/project/path_follow/build/path_follow
