[0.129s] DEBUG:colcon:Command line arguments: ['/usr/bin/colcon', 'list', '-p', '--base-paths', '/home/weiwei/Desktop/project/path_follow']
[0.129s] DEBUG:colcon:Parsed command line arguments: Namespace(allow_overriding=[], base_paths=['/home/weiwei/Desktop/project/path_follow'], build_base='build', ignore_user_meta=False, log_base=None, log_level=None, main=<bound method ListVerb.main of <colcon_package_information.verb.list.ListVerb object at 0x7f034c094760>>, metas=['./colcon.meta'], mixin=None, mixin_files=None, mixin_verb=('list',), names_only=False, packages_above=None, packages_above_and_dependencies=None, packages_above_depth=None, packages_end=None, packages_ignore=None, packages_ignore_regex=None, packages_select=None, packages_select_build_failed=False, packages_select_by_dep=None, packages_select_regex=None, packages_select_test_failures=False, packages_skip=None, packages_skip_build_finished=False, packages_skip_by_dep=None, packages_skip_regex=None, packages_skip_test_passed=False, packages_skip_up_to=None, packages_start=None, packages_up_to=None, packages_up_to_regex=None, paths=None, paths_only=True, topological_graph=False, topological_graph_density=False, topological_graph_dot=False, topological_graph_dot_cluster=False, topological_graph_dot_include_skipped=False, topological_graph_legend=False, topological_order=False, verb_extension=<colcon_package_information.verb.list.ListVerb object at 0x7f034c094760>, verb_name='list', verb_parser=<colcon_mixin.mixin.mixin_argument.MixinArgumentDecorator object at 0x7f034c0a2af0>)
[0.239s] Level 1:colcon.colcon_core.package_discovery:discover_packages(colcon_meta) check parameters
[0.240s] Level 1:colcon.colcon_core.package_discovery:discover_packages(recursive) check parameters
[0.240s] Level 1:colcon.colcon_core.package_discovery:discover_packages(ignore) check parameters
[0.240s] Level 1:colcon.colcon_core.package_discovery:discover_packages(path) check parameters
[0.240s] Level 1:colcon.colcon_core.package_discovery:discover_packages(recursive) discover
[0.240s] INFO:colcon.colcon_core.package_discovery:Crawling recursively for packages in '/home/weiwei/Desktop/project/path_follow'
[0.240s] Level 1:colcon.colcon_core.package_identification:_identify(/home/weiwei/Desktop/project/path_follow) by extensions ['ignore', 'ignore_ament_install']
[0.240s] Level 1:colcon.colcon_core.package_identification:_identify(/home/weiwei/Desktop/project/path_follow) by extension 'ignore'
[0.240s] Level 1:colcon.colcon_core.package_identification:_identify(/home/weiwei/Desktop/project/path_follow) by extension 'ignore_ament_install'
[0.240s] Level 1:colcon.colcon_core.package_identification:_identify(/home/weiwei/Desktop/project/path_follow) by extensions ['colcon_pkg']
[0.240s] Level 1:colcon.colcon_core.package_identification:_identify(/home/weiwei/Desktop/project/path_follow) by extension 'colcon_pkg'
[0.240s] Level 1:colcon.colcon_core.package_identification:_identify(/home/weiwei/Desktop/project/path_follow) by extensions ['colcon_meta']
[0.240s] Level 1:colcon.colcon_core.package_identification:_identify(/home/weiwei/Desktop/project/path_follow) by extension 'colcon_meta'
[0.240s] Level 1:colcon.colcon_core.package_identification:_identify(/home/weiwei/Desktop/project/path_follow) by extensions ['ros']
[0.240s] Level 1:colcon.colcon_core.package_identification:_identify(/home/weiwei/Desktop/project/path_follow) by extension 'ros'
[0.252s] Level 1:colcon.colcon_core.package_identification:_identify(/home/weiwei/Desktop/project/path_follow) by extensions ['cmake', 'python']
[0.252s] Level 1:colcon.colcon_core.package_identification:_identify(/home/weiwei/Desktop/project/path_follow) by extension 'cmake'
[0.252s] Level 1:colcon.colcon_core.package_identification:_identify(/home/weiwei/Desktop/project/path_follow) by extension 'python'
[0.252s] Level 1:colcon.colcon_core.package_identification:_identify(/home/weiwei/Desktop/project/path_follow) by extensions ['python_setup_py']
[0.252s] Level 1:colcon.colcon_core.package_identification:_identify(/home/weiwei/Desktop/project/path_follow) by extension 'python_setup_py'
[0.252s] Level 1:colcon.colcon_core.package_identification:_identify(/home/weiwei/Desktop/project/path_follow/build) by extensions ['ignore', 'ignore_ament_install']
[0.252s] Level 1:colcon.colcon_core.package_identification:_identify(/home/weiwei/Desktop/project/path_follow/build) by extension 'ignore'
[0.252s] Level 1:colcon.colcon_core.package_identification:_identify(/home/weiwei/Desktop/project/path_follow/build) ignored
[0.252s] Level 1:colcon.colcon_core.package_identification:_identify(/home/weiwei/Desktop/project/path_follow/install) by extensions ['ignore', 'ignore_ament_install']
[0.252s] Level 1:colcon.colcon_core.package_identification:_identify(/home/weiwei/Desktop/project/path_follow/install) by extension 'ignore'
[0.252s] Level 1:colcon.colcon_core.package_identification:_identify(/home/weiwei/Desktop/project/path_follow/install) ignored
[0.253s] Level 1:colcon.colcon_core.package_identification:_identify(/home/weiwei/Desktop/project/path_follow/log) by extensions ['ignore', 'ignore_ament_install']
[0.253s] Level 1:colcon.colcon_core.package_identification:_identify(/home/weiwei/Desktop/project/path_follow/log) by extension 'ignore'
[0.253s] Level 1:colcon.colcon_core.package_identification:_identify(/home/weiwei/Desktop/project/path_follow/log) ignored
[0.253s] Level 1:colcon.colcon_core.package_identification:_identify(/home/weiwei/Desktop/project/path_follow/src) by extensions ['ignore', 'ignore_ament_install']
[0.253s] Level 1:colcon.colcon_core.package_identification:_identify(/home/weiwei/Desktop/project/path_follow/src) by extension 'ignore'
[0.253s] Level 1:colcon.colcon_core.package_identification:_identify(/home/weiwei/Desktop/project/path_follow/src) by extension 'ignore_ament_install'
[0.253s] Level 1:colcon.colcon_core.package_identification:_identify(/home/weiwei/Desktop/project/path_follow/src) by extensions ['colcon_pkg']
[0.253s] Level 1:colcon.colcon_core.package_identification:_identify(/home/weiwei/Desktop/project/path_follow/src) by extension 'colcon_pkg'
[0.253s] Level 1:colcon.colcon_core.package_identification:_identify(/home/weiwei/Desktop/project/path_follow/src) by extensions ['colcon_meta']
[0.253s] Level 1:colcon.colcon_core.package_identification:_identify(/home/weiwei/Desktop/project/path_follow/src) by extension 'colcon_meta'
[0.253s] Level 1:colcon.colcon_core.package_identification:_identify(/home/weiwei/Desktop/project/path_follow/src) by extensions ['ros']
[0.253s] Level 1:colcon.colcon_core.package_identification:_identify(/home/weiwei/Desktop/project/path_follow/src) by extension 'ros'
[0.253s] Level 1:colcon.colcon_core.package_identification:_identify(/home/weiwei/Desktop/project/path_follow/src) by extensions ['cmake', 'python']
[0.253s] Level 1:colcon.colcon_core.package_identification:_identify(/home/weiwei/Desktop/project/path_follow/src) by extension 'cmake'
[0.253s] Level 1:colcon.colcon_core.package_identification:_identify(/home/weiwei/Desktop/project/path_follow/src) by extension 'python'
[0.253s] Level 1:colcon.colcon_core.package_identification:_identify(/home/weiwei/Desktop/project/path_follow/src) by extensions ['python_setup_py']
[0.253s] Level 1:colcon.colcon_core.package_identification:_identify(/home/weiwei/Desktop/project/path_follow/src) by extension 'python_setup_py'
[0.254s] Level 1:colcon.colcon_core.package_identification:_identify(/home/weiwei/Desktop/project/path_follow/src/path_follow) by extensions ['ignore', 'ignore_ament_install']
[0.254s] Level 1:colcon.colcon_core.package_identification:_identify(/home/weiwei/Desktop/project/path_follow/src/path_follow) by extension 'ignore'
[0.254s] Level 1:colcon.colcon_core.package_identification:_identify(/home/weiwei/Desktop/project/path_follow/src/path_follow) by extension 'ignore_ament_install'
[0.254s] Level 1:colcon.colcon_core.package_identification:_identify(/home/weiwei/Desktop/project/path_follow/src/path_follow) by extensions ['colcon_pkg']
[0.254s] Level 1:colcon.colcon_core.package_identification:_identify(/home/weiwei/Desktop/project/path_follow/src/path_follow) by extension 'colcon_pkg'
[0.254s] Level 1:colcon.colcon_core.package_identification:_identify(/home/weiwei/Desktop/project/path_follow/src/path_follow) by extensions ['colcon_meta']
[0.254s] Level 1:colcon.colcon_core.package_identification:_identify(/home/weiwei/Desktop/project/path_follow/src/path_follow) by extension 'colcon_meta'
[0.254s] Level 1:colcon.colcon_core.package_identification:_identify(/home/weiwei/Desktop/project/path_follow/src/path_follow) by extensions ['ros']
[0.254s] Level 1:colcon.colcon_core.package_identification:_identify(/home/weiwei/Desktop/project/path_follow/src/path_follow) by extension 'ros'
[0.256s] DEBUG:colcon.colcon_core.package_identification:Package '/home/weiwei/Desktop/project/path_follow/src/path_follow' with type 'ros.ament_cmake' and name 'path_follow'
[0.256s] Level 1:colcon.colcon_core.package_discovery:discover_packages(recursive) using defaults
