In file included from [01m[K/home/weiwei/Desktop/project/path_follow/src/path_follow/src/main.cpp:1[m[K:
[01m[K/home/weiwei/Desktop/project/path_follow/src/path_follow/src/cdcr.hpp:[m[K In constructor ‘[01m[KCDCR::x_residual::x_residual(double, double, double, double)[m[K’:
[01m[K/home/weiwei/Desktop/project/path_follow/src/path_follow/src/cdcr.hpp:51:18:[m[K [01;35m[Kwarning: [m[K‘[01m[KCDCR::x_residual::x_[m[K’ will be initialized after [[01;35m[K-Wreorder[m[K]
   51 |     const double [01;35m[Kx_[m[K;
      |                  [01;35m[K^~[m[K
[01m[K/home/weiwei/Desktop/project/path_follow/src/path_follow/src/cdcr.hpp:49:18:[m[K [01;35m[Kwarning: [m[K  ‘[01m[Kconst double CDCR::x_residual::weight_position_[m[K’ [[01;35m[K-Wreorder[m[K]
   49 |     const double [01;35m[Kweight_position_[m[K;
      |                  [01;35m[K^~~~~~~~~~~~~~~~[m[K
[01m[K/home/weiwei/Desktop/project/path_follow/src/path_follow/src/cdcr.hpp:36:5:[m[K [01;35m[Kwarning: [m[K  when initialized here [[01;35m[K-Wreorder[m[K]
   36 |     [01;35m[Kx_residual[m[K(double weight_position,
      |     [01;35m[K^~~~~~~~~~[m[K
[01m[K/home/weiwei/Desktop/project/path_follow/src/path_follow/src/cdcr.hpp:[m[K In constructor ‘[01m[KCDCR::y_residual::y_residual(double, double, double, double)[m[K’:
[01m[K/home/weiwei/Desktop/project/path_follow/src/path_follow/src/cdcr.hpp:69:18:[m[K [01;35m[Kwarning: [m[K‘[01m[KCDCR::y_residual::y_[m[K’ will be initialized after [[01;35m[K-Wreorder[m[K]
   69 |     const double [01;35m[Ky_[m[K;
      |                  [01;35m[K^~[m[K
[01m[K/home/weiwei/Desktop/project/path_follow/src/path_follow/src/cdcr.hpp:67:18:[m[K [01;35m[Kwarning: [m[K  ‘[01m[Kconst double CDCR::y_residual::weight_position_[m[K’ [[01;35m[K-Wreorder[m[K]
   67 |     const double [01;35m[Kweight_position_[m[K;
      |                  [01;35m[K^~~~~~~~~~~~~~~~[m[K
[01m[K/home/weiwei/Desktop/project/path_follow/src/path_follow/src/cdcr.hpp:54:5:[m[K [01;35m[Kwarning: [m[K  when initialized here [[01;35m[K-Wreorder[m[K]
   54 |     [01;35m[Ky_residual[m[K(double weight_position,
      |     [01;35m[K^~~~~~~~~~[m[K
[01m[K/home/weiwei/Desktop/project/path_follow/src/path_follow/src/cdcr.hpp:[m[K In constructor ‘[01m[KCDCR::z_residual::z_residual(double, double, double, double, double)[m[K’:
[01m[K/home/weiwei/Desktop/project/path_follow/src/path_follow/src/cdcr.hpp:88:51:[m[K [01;35m[Kwarning: [m[K‘[01m[KCDCR::z_residual::length_rigid1_[m[K’ will be initialized after [[01;35m[K-Wreorder[m[K]
   88 |     const double length_continuum_,length_rigid2_,[01;35m[Klength_rigid1_[m[K;
      |                                                   [01;35m[K^~~~~~~~~~~~~~[m[K
[01m[K/home/weiwei/Desktop/project/path_follow/src/path_follow/src/cdcr.hpp:88:36:[m[K [01;35m[Kwarning: [m[K  ‘[01m[Kconst double CDCR::z_residual::length_rigid2_[m[K’ [[01;35m[K-Wreorder[m[K]
   88 |     const double length_continuum_,[01;35m[Klength_rigid2_[m[K,length_rigid1_;
      |                                    [01;35m[K^~~~~~~~~~~~~~[m[K
[01m[K/home/weiwei/Desktop/project/path_follow/src/path_follow/src/cdcr.hpp:72:5:[m[K [01;35m[Kwarning: [m[K  when initialized here [[01;35m[K-Wreorder[m[K]
   72 |     [01;35m[Kz_residual[m[K(double weight_position,
      |     [01;35m[K^~~~~~~~~~[m[K
[01m[K/home/weiwei/Desktop/project/path_follow/src/path_follow/src/cdcr.hpp:89:18:[m[K [01;35m[Kwarning: [m[K‘[01m[KCDCR::z_residual::z_[m[K’ will be initialized after [[01;35m[K-Wreorder[m[K]
   89 |     const double [01;35m[Kz_[m[K;
      |                  [01;35m[K^~[m[K
[01m[K/home/weiwei/Desktop/project/path_follow/src/path_follow/src/cdcr.hpp:87:18:[m[K [01;35m[Kwarning: [m[K  ‘[01m[Kconst double CDCR::z_residual::weight_position_[m[K’ [[01;35m[K-Wreorder[m[K]
   87 |     const double [01;35m[Kweight_position_[m[K;
      |                  [01;35m[K^~~~~~~~~~~~~~~~[m[K
[01m[K/home/weiwei/Desktop/project/path_follow/src/path_follow/src/cdcr.hpp:72:5:[m[K [01;35m[Kwarning: [m[K  when initialized here [[01;35m[K-Wreorder[m[K]
   72 |     [01;35m[Kz_residual[m[K(double weight_position,
      |     [01;35m[K^~~~~~~~~~[m[K
[01m[K/home/weiwei/Desktop/project/path_follow/src/path_follow/src/cdcr.hpp:[m[K In constructor ‘[01m[KCDCR::angle_residual::angle_residual(double, double, double, double, Eigen::Vector3d)[m[K’:
[01m[K/home/weiwei/Desktop/project/path_follow/src/path_follow/src/cdcr.hpp:111:27:[m[K [01;35m[Kwarning: [m[K‘[01m[KCDCR::angle_residual::tangent_vector_[m[K’ will be initialized after [[01;35m[K-Wreorder[m[K]
  111 |     const Eigen::Vector3d [01;35m[Ktangent_vector_[m[K;
      |                           [01;35m[K^~~~~~~~~~~~~~~[m[K
[01m[K/home/weiwei/Desktop/project/path_follow/src/path_follow/src/cdcr.hpp:109:18:[m[K [01;35m[Kwarning: [m[K  ‘[01m[Kconst double CDCR::angle_residual::weight_direction_[m[K’ [[01;35m[K-Wreorder[m[K]
  109 |     const double [01;35m[Kweight_direction_[m[K;
      |                  [01;35m[K^~~~~~~~~~~~~~~~~[m[K
[01m[K/home/weiwei/Desktop/project/path_follow/src/path_follow/src/cdcr.hpp:92:5:[m[K [01;35m[Kwarning: [m[K  when initialized here [[01;35m[K-Wreorder[m[K]
   92 |     [01;35m[Kangle_residual[m[K(double weight_direction,
      |     [01;35m[K^~~~~~~~~~~~~~[m[K
In file included from [01m[K/home/weiwei/Desktop/project/path_follow/src/path_follow/src/cdcr.cpp:1[m[K:
[01m[K/home/weiwei/Desktop/project/path_follow/src/path_follow/src/cdcr.hpp:[m[K In constructor ‘[01m[KCDCR::x_residual::x_residual(double, double, double, double)[m[K’:
[01m[K/home/weiwei/Desktop/project/path_follow/src/path_follow/src/cdcr.hpp:51:18:[m[K [01;35m[Kwarning: [m[K‘[01m[KCDCR::x_residual::x_[m[K’ will be initialized after [[01;35m[K-Wreorder[m[K]
   51 |     const double [01;35m[Kx_[m[K;
      |                  [01;35m[K^~[m[K
[01m[K/home/weiwei/Desktop/project/path_follow/src/path_follow/src/cdcr.hpp:49:18:[m[K [01;35m[Kwarning: [m[K  ‘[01m[Kconst double CDCR::x_residual::weight_position_[m[K’ [[01;35m[K-Wreorder[m[K]
   49 |     const double [01;35m[Kweight_position_[m[K;
      |                  [01;35m[K^~~~~~~~~~~~~~~~[m[K
[01m[K/home/weiwei/Desktop/project/path_follow/src/path_follow/src/cdcr.hpp:36:5:[m[K [01;35m[Kwarning: [m[K  when initialized here [[01;35m[K-Wreorder[m[K]
   36 |     [01;35m[Kx_residual[m[K(double weight_position,
      |     [01;35m[K^~~~~~~~~~[m[K
[01m[K/home/weiwei/Desktop/project/path_follow/src/path_follow/src/cdcr.hpp:[m[K In constructor ‘[01m[KCDCR::y_residual::y_residual(double, double, double, double)[m[K’:
[01m[K/home/weiwei/Desktop/project/path_follow/src/path_follow/src/cdcr.hpp:69:18:[m[K [01;35m[Kwarning: [m[K‘[01m[KCDCR::y_residual::y_[m[K’ will be initialized after [[01;35m[K-Wreorder[m[K]
   69 |     const double [01;35m[Ky_[m[K;
      |                  [01;35m[K^~[m[K
[01m[K/home/weiwei/Desktop/project/path_follow/src/path_follow/src/cdcr.hpp:67:18:[m[K [01;35m[Kwarning: [m[K  ‘[01m[Kconst double CDCR::y_residual::weight_position_[m[K’ [[01;35m[K-Wreorder[m[K]
   67 |     const double [01;35m[Kweight_position_[m[K;
      |                  [01;35m[K^~~~~~~~~~~~~~~~[m[K
[01m[K/home/weiwei/Desktop/project/path_follow/src/path_follow/src/cdcr.hpp:54:5:[m[K [01;35m[Kwarning: [m[K  when initialized here [[01;35m[K-Wreorder[m[K]
   54 |     [01;35m[Ky_residual[m[K(double weight_position,
      |     [01;35m[K^~~~~~~~~~[m[K
[01m[K/home/weiwei/Desktop/project/path_follow/src/path_follow/src/cdcr.hpp:[m[K In constructor ‘[01m[KCDCR::z_residual::z_residual(double, double, double, double, double)[m[K’:
[01m[K/home/weiwei/Desktop/project/path_follow/src/path_follow/src/cdcr.hpp:88:51:[m[K [01;35m[Kwarning: [m[K‘[01m[KCDCR::z_residual::length_rigid1_[m[K’ will be initialized after [[01;35m[K-Wreorder[m[K]
   88 |     const double length_continuum_,length_rigid2_,[01;35m[Klength_rigid1_[m[K;
      |                                                   [01;35m[K^~~~~~~~~~~~~~[m[K
[01m[K/home/weiwei/Desktop/project/path_follow/src/path_follow/src/cdcr.hpp:88:36:[m[K [01;35m[Kwarning: [m[K  ‘[01m[Kconst double CDCR::z_residual::length_rigid2_[m[K’ [[01;35m[K-Wreorder[m[K]
   88 |     const double length_continuum_,[01;35m[Klength_rigid2_[m[K,length_rigid1_;
      |                                    [01;35m[K^~~~~~~~~~~~~~[m[K
[01m[K/home/weiwei/Desktop/project/path_follow/src/path_follow/src/cdcr.hpp:72:5:[m[K [01;35m[Kwarning: [m[K  when initialized here [[01;35m[K-Wreorder[m[K]
   72 |     [01;35m[Kz_residual[m[K(double weight_position,
      |     [01;35m[K^~~~~~~~~~[m[K
[01m[K/home/weiwei/Desktop/project/path_follow/src/path_follow/src/cdcr.hpp:89:18:[m[K [01;35m[Kwarning: [m[K‘[01m[KCDCR::z_residual::z_[m[K’ will be initialized after [[01;35m[K-Wreorder[m[K]
   89 |     const double [01;35m[Kz_[m[K;
      |                  [01;35m[K^~[m[K
[01m[K/home/weiwei/Desktop/project/path_follow/src/path_follow/src/cdcr.hpp:87:18:[m[K [01;35m[Kwarning: [m[K  ‘[01m[Kconst double CDCR::z_residual::weight_position_[m[K’ [[01;35m[K-Wreorder[m[K]
   87 |     const double [01;35m[Kweight_position_[m[K;
      |                  [01;35m[K^~~~~~~~~~~~~~~~[m[K
[01m[K/home/weiwei/Desktop/project/path_follow/src/path_follow/src/cdcr.hpp:72:5:[m[K [01;35m[Kwarning: [m[K  when initialized here [[01;35m[K-Wreorder[m[K]
   72 |     [01;35m[Kz_residual[m[K(double weight_position,
      |     [01;35m[K^~~~~~~~~~[m[K
[01m[K/home/weiwei/Desktop/project/path_follow/src/path_follow/src/cdcr.hpp:[m[K In constructor ‘[01m[KCDCR::angle_residual::angle_residual(double, double, double, double, Eigen::Vector3d)[m[K’:
[01m[K/home/weiwei/Desktop/project/path_follow/src/path_follow/src/cdcr.hpp:111:27:[m[K [01;35m[Kwarning: [m[K‘[01m[KCDCR::angle_residual::tangent_vector_[m[K’ will be initialized after [[01;35m[K-Wreorder[m[K]
  111 |     const Eigen::Vector3d [01;35m[Ktangent_vector_[m[K;
      |                           [01;35m[K^~~~~~~~~~~~~~~[m[K
[01m[K/home/weiwei/Desktop/project/path_follow/src/path_follow/src/cdcr.hpp:109:18:[m[K [01;35m[Kwarning: [m[K  ‘[01m[Kconst double CDCR::angle_residual::weight_direction_[m[K’ [[01;35m[K-Wreorder[m[K]
  109 |     const double [01;35m[Kweight_direction_[m[K;
      |                  [01;35m[K^~~~~~~~~~~~~~~~~[m[K
[01m[K/home/weiwei/Desktop/project/path_follow/src/path_follow/src/cdcr.hpp:92:5:[m[K [01;35m[Kwarning: [m[K  when initialized here [[01;35m[K-Wreorder[m[K]
   92 |     [01;35m[Kangle_residual[m[K(double weight_direction,
      |     [01;35m[K^~~~~~~~~~~~~~[m[K
[01m[K/home/weiwei/Desktop/project/path_follow/src/path_follow/src/cdcr.cpp:[m[K In constructor ‘[01m[KCDCR::CDCR()[m[K’:
[01m[K/home/weiwei/Desktop/project/path_follow/src/path_follow/src/cdcr.cpp:68:12:[m[K [01;35m[Kwarning: [m[Kunused variable ‘[01m[Kbase_tolerance_deviation[m[K’ [[01;35m[K-Wunused-variable[m[K]
   68 |     double [01;35m[Kbase_tolerance_deviation[m[K = this->get_parameter("base_tolerance_deviation").as_double();
      |            [01;35m[K^~~~~~~~~~~~~~~~~~~~~~~~[m[K
[01m[K/home/weiwei/Desktop/project/path_follow/src/path_follow/src/cdcr.cpp:[m[K In member function ‘[01m[Kvoid CDCR::path_follow_exeperience()[m[K’:
[01m[K/home/weiwei/Desktop/project/path_follow/src/path_follow/src/cdcr.cpp:239:15:[m[K [01;35m[Kwarning: [m[Kstatement has no effect [[01;35m[K-Wunused-value[m[K]
  239 |         [01;35m[Kthis->start_track_path_point_id[m[K;
      |         [01;35m[K~~~~~~^~~~~~~~~~~~~~~~~~~~~~~~~[m[K
[01m[K/home/weiwei/Desktop/project/path_follow/src/path_follow/src/cdcr.cpp:[m[K In member function ‘[01m[Kvoid CDCR::getCorrectTravelPointID()[m[K’:
[01m[K/home/weiwei/Desktop/project/path_follow/src/path_follow/src/cdcr.cpp:250:19:[m[K [01;35m[Kwarning: [m[Kcomparison of integer expressions of different signedness: ‘[01m[Kint[m[K’ and ‘[01m[Kstd::vector<Eigen::Matrix<double, 3, 1> >::size_type[m[K’ {aka ‘[01m[Klong unsigned int[m[K’} [[01;35m[K-Wsign-compare[m[K]
  250 |     for (int i=1;[01;35m[Ki<path_points.size()-1[m[K;i++)
      |                  [01;35m[K~^~~~~~~~~~~~~~~~~~~~~[m[K
[01m[K/home/weiwei/Desktop/project/path_follow/src/path_follow/src/cdcr.cpp:252:14:[m[K [01;35m[Kwarning: [m[Ksuggest parentheses around assignment used as truth value [[01;35m[K-Wparentheses[m[K]
  252 |         if ([01;35m[Ki=path_points.size()-2[m[K)
      |             [01;35m[K~^~~~~~~~~~~~~~~~~~~~~[m[K
[01m[K/home/weiwei/Desktop/project/path_follow/src/path_follow/src/cdcr.cpp:266:23:[m[K [01;35m[Kwarning: [m[Kcomparison of integer expressions of different signedness: ‘[01m[Kint[m[K’ and ‘[01m[Kstd::vector<Eigen::Matrix<double, 3, 1> >::size_type[m[K’ {aka ‘[01m[Klong unsigned int[m[K’} [[01;35m[K-Wsign-compare[m[K]
  266 |         for (int j=i;[01;35m[Kj<path_points.size()-1[m[K;j++)
      |                      [01;35m[K~^~~~~~~~~~~~~~~~~~~~~[m[K
[01m[K/home/weiwei/Desktop/project/path_follow/src/path_follow/src/cdcr.cpp:268:18:[m[K [01;35m[Kwarning: [m[Ksuggest parentheses around assignment used as truth value [[01;35m[K-Wparentheses[m[K]
  268 |             if ([01;35m[Kj=path_points.size()-2[m[K)
      |                 [01;35m[K~^~~~~~~~~~~~~~~~~~~~~[m[K
[01m[K/home/weiwei/Desktop/project/path_follow/src/path_follow/src/cdcr.cpp:248:12:[m[K [01;35m[Kwarning: [m[Kunused variable ‘[01m[Kpath_deviation[m[K’ [[01;35m[K-Wunused-variable[m[K]
  248 |     double [01;35m[Kpath_deviation[m[K;
      |            [01;35m[K^~~~~~~~~~~~~~[m[K
[01m[K/home/weiwei/Desktop/project/path_follow/src/path_follow/src/cdcr.cpp:[m[K In member function ‘[01m[Kvoid CDCR::visualization()[m[K’:
[01m[K/home/weiwei/Desktop/project/path_follow/src/path_follow/src/cdcr.cpp:403:19:[m[K [01;35m[Kwarning: [m[Kcomparison of integer expressions of different signedness: ‘[01m[Kint[m[K’ and ‘[01m[Kstd::vector<Eigen::Matrix<double, 3, 1> >::size_type[m[K’ {aka ‘[01m[Klong unsigned int[m[K’} [[01;35m[K-Wsign-compare[m[K]
  403 |     for (int i=0;[01;35m[Ki<this->cdcr_points.size()[m[K;i++)
      |                  [01;35m[K~^~~~~~~~~~~~~~~~~~~~~~~~~[m[K
[01m[K/home/weiwei/Desktop/project/path_follow/src/path_follow/src/cdcr.cpp:413:19:[m[K [01;35m[Kwarning: [m[Kcomparison of integer expressions of different signedness: ‘[01m[Kint[m[K’ and ‘[01m[Kstd::vector<int>::size_type[m[K’ {aka ‘[01m[Klong unsigned int[m[K’} [[01;35m[K-Wsign-compare[m[K]
  413 |     for (int i=0;[01;35m[Ki<this->cdcr_segment_point_id.size()[m[K;i++)
      |                  [01;35m[K~^~~~~~~~~~~~~~~~~~~~~~~~~~~~~~~~~~~[m[K
[01m[K/home/weiwei/Desktop/project/path_follow/src/path_follow/src/cdcr.cpp:428:14:[m[K [01;35m[Kwarning: [m[Kcomparison of integer expressions of different signedness: ‘[01m[Kint[m[K’ and ‘[01m[Kstd::vector<int>::size_type[m[K’ {aka ‘[01m[Klong unsigned int[m[K’} [[01;35m[K-Wsign-compare[m[K]
  428 |         if ([01;35m[Ki==cdcr_segment_point_id.size()-1[m[K)
      |             [01;35m[K~^~~~~~~~~~~~~~~~~~~~~~~~~~~~~~~~[m[K
[01m[K/home/weiwei/Desktop/project/path_follow/src/path_follow/src/cdcr.cpp:[m[K In member function ‘[01m[Kvoid CDCR::fitCDCR()[m[K’:
[01m[K/home/weiwei/Desktop/project/path_follow/src/path_follow/src/cdcr.cpp:475:10:[m[K [01;35m[Kwarning: [m[Kstatement has no effect [[01;35m[K-Wunused-value[m[K]
  475 |     for ([01;35m[Kjoint_id[m[K; joint_id<joint_number; joint_id++)
      |          [01;35m[K^~~~~~~~[m[K
[01m[K/home/weiwei/Desktop/project/path_follow/src/path_follow/src/cdcr.cpp:[m[K In member function ‘[01m[Kvoid CDCR::find_closed_path_point(const int&, const Vector3d&, int&)[m[K’:
[01m[K/home/weiwei/Desktop/project/path_follow/src/path_follow/src/cdcr.cpp:574:52:[m[K [01;35m[Kwarning: [m[Kcomparison of integer expressions of different signedness: ‘[01m[Kint[m[K’ and ‘[01m[Kstd::vector<Eigen::Matrix<double, 3, 1> >::size_type[m[K’ {aka ‘[01m[Klong unsigned int[m[K’} [[01;35m[K-Wsign-compare[m[K]
  574 |         }while(temp_dot_value<0||[01;35m[Ktemp_path_point_id<path_points.size()[m[K);
      |                                  [01;35m[K~~~~~~~~~~~~~~~~~~^~~~~~~~~~~~~~~~~~~[m[K
[01m[K/home/weiwei/Desktop/project/path_follow/src/path_follow/src/cdcr.cpp:[m[K In member function ‘[01m[Kvoid CDCR::getPathDeviationAndNextIndex(const int&, const int&, int&)[m[K’:
[01m[K/home/weiwei/Desktop/project/path_follow/src/path_follow/src/cdcr.cpp:620:52:[m[K [01;35m[Kwarning: [m[Kunused parameter ‘[01m[Kpath_point_index_start[m[K’ [[01;35m[K-Wunused-parameter[m[K]
  620 | void CDCR::getPathDeviationAndNextIndex([01;35m[Kconst int& path_point_index_start[m[K,
      |                                         [01;35m[K~~~~~~~~~~~^~~~~~~~~~~~~~~~~~~~~~[m[K
[01m[K/home/weiwei/Desktop/project/path_follow/src/path_follow/src/cdcr.cpp:621:52:[m[K [01;35m[Kwarning: [m[Kunused parameter ‘[01m[Kcdcr_point_index[m[K’ [[01;35m[K-Wunused-parameter[m[K]
  621 |                                         [01;35m[Kconst int& cdcr_point_index[m[K,
      |                                         [01;35m[K~~~~~~~~~~~^~~~~~~~~~~~~~~~[m[K
[01m[K/home/weiwei/Desktop/project/path_follow/src/path_follow/src/cdcr.cpp:622:46:[m[K [01;35m[Kwarning: [m[Kunused parameter ‘[01m[Kpath_point_index_next_start[m[K’ [[01;35m[K-Wunused-parameter[m[K]
  622 |                                         [01;35m[Kint& path_point_index_next_start[m[K)
      |                                         [01;35m[K~~~~~^~~~~~~~~~~~~~~~~~~~~~~~~~~[m[K
In file included from [01m[K/home/weiwei/Desktop/project/path_follow/src/path_follow/src/cdcr.cpp:1[m[K:
/home/weiwei/Desktop/project/path_follow/src/path_follow/src/cdcr.hpp: In instantiation of ‘[01m[Kbool CDCR::y_residual::operator()(const T*, const T*, T*) const [with T = ceres::Jet<double, 2>][m[K’:
[01m[K/usr/local/include/ceres/internal/variadic_evaluate.h:55:17:[m[K   required from ‘[01m[Kbool ceres::internal::VariadicEvaluateImpl(const Functor&, const T* const*, T*, std::false_type, std::integer_sequence<int, Indices ...>) [with Functor = CDCR::y_residual; T = ceres::Jet<double, 2>; int ...Indices = {0, 1}; std::false_type = std::integral_constant<bool, false>][m[K’
[01m[K/usr/local/include/ceres/internal/variadic_evaluate.h:77:30:[m[K   required from ‘[01m[Kbool ceres::internal::VariadicEvaluateImpl(const Functor&, const T* const*, T*, const void*) [with ParameterDims = ceres::internal::ParameterDims<false, 1, 1>; Functor = CDCR::y_residual; T = ceres::Jet<double, 2>][m[K’
[01m[K/usr/local/include/ceres/internal/variadic_evaluate.h:106:45:[m[K   required from ‘[01m[Kbool ceres::internal::VariadicEvaluate(const Functor&, const T* const*, T*) [with ParameterDims = ceres::internal::ParameterDims<false, 1, 1>; Functor = CDCR::y_residual; T = ceres::Jet<double, 2>][m[K’
[01m[K/usr/local/include/ceres/internal/autodiff.h:349:39:[m[K   required from ‘[01m[Kbool ceres::internal::AutoDifferentiate(const Functor&, const T* const*, int, T*, T**) [with int kNumResiduals = 1; ParameterDims = ceres::internal::ParameterDims<false, 1, 1>; Functor = CDCR::y_residual; T = double][m[K’
[01m[K/usr/local/include/ceres/autodiff_cost_function.h:211:69:[m[K   required from ‘[01m[Kbool ceres::AutoDiffCostFunction<CostFunctor, kNumResiduals, Ns>::Evaluate(const double* const*, double*, double**) const [with CostFunctor = CDCR::y_residual; int kNumResiduals = 1; int ...Ns = {1, 1}][m[K’
[01m[K/usr/local/include/ceres/autodiff_cost_function.h:201:8:[m[K   required from here
[01m[K/home/weiwei/Desktop/project/path_follow/src/path_follow/src/cdcr.hpp:63:70:[m[K [01;31m[Kerror: [m[Kno match for ‘[01m[Koperator-[m[K’ (operand types are ‘[01m[Kint[m[K’ and ‘[01m[Kceres::Jet<double, 2>[m[K’)
   63 |         residual[0] = weight_position_*(length_continuum_/theta[0]*[01;31m[K(1-cos(theta[0]))[m[K*sin(alpha[0])+length_rigid2_*sin(theta[0])*sin(alpha[0])-y_);
      |                                                                    [01;31m[K~~^~~~~~~~~~~~~~~[m[K
In file included from [01m[K/usr/include/c++/9/bits/stl_algobase.h:67[m[K,
                 from [01m[K/usr/include/c++/9/memory:62[m[K,
                 from [01m[K/opt/ros/foxy/include/rclcpp/rclcpp.hpp:144[m[K,
                 from [01m[K/home/weiwei/Desktop/project/path_follow/src/path_follow/src/cdcr.hpp:1[m[K,
                 from [01m[K/home/weiwei/Desktop/project/path_follow/src/path_follow/src/cdcr.cpp:1[m[K:
[01m[K/usr/include/c++/9/bits/stl_iterator.h:415:5:[m[K [01;36m[Knote: [m[Kcandidate: ‘[01m[Ktemplate<class _IteratorL, class _IteratorR> constexpr decltype ((__y.base() - __x.base())) std::operator-(const std::reverse_iterator<_Iterator>&, const std::reverse_iterator<_IteratorR>&)[m[K’
  415 |     [01;36m[Koperator[m[K-(const reverse_iterator<_IteratorL>& __x,
      |     [01;36m[K^~~~~~~~[m[K
[01m[K/usr/include/c++/9/bits/stl_iterator.h:415:5:[m[K [01;36m[Knote: [m[K  template argument deduction/substitution failed:
In file included from [01m[K/home/weiwei/Desktop/project/path_follow/src/path_follow/src/cdcr.cpp:1[m[K:
[01m[K/home/weiwei/Desktop/project/path_follow/src/path_follow/src/cdcr.hpp:63:70:[m[K [01;36m[Knote: [m[K  mismatched types ‘[01m[Kconst std::reverse_iterator<_Iterator>[m[K’ and ‘[01m[Kint[m[K’
   63 |         residual[0] = weight_position_*(length_continuum_/theta[0]*[01;36m[K(1-cos(theta[0]))[m[K*sin(alpha[0])+length_rigid2_*sin(theta[0])*sin(alpha[0])-y_);
      |                                                                    [01;36m[K~~^~~~~~~~~~~~~~~[m[K
In file included from [01m[K/usr/include/c++/9/bits/stl_algobase.h:67[m[K,
                 from [01m[K/usr/include/c++/9/memory:62[m[K,
                 from [01m[K/opt/ros/foxy/include/rclcpp/rclcpp.hpp:144[m[K,
                 from [01m[K/home/weiwei/Desktop/project/path_follow/src/path_follow/src/cdcr.hpp:1[m[K,
                 from [01m[K/home/weiwei/Desktop/project/path_follow/src/path_follow/src/cdcr.cpp:1[m[K:
[01m[K/usr/include/c++/9/bits/stl_iterator.h:1209:5:[m[K [01;36m[Knote: [m[Kcandidate: ‘[01m[Ktemplate<class _IteratorL, class _IteratorR> constexpr decltype ((__x.base() - __y.base())) std::operator-(const std::move_iterator<_IteratorL>&, const std::move_iterator<_IteratorR>&)[m[K’
 1209 |     [01;36m[Koperator[m[K-(const move_iterator<_IteratorL>& __x,
      |     [01;36m[K^~~~~~~~[m[K
[01m[K/usr/include/c++/9/bits/stl_iterator.h:1209:5:[m[K [01;36m[Knote: [m[K  template argument deduction/substitution failed:
In file included from [01m[K/home/weiwei/Desktop/project/path_follow/src/path_follow/src/cdcr.cpp:1[m[K:
[01m[K/home/weiwei/Desktop/project/path_follow/src/path_follow/src/cdcr.hpp:63:70:[m[K [01;36m[Knote: [m[K  mismatched types ‘[01m[Kconst std::move_iterator<_IteratorL>[m[K’ and ‘[01m[Kint[m[K’
   63 |         residual[0] = weight_position_*(length_continuum_/theta[0]*[01;36m[K(1-cos(theta[0]))[m[K*sin(alpha[0])+length_rigid2_*sin(theta[0])*sin(alpha[0])-y_);
      |                                                                    [01;36m[K~~^~~~~~~~~~~~~~~[m[K
In file included from [01m[K/usr/include/c++/9/vector:68[m[K,
                 from [01m[K/usr/include/c++/9/functional:62[m[K,
                 from [01m[K/usr/include/c++/9/pstl/glue_algorithm_defs.h:13[m[K,
                 from [01m[K/usr/include/c++/9/algorithm:71[m[K,
                 from [01m[K/opt/ros/foxy/include/rclcpp/executor.hpp:18[m[K,
                 from [01m[K/opt/ros/foxy/include/rclcpp/executors/multi_threaded_executor.hpp:26[m[K,
                 from [01m[K/opt/ros/foxy/include/rclcpp/executors.hpp:21[m[K,
                 from [01m[K/opt/ros/foxy/include/rclcpp/rclcpp.hpp:146[m[K,
                 from [01m[K/home/weiwei/Desktop/project/path_follow/src/path_follow/src/cdcr.hpp:1[m[K,
                 from [01m[K/home/weiwei/Desktop/project/path_follow/src/path_follow/src/cdcr.cpp:1[m[K:
[01m[K/usr/include/c++/9/bits/stl_bvector.h:214:3:[m[K [01;36m[Knote: [m[Kcandidate: ‘[01m[Kstd::ptrdiff_t std::operator-(const std::_Bit_iterator_base&, const std::_Bit_iterator_base&)[m[K’
  214 |   [01;36m[Koperator[m[K-(const _Bit_iterator_base& __x, const _Bit_iterator_base& __y)
      |   [01;36m[K^~~~~~~~[m[K
[01m[K/usr/include/c++/9/bits/stl_bvector.h:214:39:[m[K [01;36m[Knote: [m[K  no known conversion for argument 1 from ‘[01m[Kint[m[K’ to ‘[01m[Kconst std::_Bit_iterator_base&[m[K’
  214 |   operator-([01;36m[Kconst _Bit_iterator_base& __x[m[K, const _Bit_iterator_base& __y)
      |             [01;36m[K~~~~~~~~~~~~~~~~~~~~~~~~~~^~~[m[K
In file included from [01m[K/usr/local/include/eigen3/Eigen/Core:96[m[K,
                 from [01m[K/usr/local/include/eigen3/Eigen/Dense:1[m[K,
                 from [01m[K/usr/local/include/eigen3/Eigen/Eigen:1[m[K,
                 from [01m[K/home/weiwei/Desktop/project/path_follow/src/path_follow/src/joint.hpp:2[m[K,
                 from [01m[K/home/weiwei/Desktop/project/path_follow/src/path_follow/src/cdcr.hpp:2[m[K,
                 from [01m[K/home/weiwei/Desktop/project/path_follow/src/path_follow/src/cdcr.cpp:1[m[K:
[01m[K/usr/include/c++/9/complex:361:5:[m[K [01;36m[Knote: [m[Kcandidate: ‘[01m[Ktemplate<class _Tp> std::complex<_Tp> std::operator-(const std::complex<_Tp>&, const std::complex<_Tp>&)[m[K’
  361 |     [01;36m[Koperator[m[K-(const complex<_Tp>& __x, const complex<_Tp>& __y)
      |     [01;36m[K^~~~~~~~[m[K
[01m[K/usr/include/c++/9/complex:361:5:[m[K [01;36m[Knote: [m[K  template argument deduction/substitution failed:
In file included from [01m[K/home/weiwei/Desktop/project/path_follow/src/path_follow/src/cdcr.cpp:1[m[K:
[01m[K/home/weiwei/Desktop/project/path_follow/src/path_follow/src/cdcr.hpp:63:70:[m[K [01;36m[Knote: [m[K  mismatched types ‘[01m[Kconst std::complex<_Tp>[m[K’ and ‘[01m[Kint[m[K’
   63 |         residual[0] = weight_position_*(length_continuum_/theta[0]*[01;36m[K(1-cos(theta[0]))[m[K*sin(alpha[0])+length_rigid2_*sin(theta[0])*sin(alpha[0])-y_);
      |                                                                    [01;36m[K~~^~~~~~~~~~~~~~~[m[K
In file included from [01m[K/usr/local/include/eigen3/Eigen/Core:96[m[K,
                 from [01m[K/usr/local/include/eigen3/Eigen/Dense:1[m[K,
                 from [01m[K/usr/local/include/eigen3/Eigen/Eigen:1[m[K,
                 from [01m[K/home/weiwei/Desktop/project/path_follow/src/path_follow/src/joint.hpp:2[m[K,
                 from [01m[K/home/weiwei/Desktop/project/path_follow/src/path_follow/src/cdcr.hpp:2[m[K,
                 from [01m[K/home/weiwei/Desktop/project/path_follow/src/path_follow/src/cdcr.cpp:1[m[K:
[01m[K/usr/include/c++/9/complex:370:5:[m[K [01;36m[Knote: [m[Kcandidate: ‘[01m[Ktemplate<class _Tp> std::complex<_Tp> std::operator-(const std::complex<_Tp>&, const _Tp&)[m[K’
  370 |     [01;36m[Koperator[m[K-(const complex<_Tp>& __x, const _Tp& __y)
      |     [01;36m[K^~~~~~~~[m[K
[01m[K/usr/include/c++/9/complex:370:5:[m[K [01;36m[Knote: [m[K  template argument deduction/substitution failed:
In file included from [01m[K/home/weiwei/Desktop/project/path_follow/src/path_follow/src/cdcr.cpp:1[m[K:
[01m[K/home/weiwei/Desktop/project/path_follow/src/path_follow/src/cdcr.hpp:63:70:[m[K [01;36m[Knote: [m[K  mismatched types ‘[01m[Kconst std::complex<_Tp>[m[K’ and ‘[01m[Kint[m[K’
   63 |         residual[0] = weight_position_*(length_continuum_/theta[0]*[01;36m[K(1-cos(theta[0]))[m[K*sin(alpha[0])+length_rigid2_*sin(theta[0])*sin(alpha[0])-y_);
      |                                                                    [01;36m[K~~^~~~~~~~~~~~~~~[m[K
In file included from [01m[K/usr/local/include/eigen3/Eigen/Core:96[m[K,
                 from [01m[K/usr/local/include/eigen3/Eigen/Dense:1[m[K,
                 from [01m[K/usr/local/include/eigen3/Eigen/Eigen:1[m[K,
                 from [01m[K/home/weiwei/Desktop/project/path_follow/src/path_follow/src/joint.hpp:2[m[K,
                 from [01m[K/home/weiwei/Desktop/project/path_follow/src/path_follow/src/cdcr.hpp:2[m[K,
                 from [01m[K/home/weiwei/Desktop/project/path_follow/src/path_follow/src/cdcr.cpp:1[m[K:
[01m[K/usr/include/c++/9/complex:379:5:[m[K [01;36m[Knote: [m[Kcandidate: ‘[01m[Ktemplate<class _Tp> std::complex<_Tp> std::operator-(const _Tp&, const std::complex<_Tp>&)[m[K’
  379 |     [01;36m[Koperator[m[K-(const _Tp& __x, const complex<_Tp>& __y)
      |     [01;36m[K^~~~~~~~[m[K
[01m[K/usr/include/c++/9/complex:379:5:[m[K [01;36m[Knote: [m[K  template argument deduction/substitution failed:
In file included from [01m[K/home/weiwei/Desktop/project/path_follow/src/path_follow/src/cdcr.cpp:1[m[K:
[01m[K/home/weiwei/Desktop/project/path_follow/src/path_follow/src/cdcr.hpp:63:70:[m[K [01;36m[Knote: [m[K  ‘[01m[Kceres::Jet<double, 2>[m[K’ is not derived from ‘[01m[Kconst std::complex<_Tp>[m[K’
   63 |         residual[0] = weight_position_*(length_continuum_/theta[0]*[01;36m[K(1-cos(theta[0]))[m[K*sin(alpha[0])+length_rigid2_*sin(theta[0])*sin(alpha[0])-y_);
      |                                                                    [01;36m[K~~^~~~~~~~~~~~~~~[m[K
In file included from [01m[K/usr/local/include/eigen3/Eigen/Core:96[m[K,
                 from [01m[K/usr/local/include/eigen3/Eigen/Dense:1[m[K,
                 from [01m[K/usr/local/include/eigen3/Eigen/Eigen:1[m[K,
                 from [01m[K/home/weiwei/Desktop/project/path_follow/src/path_follow/src/joint.hpp:2[m[K,
                 from [01m[K/home/weiwei/Desktop/project/path_follow/src/path_follow/src/cdcr.hpp:2[m[K,
                 from [01m[K/home/weiwei/Desktop/project/path_follow/src/path_follow/src/cdcr.cpp:1[m[K:
[01m[K/usr/include/c++/9/complex:456:5:[m[K [01;36m[Knote: [m[Kcandidate: ‘[01m[Ktemplate<class _Tp> std::complex<_Tp> std::operator-(const std::complex<_Tp>&)[m[K’
  456 |     [01;36m[Koperator[m[K-(const complex<_Tp>& __x)
      |     [01;36m[K^~~~~~~~[m[K
[01m[K/usr/include/c++/9/complex:456:5:[m[K [01;36m[Knote: [m[K  template argument deduction/substitution failed:
In file included from [01m[K/home/weiwei/Desktop/project/path_follow/src/path_follow/src/cdcr.cpp:1[m[K:
[01m[K/home/weiwei/Desktop/project/path_follow/src/path_follow/src/cdcr.hpp:63:70:[m[K [01;36m[Knote: [m[K  mismatched types ‘[01m[Kconst std::complex<_Tp>[m[K’ and ‘[01m[Kint[m[K’
   63 |         residual[0] = weight_position_*(length_continuum_/theta[0]*[01;36m[K(1-cos(theta[0]))[m[K*sin(alpha[0])+length_rigid2_*sin(theta[0])*sin(alpha[0])-y_);
      |                                                                    [01;36m[K~~^~~~~~~~~~~~~~~[m[K
In file included from [01m[K/usr/local/include/ceres/internal/autodiff.h:152[m[K,
                 from [01m[K/usr/local/include/ceres/autodiff_cost_function.h:130[m[K,
                 from [01m[K/usr/local/include/ceres/ceres.h:37[m[K,
                 from [01m[K/home/weiwei/Desktop/project/path_follow/src/path_follow/src/cdcr.hpp:11[m[K,
                 from [01m[K/home/weiwei/Desktop/project/path_follow/src/path_follow/src/cdcr.cpp:1[m[K:
[01m[K/usr/local/include/ceres/jet.h:307:18:[m[K [01;36m[Knote: [m[Kcandidate: ‘[01m[Ktemplate<class T, int N> ceres::Jet<T, N> ceres::operator-(const ceres::Jet<T, N>&)[m[K’
  307 | inline Jet<T, N> [01;36m[Koperator[m[K-(const Jet<T, N>& f) {
      |                  [01;36m[K^~~~~~~~[m[K
[01m[K/usr/local/include/ceres/jet.h:307:18:[m[K [01;36m[Knote: [m[K  template argument deduction/substitution failed:
In file included from [01m[K/home/weiwei/Desktop/project/path_follow/src/path_follow/src/cdcr.cpp:1[m[K:
[01m[K/home/weiwei/Desktop/project/path_follow/src/path_follow/src/cdcr.hpp:63:70:[m[K [01;36m[Knote: [m[K  mismatched types ‘[01m[Kconst ceres::Jet<T, N>[m[K’ and ‘[01m[Kint[m[K’
   63 |         residual[0] = weight_position_*(length_continuum_/theta[0]*[01;36m[K(1-cos(theta[0]))[m[K*sin(alpha[0])+length_rigid2_*sin(theta[0])*sin(alpha[0])-y_);
      |                                                                    [01;36m[K~~^~~~~~~~~~~~~~~[m[K
In file included from [01m[K/usr/local/include/ceres/internal/autodiff.h:152[m[K,
                 from [01m[K/usr/local/include/ceres/autodiff_cost_function.h:130[m[K,
                 from [01m[K/usr/local/include/ceres/ceres.h:37[m[K,
                 from [01m[K/home/weiwei/Desktop/project/path_follow/src/path_follow/src/cdcr.hpp:11[m[K,
                 from [01m[K/home/weiwei/Desktop/project/path_follow/src/path_follow/src/cdcr.cpp:1[m[K:
[01m[K/usr/local/include/ceres/jet.h:331:18:[m[K [01;36m[Knote: [m[Kcandidate: ‘[01m[Ktemplate<class T, int N> ceres::Jet<T, N> ceres::operator-(const ceres::Jet<T, N>&, const ceres::Jet<T, N>&)[m[K’
  331 | inline Jet<T, N> [01;36m[Koperator[m[K-(const Jet<T, N>& f, const Jet<T, N>& g) {
      |                  [01;36m[K^~~~~~~~[m[K
[01m[K/usr/local/include/ceres/jet.h:331:18:[m[K [01;36m[Knote: [m[K  template argument deduction/substitution failed:
In file included from [01m[K/home/weiwei/Desktop/project/path_follow/src/path_follow/src/cdcr.cpp:1[m[K:
[01m[K/home/weiwei/Desktop/project/path_follow/src/path_follow/src/cdcr.hpp:63:70:[m[K [01;36m[Knote: [m[K  mismatched types ‘[01m[Kconst ceres::Jet<T, N>[m[K’ and ‘[01m[Kint[m[K’
   63 |         residual[0] = weight_position_*(length_continuum_/theta[0]*[01;36m[K(1-cos(theta[0]))[m[K*sin(alpha[0])+length_rigid2_*sin(theta[0])*sin(alpha[0])-y_);
      |                                                                    [01;36m[K~~^~~~~~~~~~~~~~~[m[K
In file included from [01m[K/usr/local/include/ceres/internal/autodiff.h:152[m[K,
                 from [01m[K/usr/local/include/ceres/autodiff_cost_function.h:130[m[K,
                 from [01m[K/usr/local/include/ceres/ceres.h:37[m[K,
                 from [01m[K/home/weiwei/Desktop/project/path_follow/src/path_follow/src/cdcr.hpp:11[m[K,
                 from [01m[K/home/weiwei/Desktop/project/path_follow/src/path_follow/src/cdcr.cpp:1[m[K:
[01m[K/usr/local/include/ceres/jet.h:337:18:[m[K [01;36m[Knote: [m[Kcandidate: ‘[01m[Ktemplate<class T, int N> ceres::Jet<T, N> ceres::operator-(const ceres::Jet<T, N>&, T)[m[K’
  337 | inline Jet<T, N> [01;36m[Koperator[m[K-(const Jet<T, N>& f, T s) {
      |                  [01;36m[K^~~~~~~~[m[K
[01m[K/usr/local/include/ceres/jet.h:337:18:[m[K [01;36m[Knote: [m[K  template argument deduction/substitution failed:
In file included from [01m[K/home/weiwei/Desktop/project/path_follow/src/path_follow/src/cdcr.cpp:1[m[K:
[01m[K/home/weiwei/Desktop/project/path_follow/src/path_follow/src/cdcr.hpp:63:70:[m[K [01;36m[Knote: [m[K  mismatched types ‘[01m[Kconst ceres::Jet<T, N>[m[K’ and ‘[01m[Kint[m[K’
   63 |         residual[0] = weight_position_*(length_continuum_/theta[0]*[01;36m[K(1-cos(theta[0]))[m[K*sin(alpha[0])+length_rigid2_*sin(theta[0])*sin(alpha[0])-y_);
      |                                                                    [01;36m[K~~^~~~~~~~~~~~~~~[m[K
In file included from [01m[K/usr/local/include/ceres/internal/autodiff.h:152[m[K,
                 from [01m[K/usr/local/include/ceres/autodiff_cost_function.h:130[m[K,
                 from [01m[K/usr/local/include/ceres/ceres.h:37[m[K,
                 from [01m[K/home/weiwei/Desktop/project/path_follow/src/path_follow/src/cdcr.hpp:11[m[K,
                 from [01m[K/home/weiwei/Desktop/project/path_follow/src/path_follow/src/cdcr.cpp:1[m[K:
[01m[K/usr/local/include/ceres/jet.h:343:18:[m[K [01;36m[Knote: [m[Kcandidate: ‘[01m[Ktemplate<class T, int N> ceres::Jet<T, N> ceres::operator-(T, const ceres::Jet<T, N>&)[m[K’
  343 | inline Jet<T, N> [01;36m[Koperator[m[K-(T s, const Jet<T, N>& f) {
      |                  [01;36m[K^~~~~~~~[m[K
[01m[K/usr/local/include/ceres/jet.h:343:18:[m[K [01;36m[Knote: [m[K  template argument deduction/substitution failed:
In file included from [01m[K/home/weiwei/Desktop/project/path_follow/src/path_follow/src/cdcr.cpp:1[m[K:
[01m[K/home/weiwei/Desktop/project/path_follow/src/path_follow/src/cdcr.hpp:63:70:[m[K [01;36m[Knote: [m[K  deduced conflicting types for parameter ‘[01m[KT[m[K’ (‘[01m[Kint[m[K’ and ‘[01m[Kdouble[m[K’)
   63 |         residual[0] = weight_position_*(length_continuum_/theta[0]*[01;36m[K(1-cos(theta[0]))[m[K*sin(alpha[0])+length_rigid2_*sin(theta[0])*sin(alpha[0])-y_);
      |                                                                    [01;36m[K~~^~~~~~~~~~~~~~~[m[K
/home/weiwei/Desktop/project/path_follow/src/path_follow/src/cdcr.hpp: In instantiation of ‘[01m[Kbool CDCR::x_residual::operator()(const T*, const T*, T*) const [with T = ceres::Jet<double, 2>][m[K’:
[01m[K/usr/local/include/ceres/internal/variadic_evaluate.h:55:17:[m[K   required from ‘[01m[Kbool ceres::internal::VariadicEvaluateImpl(const Functor&, const T* const*, T*, std::false_type, std::integer_sequence<int, Indices ...>) [with Functor = CDCR::x_residual; T = ceres::Jet<double, 2>; int ...Indices = {0, 1}; std::false_type = std::integral_constant<bool, false>][m[K’
[01m[K/usr/local/include/ceres/internal/variadic_evaluate.h:77:30:[m[K   required from ‘[01m[Kbool ceres::internal::VariadicEvaluateImpl(const Functor&, const T* const*, T*, const void*) [with ParameterDims = ceres::internal::ParameterDims<false, 1, 1>; Functor = CDCR::x_residual; T = ceres::Jet<double, 2>][m[K’
[01m[K/usr/local/include/ceres/internal/variadic_evaluate.h:106:45:[m[K   required from ‘[01m[Kbool ceres::internal::VariadicEvaluate(const Functor&, const T* const*, T*) [with ParameterDims = ceres::internal::ParameterDims<false, 1, 1>; Functor = CDCR::x_residual; T = ceres::Jet<double, 2>][m[K’
[01m[K/usr/local/include/ceres/internal/autodiff.h:349:39:[m[K   required from ‘[01m[Kbool ceres::internal::AutoDifferentiate(const Functor&, const T* const*, int, T*, T**) [with int kNumResiduals = 1; ParameterDims = ceres::internal::ParameterDims<false, 1, 1>; Functor = CDCR::x_residual; T = double][m[K’
[01m[K/usr/local/include/ceres/autodiff_cost_function.h:211:69:[m[K   required from ‘[01m[Kbool ceres::AutoDiffCostFunction<CostFunctor, kNumResiduals, Ns>::Evaluate(const double* const*, double*, double**) const [with CostFunctor = CDCR::x_residual; int kNumResiduals = 1; int ...Ns = {1, 1}][m[K’
[01m[K/usr/local/include/ceres/autodiff_cost_function.h:201:8:[m[K   required from here
[01m[K/home/weiwei/Desktop/project/path_follow/src/path_follow/src/cdcr.hpp:45:70:[m[K [01;31m[Kerror: [m[Kno match for ‘[01m[Koperator-[m[K’ (operand types are ‘[01m[Kint[m[K’ and ‘[01m[Kceres::Jet<double, 2>[m[K’)
   45 |         residual[0] = weight_position_*(length_continuum_/theta[0]*[01;31m[K(1-cos(theta[0]))[m[K*cos(alpha[0])+length_rigid2_*sin(theta[0])*cos(alpha[0])-x_);
      |                                                                    [01;31m[K~~^~~~~~~~~~~~~~~[m[K
In file included from [01m[K/usr/include/c++/9/bits/stl_algobase.h:67[m[K,
                 from [01m[K/usr/include/c++/9/memory:62[m[K,
                 from [01m[K/opt/ros/foxy/include/rclcpp/rclcpp.hpp:144[m[K,
                 from [01m[K/home/weiwei/Desktop/project/path_follow/src/path_follow/src/cdcr.hpp:1[m[K,
                 from [01m[K/home/weiwei/Desktop/project/path_follow/src/path_follow/src/cdcr.cpp:1[m[K:
[01m[K/usr/include/c++/9/bits/stl_iterator.h:415:5:[m[K [01;36m[Knote: [m[Kcandidate: ‘[01m[Ktemplate<class _IteratorL, class _IteratorR> constexpr decltype ((__y.base() - __x.base())) std::operator-(const std::reverse_iterator<_Iterator>&, const std::reverse_iterator<_IteratorR>&)[m[K’
  415 |     [01;36m[Koperator[m[K-(const reverse_iterator<_IteratorL>& __x,
      |     [01;36m[K^~~~~~~~[m[K
[01m[K/usr/include/c++/9/bits/stl_iterator.h:415:5:[m[K [01;36m[Knote: [m[K  template argument deduction/substitution failed:
In file included from [01m[K/home/weiwei/Desktop/project/path_follow/src/path_follow/src/cdcr.cpp:1[m[K:
[01m[K/home/weiwei/Desktop/project/path_follow/src/path_follow/src/cdcr.hpp:45:70:[m[K [01;36m[Knote: [m[K  mismatched types ‘[01m[Kconst std::reverse_iterator<_Iterator>[m[K’ and ‘[01m[Kint[m[K’
   45 |         residual[0] = weight_position_*(length_continuum_/theta[0]*[01;36m[K(1-cos(theta[0]))[m[K*cos(alpha[0])+length_rigid2_*sin(theta[0])*cos(alpha[0])-x_);
      |                                                                    [01;36m[K~~^~~~~~~~~~~~~~~[m[K
In file included from [01m[K/usr/include/c++/9/bits/stl_algobase.h:67[m[K,
                 from [01m[K/usr/include/c++/9/memory:62[m[K,
                 from [01m[K/opt/ros/foxy/include/rclcpp/rclcpp.hpp:144[m[K,
                 from [01m[K/home/weiwei/Desktop/project/path_follow/src/path_follow/src/cdcr.hpp:1[m[K,
                 from [01m[K/home/weiwei/Desktop/project/path_follow/src/path_follow/src/cdcr.cpp:1[m[K:
[01m[K/usr/include/c++/9/bits/stl_iterator.h:1209:5:[m[K [01;36m[Knote: [m[Kcandidate: ‘[01m[Ktemplate<class _IteratorL, class _IteratorR> constexpr decltype ((__x.base() - __y.base())) std::operator-(const std::move_iterator<_IteratorL>&, const std::move_iterator<_IteratorR>&)[m[K’
 1209 |     [01;36m[Koperator[m[K-(const move_iterator<_IteratorL>& __x,
      |     [01;36m[K^~~~~~~~[m[K
[01m[K/usr/include/c++/9/bits/stl_iterator.h:1209:5:[m[K [01;36m[Knote: [m[K  template argument deduction/substitution failed:
In file included from [01m[K/home/weiwei/Desktop/project/path_follow/src/path_follow/src/cdcr.cpp:1[m[K:
[01m[K/home/weiwei/Desktop/project/path_follow/src/path_follow/src/cdcr.hpp:45:70:[m[K [01;36m[Knote: [m[K  mismatched types ‘[01m[Kconst std::move_iterator<_IteratorL>[m[K’ and ‘[01m[Kint[m[K’
   45 |         residual[0] = weight_position_*(length_continuum_/theta[0]*[01;36m[K(1-cos(theta[0]))[m[K*cos(alpha[0])+length_rigid2_*sin(theta[0])*cos(alpha[0])-x_);
      |                                                                    [01;36m[K~~^~~~~~~~~~~~~~~[m[K
In file included from [01m[K/usr/include/c++/9/vector:68[m[K,
                 from [01m[K/usr/include/c++/9/functional:62[m[K,
                 from [01m[K/usr/include/c++/9/pstl/glue_algorithm_defs.h:13[m[K,
                 from [01m[K/usr/include/c++/9/algorithm:71[m[K,
                 from [01m[K/opt/ros/foxy/include/rclcpp/executor.hpp:18[m[K,
                 from [01m[K/opt/ros/foxy/include/rclcpp/executors/multi_threaded_executor.hpp:26[m[K,
                 from [01m[K/opt/ros/foxy/include/rclcpp/executors.hpp:21[m[K,
                 from [01m[K/opt/ros/foxy/include/rclcpp/rclcpp.hpp:146[m[K,
                 from [01m[K/home/weiwei/Desktop/project/path_follow/src/path_follow/src/cdcr.hpp:1[m[K,
                 from [01m[K/home/weiwei/Desktop/project/path_follow/src/path_follow/src/cdcr.cpp:1[m[K:
[01m[K/usr/include/c++/9/bits/stl_bvector.h:214:3:[m[K [01;36m[Knote: [m[Kcandidate: ‘[01m[Kstd::ptrdiff_t std::operator-(const std::_Bit_iterator_base&, const std::_Bit_iterator_base&)[m[K’
  214 |   [01;36m[Koperator[m[K-(const _Bit_iterator_base& __x, const _Bit_iterator_base& __y)
      |   [01;36m[K^~~~~~~~[m[K
[01m[K/usr/include/c++/9/bits/stl_bvector.h:214:39:[m[K [01;36m[Knote: [m[K  no known conversion for argument 1 from ‘[01m[Kint[m[K’ to ‘[01m[Kconst std::_Bit_iterator_base&[m[K’
  214 |   operator-([01;36m[Kconst _Bit_iterator_base& __x[m[K, const _Bit_iterator_base& __y)
      |             [01;36m[K~~~~~~~~~~~~~~~~~~~~~~~~~~^~~[m[K
In file included from [01m[K/usr/local/include/eigen3/Eigen/Core:96[m[K,
                 from [01m[K/usr/local/include/eigen3/Eigen/Dense:1[m[K,
                 from [01m[K/usr/local/include/eigen3/Eigen/Eigen:1[m[K,
                 from [01m[K/home/weiwei/Desktop/project/path_follow/src/path_follow/src/joint.hpp:2[m[K,
                 from [01m[K/home/weiwei/Desktop/project/path_follow/src/path_follow/src/cdcr.hpp:2[m[K,
                 from [01m[K/home/weiwei/Desktop/project/path_follow/src/path_follow/src/cdcr.cpp:1[m[K:
[01m[K/usr/include/c++/9/complex:361:5:[m[K [01;36m[Knote: [m[Kcandidate: ‘[01m[Ktemplate<class _Tp> std::complex<_Tp> std::operator-(const std::complex<_Tp>&, const std::complex<_Tp>&)[m[K’
  361 |     [01;36m[Koperator[m[K-(const complex<_Tp>& __x, const complex<_Tp>& __y)
      |     [01;36m[K^~~~~~~~[m[K
[01m[K/usr/include/c++/9/complex:361:5:[m[K [01;36m[Knote: [m[K  template argument deduction/substitution failed:
In file included from [01m[K/home/weiwei/Desktop/project/path_follow/src/path_follow/src/cdcr.cpp:1[m[K:
[01m[K/home/weiwei/Desktop/project/path_follow/src/path_follow/src/cdcr.hpp:45:70:[m[K [01;36m[Knote: [m[K  mismatched types ‘[01m[Kconst std::complex<_Tp>[m[K’ and ‘[01m[Kint[m[K’
   45 |         residual[0] = weight_position_*(length_continuum_/theta[0]*[01;36m[K(1-cos(theta[0]))[m[K*cos(alpha[0])+length_rigid2_*sin(theta[0])*cos(alpha[0])-x_);
      |                                                                    [01;36m[K~~^~~~~~~~~~~~~~~[m[K
In file included from [01m[K/usr/local/include/eigen3/Eigen/Core:96[m[K,
                 from [01m[K/usr/local/include/eigen3/Eigen/Dense:1[m[K,
                 from [01m[K/usr/local/include/eigen3/Eigen/Eigen:1[m[K,
                 from [01m[K/home/weiwei/Desktop/project/path_follow/src/path_follow/src/joint.hpp:2[m[K,
                 from [01m[K/home/weiwei/Desktop/project/path_follow/src/path_follow/src/cdcr.hpp:2[m[K,
                 from [01m[K/home/weiwei/Desktop/project/path_follow/src/path_follow/src/cdcr.cpp:1[m[K:
[01m[K/usr/include/c++/9/complex:370:5:[m[K [01;36m[Knote: [m[Kcandidate: ‘[01m[Ktemplate<class _Tp> std::complex<_Tp> std::operator-(const std::complex<_Tp>&, const _Tp&)[m[K’
  370 |     [01;36m[Koperator[m[K-(const complex<_Tp>& __x, const _Tp& __y)
      |     [01;36m[K^~~~~~~~[m[K
[01m[K/usr/include/c++/9/complex:370:5:[m[K [01;36m[Knote: [m[K  template argument deduction/substitution failed:
In file included from [01m[K/home/weiwei/Desktop/project/path_follow/src/path_follow/src/cdcr.cpp:1[m[K:
[01m[K/home/weiwei/Desktop/project/path_follow/src/path_follow/src/cdcr.hpp:45:70:[m[K [01;36m[Knote: [m[K  mismatched types ‘[01m[Kconst std::complex<_Tp>[m[K’ and ‘[01m[Kint[m[K’
   45 |         residual[0] = weight_position_*(length_continuum_/theta[0]*[01;36m[K(1-cos(theta[0]))[m[K*cos(alpha[0])+length_rigid2_*sin(theta[0])*cos(alpha[0])-x_);
      |                                                                    [01;36m[K~~^~~~~~~~~~~~~~~[m[K
In file included from [01m[K/usr/local/include/eigen3/Eigen/Core:96[m[K,
                 from [01m[K/usr/local/include/eigen3/Eigen/Dense:1[m[K,
                 from [01m[K/usr/local/include/eigen3/Eigen/Eigen:1[m[K,
                 from [01m[K/home/weiwei/Desktop/project/path_follow/src/path_follow/src/joint.hpp:2[m[K,
                 from [01m[K/home/weiwei/Desktop/project/path_follow/src/path_follow/src/cdcr.hpp:2[m[K,
                 from [01m[K/home/weiwei/Desktop/project/path_follow/src/path_follow/src/cdcr.cpp:1[m[K:
[01m[K/usr/include/c++/9/complex:379:5:[m[K [01;36m[Knote: [m[Kcandidate: ‘[01m[Ktemplate<class _Tp> std::complex<_Tp> std::operator-(const _Tp&, const std::complex<_Tp>&)[m[K’
  379 |     [01;36m[Koperator[m[K-(const _Tp& __x, const complex<_Tp>& __y)
      |     [01;36m[K^~~~~~~~[m[K
[01m[K/usr/include/c++/9/complex:379:5:[m[K [01;36m[Knote: [m[K  template argument deduction/substitution failed:
In file included from [01m[K/home/weiwei/Desktop/project/path_follow/src/path_follow/src/cdcr.cpp:1[m[K:
[01m[K/home/weiwei/Desktop/project/path_follow/src/path_follow/src/cdcr.hpp:45:70:[m[K [01;36m[Knote: [m[K  ‘[01m[Kceres::Jet<double, 2>[m[K’ is not derived from ‘[01m[Kconst std::complex<_Tp>[m[K’
   45 |         residual[0] = weight_position_*(length_continuum_/theta[0]*[01;36m[K(1-cos(theta[0]))[m[K*cos(alpha[0])+length_rigid2_*sin(theta[0])*cos(alpha[0])-x_);
      |                                                                    [01;36m[K~~^~~~~~~~~~~~~~~[m[K
In file included from [01m[K/usr/local/include/eigen3/Eigen/Core:96[m[K,
                 from [01m[K/usr/local/include/eigen3/Eigen/Dense:1[m[K,
                 from [01m[K/usr/local/include/eigen3/Eigen/Eigen:1[m[K,
                 from [01m[K/home/weiwei/Desktop/project/path_follow/src/path_follow/src/joint.hpp:2[m[K,
                 from [01m[K/home/weiwei/Desktop/project/path_follow/src/path_follow/src/cdcr.hpp:2[m[K,
                 from [01m[K/home/weiwei/Desktop/project/path_follow/src/path_follow/src/cdcr.cpp:1[m[K:
[01m[K/usr/include/c++/9/complex:456:5:[m[K [01;36m[Knote: [m[Kcandidate: ‘[01m[Ktemplate<class _Tp> std::complex<_Tp> std::operator-(const std::complex<_Tp>&)[m[K’
  456 |     [01;36m[Koperator[m[K-(const complex<_Tp>& __x)
      |     [01;36m[K^~~~~~~~[m[K
[01m[K/usr/include/c++/9/complex:456:5:[m[K [01;36m[Knote: [m[K  template argument deduction/substitution failed:
In file included from [01m[K/home/weiwei/Desktop/project/path_follow/src/path_follow/src/cdcr.cpp:1[m[K:
[01m[K/home/weiwei/Desktop/project/path_follow/src/path_follow/src/cdcr.hpp:45:70:[m[K [01;36m[Knote: [m[K  mismatched types ‘[01m[Kconst std::complex<_Tp>[m[K’ and ‘[01m[Kint[m[K’
   45 |         residual[0] = weight_position_*(length_continuum_/theta[0]*[01;36m[K(1-cos(theta[0]))[m[K*cos(alpha[0])+length_rigid2_*sin(theta[0])*cos(alpha[0])-x_);
      |                                                                    [01;36m[K~~^~~~~~~~~~~~~~~[m[K
In file included from [01m[K/usr/local/include/ceres/internal/autodiff.h:152[m[K,
                 from [01m[K/usr/local/include/ceres/autodiff_cost_function.h:130[m[K,
                 from [01m[K/usr/local/include/ceres/ceres.h:37[m[K,
                 from [01m[K/home/weiwei/Desktop/project/path_follow/src/path_follow/src/cdcr.hpp:11[m[K,
                 from [01m[K/home/weiwei/Desktop/project/path_follow/src/path_follow/src/cdcr.cpp:1[m[K:
[01m[K/usr/local/include/ceres/jet.h:307:18:[m[K [01;36m[Knote: [m[Kcandidate: ‘[01m[Ktemplate<class T, int N> ceres::Jet<T, N> ceres::operator-(const ceres::Jet<T, N>&)[m[K’
  307 | inline Jet<T, N> [01;36m[Koperator[m[K-(const Jet<T, N>& f) {
      |                  [01;36m[K^~~~~~~~[m[K
[01m[K/usr/local/include/ceres/jet.h:307:18:[m[K [01;36m[Knote: [m[K  template argument deduction/substitution failed:
In file included from [01m[K/home/weiwei/Desktop/project/path_follow/src/path_follow/src/cdcr.cpp:1[m[K:
[01m[K/home/weiwei/Desktop/project/path_follow/src/path_follow/src/cdcr.hpp:45:70:[m[K [01;36m[Knote: [m[K  mismatched types ‘[01m[Kconst ceres::Jet<T, N>[m[K’ and ‘[01m[Kint[m[K’
   45 |         residual[0] = weight_position_*(length_continuum_/theta[0]*[01;36m[K(1-cos(theta[0]))[m[K*cos(alpha[0])+length_rigid2_*sin(theta[0])*cos(alpha[0])-x_);
      |                                                                    [01;36m[K~~^~~~~~~~~~~~~~~[m[K
In file included from [01m[K/usr/local/include/ceres/internal/autodiff.h:152[m[K,
                 from [01m[K/usr/local/include/ceres/autodiff_cost_function.h:130[m[K,
                 from [01m[K/usr/local/include/ceres/ceres.h:37[m[K,
                 from [01m[K/home/weiwei/Desktop/project/path_follow/src/path_follow/src/cdcr.hpp:11[m[K,
                 from [01m[K/home/weiwei/Desktop/project/path_follow/src/path_follow/src/cdcr.cpp:1[m[K:
[01m[K/usr/local/include/ceres/jet.h:331:18:[m[K [01;36m[Knote: [m[Kcandidate: ‘[01m[Ktemplate<class T, int N> ceres::Jet<T, N> ceres::operator-(const ceres::Jet<T, N>&, const ceres::Jet<T, N>&)[m[K’
  331 | inline Jet<T, N> [01;36m[Koperator[m[K-(const Jet<T, N>& f, const Jet<T, N>& g) {
      |                  [01;36m[K^~~~~~~~[m[K
[01m[K/usr/local/include/ceres/jet.h:331:18:[m[K [01;36m[Knote: [m[K  template argument deduction/substitution failed:
In file included from [01m[K/home/weiwei/Desktop/project/path_follow/src/path_follow/src/cdcr.cpp:1[m[K:
[01m[K/home/weiwei/Desktop/project/path_follow/src/path_follow/src/cdcr.hpp:45:70:[m[K [01;36m[Knote: [m[K  mismatched types ‘[01m[Kconst ceres::Jet<T, N>[m[K’ and ‘[01m[Kint[m[K’
   45 |         residual[0] = weight_position_*(length_continuum_/theta[0]*[01;36m[K(1-cos(theta[0]))[m[K*cos(alpha[0])+length_rigid2_*sin(theta[0])*cos(alpha[0])-x_);
      |                                                                    [01;36m[K~~^~~~~~~~~~~~~~~[m[K
In file included from [01m[K/usr/local/include/ceres/internal/autodiff.h:152[m[K,
                 from [01m[K/usr/local/include/ceres/autodiff_cost_function.h:130[m[K,
                 from [01m[K/usr/local/include/ceres/ceres.h:37[m[K,
                 from [01m[K/home/weiwei/Desktop/project/path_follow/src/path_follow/src/cdcr.hpp:11[m[K,
                 from [01m[K/home/weiwei/Desktop/project/path_follow/src/path_follow/src/cdcr.cpp:1[m[K:
[01m[K/usr/local/include/ceres/jet.h:337:18:[m[K [01;36m[Knote: [m[Kcandidate: ‘[01m[Ktemplate<class T, int N> ceres::Jet<T, N> ceres::operator-(const ceres::Jet<T, N>&, T)[m[K’
  337 | inline Jet<T, N> [01;36m[Koperator[m[K-(const Jet<T, N>& f, T s) {
      |                  [01;36m[K^~~~~~~~[m[K
[01m[K/usr/local/include/ceres/jet.h:337:18:[m[K [01;36m[Knote: [m[K  template argument deduction/substitution failed:
In file included from [01m[K/home/weiwei/Desktop/project/path_follow/src/path_follow/src/cdcr.cpp:1[m[K:
[01m[K/home/weiwei/Desktop/project/path_follow/src/path_follow/src/cdcr.hpp:45:70:[m[K [01;36m[Knote: [m[K  mismatched types ‘[01m[Kconst ceres::Jet<T, N>[m[K’ and ‘[01m[Kint[m[K’
   45 |         residual[0] = weight_position_*(length_continuum_/theta[0]*[01;36m[K(1-cos(theta[0]))[m[K*cos(alpha[0])+length_rigid2_*sin(theta[0])*cos(alpha[0])-x_);
      |                                                                    [01;36m[K~~^~~~~~~~~~~~~~~[m[K
In file included from [01m[K/usr/local/include/ceres/internal/autodiff.h:152[m[K,
                 from [01m[K/usr/local/include/ceres/autodiff_cost_function.h:130[m[K,
                 from [01m[K/usr/local/include/ceres/ceres.h:37[m[K,
                 from [01m[K/home/weiwei/Desktop/project/path_follow/src/path_follow/src/cdcr.hpp:11[m[K,
                 from [01m[K/home/weiwei/Desktop/project/path_follow/src/path_follow/src/cdcr.cpp:1[m[K:
[01m[K/usr/local/include/ceres/jet.h:343:18:[m[K [01;36m[Knote: [m[Kcandidate: ‘[01m[Ktemplate<class T, int N> ceres::Jet<T, N> ceres::operator-(T, const ceres::Jet<T, N>&)[m[K’
  343 | inline Jet<T, N> [01;36m[Koperator[m[K-(T s, const Jet<T, N>& f) {
      |                  [01;36m[K^~~~~~~~[m[K
[01m[K/usr/local/include/ceres/jet.h:343:18:[m[K [01;36m[Knote: [m[K  template argument deduction/substitution failed:
In file included from [01m[K/home/weiwei/Desktop/project/path_follow/src/path_follow/src/cdcr.cpp:1[m[K:
[01m[K/home/weiwei/Desktop/project/path_follow/src/path_follow/src/cdcr.hpp:45:70:[m[K [01;36m[Knote: [m[K  deduced conflicting types for parameter ‘[01m[KT[m[K’ (‘[01m[Kint[m[K’ and ‘[01m[Kdouble[m[K’)
   45 |         residual[0] = weight_position_*(length_continuum_/theta[0]*[01;36m[K(1-cos(theta[0]))[m[K*cos(alpha[0])+length_rigid2_*sin(theta[0])*cos(alpha[0])-x_);
      |                                                                    [01;36m[K~~^~~~~~~~~~~~~~~[m[K
make[2]: *** [CMakeFiles/path_follow.dir/build.make:76：CMakeFiles/path_follow.dir/src/cdcr.cpp.o] 错误 1
make[1]: *** [CMakeFiles/Makefile2:78：CMakeFiles/path_follow.dir/all] 错误 2
make: *** [Makefile:141：all] 错误 2
