In file included from [01m[K/home/weiwei/Desktop/project/path_follow/src/path_follow/src/cdcr.cpp:1[m[K:
[01m[K/home/weiwei/Desktop/project/path_follow/src/path_follow/src/cdcr.hpp:[m[K In constructor ‘[01m[KCDCR::position_residual::position_residual(double, double, double, double, Eigen::Vector3d)[m[K’:
[01m[K/home/weiwei/Desktop/project/path_follow/src/path_follow/src/cdcr.hpp:59:27:[m[K [01;35m[Kwarning: [m[K‘[01m[KCDCR::position_residual::position_[m[K’ will be initialized after [[01;35m[K-Wreorder[m[K]
   59 |     const Eigen::Vector3d [01;35m[Kposition_[m[K;
      |                           [01;35m[K^~~~~~~~~[m[K
[01m[K/home/weiwei/Desktop/project/path_follow/src/path_follow/src/cdcr.hpp:57:18:[m[K [01;35m[Kwarning: [m[K  ‘[01m[Kconst double CDCR::position_residual::weight_position_[m[K’ [[01;35m[K-Wreorder[m[K]
   57 |     const double [01;35m[Kweight_position_[m[K;
      |                  [01;35m[K^~~~~~~~~~~~~~~~[m[K
[01m[K/home/weiwei/Desktop/project/path_follow/src/path_follow/src/cdcr.hpp:39:5:[m[K [01;35m[Kwarning: [m[K  when initialized here [[01;35m[K-Wreorder[m[K]
   39 |     [01;35m[Kposition_residual[m[K(double weight_position,
      |     [01;35m[K^~~~~~~~~~~~~~~~~[m[K
[01m[K/home/weiwei/Desktop/project/path_follow/src/path_follow/src/cdcr.hpp:[m[K In constructor ‘[01m[KCDCR::angle_residual::angle_residual(double, double, double, double, Eigen::Vector3d)[m[K’:
[01m[K/home/weiwei/Desktop/project/path_follow/src/path_follow/src/cdcr.hpp:82:27:[m[K [01;35m[Kwarning: [m[K‘[01m[KCDCR::angle_residual::tangent_vector_[m[K’ will be initialized after [[01;35m[K-Wreorder[m[K]
   82 |     const Eigen::Vector3d [01;35m[Ktangent_vector_[m[K;
      |                           [01;35m[K^~~~~~~~~~~~~~~[m[K
[01m[K/home/weiwei/Desktop/project/path_follow/src/path_follow/src/cdcr.hpp:80:18:[m[K [01;35m[Kwarning: [m[K  ‘[01m[Kconst double CDCR::angle_residual::weight_direction_[m[K’ [[01;35m[K-Wreorder[m[K]
   80 |     const double [01;35m[Kweight_direction_[m[K;
      |                  [01;35m[K^~~~~~~~~~~~~~~~~[m[K
[01m[K/home/weiwei/Desktop/project/path_follow/src/path_follow/src/cdcr.hpp:63:5:[m[K [01;35m[Kwarning: [m[K  when initialized here [[01;35m[K-Wreorder[m[K]
   63 |     [01;35m[Kangle_residual[m[K(double weight_direction,
      |     [01;35m[K^~~~~~~~~~~~~~[m[K
[01m[K/home/weiwei/Desktop/project/path_follow/src/path_follow/src/cdcr.cpp:[m[K In constructor ‘[01m[KCDCR::CDCR()[m[K’:
[01m[K/home/weiwei/Desktop/project/path_follow/src/path_follow/src/cdcr.cpp:117:12:[m[K [01;35m[Kwarning: [m[Kunused variable ‘[01m[Kbase_tolerance_deviation[m[K’ [[01;35m[K-Wunused-variable[m[K]
  117 |     double [01;35m[Kbase_tolerance_deviation[m[K = this->get_parameter("base_tolerance_deviation").as_double();
      |            [01;35m[K^~~~~~~~~~~~~~~~~~~~~~~~[m[K
In file included from [01m[K/opt/ros/foxy/include/rclcpp/service.hpp:34[m[K,
                 from [01m[K/opt/ros/foxy/include/rclcpp/callback_group.hpp:25[m[K,
                 from [01m[K/opt/ros/foxy/include/rclcpp/any_executable.hpp:20[m[K,
                 from [01m[K/opt/ros/foxy/include/rclcpp/memory_strategy.hpp:24[m[K,
                 from [01m[K/opt/ros/foxy/include/rclcpp/memory_strategies.hpp:18[m[K,
                 from [01m[K/opt/ros/foxy/include/rclcpp/executor_options.hpp:20[m[K,
                 from [01m[K/opt/ros/foxy/include/rclcpp/executor.hpp:33[m[K,
                 from [01m[K/opt/ros/foxy/include/rclcpp/executors/multi_threaded_executor.hpp:26[m[K,
                 from [01m[K/opt/ros/foxy/include/rclcpp/executors.hpp:21[m[K,
                 from [01m[K/opt/ros/foxy/include/rclcpp/rclcpp.hpp:146[m[K,
                 from [01m[K/home/weiwei/Desktop/project/path_follow/src/path_follow/src/cdcr.hpp:1[m[K,
                 from [01m[K/home/weiwei/Desktop/project/path_follow/src/path_follow/src/cdcr.cpp:1[m[K:
[01m[K/home/weiwei/Desktop/project/path_follow/src/path_follow/src/cdcr.cpp:[m[K In member function ‘[01m[Kvoid CDCR::discretePath()[m[K’:
[01m[K/home/weiwei/Desktop/project/path_follow/src/path_follow/src/cdcr.cpp:484:9:[m[K [01;31m[Kerror: [m[Kexpected ‘[01m[K;[m[K’ before ‘[01m[Kdo[m[K’
  484 |         [01;31m[KRCLCPP_INFO[m[K(this->get_logger(), "here: 478");
      |         [01;31m[K^~~~~~~~~~~[m[K
[01m[K/home/weiwei/Desktop/project/path_follow/src/path_follow/src/cdcr.cpp:[m[K In member function ‘[01m[Kvoid CDCR::path_follow_exeperience()[m[K’:
[01m[K/home/weiwei/Desktop/project/path_follow/src/path_follow/src/cdcr.cpp:557:27:[m[K [01;35m[Kwarning: [m[Kcomparison of integer expressions of different signedness: ‘[01m[Kint[m[K’ and ‘[01m[Kstd::vector<Joint>::size_type[m[K’ {aka ‘[01m[Klong unsigned int[m[K’} [[01;35m[K-Wsign-compare[m[K]
  557 |             for (int i=0;[01;35m[Ki<joints.size()[m[K;i++)
      |                          [01;35m[K~^~~~~~~~~~~~~~[m[K
[01m[K/home/weiwei/Desktop/project/path_follow/src/path_follow/src/cdcr.cpp:[m[K In member function ‘[01m[Kvoid CDCR::getCorrectTravelPointID()[m[K’:
[01m[K/home/weiwei/Desktop/project/path_follow/src/path_follow/src/cdcr.cpp:637:19:[m[K [01;35m[Kwarning: [m[Kcomparison of integer expressions of different signedness: ‘[01m[Kint[m[K’ and ‘[01m[Kstd::vector<Eigen::Matrix<double, 3, 1> >::size_type[m[K’ {aka ‘[01m[Klong unsigned int[m[K’} [[01;35m[K-Wsign-compare[m[K]
  637 |     for (int i=1;[01;35m[Ki<path_points.size()-1[m[K;i++)
      |                  [01;35m[K~^~~~~~~~~~~~~~~~~~~~~[m[K
[01m[K/home/weiwei/Desktop/project/path_follow/src/path_follow/src/cdcr.cpp:640:14:[m[K [01;35m[Kwarning: [m[Kcomparison of integer expressions of different signedness: ‘[01m[Kint[m[K’ and ‘[01m[Kstd::vector<Eigen::Matrix<double, 3, 1> >::size_type[m[K’ {aka ‘[01m[Klong unsigned int[m[K’} [[01;35m[K-Wsign-compare[m[K]
  640 |         if ([01;35m[Ki>=(path_points.size()-2)[m[K)
      |             [01;35m[K~^~~~~~~~~~~~~~~~~~~~~~~~[m[K
[01m[K/home/weiwei/Desktop/project/path_follow/src/path_follow/src/cdcr.cpp:661:23:[m[K [01;35m[Kwarning: [m[Kcomparison of integer expressions of different signedness: ‘[01m[Kint[m[K’ and ‘[01m[Kstd::vector<Eigen::Matrix<double, 3, 1> >::size_type[m[K’ {aka ‘[01m[Klong unsigned int[m[K’} [[01;35m[K-Wsign-compare[m[K]
  661 |         for (int j=i;[01;35m[Kj<path_points.size()-1[m[K;j++)
      |                      [01;35m[K~^~~~~~~~~~~~~~~~~~~~~[m[K
[01m[K/home/weiwei/Desktop/project/path_follow/src/path_follow/src/cdcr.cpp:663:18:[m[K [01;35m[Kwarning: [m[Kcomparison of integer expressions of different signedness: ‘[01m[Kint[m[K’ and ‘[01m[Kstd::vector<Eigen::Matrix<double, 3, 1> >::size_type[m[K’ {aka ‘[01m[Klong unsigned int[m[K’} [[01;35m[K-Wsign-compare[m[K]
  663 |             if ([01;35m[Kj==(path_points.size()-2)[m[K)
      |                 [01;35m[K~^~~~~~~~~~~~~~~~~~~~~~~~[m[K
[01m[K/home/weiwei/Desktop/project/path_follow/src/path_follow/src/cdcr.cpp:635:12:[m[K [01;35m[Kwarning: [m[Kunused variable ‘[01m[Kpath_deviation[m[K’ [[01;35m[K-Wunused-variable[m[K]
  635 |     double [01;35m[Kpath_deviation[m[K;
      |            [01;35m[K^~~~~~~~~~~~~~[m[K
[01m[K/home/weiwei/Desktop/project/path_follow/src/path_follow/src/cdcr.cpp:[m[K In member function ‘[01m[Kvoid CDCR::visualization()[m[K’:
[01m[K/home/weiwei/Desktop/project/path_follow/src/path_follow/src/cdcr.cpp:924:19:[m[K [01;35m[Kwarning: [m[Kcomparison of integer expressions of different signedness: ‘[01m[Kint[m[K’ and ‘[01m[Kstd::vector<Eigen::Matrix<double, 3, 1> >::size_type[m[K’ {aka ‘[01m[Klong unsigned int[m[K’} [[01;35m[K-Wsign-compare[m[K]
  924 |     for (int i=0;[01;35m[Ki<this->cdcr_points.size()[m[K;i+=2)
      |                  [01;35m[K~^~~~~~~~~~~~~~~~~~~~~~~~~[m[K
[01m[K/home/weiwei/Desktop/project/path_follow/src/path_follow/src/cdcr.cpp:934:19:[m[K [01;35m[Kwarning: [m[Kcomparison of integer expressions of different signedness: ‘[01m[Kint[m[K’ and ‘[01m[Kstd::vector<int>::size_type[m[K’ {aka ‘[01m[Klong unsigned int[m[K’} [[01;35m[K-Wsign-compare[m[K]
  934 |     for (int i=0;[01;35m[Ki<this->cdcr_segment_point_id.size()[m[K;i++)
      |                  [01;35m[K~^~~~~~~~~~~~~~~~~~~~~~~~~~~~~~~~~~~[m[K
[01m[K/home/weiwei/Desktop/project/path_follow/src/path_follow/src/cdcr.cpp:978:24:[m[K [01;35m[Kwarning: [m[Kcomparison of integer expressions of different signedness: ‘[01m[Kint[m[K’ and ‘[01m[Kstd::vector<Eigen::Matrix<double, 3, 1> >::size_type[m[K’ {aka ‘[01m[Klong unsigned int[m[K’} [[01;35m[K-Wsign-compare[m[K]
  978 |         for (int i=0; [01;35m[Ki<this->b_spline_path_interval_points.size()[m[K;i++)
      |                       [01;35m[K~^~~~~~~~~~~~~~~~~~~~~~~~~~~~~~~~~~~~~~~~~~~[m[K
[01m[K/home/weiwei/Desktop/project/path_follow/src/path_follow/src/cdcr.cpp:[m[K In member function ‘[01m[Kvoid CDCR::cal_deviation_get_max_deviation_path_point_id(double&, int&)[m[K’:
[01m[K/home/weiwei/Desktop/project/path_follow/src/path_follow/src/cdcr.cpp:1074:52:[m[K [01;35m[Kwarning: [m[Kcomparison of integer expressions of different signedness: ‘[01m[Kint[m[K’ and ‘[01m[Kstd::vector<Eigen::Matrix<double, 3, 1> >::size_type[m[K’ {aka ‘[01m[Klong unsigned int[m[K’} [[01;35m[K-Wsign-compare[m[K]
 1074 |                     if ([01;35m[Ktemp_current_cdcr_point_id >= this->cdcr_points.size()[m[K)
      |                         [01;35m[K~~~~~~~~~~~~~~~~~~~~~~~~~~~^~~~~~~~~~~~~~~~~~~~~~~~~~~[m[K
[01m[K/home/weiwei/Desktop/project/path_follow/src/path_follow/src/cdcr.cpp:[m[K In member function ‘[01m[Kvoid CDCR::find_closed_path_point(const int&, const Vector3d&, int&)[m[K’:
[01m[K/home/weiwei/Desktop/project/path_follow/src/path_follow/src/cdcr.cpp:1216:54:[m[K [01;35m[Kwarning: [m[Kcomparison of integer expressions of different signedness: ‘[01m[Kint[m[K’ and ‘[01m[Kstd::vector<Eigen::Matrix<double, 3, 1> >::size_type[m[K’ {aka ‘[01m[Klong unsigned int[m[K’} [[01;35m[K-Wsign-compare[m[K]
 1216 |         }while(temp_dot_value>0 && [01;35m[Ktemp_path_point_id<path_points.size()-2[m[K);
      |                                    [01;35m[K~~~~~~~~~~~~~~~~~~^~~~~~~~~~~~~~~~~~~~~[m[K
make[2]: *** [CMakeFiles/path_follow.dir/build.make:76：CMakeFiles/path_follow.dir/src/cdcr.cpp.o] 错误 1
make[1]: *** [CMakeFiles/Makefile2:78：CMakeFiles/path_follow.dir/all] 错误 2
make: *** [Makefile:141：all] 错误 2
