[0.082s] Invoking command in '/home/weiwei/Desktop/project/path_follow/build/path_follow': CMAKE_PREFIX_PATH=/opt/ros/foxy /usr/bin/cmake --build /home/weiwei/Desktop/project/path_follow/build/path_follow -- -j16 -l16
[0.118s] [35m[1mScanning dependencies of target path_follow[0m
[0.154s] [ 40%] [32mBuilding CXX object CMakeFiles/path_follow.dir/src/cdcr.cpp.o[0m
[0.154s] [ 40%] [32mBuilding CXX object CMakeFiles/path_follow.dir/src/main.cpp.o[0m
[2.923s] In file included from [01m[K/home/weiwei/Desktop/project/path_follow/src/path_follow/src/main.cpp:1[m[K:
[2.923s] [01m[K/home/weiwei/Desktop/project/path_follow/src/path_follow/src/cdcr.hpp:[m[K In constructor ‘[01m[KCDCR::position_residual::position_residual(double, double, double, double, Eigen::Vector3d)[m[K’:
[2.924s] [01m[K/home/weiwei/Desktop/project/path_follow/src/path_follow/src/cdcr.hpp:59:27:[m[K [01;35m[Kwarning: [m[K‘[01m[KCDCR::position_residual::position_[m[K’ will be initialized after [[01;35m[K-Wreorder[m[K]
[2.924s]    59 |     const Eigen::Vector3d [01;35m[Kposition_[m[K;
[2.924s]       |                           [01;35m[K^~~~~~~~~[m[K
[2.924s] [01m[K/home/weiwei/Desktop/project/path_follow/src/path_follow/src/cdcr.hpp:57:18:[m[K [01;35m[Kwarning: [m[K  ‘[01m[Kconst double CDCR::position_residual::weight_position_[m[K’ [[01;35m[K-Wreorder[m[K]
[2.924s]    57 |     const double [01;35m[Kweight_position_[m[K;
[2.924s]       |                  [01;35m[K^~~~~~~~~~~~~~~~[m[K
[2.924s] [01m[K/home/weiwei/Desktop/project/path_follow/src/path_follow/src/cdcr.hpp:39:5:[m[K [01;35m[Kwarning: [m[K  when initialized here [[01;35m[K-Wreorder[m[K]
[2.924s]    39 |     [01;35m[Kposition_residual[m[K(double weight_position,
[2.924s]       |     [01;35m[K^~~~~~~~~~~~~~~~~[m[K
[2.924s] [01m[K/home/weiwei/Desktop/project/path_follow/src/path_follow/src/cdcr.hpp:[m[K In constructor ‘[01m[KCDCR::angle_residual::angle_residual(double, double, double, double, Eigen::Vector3d)[m[K’:
[2.924s] [01m[K/home/weiwei/Desktop/project/path_follow/src/path_follow/src/cdcr.hpp:82:27:[m[K [01;35m[Kwarning: [m[K‘[01m[KCDCR::angle_residual::tangent_vector_[m[K’ will be initialized after [[01;35m[K-Wreorder[m[K]
[2.924s]    82 |     const Eigen::Vector3d [01;35m[Ktangent_vector_[m[K;
[2.924s]       |                           [01;35m[K^~~~~~~~~~~~~~~[m[K
[2.924s] [01m[K/home/weiwei/Desktop/project/path_follow/src/path_follow/src/cdcr.hpp:80:18:[m[K [01;35m[Kwarning: [m[K  ‘[01m[Kconst double CDCR::angle_residual::weight_direction_[m[K’ [[01;35m[K-Wreorder[m[K]
[2.924s]    80 |     const double [01;35m[Kweight_direction_[m[K;
[2.924s]       |                  [01;35m[K^~~~~~~~~~~~~~~~~[m[K
[2.924s] [01m[K/home/weiwei/Desktop/project/path_follow/src/path_follow/src/cdcr.hpp:63:5:[m[K [01;35m[Kwarning: [m[K  when initialized here [[01;35m[K-Wreorder[m[K]
[2.924s]    63 |     [01;35m[Kangle_residual[m[K(double weight_direction,
[2.924s]       |     [01;35m[K^~~~~~~~~~~~~~[m[K
[2.955s] In file included from [01m[K/home/weiwei/Desktop/project/path_follow/src/path_follow/src/cdcr.cpp:1[m[K:
[2.955s] [01m[K/home/weiwei/Desktop/project/path_follow/src/path_follow/src/cdcr.hpp:[m[K In constructor ‘[01m[KCDCR::position_residual::position_residual(double, double, double, double, Eigen::Vector3d)[m[K’:
[2.955s] [01m[K/home/weiwei/Desktop/project/path_follow/src/path_follow/src/cdcr.hpp:59:27:[m[K [01;35m[Kwarning: [m[K‘[01m[KCDCR::position_residual::position_[m[K’ will be initialized after [[01;35m[K-Wreorder[m[K]
[2.955s]    59 |     const Eigen::Vector3d [01;35m[Kposition_[m[K;
[2.955s]       |                           [01;35m[K^~~~~~~~~[m[K
[2.955s] [01m[K/home/weiwei/Desktop/project/path_follow/src/path_follow/src/cdcr.hpp:57:18:[m[K [01;35m[Kwarning: [m[K  ‘[01m[Kconst double CDCR::position_residual::weight_position_[m[K’ [[01;35m[K-Wreorder[m[K]
[2.955s]    57 |     const double [01;35m[Kweight_position_[m[K;
[2.955s]       |                  [01;35m[K^~~~~~~~~~~~~~~~[m[K
[2.955s] [01m[K/home/weiwei/Desktop/project/path_follow/src/path_follow/src/cdcr.hpp:39:5:[m[K [01;35m[Kwarning: [m[K  when initialized here [[01;35m[K-Wreorder[m[K]
[2.955s]    39 |     [01;35m[Kposition_residual[m[K(double weight_position,
[2.955s]       |     [01;35m[K^~~~~~~~~~~~~~~~~[m[K
[2.955s] [01m[K/home/weiwei/Desktop/project/path_follow/src/path_follow/src/cdcr.hpp:[m[K In constructor ‘[01m[KCDCR::angle_residual::angle_residual(double, double, double, double, Eigen::Vector3d)[m[K’:
[2.955s] [01m[K/home/weiwei/Desktop/project/path_follow/src/path_follow/src/cdcr.hpp:82:27:[m[K [01;35m[Kwarning: [m[K‘[01m[KCDCR::angle_residual::tangent_vector_[m[K’ will be initialized after [[01;35m[K-Wreorder[m[K]
[2.955s]    82 |     const Eigen::Vector3d [01;35m[Ktangent_vector_[m[K;
[2.955s]       |                           [01;35m[K^~~~~~~~~~~~~~~[m[K
[2.955s] [01m[K/home/weiwei/Desktop/project/path_follow/src/path_follow/src/cdcr.hpp:80:18:[m[K [01;35m[Kwarning: [m[K  ‘[01m[Kconst double CDCR::angle_residual::weight_direction_[m[K’ [[01;35m[K-Wreorder[m[K]
[2.955s]    80 |     const double [01;35m[Kweight_direction_[m[K;
[2.956s]       |                  [01;35m[K^~~~~~~~~~~~~~~~~[m[K
[2.956s] [01m[K/home/weiwei/Desktop/project/path_follow/src/path_follow/src/cdcr.hpp:63:5:[m[K [01;35m[Kwarning: [m[K  when initialized here [[01;35m[K-Wreorder[m[K]
[2.956s]    63 |     [01;35m[Kangle_residual[m[K(double weight_direction,
[2.956s]       |     [01;35m[K^~~~~~~~~~~~~~[m[K
[3.019s] [01m[K/home/weiwei/Desktop/project/path_follow/src/path_follow/src/cdcr.cpp:[m[K In constructor ‘[01m[KCDCR::CDCR()[m[K’:
[3.019s] [01m[K/home/weiwei/Desktop/project/path_follow/src/path_follow/src/cdcr.cpp:116:12:[m[K [01;35m[Kwarning: [m[Kunused variable ‘[01m[Kbase_tolerance_deviation[m[K’ [[01;35m[K-Wunused-variable[m[K]
[3.019s]   116 |     double [01;35m[Kbase_tolerance_deviation[m[K = this->get_parameter("base_tolerance_deviation").as_double();
[3.019s]       |            [01;35m[K^~~~~~~~~~~~~~~~~~~~~~~~[m[K
[3.064s] [01m[K/home/weiwei/Desktop/project/path_follow/src/path_follow/src/cdcr.cpp:[m[K In member function ‘[01m[Kvoid CDCR::discretePath()[m[K’:
[3.064s] [01m[K/home/weiwei/Desktop/project/path_follow/src/path_follow/src/cdcr.cpp:485:23:[m[K [01;35m[Kwarning: [m[Kcomparison of integer expressions of different signedness: ‘[01m[Kint[m[K’ and ‘[01m[Kstd::vector<Eigen::Matrix<double, 3, 1> >::size_type[m[K’ {aka ‘[01m[Klong unsigned int[m[K’} [[01;35m[K-Wsign-compare[m[K]
[3.064s]   485 |         for (int i=0;[01;35m[Ki<this->temp_b_spline_path_interval_poins.size()[m[K;i++)
[3.064s]       |                      [01;35m[K~^~~~~~~~~~~~~~~~~~~~~~~~~~~~~~~~~~~~~~~~~~~~~~~[m[K
[3.066s] [01m[K/home/weiwei/Desktop/project/path_follow/src/path_follow/src/cdcr.cpp:[m[K In member function ‘[01m[Kvoid CDCR::path_follow_exeperience()[m[K’:
[3.066s] [01m[K/home/weiwei/Desktop/project/path_follow/src/path_follow/src/cdcr.cpp:560:27:[m[K [01;35m[Kwarning: [m[Kcomparison of integer expressions of different signedness: ‘[01m[Kint[m[K’ and ‘[01m[Kstd::vector<Joint>::size_type[m[K’ {aka ‘[01m[Klong unsigned int[m[K’} [[01;35m[K-Wsign-compare[m[K]
[3.066s]   560 |             for (int i=0;[01;35m[Ki<joints.size()[m[K;i++)
[3.066s]       |                          [01;35m[K~^~~~~~~~~~~~~~[m[K
[3.071s] [01m[K/home/weiwei/Desktop/project/path_follow/src/path_follow/src/cdcr.cpp:[m[K In member function ‘[01m[Kvoid CDCR::getCorrectTravelPointID()[m[K’:
[3.071s] [01m[K/home/weiwei/Desktop/project/path_follow/src/path_follow/src/cdcr.cpp:635:19:[m[K [01;35m[Kwarning: [m[Kcomparison of integer expressions of different signedness: ‘[01m[Kint[m[K’ and ‘[01m[Kstd::vector<Eigen::Matrix<double, 3, 1> >::size_type[m[K’ {aka ‘[01m[Klong unsigned int[m[K’} [[01;35m[K-Wsign-compare[m[K]
[3.071s]   635 |     for (int i=1;[01;35m[Ki<path_points.size()-1[m[K;i++)
[3.071s]       |                  [01;35m[K~^~~~~~~~~~~~~~~~~~~~~[m[K
[3.071s] [01m[K/home/weiwei/Desktop/project/path_follow/src/path_follow/src/cdcr.cpp:637:14:[m[K [01;35m[Kwarning: [m[Kcomparison of integer expressions of different signedness: ‘[01m[Kint[m[K’ and ‘[01m[Kstd::vector<Eigen::Matrix<double, 3, 1> >::size_type[m[K’ {aka ‘[01m[Klong unsigned int[m[K’} [[01;35m[K-Wsign-compare[m[K]
[3.071s]   637 |         if ([01;35m[Ki>=(path_points.size()-2)[m[K)
[3.071s]       |             [01;35m[K~^~~~~~~~~~~~~~~~~~~~~~~~[m[K
[3.072s] [01m[K/home/weiwei/Desktop/project/path_follow/src/path_follow/src/cdcr.cpp:652:23:[m[K [01;35m[Kwarning: [m[Kcomparison of integer expressions of different signedness: ‘[01m[Kint[m[K’ and ‘[01m[Kstd::vector<Eigen::Matrix<double, 3, 1> >::size_type[m[K’ {aka ‘[01m[Klong unsigned int[m[K’} [[01;35m[K-Wsign-compare[m[K]
[3.072s]   652 |         for (int j=i;[01;35m[Kj<path_points.size()-1[m[K;j++)
[3.072s]       |                      [01;35m[K~^~~~~~~~~~~~~~~~~~~~~[m[K
[3.072s] [01m[K/home/weiwei/Desktop/project/path_follow/src/path_follow/src/cdcr.cpp:654:18:[m[K [01;35m[Kwarning: [m[Kcomparison of integer expressions of different signedness: ‘[01m[Kint[m[K’ and ‘[01m[Kstd::vector<Eigen::Matrix<double, 3, 1> >::size_type[m[K’ {aka ‘[01m[Klong unsigned int[m[K’} [[01;35m[K-Wsign-compare[m[K]
[3.072s]   654 |             if ([01;35m[Kj==(path_points.size()-2)[m[K)
[3.072s]       |                 [01;35m[K~^~~~~~~~~~~~~~~~~~~~~~~~[m[K
[3.072s] [01m[K/home/weiwei/Desktop/project/path_follow/src/path_follow/src/cdcr.cpp:633:12:[m[K [01;35m[Kwarning: [m[Kunused variable ‘[01m[Kpath_deviation[m[K’ [[01;35m[K-Wunused-variable[m[K]
[3.072s]   633 |     double [01;35m[Kpath_deviation[m[K;
[3.072s]       |            [01;35m[K^~~~~~~~~~~~~~[m[K
[3.198s] [01m[K/home/weiwei/Desktop/project/path_follow/src/path_follow/src/cdcr.cpp:[m[K In member function ‘[01m[Kvoid CDCR::visualization()[m[K’:
[3.198s] [01m[K/home/weiwei/Desktop/project/path_follow/src/path_follow/src/cdcr.cpp:911:19:[m[K [01;35m[Kwarning: [m[Kcomparison of integer expressions of different signedness: ‘[01m[Kint[m[K’ and ‘[01m[Kstd::vector<Eigen::Matrix<double, 3, 1> >::size_type[m[K’ {aka ‘[01m[Klong unsigned int[m[K’} [[01;35m[K-Wsign-compare[m[K]
[3.198s]   911 |     for (int i=0;[01;35m[Ki<this->cdcr_points.size()[m[K;i+=2)
[3.198s]       |                  [01;35m[K~^~~~~~~~~~~~~~~~~~~~~~~~~[m[K
[3.198s] [01m[K/home/weiwei/Desktop/project/path_follow/src/path_follow/src/cdcr.cpp:921:19:[m[K [01;35m[Kwarning: [m[Kcomparison of integer expressions of different signedness: ‘[01m[Kint[m[K’ and ‘[01m[Kstd::vector<int>::size_type[m[K’ {aka ‘[01m[Klong unsigned int[m[K’} [[01;35m[K-Wsign-compare[m[K]
[3.198s]   921 |     for (int i=0;[01;35m[Ki<this->cdcr_segment_point_id.size()[m[K;i++)
[3.199s]       |                  [01;35m[K~^~~~~~~~~~~~~~~~~~~~~~~~~~~~~~~~~~~[m[K
[3.199s] [01m[K/home/weiwei/Desktop/project/path_follow/src/path_follow/src/cdcr.cpp:965:24:[m[K [01;35m[Kwarning: [m[Kcomparison of integer expressions of different signedness: ‘[01m[Kint[m[K’ and ‘[01m[Kstd::vector<Eigen::Matrix<double, 3, 1> >::size_type[m[K’ {aka ‘[01m[Klong unsigned int[m[K’} [[01;35m[K-Wsign-compare[m[K]
[3.199s]   965 |         for (int i=0; [01;35m[Ki<this->b_spline_path_interval_points.size()[m[K;i++)
[3.199s]       |                       [01;35m[K~^~~~~~~~~~~~~~~~~~~~~~~~~~~~~~~~~~~~~~~~~~~[m[K
[3.200s] [01m[K/home/weiwei/Desktop/project/path_follow/src/path_follow/src/cdcr.cpp:1018:25:[m[K [01;31m[Kerror: [m[Kredeclaration of ‘[01m[KEigen::Vector3d temp_axis[m[K’
[3.200s]  1018 |         Eigen::Vector3d [01;31m[Ktemp_axis[m[K, rotation_axis;
[3.200s]       |                         [01;31m[K^~~~~~~~~[m[K
[3.200s] [01m[K/home/weiwei/Desktop/project/path_follow/src/path_follow/src/cdcr.cpp:991:25:[m[K [01;36m[Knote: [m[K‘[01m[KEigen::Vector3d temp_axis[m[K’ previously declared here
[3.200s]   991 |         Eigen::Vector3d [01;36m[Ktemp_axis[m[K, rotation_axis;
[3.200s]       |                         [01;36m[K^~~~~~~~~[m[K
[3.200s] [01m[K/home/weiwei/Desktop/project/path_follow/src/path_follow/src/cdcr.cpp:1018:36:[m[K [01;31m[Kerror: [m[Kredeclaration of ‘[01m[KEigen::Vector3d rotation_axis[m[K’
[3.200s]  1018 |         Eigen::Vector3d temp_axis, [01;31m[Krotation_axis[m[K;
[3.200s]       |                                    [01;31m[K^~~~~~~~~~~~~[m[K
[3.200s] [01m[K/home/weiwei/Desktop/project/path_follow/src/path_follow/src/cdcr.cpp:991:36:[m[K [01;36m[Knote: [m[K‘[01m[KEigen::Vector3d rotation_axis[m[K’ previously declared here
[3.200s]   991 |         Eigen::Vector3d temp_axis, [01;36m[Krotation_axis[m[K;
[3.200s]       |                                    [01;36m[K^~~~~~~~~~~~~[m[K
[3.200s] [01m[K/home/weiwei/Desktop/project/path_follow/src/path_follow/src/cdcr.cpp:1021:16:[m[K [01;31m[Kerror: [m[Kredeclaration of ‘[01m[Kdouble rotation_angle[m[K’
[3.200s]  1021 |         double [01;31m[Krotation_angle[m[K = acos(temp_axis.normalized().dot(Eigen::Vector3d(0.0,0.0,1.0)));
[3.200s]       |                [01;31m[K^~~~~~~~~~~~~~[m[K
[3.200s] [01m[K/home/weiwei/Desktop/project/path_follow/src/path_follow/src/cdcr.cpp:994:16:[m[K [01;36m[Knote: [m[K‘[01m[Kdouble rotation_angle[m[K’ previously declared here
[3.200s]   994 |         double [01;36m[Krotation_angle[m[K = acos(temp_axis.normalized().dot(Eigen::Vector3d(0.0,0.0,1.0)));
[3.200s]       |                [01;36m[K^~~~~~~~~~~~~~[m[K
[3.200s] [01m[K/home/weiwei/Desktop/project/path_follow/src/path_follow/src/cdcr.cpp:1022:25:[m[K [01;31m[Kerror: [m[Kredeclaration of ‘[01m[KEigen::Matrix3d rotation[m[K’
[3.200s]  1022 |         Eigen::Matrix3d [01;31m[Krotation[m[K = Eigen::AngleAxisd(rotation_angle, rotation_axis).toRotationMatrix();
[3.200s]       |                         [01;31m[K^~~~~~~~[m[K
[3.200s] [01m[K/home/weiwei/Desktop/project/path_follow/src/path_follow/src/cdcr.cpp:995:25:[m[K [01;36m[Knote: [m[K‘[01m[KEigen::Matrix3d rotation[m[K’ previously declared here
[3.201s]   995 |         Eigen::Matrix3d [01;36m[Krotation[m[K = Eigen::AngleAxisd(rotation_angle, rotation_axis).toRotationMatrix();
[3.201s]       |                         [01;36m[K^~~~~~~~[m[K
[3.201s] [01m[K/home/weiwei/Desktop/project/path_follow/src/path_follow/src/cdcr.cpp:1023:28:[m[K [01;31m[Kerror: [m[Kredeclaration of ‘[01m[KEigen::Quaterniond temp_q[m[K’
[3.201s]  1023 |         Eigen::Quaterniond [01;31m[Ktemp_q[m[K(rotation);
[3.201s]       |                            [01;31m[K^~~~~~[m[K
[3.201s] [01m[K/home/weiwei/Desktop/project/path_follow/src/path_follow/src/cdcr.cpp:996:28:[m[K [01;36m[Knote: [m[K‘[01m[KEigen::Quaterniond temp_q[m[K’ previously declared here
[3.201s]   996 |         Eigen::Quaterniond [01;36m[Ktemp_q[m[K(rotation);
[3.201s]       |                            [01;36m[K^~~~~~[m[K
[3.224s] [01m[K/home/weiwei/Desktop/project/path_follow/src/path_follow/src/cdcr.cpp:[m[K In member function ‘[01m[Kvoid CDCR::cal_deviation_get_max_deviation_path_point_id(double&, int&)[m[K’:
[3.224s] [01m[K/home/weiwei/Desktop/project/path_follow/src/path_follow/src/cdcr.cpp:1088:52:[m[K [01;35m[Kwarning: [m[Kcomparison of integer expressions of different signedness: ‘[01m[Kint[m[K’ and ‘[01m[Kstd::vector<Eigen::Matrix<double, 3, 1> >::size_type[m[K’ {aka ‘[01m[Klong unsigned int[m[K’} [[01;35m[K-Wsign-compare[m[K]
[3.224s]  1088 |                     if ([01;35m[Ktemp_current_cdcr_point_id >= this->cdcr_points.size()[m[K)
[3.224s]       |                         [01;35m[K~~~~~~~~~~~~~~~~~~~~~~~~~~~^~~~~~~~~~~~~~~~~~~~~~~~~~~[m[K
[3.265s] [01m[K/home/weiwei/Desktop/project/path_follow/src/path_follow/src/cdcr.cpp:[m[K In member function ‘[01m[Kvoid CDCR::find_closed_path_point(const int&, const Vector3d&, int&)[m[K’:
[3.265s] [01m[K/home/weiwei/Desktop/project/path_follow/src/path_follow/src/cdcr.cpp:1226:54:[m[K [01;35m[Kwarning: [m[Kcomparison of integer expressions of different signedness: ‘[01m[Kint[m[K’ and ‘[01m[Kstd::vector<Eigen::Matrix<double, 3, 1> >::size_type[m[K’ {aka ‘[01m[Klong unsigned int[m[K’} [[01;35m[K-Wsign-compare[m[K]
[3.265s]  1226 |         }while(temp_dot_value>0 && [01;35m[Ktemp_path_point_id<path_points.size()-2[m[K);
[3.265s]       |                                    [01;35m[K~~~~~~~~~~~~~~~~~~^~~~~~~~~~~~~~~~~~~~~[m[K
[5.085s] make[2]: *** [CMakeFiles/path_follow.dir/build.make:76：CMakeFiles/path_follow.dir/src/cdcr.cpp.o] 错误 1
[5.085s] make[1]: *** [CMakeFiles/Makefile2:78：CMakeFiles/path_follow.dir/all] 错误 2
[5.085s] make: *** [Makefile:141：all] 错误 2
[5.087s] Invoked command in '/home/weiwei/Desktop/project/path_follow/build/path_follow' returned '2': CMAKE_PREFIX_PATH=/opt/ros/foxy /usr/bin/cmake --build /home/weiwei/Desktop/project/path_follow/build/path_follow -- -j16 -l16
