[0.074s] Invoking command in '/home/weiwei/Desktop/project/path_follow/build/path_follow': CMAKE_PREFIX_PATH=/opt/ros/foxy /usr/bin/cmake --build /home/weiwei/Desktop/project/path_follow/build/path_follow -- -j16 -l16
[0.101s] [35m[1mScanning dependencies of target path_follow[0m
[0.134s] [ 20%] [32mBuilding CXX object CMakeFiles/path_follow.dir/src/cdcr.cpp.o[0m
[2.766s] In file included from [01m[K/home/weiwei/Desktop/project/path_follow/src/path_follow/src/cdcr.cpp:1[m[K:
[2.766s] [01m[K/home/weiwei/Desktop/project/path_follow/src/path_follow/src/cdcr.hpp:[m[K In constructor ‘[01m[KCDCR::position_residual::position_residual(double, double, double, double, Eigen::Vector3d)[m[K’:
[2.767s] [01m[K/home/weiwei/Desktop/project/path_follow/src/path_follow/src/cdcr.hpp:59:27:[m[K [01;35m[Kwarning: [m[K‘[01m[KCDCR::position_residual::position_[m[K’ will be initialized after [[01;35m[K-Wreorder[m[K]
[2.767s]    59 |     const Eigen::Vector3d [01;35m[Kposition_[m[K;
[2.767s]       |                           [01;35m[K^~~~~~~~~[m[K
[2.767s] [01m[K/home/weiwei/Desktop/project/path_follow/src/path_follow/src/cdcr.hpp:57:18:[m[K [01;35m[Kwarning: [m[K  ‘[01m[Kconst double CDCR::position_residual::weight_position_[m[K’ [[01;35m[K-Wreorder[m[K]
[2.767s]    57 |     const double [01;35m[Kweight_position_[m[K;
[2.767s]       |                  [01;35m[K^~~~~~~~~~~~~~~~[m[K
[2.767s] [01m[K/home/weiwei/Desktop/project/path_follow/src/path_follow/src/cdcr.hpp:39:5:[m[K [01;35m[Kwarning: [m[K  when initialized here [[01;35m[K-Wreorder[m[K]
[2.767s]    39 |     [01;35m[Kposition_residual[m[K(double weight_position,
[2.767s]       |     [01;35m[K^~~~~~~~~~~~~~~~~[m[K
[2.767s] [01m[K/home/weiwei/Desktop/project/path_follow/src/path_follow/src/cdcr.hpp:[m[K In constructor ‘[01m[KCDCR::angle_residual::angle_residual(double, double, double, double, Eigen::Vector3d)[m[K’:
[2.767s] [01m[K/home/weiwei/Desktop/project/path_follow/src/path_follow/src/cdcr.hpp:82:27:[m[K [01;35m[Kwarning: [m[K‘[01m[KCDCR::angle_residual::tangent_vector_[m[K’ will be initialized after [[01;35m[K-Wreorder[m[K]
[2.767s]    82 |     const Eigen::Vector3d [01;35m[Ktangent_vector_[m[K;
[2.767s]       |                           [01;35m[K^~~~~~~~~~~~~~~[m[K
[2.767s] [01m[K/home/weiwei/Desktop/project/path_follow/src/path_follow/src/cdcr.hpp:80:18:[m[K [01;35m[Kwarning: [m[K  ‘[01m[Kconst double CDCR::angle_residual::weight_direction_[m[K’ [[01;35m[K-Wreorder[m[K]
[2.767s]    80 |     const double [01;35m[Kweight_direction_[m[K;
[2.767s]       |                  [01;35m[K^~~~~~~~~~~~~~~~~[m[K
[2.767s] [01m[K/home/weiwei/Desktop/project/path_follow/src/path_follow/src/cdcr.hpp:63:5:[m[K [01;35m[Kwarning: [m[K  when initialized here [[01;35m[K-Wreorder[m[K]
[2.767s]    63 |     [01;35m[Kangle_residual[m[K(double weight_direction,
[2.767s]       |     [01;35m[K^~~~~~~~~~~~~~[m[K
[2.827s] [01m[K/home/weiwei/Desktop/project/path_follow/src/path_follow/src/cdcr.cpp:[m[K In constructor ‘[01m[KCDCR::CDCR()[m[K’:
[2.827s] [01m[K/home/weiwei/Desktop/project/path_follow/src/path_follow/src/cdcr.cpp:117:12:[m[K [01;35m[Kwarning: [m[Kunused variable ‘[01m[Kbase_tolerance_deviation[m[K’ [[01;35m[K-Wunused-variable[m[K]
[2.827s]   117 |     double [01;35m[Kbase_tolerance_deviation[m[K = this->get_parameter("base_tolerance_deviation").as_double();
[2.827s]       |            [01;35m[K^~~~~~~~~~~~~~~~~~~~~~~~[m[K
[2.870s] [01m[K/home/weiwei/Desktop/project/path_follow/src/path_follow/src/cdcr.cpp:[m[K In member function ‘[01m[Kvoid CDCR::path_follow_exeperience()[m[K’:
[2.870s] [01m[K/home/weiwei/Desktop/project/path_follow/src/path_follow/src/cdcr.cpp:559:27:[m[K [01;35m[Kwarning: [m[Kcomparison of integer expressions of different signedness: ‘[01m[Kint[m[K’ and ‘[01m[Kstd::vector<Joint>::size_type[m[K’ {aka ‘[01m[Klong unsigned int[m[K’} [[01;35m[K-Wsign-compare[m[K]
[2.870s]   559 |             for (int i=0;[01;35m[Ki<joints.size()[m[K;i++)
[2.870s]       |                          [01;35m[K~^~~~~~~~~~~~~~[m[K
[2.875s] [01m[K/home/weiwei/Desktop/project/path_follow/src/path_follow/src/cdcr.cpp:[m[K In member function ‘[01m[Kvoid CDCR::getCorrectTravelPointID()[m[K’:
[2.875s] [01m[K/home/weiwei/Desktop/project/path_follow/src/path_follow/src/cdcr.cpp:639:19:[m[K [01;35m[Kwarning: [m[Kcomparison of integer expressions of different signedness: ‘[01m[Kint[m[K’ and ‘[01m[Kstd::vector<Eigen::Matrix<double, 3, 1> >::size_type[m[K’ {aka ‘[01m[Klong unsigned int[m[K’} [[01;35m[K-Wsign-compare[m[K]
[2.875s]   639 |     for (int i=1;[01;35m[Ki<path_points.size()-1[m[K;i++)
[2.875s]       |                  [01;35m[K~^~~~~~~~~~~~~~~~~~~~~[m[K
[2.875s] [01m[K/home/weiwei/Desktop/project/path_follow/src/path_follow/src/cdcr.cpp:642:14:[m[K [01;35m[Kwarning: [m[Kcomparison of integer expressions of different signedness: ‘[01m[Kint[m[K’ and ‘[01m[Kstd::vector<Eigen::Matrix<double, 3, 1> >::size_type[m[K’ {aka ‘[01m[Klong unsigned int[m[K’} [[01;35m[K-Wsign-compare[m[K]
[2.875s]   642 |         if ([01;35m[Ki>=(path_points.size()-2)[m[K)
[2.875s]       |             [01;35m[K~^~~~~~~~~~~~~~~~~~~~~~~~[m[K
[2.876s] [01m[K/home/weiwei/Desktop/project/path_follow/src/path_follow/src/cdcr.cpp:663:23:[m[K [01;35m[Kwarning: [m[Kcomparison of integer expressions of different signedness: ‘[01m[Kint[m[K’ and ‘[01m[Kstd::vector<Eigen::Matrix<double, 3, 1> >::size_type[m[K’ {aka ‘[01m[Klong unsigned int[m[K’} [[01;35m[K-Wsign-compare[m[K]
[2.876s]   663 |         for (int j=i;[01;35m[Kj<path_points.size()-1[m[K;j++)
[2.876s]       |                      [01;35m[K~^~~~~~~~~~~~~~~~~~~~~[m[K
[2.876s] [01m[K/home/weiwei/Desktop/project/path_follow/src/path_follow/src/cdcr.cpp:665:18:[m[K [01;35m[Kwarning: [m[Kcomparison of integer expressions of different signedness: ‘[01m[Kint[m[K’ and ‘[01m[Kstd::vector<Eigen::Matrix<double, 3, 1> >::size_type[m[K’ {aka ‘[01m[Klong unsigned int[m[K’} [[01;35m[K-Wsign-compare[m[K]
[2.876s]   665 |             if ([01;35m[Kj==(path_points.size()-2)[m[K)
[2.876s]       |                 [01;35m[K~^~~~~~~~~~~~~~~~~~~~~~~~[m[K
[2.877s] [01m[K/home/weiwei/Desktop/project/path_follow/src/path_follow/src/cdcr.cpp:637:12:[m[K [01;35m[Kwarning: [m[Kunused variable ‘[01m[Kpath_deviation[m[K’ [[01;35m[K-Wunused-variable[m[K]
[2.877s]   637 |     double [01;35m[Kpath_deviation[m[K;
[2.877s]       |            [01;35m[K^~~~~~~~~~~~~~[m[K
[2.980s] [01m[K/home/weiwei/Desktop/project/path_follow/src/path_follow/src/cdcr.cpp:[m[K In member function ‘[01m[Kvoid CDCR::visualization()[m[K’:
[2.980s] [01m[K/home/weiwei/Desktop/project/path_follow/src/path_follow/src/cdcr.cpp:926:19:[m[K [01;35m[Kwarning: [m[Kcomparison of integer expressions of different signedness: ‘[01m[Kint[m[K’ and ‘[01m[Kstd::vector<Eigen::Matrix<double, 3, 1> >::size_type[m[K’ {aka ‘[01m[Klong unsigned int[m[K’} [[01;35m[K-Wsign-compare[m[K]
[2.980s]   926 |     for (int i=0;[01;35m[Ki<this->cdcr_points.size()[m[K;i+=2)
[2.980s]       |                  [01;35m[K~^~~~~~~~~~~~~~~~~~~~~~~~~[m[K
[2.980s] [01m[K/home/weiwei/Desktop/project/path_follow/src/path_follow/src/cdcr.cpp:936:19:[m[K [01;35m[Kwarning: [m[Kcomparison of integer expressions of different signedness: ‘[01m[Kint[m[K’ and ‘[01m[Kstd::vector<int>::size_type[m[K’ {aka ‘[01m[Klong unsigned int[m[K’} [[01;35m[K-Wsign-compare[m[K]
[2.980s]   936 |     for (int i=0;[01;35m[Ki<this->cdcr_segment_point_id.size()[m[K;i++)
[2.980s]       |                  [01;35m[K~^~~~~~~~~~~~~~~~~~~~~~~~~~~~~~~~~~~[m[K
[2.980s] [01m[K/home/weiwei/Desktop/project/path_follow/src/path_follow/src/cdcr.cpp:980:24:[m[K [01;35m[Kwarning: [m[Kcomparison of integer expressions of different signedness: ‘[01m[Kint[m[K’ and ‘[01m[Kstd::vector<Eigen::Matrix<double, 3, 1> >::size_type[m[K’ {aka ‘[01m[Klong unsigned int[m[K’} [[01;35m[K-Wsign-compare[m[K]
[2.980s]   980 |         for (int i=0; [01;35m[Ki<this->b_spline_path_interval_points.size()[m[K;i++)
[2.980s]       |                       [01;35m[K~^~~~~~~~~~~~~~~~~~~~~~~~~~~~~~~~~~~~~~~~~~~[m[K
[2.999s] [01m[K/home/weiwei/Desktop/project/path_follow/src/path_follow/src/cdcr.cpp:[m[K In member function ‘[01m[Kvoid CDCR::cal_deviation_get_max_deviation_path_point_id(double&, int&)[m[K’:
[2.999s] [01m[K/home/weiwei/Desktop/project/path_follow/src/path_follow/src/cdcr.cpp:1076:52:[m[K [01;35m[Kwarning: [m[Kcomparison of integer expressions of different signedness: ‘[01m[Kint[m[K’ and ‘[01m[Kstd::vector<Eigen::Matrix<double, 3, 1> >::size_type[m[K’ {aka ‘[01m[Klong unsigned int[m[K’} [[01;35m[K-Wsign-compare[m[K]
[2.999s]  1076 |                     if ([01;35m[Ktemp_current_cdcr_point_id >= this->cdcr_points.size()[m[K)
[2.999s]       |                         [01;35m[K~~~~~~~~~~~~~~~~~~~~~~~~~~~^~~~~~~~~~~~~~~~~~~~~~~~~~~[m[K
[3.032s] [01m[K/home/weiwei/Desktop/project/path_follow/src/path_follow/src/cdcr.cpp:[m[K In member function ‘[01m[Kvoid CDCR::fitCDCR()[m[K’:
[3.033s] [01m[K/home/weiwei/Desktop/project/path_follow/src/path_follow/src/cdcr.cpp:1114:12:[m[K [01;35m[Kwarning: [m[Kvariable ‘[01m[Ktemp_theta[m[K’ set but not used [[01;35m[K-Wunused-but-set-variable[m[K]
[3.033s]  1114 |     double [01;35m[Ktemp_theta[m[K = 0.0, temp_alpha = 0.0;
[3.033s]       |            [01;35m[K^~~~~~~~~~[m[K
[3.033s] [01m[K/home/weiwei/Desktop/project/path_follow/src/path_follow/src/cdcr.cpp:1114:30:[m[K [01;35m[Kwarning: [m[Kvariable ‘[01m[Ktemp_alpha[m[K’ set but not used [[01;35m[K-Wunused-but-set-variable[m[K]
[3.033s]  1114 |     double temp_theta = 0.0, [01;35m[Ktemp_alpha[m[K = 0.0;
[3.033s]       |                              [01;35m[K^~~~~~~~~~[m[K
[3.033s] [01m[K/home/weiwei/Desktop/project/path_follow/src/path_follow/src/cdcr.cpp:[m[K In member function ‘[01m[Kvoid CDCR::find_closed_path_point(const int&, const Vector3d&, int&)[m[K’:
[3.033s] [01m[K/home/weiwei/Desktop/project/path_follow/src/path_follow/src/cdcr.cpp:1218:54:[m[K [01;35m[Kwarning: [m[Kcomparison of integer expressions of different signedness: ‘[01m[Kint[m[K’ and ‘[01m[Kstd::vector<Eigen::Matrix<double, 3, 1> >::size_type[m[K’ {aka ‘[01m[Klong unsigned int[m[K’} [[01;35m[K-Wsign-compare[m[K]
[3.033s]  1218 |         }while(temp_dot_value>0 && [01;35m[Ktemp_path_point_id<path_points.size()-2[m[K);
[3.033s]       |                                    [01;35m[K~~~~~~~~~~~~~~~~~~^~~~~~~~~~~~~~~~~~~~~[m[K
[7.301s] [ 40%] [32m[1mLinking CXX executable path_follow[0m
[7.842s] [100%] Built target path_follow
[7.851s] Invoked command in '/home/weiwei/Desktop/project/path_follow/build/path_follow' returned '0': CMAKE_PREFIX_PATH=/opt/ros/foxy /usr/bin/cmake --build /home/weiwei/Desktop/project/path_follow/build/path_follow -- -j16 -l16
[7.877s] Invoking command in '/home/weiwei/Desktop/project/path_follow/build/path_follow': CMAKE_PREFIX_PATH=/opt/ros/foxy /usr/bin/cmake --install /home/weiwei/Desktop/project/path_follow/build/path_follow
[7.881s] -- Install configuration: ""
[7.881s] -- Installing: /home/weiwei/Desktop/project/path_follow/install/path_follow/lib/path_follow/path_follow
[7.888s] -- Set runtime path of "/home/weiwei/Desktop/project/path_follow/install/path_follow/lib/path_follow/path_follow" to ""
[7.888s] -- Up-to-date: /home/weiwei/Desktop/project/path_follow/install/path_follow/share/path_follow/launch
[7.888s] -- Up-to-date: /home/weiwei/Desktop/project/path_follow/install/path_follow/share/path_follow/launch/path_follow.launch.py
[7.888s] -- Up-to-date: /home/weiwei/Desktop/project/path_follow/install/path_follow/share/ament_index/resource_index/package_run_dependencies/path_follow
[7.888s] -- Up-to-date: /home/weiwei/Desktop/project/path_follow/install/path_follow/share/ament_index/resource_index/parent_prefix_path/path_follow
[7.888s] -- Up-to-date: /home/weiwei/Desktop/project/path_follow/install/path_follow/share/path_follow/environment/ament_prefix_path.sh
[7.888s] -- Up-to-date: /home/weiwei/Desktop/project/path_follow/install/path_follow/share/path_follow/environment/ament_prefix_path.dsv
[7.888s] -- Up-to-date: /home/weiwei/Desktop/project/path_follow/install/path_follow/share/path_follow/environment/path.sh
[7.888s] -- Up-to-date: /home/weiwei/Desktop/project/path_follow/install/path_follow/share/path_follow/environment/path.dsv
[7.888s] -- Up-to-date: /home/weiwei/Desktop/project/path_follow/install/path_follow/share/path_follow/local_setup.bash
[7.888s] -- Up-to-date: /home/weiwei/Desktop/project/path_follow/install/path_follow/share/path_follow/local_setup.sh
[7.888s] -- Up-to-date: /home/weiwei/Desktop/project/path_follow/install/path_follow/share/path_follow/local_setup.zsh
[7.888s] -- Up-to-date: /home/weiwei/Desktop/project/path_follow/install/path_follow/share/path_follow/local_setup.dsv
[7.888s] -- Installing: /home/weiwei/Desktop/project/path_follow/install/path_follow/share/path_follow/package.dsv
[7.889s] -- Up-to-date: /home/weiwei/Desktop/project/path_follow/install/path_follow/share/ament_index/resource_index/packages/path_follow
[7.889s] -- Up-to-date: /home/weiwei/Desktop/project/path_follow/install/path_follow/share/path_follow/cmake/path_followConfig.cmake
[7.889s] -- Up-to-date: /home/weiwei/Desktop/project/path_follow/install/path_follow/share/path_follow/cmake/path_followConfig-version.cmake
[7.889s] -- Up-to-date: /home/weiwei/Desktop/project/path_follow/install/path_follow/share/path_follow/package.xml
[7.889s] Invoked command in '/home/weiwei/Desktop/project/path_follow/build/path_follow' returned '0': CMAKE_PREFIX_PATH=/opt/ros/foxy /usr/bin/cmake --install /home/weiwei/Desktop/project/path_follow/build/path_follow
