[1.384s] DEBUG:colcon:Command line arguments: ['/usr/bin/colcon', 'build', '--packages-select', 'path_follow']
[1.384s] DEBUG:colcon:Parsed command line arguments: Namespace(allow_overriding=[], ament_cmake_args=None, base_paths=['.'], build_base='build', catkin_cmake_args=None, catkin_skip_building_tests=False, cmake_args=None, cmake_clean_cache=False, cmake_clean_first=False, cmake_force_configure=False, cmake_target=None, cmake_target_skip_unavailable=False, continue_on_error=False, event_handlers=None, executor='parallel', ignore_user_meta=False, install_base='install', log_base=None, log_level=None, main=<bound method BuildVerb.main of <colcon_core.verb.build.BuildVerb object at 0x7f712fdee190>>, merge_install=False, metas=['./colcon.meta'], packages_above=None, packages_above_and_dependencies=None, packages_above_depth=None, packages_end=None, packages_ignore=None, packages_ignore_regex=None, packages_select=['path_follow'], packages_select_build_failed=False, packages_select_by_dep=None, packages_select_regex=None, packages_select_test_failures=False, packages_skip=None, packages_skip_build_finished=False, packages_skip_by_dep=None, packages_skip_regex=None, packages_skip_test_passed=False, packages_skip_up_to=None, packages_start=None, packages_up_to=None, packages_up_to_regex=None, parallel_workers=16, paths=None, symlink_install=False, test_result_base=None, verb_extension=<colcon_core.verb.build.BuildVerb object at 0x7f712fdee190>, verb_name='build', verb_parser=<colcon_defaults.argument_parser.defaults.DefaultArgumentsDecorator object at 0x7f712fe3a3d0>)
[1.446s] Level 1:colcon.colcon_core.package_discovery:discover_packages(colcon_meta) check parameters
[1.446s] Level 1:colcon.colcon_core.package_discovery:discover_packages(recursive) check parameters
[1.446s] Level 1:colcon.colcon_core.package_discovery:discover_packages(ignore) check parameters
[1.446s] Level 1:colcon.colcon_core.package_discovery:discover_packages(path) check parameters
[1.446s] Level 1:colcon.colcon_core.package_discovery:discover_packages(colcon_meta) discover
[1.446s] Level 1:colcon.colcon_core.package_discovery:discover_packages(recursive) discover
[1.446s] INFO:colcon.colcon_core.package_discovery:Crawling recursively for packages in '/home/weiwei/Desktop/project/path_follow'
[1.446s] Level 1:colcon.colcon_core.package_identification:_identify(.) by extensions ['ignore', 'ignore_ament_install']
[1.446s] Level 1:colcon.colcon_core.package_identification:_identify(.) by extension 'ignore'
[1.447s] Level 1:colcon.colcon_core.package_identification:_identify(.) by extension 'ignore_ament_install'
[1.447s] Level 1:colcon.colcon_core.package_identification:_identify(.) by extensions ['colcon_pkg']
[1.447s] Level 1:colcon.colcon_core.package_identification:_identify(.) by extension 'colcon_pkg'
[1.447s] Level 1:colcon.colcon_core.package_identification:_identify(.) by extensions ['colcon_meta']
[1.447s] Level 1:colcon.colcon_core.package_identification:_identify(.) by extension 'colcon_meta'
[1.447s] Level 1:colcon.colcon_core.package_identification:_identify(.) by extensions ['ros']
[1.447s] Level 1:colcon.colcon_core.package_identification:_identify(.) by extension 'ros'
[1.455s] Level 1:colcon.colcon_core.package_identification:_identify(.) by extensions ['cmake', 'python']
[1.455s] Level 1:colcon.colcon_core.package_identification:_identify(.) by extension 'cmake'
[1.455s] Level 1:colcon.colcon_core.package_identification:_identify(.) by extension 'python'
[1.455s] Level 1:colcon.colcon_core.package_identification:_identify(.) by extensions ['python_setup_py']
[1.455s] Level 1:colcon.colcon_core.package_identification:_identify(.) by extension 'python_setup_py'
[1.456s] Level 1:colcon.colcon_core.package_identification:_identify(build) by extensions ['ignore', 'ignore_ament_install']
[1.456s] Level 1:colcon.colcon_core.package_identification:_identify(build) by extension 'ignore'
[1.456s] Level 1:colcon.colcon_core.package_identification:_identify(build) ignored
[1.456s] Level 1:colcon.colcon_core.package_identification:_identify(install) by extensions ['ignore', 'ignore_ament_install']
[1.456s] Level 1:colcon.colcon_core.package_identification:_identify(install) by extension 'ignore'
[1.456s] Level 1:colcon.colcon_core.package_identification:_identify(install) ignored
[1.456s] Level 1:colcon.colcon_core.package_identification:_identify(log) by extensions ['ignore', 'ignore_ament_install']
[1.457s] Level 1:colcon.colcon_core.package_identification:_identify(log) by extension 'ignore'
[1.457s] Level 1:colcon.colcon_core.package_identification:_identify(log) ignored
[1.457s] Level 1:colcon.colcon_core.package_identification:_identify(src) by extensions ['ignore', 'ignore_ament_install']
[1.457s] Level 1:colcon.colcon_core.package_identification:_identify(src) by extension 'ignore'
[1.457s] Level 1:colcon.colcon_core.package_identification:_identify(src) by extension 'ignore_ament_install'
[1.457s] Level 1:colcon.colcon_core.package_identification:_identify(src) by extensions ['colcon_pkg']
[1.457s] Level 1:colcon.colcon_core.package_identification:_identify(src) by extension 'colcon_pkg'
[1.457s] Level 1:colcon.colcon_core.package_identification:_identify(src) by extensions ['colcon_meta']
[1.457s] Level 1:colcon.colcon_core.package_identification:_identify(src) by extension 'colcon_meta'
[1.457s] Level 1:colcon.colcon_core.package_identification:_identify(src) by extensions ['ros']
[1.457s] Level 1:colcon.colcon_core.package_identification:_identify(src) by extension 'ros'
[1.457s] Level 1:colcon.colcon_core.package_identification:_identify(src) by extensions ['cmake', 'python']
[1.457s] Level 1:colcon.colcon_core.package_identification:_identify(src) by extension 'cmake'
[1.457s] Level 1:colcon.colcon_core.package_identification:_identify(src) by extension 'python'
[1.457s] Level 1:colcon.colcon_core.package_identification:_identify(src) by extensions ['python_setup_py']
[1.457s] Level 1:colcon.colcon_core.package_identification:_identify(src) by extension 'python_setup_py'
[1.457s] Level 1:colcon.colcon_core.package_identification:_identify(src/path_follow) by extensions ['ignore', 'ignore_ament_install']
[1.457s] Level 1:colcon.colcon_core.package_identification:_identify(src/path_follow) by extension 'ignore'
[1.457s] Level 1:colcon.colcon_core.package_identification:_identify(src/path_follow) by extension 'ignore_ament_install'
[1.457s] Level 1:colcon.colcon_core.package_identification:_identify(src/path_follow) by extensions ['colcon_pkg']
[1.457s] Level 1:colcon.colcon_core.package_identification:_identify(src/path_follow) by extension 'colcon_pkg'
[1.457s] Level 1:colcon.colcon_core.package_identification:_identify(src/path_follow) by extensions ['colcon_meta']
[1.457s] Level 1:colcon.colcon_core.package_identification:_identify(src/path_follow) by extension 'colcon_meta'
[1.457s] Level 1:colcon.colcon_core.package_identification:_identify(src/path_follow) by extensions ['ros']
[1.457s] Level 1:colcon.colcon_core.package_identification:_identify(src/path_follow) by extension 'ros'
[1.459s] DEBUG:colcon.colcon_core.package_identification:Package 'src/path_follow' with type 'ros.ament_cmake' and name 'path_follow'
[1.459s] Level 1:colcon.colcon_core.package_discovery:discover_packages(recursive) using defaults
[1.459s] Level 1:colcon.colcon_core.package_discovery:discover_packages(ignore) discover
[1.459s] Level 1:colcon.colcon_core.package_discovery:discover_packages(ignore) using defaults
[1.459s] Level 1:colcon.colcon_core.package_discovery:discover_packages(path) discover
[1.459s] Level 1:colcon.colcon_core.package_discovery:discover_packages(path) using defaults
[1.587s] Level 1:colcon.colcon_core.package_discovery:discover_packages(prefix_path) check parameters
[1.587s] Level 1:colcon.colcon_core.package_discovery:discover_packages(prefix_path) discover
[1.635s] DEBUG:colcon.colcon_installed_package_information.package_discovery:Found 2 installed packages in /home/weiwei/Desktop/project/path_follow/install
[1.659s] DEBUG:colcon.colcon_installed_package_information.package_discovery:Found 310 installed packages in /opt/ros/foxy
[1.660s] Level 1:colcon.colcon_core.package_discovery:discover_packages(prefix_path) using defaults
[1.787s] Level 5:colcon.colcon_core.verb:set package 'path_follow' build argument 'cmake_args' from command line to 'None'
[1.787s] Level 5:colcon.colcon_core.verb:set package 'path_follow' build argument 'cmake_target' from command line to 'None'
[1.787s] Level 5:colcon.colcon_core.verb:set package 'path_follow' build argument 'cmake_target_skip_unavailable' from command line to 'False'
[1.787s] Level 5:colcon.colcon_core.verb:set package 'path_follow' build argument 'cmake_clean_cache' from command line to 'False'
[1.787s] Level 5:colcon.colcon_core.verb:set package 'path_follow' build argument 'cmake_clean_first' from command line to 'False'
[1.787s] Level 5:colcon.colcon_core.verb:set package 'path_follow' build argument 'cmake_force_configure' from command line to 'False'
[1.787s] Level 5:colcon.colcon_core.verb:set package 'path_follow' build argument 'ament_cmake_args' from command line to 'None'
[1.787s] Level 5:colcon.colcon_core.verb:set package 'path_follow' build argument 'catkin_cmake_args' from command line to 'None'
[1.787s] Level 5:colcon.colcon_core.verb:set package 'path_follow' build argument 'catkin_skip_building_tests' from command line to 'False'
[1.787s] DEBUG:colcon.colcon_core.verb:Building package 'path_follow' with the following arguments: {'ament_cmake_args': None, 'build_base': '/home/weiwei/Desktop/project/path_follow/build/path_follow', 'catkin_cmake_args': None, 'catkin_skip_building_tests': False, 'cmake_args': None, 'cmake_clean_cache': False, 'cmake_clean_first': False, 'cmake_force_configure': False, 'cmake_target': None, 'cmake_target_skip_unavailable': False, 'install_base': '/home/weiwei/Desktop/project/path_follow/install/path_follow', 'merge_install': False, 'path': '/home/weiwei/Desktop/project/path_follow/src/path_follow', 'symlink_install': False, 'test_result_base': None}
[1.808s] INFO:colcon.colcon_core.executor:Executing jobs using 'parallel' executor
[1.830s] DEBUG:colcon.colcon_parallel_executor.executor.parallel:run_until_complete
[1.830s] INFO:colcon.colcon_ros.task.ament_cmake.build:Building ROS package in '/home/weiwei/Desktop/project/path_follow/src/path_follow' with build type 'ament_cmake'
[1.830s] INFO:colcon.colcon_cmake.task.cmake.build:Building CMake package in '/home/weiwei/Desktop/project/path_follow/src/path_follow'
[1.856s] INFO:colcon.colcon_core.plugin_system:Skipping extension 'colcon_core.shell.bat': Not used on non-Windows systems
[1.856s] INFO:colcon.colcon_core.shell:Skip shell extension 'powershell' for command environment: Not usable outside of PowerShell
[1.856s] DEBUG:colcon.colcon_core.shell:Skip shell extension 'dsv' for command environment
[1.930s] DEBUG:colcon.colcon_core.event_handler.log_command:Invoking command in '/home/weiwei/Desktop/project/path_follow/build/path_follow': CMAKE_PREFIX_PATH=${CMAKE_PREFIX_PATH}:/opt/ros/foxy /usr/bin/cmake --build /home/weiwei/Desktop/project/path_follow/build/path_follow -- -j16 -l16
[9.748s] DEBUG:colcon.colcon_core.event_handler.log_command:Invoked command in '/home/weiwei/Desktop/project/path_follow/build/path_follow' returned '0': CMAKE_PREFIX_PATH=${CMAKE_PREFIX_PATH}:/opt/ros/foxy /usr/bin/cmake --build /home/weiwei/Desktop/project/path_follow/build/path_follow -- -j16 -l16
[9.775s] DEBUG:colcon.colcon_core.event_handler.log_command:Invoking command in '/home/weiwei/Desktop/project/path_follow/build/path_follow': CMAKE_PREFIX_PATH=${CMAKE_PREFIX_PATH}:/opt/ros/foxy /usr/bin/cmake --install /home/weiwei/Desktop/project/path_follow/build/path_follow
[9.787s] Level 1:colcon.colcon_core.environment:create_environment_scripts_only(path_follow)
[9.788s] DEBUG:colcon.colcon_core.event_handler.log_command:Invoked command in '/home/weiwei/Desktop/project/path_follow/build/path_follow' returned '0': CMAKE_PREFIX_PATH=${CMAKE_PREFIX_PATH}:/opt/ros/foxy /usr/bin/cmake --install /home/weiwei/Desktop/project/path_follow/build/path_follow
[9.812s] Level 1:colcon.colcon_core.environment:checking '/home/weiwei/Desktop/project/path_follow/install/path_follow' for CMake module files
[9.813s] Level 1:colcon.colcon_core.environment:checking '/home/weiwei/Desktop/project/path_follow/install/path_follow' for CMake config files
[9.814s] Level 1:colcon.colcon_core.shell:create_environment_hook('path_follow', 'cmake_prefix_path')
[9.835s] INFO:colcon.colcon_core.shell:Creating environment hook '/home/weiwei/Desktop/project/path_follow/install/path_follow/share/path_follow/hook/cmake_prefix_path.ps1'
[9.836s] INFO:colcon.colcon_core.shell:Creating environment descriptor '/home/weiwei/Desktop/project/path_follow/install/path_follow/share/path_follow/hook/cmake_prefix_path.dsv'
[9.837s] INFO:colcon.colcon_core.shell:Creating environment hook '/home/weiwei/Desktop/project/path_follow/install/path_follow/share/path_follow/hook/cmake_prefix_path.sh'
[9.837s] Level 1:colcon.colcon_core.environment:checking '/home/weiwei/Desktop/project/path_follow/install/path_follow/lib'
[9.837s] Level 1:colcon.colcon_core.environment:checking '/home/weiwei/Desktop/project/path_follow/install/path_follow/bin'
[9.837s] Level 1:colcon.colcon_core.environment:checking '/home/weiwei/Desktop/project/path_follow/install/path_follow/lib/pkgconfig/path_follow.pc'
[9.838s] Level 1:colcon.colcon_core.environment:checking '/home/weiwei/Desktop/project/path_follow/install/path_follow/lib/python3.8/site-packages'
[9.838s] Level 1:colcon.colcon_core.environment:checking '/home/weiwei/Desktop/project/path_follow/install/path_follow/bin'
[9.860s] INFO:colcon.colcon_core.shell:Creating package script '/home/weiwei/Desktop/project/path_follow/install/path_follow/share/path_follow/package.ps1'
[9.861s] INFO:colcon.colcon_core.shell:Creating package descriptor '/home/weiwei/Desktop/project/path_follow/install/path_follow/share/path_follow/package.dsv'
[9.861s] INFO:colcon.colcon_core.shell:Creating package script '/home/weiwei/Desktop/project/path_follow/install/path_follow/share/path_follow/package.sh'
[9.861s] INFO:colcon.colcon_core.shell:Creating package script '/home/weiwei/Desktop/project/path_follow/install/path_follow/share/path_follow/package.bash'
[9.862s] INFO:colcon.colcon_core.shell:Creating package script '/home/weiwei/Desktop/project/path_follow/install/path_follow/share/path_follow/package.zsh'
[9.863s] Level 1:colcon.colcon_core.environment:create_file_with_runtime_dependencies(/home/weiwei/Desktop/project/path_follow/install/path_follow/share/colcon-core/packages/path_follow)
[9.905s] Level 1:colcon.colcon_core.environment:create_environment_scripts_only(path_follow)
[9.927s] Level 1:colcon.colcon_core.environment:checking '/home/weiwei/Desktop/project/path_follow/install/path_follow' for CMake module files
[9.927s] Level 1:colcon.colcon_core.environment:checking '/home/weiwei/Desktop/project/path_follow/install/path_follow' for CMake config files
[9.927s] Level 1:colcon.colcon_core.shell:create_environment_hook('path_follow', 'cmake_prefix_path')
[9.948s] INFO:colcon.colcon_core.shell:Creating environment hook '/home/weiwei/Desktop/project/path_follow/install/path_follow/share/path_follow/hook/cmake_prefix_path.ps1'
[9.949s] INFO:colcon.colcon_core.shell:Creating environment descriptor '/home/weiwei/Desktop/project/path_follow/install/path_follow/share/path_follow/hook/cmake_prefix_path.dsv'
[9.949s] INFO:colcon.colcon_core.shell:Creating environment hook '/home/weiwei/Desktop/project/path_follow/install/path_follow/share/path_follow/hook/cmake_prefix_path.sh'
[9.949s] Level 1:colcon.colcon_core.environment:checking '/home/weiwei/Desktop/project/path_follow/install/path_follow/lib'
[9.949s] Level 1:colcon.colcon_core.environment:checking '/home/weiwei/Desktop/project/path_follow/install/path_follow/bin'
[9.949s] Level 1:colcon.colcon_core.environment:checking '/home/weiwei/Desktop/project/path_follow/install/path_follow/lib/pkgconfig/path_follow.pc'
[9.949s] Level 1:colcon.colcon_core.environment:checking '/home/weiwei/Desktop/project/path_follow/install/path_follow/lib/python3.8/site-packages'
[9.949s] Level 1:colcon.colcon_core.environment:checking '/home/weiwei/Desktop/project/path_follow/install/path_follow/bin'
[9.972s] INFO:colcon.colcon_core.shell:Creating package script '/home/weiwei/Desktop/project/path_follow/install/path_follow/share/path_follow/package.ps1'
[9.973s] INFO:colcon.colcon_core.shell:Creating package descriptor '/home/weiwei/Desktop/project/path_follow/install/path_follow/share/path_follow/package.dsv'
[9.973s] INFO:colcon.colcon_core.shell:Creating package script '/home/weiwei/Desktop/project/path_follow/install/path_follow/share/path_follow/package.sh'
[9.973s] INFO:colcon.colcon_core.shell:Creating package script '/home/weiwei/Desktop/project/path_follow/install/path_follow/share/path_follow/package.bash'
[9.973s] INFO:colcon.colcon_core.shell:Creating package script '/home/weiwei/Desktop/project/path_follow/install/path_follow/share/path_follow/package.zsh'
[9.974s] Level 1:colcon.colcon_core.environment:create_file_with_runtime_dependencies(/home/weiwei/Desktop/project/path_follow/install/path_follow/share/colcon-core/packages/path_follow)
[9.974s] DEBUG:colcon.colcon_parallel_executor.executor.parallel:closing loop
[9.974s] DEBUG:colcon.colcon_parallel_executor.executor.parallel:loop closed
[9.974s] DEBUG:colcon.colcon_parallel_executor.executor.parallel:run_until_complete finished with '0'
[9.974s] DEBUG:colcon.colcon_core.event_reactor:joining thread
[10.000s] INFO:colcon.colcon_core.plugin_system:Skipping extension 'colcon_notification.desktop_notification.terminal_notifier': Not used on non-Darwin systems
[10.000s] INFO:colcon.colcon_core.plugin_system:Skipping extension 'colcon_notification.desktop_notification.win32': Not used on non-Windows systems
[10.000s] INFO:colcon.colcon_notification.desktop_notification:Sending desktop notification using 'notify2'
[10.012s] DEBUG:colcon.colcon_core.event_reactor:joined thread
[10.035s] INFO:colcon.colcon_core.shell:Creating prefix script '/home/weiwei/Desktop/project/path_follow/install/local_setup.ps1'
[10.036s] INFO:colcon.colcon_core.shell:Creating prefix util module '/home/weiwei/Desktop/project/path_follow/install/_local_setup_util_ps1.py'
[10.036s] INFO:colcon.colcon_core.shell:Creating prefix chain script '/home/weiwei/Desktop/project/path_follow/install/setup.ps1'
[10.059s] INFO:colcon.colcon_core.shell:Creating prefix script '/home/weiwei/Desktop/project/path_follow/install/local_setup.sh'
[10.059s] INFO:colcon.colcon_core.shell:Creating prefix util module '/home/weiwei/Desktop/project/path_follow/install/_local_setup_util_sh.py'
[10.060s] INFO:colcon.colcon_core.shell:Creating prefix chain script '/home/weiwei/Desktop/project/path_follow/install/setup.sh'
[10.081s] INFO:colcon.colcon_core.shell:Creating prefix script '/home/weiwei/Desktop/project/path_follow/install/local_setup.bash'
[10.082s] INFO:colcon.colcon_core.shell:Creating prefix chain script '/home/weiwei/Desktop/project/path_follow/install/setup.bash'
[10.103s] INFO:colcon.colcon_core.shell:Creating prefix script '/home/weiwei/Desktop/project/path_follow/install/local_setup.zsh'
[10.104s] INFO:colcon.colcon_core.shell:Creating prefix chain script '/home/weiwei/Desktop/project/path_follow/install/setup.zsh'
