[0.119s] Invoking command in '/home/weiwei/Desktop/project/path_follow/build/path_follow': CMAKE_PREFIX_PATH=${CMAKE_PREFIX_PATH}:/opt/ros/foxy /usr/bin/cmake --build /home/weiwei/Desktop/project/path_follow/build/path_follow -- -j16 -l16
[0.174s] [35m[1mScanning dependencies of target path_follow[0m
[0.220s] [ 50%] [32mBuilding CXX object CMakeFiles/path_follow.dir/src/cdcr.cpp.o[0m
[0.220s] [ 50%] [32mBuilding CXX object CMakeFiles/path_follow.dir/src/main.cpp.o[0m
[2.856s] In file included from [01m[K/home/weiwei/Desktop/project/path_follow/src/path_follow/src/main.cpp:1[m[K:
[2.856s] [01m[K/home/weiwei/Desktop/project/path_follow/src/path_follow/src/cdcr.hpp:[m[K In constructor ‘[01m[KCDCR::x_residual::x_residual(double, double, double, double)[m[K’:
[2.857s] [01m[K/home/weiwei/Desktop/project/path_follow/src/path_follow/src/cdcr.hpp:55:18:[m[K [01;35m[Kwarning: [m[K‘[01m[KCDCR::x_residual::x_[m[K’ will be initialized after [[01;35m[K-Wreorder[m[K]
[2.857s]    55 |     const double [01;35m[Kx_[m[K;
[2.857s]       |                  [01;35m[K^~[m[K
[2.857s] [01m[K/home/weiwei/Desktop/project/path_follow/src/path_follow/src/cdcr.hpp:53:18:[m[K [01;35m[Kwarning: [m[K  ‘[01m[Kconst double CDCR::x_residual::weight_position_[m[K’ [[01;35m[K-Wreorder[m[K]
[2.857s]    53 |     const double [01;35m[Kweight_position_[m[K;
[2.857s]       |                  [01;35m[K^~~~~~~~~~~~~~~~[m[K
[2.857s] [01m[K/home/weiwei/Desktop/project/path_follow/src/path_follow/src/cdcr.hpp:40:5:[m[K [01;35m[Kwarning: [m[K  when initialized here [[01;35m[K-Wreorder[m[K]
[2.857s]    40 |     [01;35m[Kx_residual[m[K(double weight_position,
[2.857s]       |     [01;35m[K^~~~~~~~~~[m[K
[2.857s] [01m[K/home/weiwei/Desktop/project/path_follow/src/path_follow/src/cdcr.hpp:[m[K In constructor ‘[01m[KCDCR::y_residual::y_residual(double, double, double, double)[m[K’:
[2.857s] [01m[K/home/weiwei/Desktop/project/path_follow/src/path_follow/src/cdcr.hpp:73:18:[m[K [01;35m[Kwarning: [m[K‘[01m[KCDCR::y_residual::y_[m[K’ will be initialized after [[01;35m[K-Wreorder[m[K]
[2.857s]    73 |     const double [01;35m[Ky_[m[K;
[2.857s]       |                  [01;35m[K^~[m[K
[2.857s] [01m[K/home/weiwei/Desktop/project/path_follow/src/path_follow/src/cdcr.hpp:71:18:[m[K [01;35m[Kwarning: [m[K  ‘[01m[Kconst double CDCR::y_residual::weight_position_[m[K’ [[01;35m[K-Wreorder[m[K]
[2.857s]    71 |     const double [01;35m[Kweight_position_[m[K;
[2.857s]       |                  [01;35m[K^~~~~~~~~~~~~~~~[m[K
[2.857s] [01m[K/home/weiwei/Desktop/project/path_follow/src/path_follow/src/cdcr.hpp:58:5:[m[K [01;35m[Kwarning: [m[K  when initialized here [[01;35m[K-Wreorder[m[K]
[2.857s]    58 |     [01;35m[Ky_residual[m[K(double weight_position,
[2.857s]       |     [01;35m[K^~~~~~~~~~[m[K
[2.857s] [01m[K/home/weiwei/Desktop/project/path_follow/src/path_follow/src/cdcr.hpp:[m[K In constructor ‘[01m[KCDCR::z_residual::z_residual(double, double, double, double, double)[m[K’:
[2.857s] [01m[K/home/weiwei/Desktop/project/path_follow/src/path_follow/src/cdcr.hpp:92:51:[m[K [01;35m[Kwarning: [m[K‘[01m[KCDCR::z_residual::length_rigid1_[m[K’ will be initialized after [[01;35m[K-Wreorder[m[K]
[2.857s]    92 |     const double length_continuum_,length_rigid2_,[01;35m[Klength_rigid1_[m[K;
[2.857s]       |                                                   [01;35m[K^~~~~~~~~~~~~~[m[K
[2.858s] [01m[K/home/weiwei/Desktop/project/path_follow/src/path_follow/src/cdcr.hpp:92:36:[m[K [01;35m[Kwarning: [m[K  ‘[01m[Kconst double CDCR::z_residual::length_rigid2_[m[K’ [[01;35m[K-Wreorder[m[K]
[2.858s]    92 |     const double length_continuum_,[01;35m[Klength_rigid2_[m[K,length_rigid1_;
[2.858s]       |                                    [01;35m[K^~~~~~~~~~~~~~[m[K
[2.858s] [01m[K/home/weiwei/Desktop/project/path_follow/src/path_follow/src/cdcr.hpp:76:5:[m[K [01;35m[Kwarning: [m[K  when initialized here [[01;35m[K-Wreorder[m[K]
[2.858s]    76 |     [01;35m[Kz_residual[m[K(double weight_position,
[2.858s]       |     [01;35m[K^~~~~~~~~~[m[K
[2.858s] [01m[K/home/weiwei/Desktop/project/path_follow/src/path_follow/src/cdcr.hpp:93:18:[m[K [01;35m[Kwarning: [m[K‘[01m[KCDCR::z_residual::z_[m[K’ will be initialized after [[01;35m[K-Wreorder[m[K]
[2.858s]    93 |     const double [01;35m[Kz_[m[K;
[2.858s]       |                  [01;35m[K^~[m[K
[2.858s] [01m[K/home/weiwei/Desktop/project/path_follow/src/path_follow/src/cdcr.hpp:91:18:[m[K [01;35m[Kwarning: [m[K  ‘[01m[Kconst double CDCR::z_residual::weight_position_[m[K’ [[01;35m[K-Wreorder[m[K]
[2.858s]    91 |     const double [01;35m[Kweight_position_[m[K;
[2.858s]       |                  [01;35m[K^~~~~~~~~~~~~~~~[m[K
[2.858s] [01m[K/home/weiwei/Desktop/project/path_follow/src/path_follow/src/cdcr.hpp:76:5:[m[K [01;35m[Kwarning: [m[K  when initialized here [[01;35m[K-Wreorder[m[K]
[2.858s]    76 |     [01;35m[Kz_residual[m[K(double weight_position,
[2.858s]       |     [01;35m[K^~~~~~~~~~[m[K
[2.858s] [01m[K/home/weiwei/Desktop/project/path_follow/src/path_follow/src/cdcr.hpp:[m[K In constructor ‘[01m[KCDCR::angle_residual::angle_residual(double, double, double, double, Eigen::Vector3d)[m[K’:
[2.858s] [01m[K/home/weiwei/Desktop/project/path_follow/src/path_follow/src/cdcr.hpp:115:27:[m[K [01;35m[Kwarning: [m[K‘[01m[KCDCR::angle_residual::tangent_vector_[m[K’ will be initialized after [[01;35m[K-Wreorder[m[K]
[2.858s]   115 |     const Eigen::Vector3d [01;35m[Ktangent_vector_[m[K;
[2.858s]       |                           [01;35m[K^~~~~~~~~~~~~~~[m[K
[2.858s] [01m[K/home/weiwei/Desktop/project/path_follow/src/path_follow/src/cdcr.hpp:113:18:[m[K [01;35m[Kwarning: [m[K  ‘[01m[Kconst double CDCR::angle_residual::weight_direction_[m[K’ [[01;35m[K-Wreorder[m[K]
[2.858s]   113 |     const double [01;35m[Kweight_direction_[m[K;
[2.858s]       |                  [01;35m[K^~~~~~~~~~~~~~~~~[m[K
[2.858s] [01m[K/home/weiwei/Desktop/project/path_follow/src/path_follow/src/cdcr.hpp:96:5:[m[K [01;35m[Kwarning: [m[K  when initialized here [[01;35m[K-Wreorder[m[K]
[2.858s]    96 |     [01;35m[Kangle_residual[m[K(double weight_direction,
[2.858s]       |     [01;35m[K^~~~~~~~~~~~~~[m[K
[2.944s] In file included from [01m[K/home/weiwei/Desktop/project/path_follow/src/path_follow/src/cdcr.cpp:1[m[K:
[2.944s] [01m[K/home/weiwei/Desktop/project/path_follow/src/path_follow/src/cdcr.hpp:[m[K In constructor ‘[01m[KCDCR::x_residual::x_residual(double, double, double, double)[m[K’:
[2.944s] [01m[K/home/weiwei/Desktop/project/path_follow/src/path_follow/src/cdcr.hpp:55:18:[m[K [01;35m[Kwarning: [m[K‘[01m[KCDCR::x_residual::x_[m[K’ will be initialized after [[01;35m[K-Wreorder[m[K]
[2.944s]    55 |     const double [01;35m[Kx_[m[K;
[2.944s]       |                  [01;35m[K^~[m[K
[2.944s] [01m[K/home/weiwei/Desktop/project/path_follow/src/path_follow/src/cdcr.hpp:53:18:[m[K [01;35m[Kwarning: [m[K  ‘[01m[Kconst double CDCR::x_residual::weight_position_[m[K’ [[01;35m[K-Wreorder[m[K]
[2.944s]    53 |     const double [01;35m[Kweight_position_[m[K;
[2.944s]       |                  [01;35m[K^~~~~~~~~~~~~~~~[m[K
[2.944s] [01m[K/home/weiwei/Desktop/project/path_follow/src/path_follow/src/cdcr.hpp:40:5:[m[K [01;35m[Kwarning: [m[K  when initialized here [[01;35m[K-Wreorder[m[K]
[2.944s]    40 |     [01;35m[Kx_residual[m[K(double weight_position,
[2.944s]       |     [01;35m[K^~~~~~~~~~[m[K
[2.944s] [01m[K/home/weiwei/Desktop/project/path_follow/src/path_follow/src/cdcr.hpp:[m[K In constructor ‘[01m[KCDCR::y_residual::y_residual(double, double, double, double)[m[K’:
[2.944s] [01m[K/home/weiwei/Desktop/project/path_follow/src/path_follow/src/cdcr.hpp:73:18:[m[K [01;35m[Kwarning: [m[K‘[01m[KCDCR::y_residual::y_[m[K’ will be initialized after [[01;35m[K-Wreorder[m[K]
[2.944s]    73 |     const double [01;35m[Ky_[m[K;
[2.944s]       |                  [01;35m[K^~[m[K
[2.944s] [01m[K/home/weiwei/Desktop/project/path_follow/src/path_follow/src/cdcr.hpp:71:18:[m[K [01;35m[Kwarning: [m[K  ‘[01m[Kconst double CDCR::y_residual::weight_position_[m[K’ [[01;35m[K-Wreorder[m[K]
[2.944s]    71 |     const double [01;35m[Kweight_position_[m[K;
[2.944s]       |                  [01;35m[K^~~~~~~~~~~~~~~~[m[K
[2.944s] [01m[K/home/weiwei/Desktop/project/path_follow/src/path_follow/src/cdcr.hpp:58:5:[m[K [01;35m[Kwarning: [m[K  when initialized here [[01;35m[K-Wreorder[m[K]
[2.944s]    58 |     [01;35m[Ky_residual[m[K(double weight_position,
[2.944s]       |     [01;35m[K^~~~~~~~~~[m[K
[2.944s] [01m[K/home/weiwei/Desktop/project/path_follow/src/path_follow/src/cdcr.hpp:[m[K In constructor ‘[01m[KCDCR::z_residual::z_residual(double, double, double, double, double)[m[K’:
[2.945s] [01m[K/home/weiwei/Desktop/project/path_follow/src/path_follow/src/cdcr.hpp:92:51:[m[K [01;35m[Kwarning: [m[K‘[01m[KCDCR::z_residual::length_rigid1_[m[K’ will be initialized after [[01;35m[K-Wreorder[m[K]
[2.945s]    92 |     const double length_continuum_,length_rigid2_,[01;35m[Klength_rigid1_[m[K;
[2.945s]       |                                                   [01;35m[K^~~~~~~~~~~~~~[m[K
[2.945s] [01m[K/home/weiwei/Desktop/project/path_follow/src/path_follow/src/cdcr.hpp:92:36:[m[K [01;35m[Kwarning: [m[K  ‘[01m[Kconst double CDCR::z_residual::length_rigid2_[m[K’ [[01;35m[K-Wreorder[m[K]
[2.945s]    92 |     const double length_continuum_,[01;35m[Klength_rigid2_[m[K,length_rigid1_;
[2.945s]       |                                    [01;35m[K^~~~~~~~~~~~~~[m[K
[2.945s] [01m[K/home/weiwei/Desktop/project/path_follow/src/path_follow/src/cdcr.hpp:76:5:[m[K [01;35m[Kwarning: [m[K  when initialized here [[01;35m[K-Wreorder[m[K]
[2.945s]    76 |     [01;35m[Kz_residual[m[K(double weight_position,
[2.945s]       |     [01;35m[K^~~~~~~~~~[m[K
[2.945s] [01m[K/home/weiwei/Desktop/project/path_follow/src/path_follow/src/cdcr.hpp:93:18:[m[K [01;35m[Kwarning: [m[K‘[01m[KCDCR::z_residual::z_[m[K’ will be initialized after [[01;35m[K-Wreorder[m[K]
[2.945s]    93 |     const double [01;35m[Kz_[m[K;
[2.945s]       |                  [01;35m[K^~[m[K
[2.945s] [01m[K/home/weiwei/Desktop/project/path_follow/src/path_follow/src/cdcr.hpp:91:18:[m[K [01;35m[Kwarning: [m[K  ‘[01m[Kconst double CDCR::z_residual::weight_position_[m[K’ [[01;35m[K-Wreorder[m[K]
[2.945s]    91 |     const double [01;35m[Kweight_position_[m[K;
[2.945s]       |                  [01;35m[K^~~~~~~~~~~~~~~~[m[K
[2.945s] [01m[K/home/weiwei/Desktop/project/path_follow/src/path_follow/src/cdcr.hpp:76:5:[m[K [01;35m[Kwarning: [m[K  when initialized here [[01;35m[K-Wreorder[m[K]
[2.945s]    76 |     [01;35m[Kz_residual[m[K(double weight_position,
[2.945s]       |     [01;35m[K^~~~~~~~~~[m[K
[2.945s] [01m[K/home/weiwei/Desktop/project/path_follow/src/path_follow/src/cdcr.hpp:[m[K In constructor ‘[01m[KCDCR::angle_residual::angle_residual(double, double, double, double, Eigen::Vector3d)[m[K’:
[2.945s] [01m[K/home/weiwei/Desktop/project/path_follow/src/path_follow/src/cdcr.hpp:115:27:[m[K [01;35m[Kwarning: [m[K‘[01m[KCDCR::angle_residual::tangent_vector_[m[K’ will be initialized after [[01;35m[K-Wreorder[m[K]
[2.945s]   115 |     const Eigen::Vector3d [01;35m[Ktangent_vector_[m[K;
[2.945s]       |                           [01;35m[K^~~~~~~~~~~~~~~[m[K
[2.945s] [01m[K/home/weiwei/Desktop/project/path_follow/src/path_follow/src/cdcr.hpp:113:18:[m[K [01;35m[Kwarning: [m[K  ‘[01m[Kconst double CDCR::angle_residual::weight_direction_[m[K’ [[01;35m[K-Wreorder[m[K]
[2.945s]   113 |     const double [01;35m[Kweight_direction_[m[K;
[2.945s]       |                  [01;35m[K^~~~~~~~~~~~~~~~~[m[K
[2.945s] [01m[K/home/weiwei/Desktop/project/path_follow/src/path_follow/src/cdcr.hpp:96:5:[m[K [01;35m[Kwarning: [m[K  when initialized here [[01;35m[K-Wreorder[m[K]
[2.945s]    96 |     [01;35m[Kangle_residual[m[K(double weight_direction,
[2.946s]       |     [01;35m[K^~~~~~~~~~~~~~[m[K
[3.002s] [01m[K/home/weiwei/Desktop/project/path_follow/src/path_follow/src/cdcr.cpp:[m[K In constructor ‘[01m[KCDCR::CDCR()[m[K’:
[3.002s] [01m[K/home/weiwei/Desktop/project/path_follow/src/path_follow/src/cdcr.cpp:92:12:[m[K [01;35m[Kwarning: [m[Kunused variable ‘[01m[Kbase_tolerance_deviation[m[K’ [[01;35m[K-Wunused-variable[m[K]
[3.002s]    92 |     double [01;35m[Kbase_tolerance_deviation[m[K = this->get_parameter("base_tolerance_deviation").as_double();
[3.002s]       |            [01;35m[K^~~~~~~~~~~~~~~~~~~~~~~~[m[K
[3.061s] [01m[K/home/weiwei/Desktop/project/path_follow/src/path_follow/src/cdcr.cpp:[m[K In member function ‘[01m[Kvoid CDCR::getCorrectTravelPointID()[m[K’:
[3.061s] [01m[K/home/weiwei/Desktop/project/path_follow/src/path_follow/src/cdcr.cpp:346:19:[m[K [01;35m[Kwarning: [m[Kcomparison of integer expressions of different signedness: ‘[01m[Kint[m[K’ and ‘[01m[Kstd::vector<Eigen::Matrix<double, 3, 1> >::size_type[m[K’ {aka ‘[01m[Klong unsigned int[m[K’} [[01;35m[K-Wsign-compare[m[K]
[3.061s]   346 |     for (int i=1;[01;35m[Ki<path_points.size()-1[m[K;i++)
[3.061s]       |                  [01;35m[K~^~~~~~~~~~~~~~~~~~~~~[m[K
[3.061s] [01m[K/home/weiwei/Desktop/project/path_follow/src/path_follow/src/cdcr.cpp:348:14:[m[K [01;35m[Kwarning: [m[Kcomparison of integer expressions of different signedness: ‘[01m[Kint[m[K’ and ‘[01m[Kstd::vector<Eigen::Matrix<double, 3, 1> >::size_type[m[K’ {aka ‘[01m[Klong unsigned int[m[K’} [[01;35m[K-Wsign-compare[m[K]
[3.061s]   348 |         if ([01;35m[Ki>=(path_points.size()-2)[m[K)
[3.061s]       |             [01;35m[K~^~~~~~~~~~~~~~~~~~~~~~~~[m[K
[3.062s] [01m[K/home/weiwei/Desktop/project/path_follow/src/path_follow/src/cdcr.cpp:365:23:[m[K [01;35m[Kwarning: [m[Kcomparison of integer expressions of different signedness: ‘[01m[Kint[m[K’ and ‘[01m[Kstd::vector<Eigen::Matrix<double, 3, 1> >::size_type[m[K’ {aka ‘[01m[Klong unsigned int[m[K’} [[01;35m[K-Wsign-compare[m[K]
[3.062s]   365 |         for (int j=i;[01;35m[Kj<path_points.size()-1[m[K;j++)
[3.062s]       |                      [01;35m[K~^~~~~~~~~~~~~~~~~~~~~[m[K
[3.062s] [01m[K/home/weiwei/Desktop/project/path_follow/src/path_follow/src/cdcr.cpp:367:18:[m[K [01;35m[Kwarning: [m[Kcomparison of integer expressions of different signedness: ‘[01m[Kint[m[K’ and ‘[01m[Kstd::vector<Eigen::Matrix<double, 3, 1> >::size_type[m[K’ {aka ‘[01m[Klong unsigned int[m[K’} [[01;35m[K-Wsign-compare[m[K]
[3.062s]   367 |             if ([01;35m[Kj==(path_points.size()-2)[m[K)
[3.062s]       |                 [01;35m[K~^~~~~~~~~~~~~~~~~~~~~~~~[m[K
[3.063s] [01m[K/home/weiwei/Desktop/project/path_follow/src/path_follow/src/cdcr.cpp:344:12:[m[K [01;35m[Kwarning: [m[Kunused variable ‘[01m[Kpath_deviation[m[K’ [[01;35m[K-Wunused-variable[m[K]
[3.063s]   344 |     double [01;35m[Kpath_deviation[m[K;
[3.063s]       |            [01;35m[K^~~~~~~~~~~~~~[m[K
[3.190s] [01m[K/home/weiwei/Desktop/project/path_follow/src/path_follow/src/cdcr.cpp:[m[K In member function ‘[01m[Kvoid CDCR::visualization()[m[K’:
[3.190s] [01m[K/home/weiwei/Desktop/project/path_follow/src/path_follow/src/cdcr.cpp:569:19:[m[K [01;35m[Kwarning: [m[Kcomparison of integer expressions of different signedness: ‘[01m[Kint[m[K’ and ‘[01m[Kstd::vector<Eigen::Matrix<double, 3, 1> >::size_type[m[K’ {aka ‘[01m[Klong unsigned int[m[K’} [[01;35m[K-Wsign-compare[m[K]
[3.190s]   569 |     for (int i=0;[01;35m[Ki<this->cdcr_points.size()[m[K;i++)
[3.190s]       |                  [01;35m[K~^~~~~~~~~~~~~~~~~~~~~~~~~[m[K
[3.190s] [01m[K/home/weiwei/Desktop/project/path_follow/src/path_follow/src/cdcr.cpp:579:19:[m[K [01;35m[Kwarning: [m[Kcomparison of integer expressions of different signedness: ‘[01m[Kint[m[K’ and ‘[01m[Kstd::vector<int>::size_type[m[K’ {aka ‘[01m[Klong unsigned int[m[K’} [[01;35m[K-Wsign-compare[m[K]
[3.190s]   579 |     for (int i=0;[01;35m[Ki<this->cdcr_segment_point_id.size()[m[K;i++)
[3.190s]       |                  [01;35m[K~^~~~~~~~~~~~~~~~~~~~~~~~~~~~~~~~~~~[m[K
[3.216s] [01m[K/home/weiwei/Desktop/project/path_follow/src/path_follow/src/cdcr.cpp:[m[K In member function ‘[01m[Kvoid CDCR::cal_deviation_get_max_deviation_path_point_id(double&, int&)[m[K’:
[3.216s] [01m[K/home/weiwei/Desktop/project/path_follow/src/path_follow/src/cdcr.cpp:659:52:[m[K [01;35m[Kwarning: [m[Kcomparison of integer expressions of different signedness: ‘[01m[Kint[m[K’ and ‘[01m[Kstd::vector<Eigen::Matrix<double, 3, 1> >::size_type[m[K’ {aka ‘[01m[Klong unsigned int[m[K’} [[01;35m[K-Wsign-compare[m[K]
[3.216s]   659 |                     if ([01;35m[Ktemp_current_cdcr_point_id >= this->cdcr_points.size()[m[K)
[3.216s]       |                         [01;35m[K~~~~~~~~~~~~~~~~~~~~~~~~~~~^~~~~~~~~~~~~~~~~~~~~~~~~~~[m[K
[3.261s] [01m[K/home/weiwei/Desktop/project/path_follow/src/path_follow/src/cdcr.cpp:[m[K In member function ‘[01m[Kvoid CDCR::find_closed_path_point(const int&, const Vector3d&, int&)[m[K’:
[3.261s] [01m[K/home/weiwei/Desktop/project/path_follow/src/path_follow/src/cdcr.cpp:794:52:[m[K [01;35m[Kwarning: [m[Kcomparison of integer expressions of different signedness: ‘[01m[Kint[m[K’ and ‘[01m[Kstd::vector<Eigen::Matrix<double, 3, 1> >::size_type[m[K’ {aka ‘[01m[Klong unsigned int[m[K’} [[01;35m[K-Wsign-compare[m[K]
[3.261s]   794 |         }while(temp_dot_value>0&&[01;35m[Ktemp_path_point_id<path_points.size()-2[m[K);
[3.261s]       |                                  [01;35m[K~~~~~~~~~~~~~~~~~~^~~~~~~~~~~~~~~~~~~~~[m[K
[3.262s] [01m[K/home/weiwei/Desktop/project/path_follow/src/path_follow/src/cdcr.cpp:[m[K In member function ‘[01m[Kvoid CDCR::getPathDeviationAndNextIndex(const int&, const int&, int&)[m[K’:
[3.262s] [01m[K/home/weiwei/Desktop/project/path_follow/src/path_follow/src/cdcr.cpp:842:52:[m[K [01;35m[Kwarning: [m[Kunused parameter ‘[01m[Kpath_point_index_start[m[K’ [[01;35m[K-Wunused-parameter[m[K]
[3.262s]   842 | void CDCR::getPathDeviationAndNextIndex([01;35m[Kconst int& path_point_index_start[m[K,
[3.262s]       |                                         [01;35m[K~~~~~~~~~~~^~~~~~~~~~~~~~~~~~~~~~[m[K
[3.262s] [01m[K/home/weiwei/Desktop/project/path_follow/src/path_follow/src/cdcr.cpp:843:52:[m[K [01;35m[Kwarning: [m[Kunused parameter ‘[01m[Kcdcr_point_index[m[K’ [[01;35m[K-Wunused-parameter[m[K]
[3.262s]   843 |                                         [01;35m[Kconst int& cdcr_point_index[m[K,
[3.262s]       |                                         [01;35m[K~~~~~~~~~~~^~~~~~~~~~~~~~~~[m[K
[3.262s] [01m[K/home/weiwei/Desktop/project/path_follow/src/path_follow/src/cdcr.cpp:844:46:[m[K [01;35m[Kwarning: [m[Kunused parameter ‘[01m[Kpath_point_index_next_start[m[K’ [[01;35m[K-Wunused-parameter[m[K]
[3.262s]   844 |                                         [01;35m[Kint& path_point_index_next_start[m[K)
[3.262s]       |                                         [01;35m[K~~~~~^~~~~~~~~~~~~~~~~~~~~~~~~~~[m[K
[7.648s] [ 75%] [32m[1mLinking CXX executable path_follow[0m
[8.196s] [100%] Built target path_follow
[8.203s] Invoked command in '/home/weiwei/Desktop/project/path_follow/build/path_follow' returned '0': CMAKE_PREFIX_PATH=${CMAKE_PREFIX_PATH}:/opt/ros/foxy /usr/bin/cmake --build /home/weiwei/Desktop/project/path_follow/build/path_follow -- -j16 -l16
[8.229s] Invoking command in '/home/weiwei/Desktop/project/path_follow/build/path_follow': CMAKE_PREFIX_PATH=${CMAKE_PREFIX_PATH}:/opt/ros/foxy /usr/bin/cmake --install /home/weiwei/Desktop/project/path_follow/build/path_follow
[8.235s] -- Install configuration: ""
[8.235s] -- Installing: /home/weiwei/Desktop/project/path_follow/install/path_follow/lib/path_follow/path_follow
[8.240s] -- Set runtime path of "/home/weiwei/Desktop/project/path_follow/install/path_follow/lib/path_follow/path_follow" to ""
[8.241s] -- Up-to-date: /home/weiwei/Desktop/project/path_follow/install/path_follow/share/path_follow/launch
[8.241s] -- Up-to-date: /home/weiwei/Desktop/project/path_follow/install/path_follow/share/path_follow/launch/path_follow.launch.py
[8.241s] -- Up-to-date: /home/weiwei/Desktop/project/path_follow/install/path_follow/share/ament_index/resource_index/package_run_dependencies/path_follow
[8.241s] -- Up-to-date: /home/weiwei/Desktop/project/path_follow/install/path_follow/share/ament_index/resource_index/parent_prefix_path/path_follow
[8.241s] -- Up-to-date: /home/weiwei/Desktop/project/path_follow/install/path_follow/share/path_follow/environment/ament_prefix_path.sh
[8.241s] -- Up-to-date: /home/weiwei/Desktop/project/path_follow/install/path_follow/share/path_follow/environment/ament_prefix_path.dsv
[8.241s] -- Up-to-date: /home/weiwei/Desktop/project/path_follow/install/path_follow/share/path_follow/environment/path.sh
[8.241s] -- Up-to-date: /home/weiwei/Desktop/project/path_follow/install/path_follow/share/path_follow/environment/path.dsv
[8.241s] -- Up-to-date: /home/weiwei/Desktop/project/path_follow/install/path_follow/share/path_follow/local_setup.bash
[8.241s] -- Up-to-date: /home/weiwei/Desktop/project/path_follow/install/path_follow/share/path_follow/local_setup.sh
[8.241s] -- Up-to-date: /home/weiwei/Desktop/project/path_follow/install/path_follow/share/path_follow/local_setup.zsh
[8.241s] -- Up-to-date: /home/weiwei/Desktop/project/path_follow/install/path_follow/share/path_follow/local_setup.dsv
[8.241s] -- Installing: /home/weiwei/Desktop/project/path_follow/install/path_follow/share/path_follow/package.dsv
[8.241s] -- Up-to-date: /home/weiwei/Desktop/project/path_follow/install/path_follow/share/ament_index/resource_index/packages/path_follow
[8.241s] -- Up-to-date: /home/weiwei/Desktop/project/path_follow/install/path_follow/share/path_follow/cmake/path_followConfig.cmake
[8.241s] -- Up-to-date: /home/weiwei/Desktop/project/path_follow/install/path_follow/share/path_follow/cmake/path_followConfig-version.cmake
[8.241s] -- Up-to-date: /home/weiwei/Desktop/project/path_follow/install/path_follow/share/path_follow/package.xml
[8.243s] Invoked command in '/home/weiwei/Desktop/project/path_follow/build/path_follow' returned '0': CMAKE_PREFIX_PATH=${CMAKE_PREFIX_PATH}:/opt/ros/foxy /usr/bin/cmake --install /home/weiwei/Desktop/project/path_follow/build/path_follow
