[0.106s] Invoking command in '/home/weiwei/Desktop/project/path_follow/build/path_follow': CMAKE_PREFIX_PATH=${CMAKE_PREFIX_PATH}:/opt/ros/foxy /usr/bin/cmake --build /home/weiwei/Desktop/project/path_follow/build/path_follow -- -j16 -l16
[0.141s] [35m[1mScanning dependencies of target path_follow[0m
[0.181s] [ 50%] [32mBuilding CXX object CMakeFiles/path_follow.dir/src/main.cpp.o[0m
[0.181s] [ 50%] [32mBuilding CXX object CMakeFiles/path_follow.dir/src/cdcr.cpp.o[0m
[2.872s] In file included from [01m[K/home/weiwei/Desktop/project/path_follow/src/path_follow/src/main.cpp:1[m[K:
[2.872s] [01m[K/home/weiwei/Desktop/project/path_follow/src/path_follow/src/cdcr.hpp:[m[K In constructor ‘[01m[KCDCR::x_residual::x_residual(double, double, double, double, Eigen::Vector3d)[m[K’:
[2.872s] [01m[K/home/weiwei/Desktop/project/path_follow/src/path_follow/src/cdcr.hpp:60:27:[m[K [01;35m[Kwarning: [m[K‘[01m[KCDCR::x_residual::position_[m[K’ will be initialized after [[01;35m[K-Wreorder[m[K]
[2.872s]    60 |     const Eigen::Vector3d [01;35m[Kposition_[m[K;
[2.872s]       |                           [01;35m[K^~~~~~~~~[m[K
[2.872s] [01m[K/home/weiwei/Desktop/project/path_follow/src/path_follow/src/cdcr.hpp:58:18:[m[K [01;35m[Kwarning: [m[K  ‘[01m[Kconst double CDCR::x_residual::weight_position_[m[K’ [[01;35m[K-Wreorder[m[K]
[2.872s]    58 |     const double [01;35m[Kweight_position_[m[K;
[2.872s]       |                  [01;35m[K^~~~~~~~~~~~~~~~[m[K
[2.872s] [01m[K/home/weiwei/Desktop/project/path_follow/src/path_follow/src/cdcr.hpp:40:5:[m[K [01;35m[Kwarning: [m[K  when initialized here [[01;35m[K-Wreorder[m[K]
[2.872s]    40 |     [01;35m[Kx_residual[m[K(double weight_position,
[2.872s]       |     [01;35m[K^~~~~~~~~~[m[K
[2.872s] [01m[K/home/weiwei/Desktop/project/path_follow/src/path_follow/src/cdcr.hpp:[m[K In constructor ‘[01m[KCDCR::angle_residual::angle_residual(double, double, double, double, Eigen::Vector3d)[m[K’:
[2.872s] [01m[K/home/weiwei/Desktop/project/path_follow/src/path_follow/src/cdcr.hpp:138:27:[m[K [01;35m[Kwarning: [m[K‘[01m[KCDCR::angle_residual::tangent_vector_[m[K’ will be initialized after [[01;35m[K-Wreorder[m[K]
[2.872s]   138 |     const Eigen::Vector3d [01;35m[Ktangent_vector_[m[K;
[2.872s]       |                           [01;35m[K^~~~~~~~~~~~~~~[m[K
[2.872s] [01m[K/home/weiwei/Desktop/project/path_follow/src/path_follow/src/cdcr.hpp:136:18:[m[K [01;35m[Kwarning: [m[K  ‘[01m[Kconst double CDCR::angle_residual::weight_direction_[m[K’ [[01;35m[K-Wreorder[m[K]
[2.872s]   136 |     const double [01;35m[Kweight_direction_[m[K;
[2.872s]       |                  [01;35m[K^~~~~~~~~~~~~~~~~[m[K
[2.872s] [01m[K/home/weiwei/Desktop/project/path_follow/src/path_follow/src/cdcr.hpp:119:5:[m[K [01;35m[Kwarning: [m[K  when initialized here [[01;35m[K-Wreorder[m[K]
[2.872s]   119 |     [01;35m[Kangle_residual[m[K(double weight_direction,
[2.872s]       |     [01;35m[K^~~~~~~~~~~~~~[m[K
[2.898s] In file included from [01m[K/home/weiwei/Desktop/project/path_follow/src/path_follow/src/cdcr.cpp:1[m[K:
[2.898s] [01m[K/home/weiwei/Desktop/project/path_follow/src/path_follow/src/cdcr.hpp:[m[K In constructor ‘[01m[KCDCR::x_residual::x_residual(double, double, double, double, Eigen::Vector3d)[m[K’:
[2.898s] [01m[K/home/weiwei/Desktop/project/path_follow/src/path_follow/src/cdcr.hpp:60:27:[m[K [01;35m[Kwarning: [m[K‘[01m[KCDCR::x_residual::position_[m[K’ will be initialized after [[01;35m[K-Wreorder[m[K]
[2.898s]    60 |     const Eigen::Vector3d [01;35m[Kposition_[m[K;
[2.898s]       |                           [01;35m[K^~~~~~~~~[m[K
[2.898s] [01m[K/home/weiwei/Desktop/project/path_follow/src/path_follow/src/cdcr.hpp:58:18:[m[K [01;35m[Kwarning: [m[K  ‘[01m[Kconst double CDCR::x_residual::weight_position_[m[K’ [[01;35m[K-Wreorder[m[K]
[2.898s]    58 |     const double [01;35m[Kweight_position_[m[K;
[2.898s]       |                  [01;35m[K^~~~~~~~~~~~~~~~[m[K
[2.898s] [01m[K/home/weiwei/Desktop/project/path_follow/src/path_follow/src/cdcr.hpp:40:5:[m[K [01;35m[Kwarning: [m[K  when initialized here [[01;35m[K-Wreorder[m[K]
[2.898s]    40 |     [01;35m[Kx_residual[m[K(double weight_position,
[2.898s]       |     [01;35m[K^~~~~~~~~~[m[K
[2.898s] [01m[K/home/weiwei/Desktop/project/path_follow/src/path_follow/src/cdcr.hpp:[m[K In constructor ‘[01m[KCDCR::angle_residual::angle_residual(double, double, double, double, Eigen::Vector3d)[m[K’:
[2.898s] [01m[K/home/weiwei/Desktop/project/path_follow/src/path_follow/src/cdcr.hpp:138:27:[m[K [01;35m[Kwarning: [m[K‘[01m[KCDCR::angle_residual::tangent_vector_[m[K’ will be initialized after [[01;35m[K-Wreorder[m[K]
[2.898s]   138 |     const Eigen::Vector3d [01;35m[Ktangent_vector_[m[K;
[2.898s]       |                           [01;35m[K^~~~~~~~~~~~~~~[m[K
[2.898s] [01m[K/home/weiwei/Desktop/project/path_follow/src/path_follow/src/cdcr.hpp:136:18:[m[K [01;35m[Kwarning: [m[K  ‘[01m[Kconst double CDCR::angle_residual::weight_direction_[m[K’ [[01;35m[K-Wreorder[m[K]
[2.898s]   136 |     const double [01;35m[Kweight_direction_[m[K;
[2.898s]       |                  [01;35m[K^~~~~~~~~~~~~~~~~[m[K
[2.898s] [01m[K/home/weiwei/Desktop/project/path_follow/src/path_follow/src/cdcr.hpp:119:5:[m[K [01;35m[Kwarning: [m[K  when initialized here [[01;35m[K-Wreorder[m[K]
[2.898s]   119 |     [01;35m[Kangle_residual[m[K(double weight_direction,
[2.898s]       |     [01;35m[K^~~~~~~~~~~~~~[m[K
[2.950s] [01m[K/home/weiwei/Desktop/project/path_follow/src/path_follow/src/cdcr.cpp:[m[K In constructor ‘[01m[KCDCR::CDCR()[m[K’:
[2.950s] [01m[K/home/weiwei/Desktop/project/path_follow/src/path_follow/src/cdcr.cpp:92:12:[m[K [01;35m[Kwarning: [m[Kunused variable ‘[01m[Kbase_tolerance_deviation[m[K’ [[01;35m[K-Wunused-variable[m[K]
[2.950s]    92 |     double [01;35m[Kbase_tolerance_deviation[m[K = this->get_parameter("base_tolerance_deviation").as_double();
[2.950s]       |            [01;35m[K^~~~~~~~~~~~~~~~~~~~~~~~[m[K
[2.991s] [01m[K/home/weiwei/Desktop/project/path_follow/src/path_follow/src/cdcr.cpp:[m[K In member function ‘[01m[Kvoid CDCR::path_follow_exeperience()[m[K’:
[2.992s] [01m[K/home/weiwei/Desktop/project/path_follow/src/path_follow/src/cdcr.cpp:284:23:[m[K [01;35m[Kwarning: [m[Kcomparison of integer expressions of different signedness: ‘[01m[Kint[m[K’ and ‘[01m[Kstd::vector<Joint>::size_type[m[K’ {aka ‘[01m[Klong unsigned int[m[K’} [[01;35m[K-Wsign-compare[m[K]
[2.992s]   284 |         for (int i=0;[01;35m[Ki<joints.size()[m[K;i++)
[2.992s]       |                      [01;35m[K~^~~~~~~~~~~~~~[m[K
[2.997s] [01m[K/home/weiwei/Desktop/project/path_follow/src/path_follow/src/cdcr.cpp:[m[K In member function ‘[01m[Kvoid CDCR::getCorrectTravelPointID()[m[K’:
[2.997s] [01m[K/home/weiwei/Desktop/project/path_follow/src/path_follow/src/cdcr.cpp:347:19:[m[K [01;35m[Kwarning: [m[Kcomparison of integer expressions of different signedness: ‘[01m[Kint[m[K’ and ‘[01m[Kstd::vector<Eigen::Matrix<double, 3, 1> >::size_type[m[K’ {aka ‘[01m[Klong unsigned int[m[K’} [[01;35m[K-Wsign-compare[m[K]
[2.997s]   347 |     for (int i=1;[01;35m[Ki<path_points.size()-1[m[K;i++)
[2.997s]       |                  [01;35m[K~^~~~~~~~~~~~~~~~~~~~~[m[K
[2.997s] [01m[K/home/weiwei/Desktop/project/path_follow/src/path_follow/src/cdcr.cpp:349:14:[m[K [01;35m[Kwarning: [m[Kcomparison of integer expressions of different signedness: ‘[01m[Kint[m[K’ and ‘[01m[Kstd::vector<Eigen::Matrix<double, 3, 1> >::size_type[m[K’ {aka ‘[01m[Klong unsigned int[m[K’} [[01;35m[K-Wsign-compare[m[K]
[2.997s]   349 |         if ([01;35m[Ki>=(path_points.size()-2)[m[K)
[2.997s]       |             [01;35m[K~^~~~~~~~~~~~~~~~~~~~~~~~[m[K
[2.997s] [01m[K/home/weiwei/Desktop/project/path_follow/src/path_follow/src/cdcr.cpp:366:23:[m[K [01;35m[Kwarning: [m[Kcomparison of integer expressions of different signedness: ‘[01m[Kint[m[K’ and ‘[01m[Kstd::vector<Eigen::Matrix<double, 3, 1> >::size_type[m[K’ {aka ‘[01m[Klong unsigned int[m[K’} [[01;35m[K-Wsign-compare[m[K]
[2.997s]   366 |         for (int j=i;[01;35m[Kj<path_points.size()-1[m[K;j++)
[2.997s]       |                      [01;35m[K~^~~~~~~~~~~~~~~~~~~~~[m[K
[2.997s] [01m[K/home/weiwei/Desktop/project/path_follow/src/path_follow/src/cdcr.cpp:368:18:[m[K [01;35m[Kwarning: [m[Kcomparison of integer expressions of different signedness: ‘[01m[Kint[m[K’ and ‘[01m[Kstd::vector<Eigen::Matrix<double, 3, 1> >::size_type[m[K’ {aka ‘[01m[Klong unsigned int[m[K’} [[01;35m[K-Wsign-compare[m[K]
[2.998s]   368 |             if ([01;35m[Kj==(path_points.size()-2)[m[K)
[2.998s]       |                 [01;35m[K~^~~~~~~~~~~~~~~~~~~~~~~~[m[K
[2.998s] [01m[K/home/weiwei/Desktop/project/path_follow/src/path_follow/src/cdcr.cpp:345:12:[m[K [01;35m[Kwarning: [m[Kunused variable ‘[01m[Kpath_deviation[m[K’ [[01;35m[K-Wunused-variable[m[K]
[2.998s]   345 |     double [01;35m[Kpath_deviation[m[K;
[2.998s]       |            [01;35m[K^~~~~~~~~~~~~~[m[K
[3.106s] [01m[K/home/weiwei/Desktop/project/path_follow/src/path_follow/src/cdcr.cpp:[m[K In member function ‘[01m[Kvoid CDCR::visualization()[m[K’:
[3.106s] [01m[K/home/weiwei/Desktop/project/path_follow/src/path_follow/src/cdcr.cpp:563:19:[m[K [01;35m[Kwarning: [m[Kcomparison of integer expressions of different signedness: ‘[01m[Kint[m[K’ and ‘[01m[Kstd::vector<Eigen::Matrix<double, 3, 1> >::size_type[m[K’ {aka ‘[01m[Klong unsigned int[m[K’} [[01;35m[K-Wsign-compare[m[K]
[3.106s]   563 |     for (int i=0;[01;35m[Ki<this->cdcr_points.size()[m[K;i++)
[3.106s]       |                  [01;35m[K~^~~~~~~~~~~~~~~~~~~~~~~~~[m[K
[3.106s] [01m[K/home/weiwei/Desktop/project/path_follow/src/path_follow/src/cdcr.cpp:573:19:[m[K [01;35m[Kwarning: [m[Kcomparison of integer expressions of different signedness: ‘[01m[Kint[m[K’ and ‘[01m[Kstd::vector<int>::size_type[m[K’ {aka ‘[01m[Klong unsigned int[m[K’} [[01;35m[K-Wsign-compare[m[K]
[3.106s]   573 |     for (int i=1;[01;35m[Ki<this->cdcr_segment_point_id.size()[m[K;i++)
[3.106s]       |                  [01;35m[K~^~~~~~~~~~~~~~~~~~~~~~~~~~~~~~~~~~~[m[K
[3.133s] [01m[K/home/weiwei/Desktop/project/path_follow/src/path_follow/src/cdcr.cpp:[m[K In member function ‘[01m[Kvoid CDCR::cal_deviation_get_max_deviation_path_point_id(double&, int&)[m[K’:
[3.134s] [01m[K/home/weiwei/Desktop/project/path_follow/src/path_follow/src/cdcr.cpp:650:52:[m[K [01;35m[Kwarning: [m[Kcomparison of integer expressions of different signedness: ‘[01m[Kint[m[K’ and ‘[01m[Kstd::vector<Eigen::Matrix<double, 3, 1> >::size_type[m[K’ {aka ‘[01m[Klong unsigned int[m[K’} [[01;35m[K-Wsign-compare[m[K]
[3.134s]   650 |                     if ([01;35m[Ktemp_current_cdcr_point_id >= this->cdcr_points.size()[m[K)
[3.134s]       |                         [01;35m[K~~~~~~~~~~~~~~~~~~~~~~~~~~~^~~~~~~~~~~~~~~~~~~~~~~~~~~[m[K
[3.153s] [01m[K/home/weiwei/Desktop/project/path_follow/src/path_follow/src/cdcr.cpp:[m[K In member function ‘[01m[Kvoid CDCR::fitCDCR()[m[K’:
[3.153s] [01m[K/home/weiwei/Desktop/project/path_follow/src/path_follow/src/cdcr.cpp:702:17:[m[K [01;31m[Kerror: [m[Kno matching function for call to ‘[01m[KCDCR::x_residual::x_residual(double&, double&, double&, Eigen::DenseCoeffsBase<Eigen::Matrix<double, 4, 1>, 1>::Scalar&)[m[K’
[3.153s]   702 |                 [01;31m[K)[m[K
[3.153s]       |                 [01;31m[K^[m[K
[3.153s] In file included from [01m[K/home/weiwei/Desktop/project/path_follow/src/path_follow/src/cdcr.cpp:1[m[K:
[3.153s] [01m[K/home/weiwei/Desktop/project/path_follow/src/path_follow/src/cdcr.hpp:40:5:[m[K [01;36m[Knote: [m[Kcandidate: ‘[01m[KCDCR::x_residual::x_residual(double, double, double, double, Eigen::Vector3d)[m[K’
[3.153s]    40 |     [01;36m[Kx_residual[m[K(double weight_position,
[3.153s]       |     [01;36m[K^~~~~~~~~~[m[K
[3.153s] [01m[K/home/weiwei/Desktop/project/path_follow/src/path_follow/src/cdcr.hpp:40:5:[m[K [01;36m[Knote: [m[K  candidate expects 5 arguments, 4 provided
[3.153s] [01m[K/home/weiwei/Desktop/project/path_follow/src/path_follow/src/cdcr.hpp:39:8:[m[K [01;36m[Knote: [m[Kcandidate: ‘[01m[KCDCR::x_residual::x_residual(const CDCR::x_residual&)[m[K’
[3.153s]    39 | struct [01;36m[Kx_residual[m[K{
[3.153s]       |        [01;36m[K^~~~~~~~~~[m[K
[3.153s] [01m[K/home/weiwei/Desktop/project/path_follow/src/path_follow/src/cdcr.hpp:39:8:[m[K [01;36m[Knote: [m[K  candidate expects 1 argument, 4 provided
[3.153s] [01m[K/home/weiwei/Desktop/project/path_follow/src/path_follow/src/cdcr.hpp:39:8:[m[K [01;36m[Knote: [m[Kcandidate: ‘[01m[KCDCR::x_residual::x_residual(CDCR::x_residual&&)[m[K’
[3.153s] [01m[K/home/weiwei/Desktop/project/path_follow/src/path_follow/src/cdcr.hpp:39:8:[m[K [01;36m[Knote: [m[K  candidate expects 1 argument, 4 provided
[3.161s] [01m[K/home/weiwei/Desktop/project/path_follow/src/path_follow/src/cdcr.cpp:708:45:[m[K [01;31m[Kerror: [m[K‘[01m[Ky_residual[m[K’ was not declared in this scope; did you mean ‘[01m[Kx_residual[m[K’?
[3.161s]   708 |             new ceres::AutoDiffCostFunction<[01;31m[Ky_residual[m[K,1,1,1>(
[3.161s]       |                                             [01;31m[K^~~~~~~~~~[m[K
[3.161s]       |                                             [32m[Kx_residual[m[K
[3.161s] [01m[K/home/weiwei/Desktop/project/path_follow/src/path_follow/src/cdcr.cpp:708:61:[m[K [01;31m[Kerror: [m[Ktemplate argument 1 is invalid
[3.161s]   708 |             new ceres::AutoDiffCostFunction<y_residual,1,1,1[01;31m[K>[m[K(
[3.161s]       |                                                             [01;31m[K^[m[K
[3.161s] [01m[K/home/weiwei/Desktop/project/path_follow/src/path_follow/src/cdcr.cpp:709:21:[m[K [01;31m[Kerror: [m[Kexpected type-specifier before ‘[01m[Ky_residual[m[K’
[3.161s]   709 |                 new [01;31m[Ky_residual[m[K(
[3.161s]       |                     [01;31m[K^~~~~~~~~~[m[K
[3.163s] [01m[K/home/weiwei/Desktop/project/path_follow/src/path_follow/src/cdcr.cpp:720:45:[m[K [01;31m[Kerror: [m[K‘[01m[Kz_residual[m[K’ was not declared in this scope; did you mean ‘[01m[Kx_residual[m[K’?
[3.163s]   720 |             new ceres::AutoDiffCostFunction<[01;31m[Kz_residual[m[K,1,1>(
[3.163s]       |                                             [01;31m[K^~~~~~~~~~[m[K
[3.163s]       |                                             [32m[Kx_residual[m[K
[3.163s] [01m[K/home/weiwei/Desktop/project/path_follow/src/path_follow/src/cdcr.cpp:720:59:[m[K [01;31m[Kerror: [m[Ktemplate argument 1 is invalid
[3.163s]   720 |             new ceres::AutoDiffCostFunction<z_residual,1,1[01;31m[K>[m[K(
[3.163s]       |                                                           [01;31m[K^[m[K
[3.163s] [01m[K/home/weiwei/Desktop/project/path_follow/src/path_follow/src/cdcr.cpp:721:21:[m[K [01;31m[Kerror: [m[Kexpected type-specifier before ‘[01m[Kz_residual[m[K’
[3.163s]   721 |                 new [01;31m[Kz_residual[m[K(
[3.163s]       |                     [01;31m[K^~~~~~~~~~[m[K
[3.171s] [01m[K/home/weiwei/Desktop/project/path_follow/src/path_follow/src/cdcr.cpp:[m[K In member function ‘[01m[Kvoid CDCR::find_closed_path_point(const int&, const Vector3d&, int&)[m[K’:
[3.171s] [01m[K/home/weiwei/Desktop/project/path_follow/src/path_follow/src/cdcr.cpp:788:52:[m[K [01;35m[Kwarning: [m[Kcomparison of integer expressions of different signedness: ‘[01m[Kint[m[K’ and ‘[01m[Kstd::vector<Eigen::Matrix<double, 3, 1> >::size_type[m[K’ {aka ‘[01m[Klong unsigned int[m[K’} [[01;35m[K-Wsign-compare[m[K]
[3.171s]   788 |         }while(temp_dot_value>0&&[01;35m[Ktemp_path_point_id<path_points.size()-2[m[K);
[3.171s]       |                                  [01;35m[K~~~~~~~~~~~~~~~~~~^~~~~~~~~~~~~~~~~~~~~[m[K
[3.172s] [01m[K/home/weiwei/Desktop/project/path_follow/src/path_follow/src/cdcr.cpp:[m[K In member function ‘[01m[Kvoid CDCR::getPathDeviationAndNextIndex(const int&, const int&, int&)[m[K’:
[3.172s] [01m[K/home/weiwei/Desktop/project/path_follow/src/path_follow/src/cdcr.cpp:834:52:[m[K [01;35m[Kwarning: [m[Kunused parameter ‘[01m[Kpath_point_index_start[m[K’ [[01;35m[K-Wunused-parameter[m[K]
[3.172s]   834 | void CDCR::getPathDeviationAndNextIndex([01;35m[Kconst int& path_point_index_start[m[K,
[3.172s]       |                                         [01;35m[K~~~~~~~~~~~^~~~~~~~~~~~~~~~~~~~~~[m[K
[3.172s] [01m[K/home/weiwei/Desktop/project/path_follow/src/path_follow/src/cdcr.cpp:835:52:[m[K [01;35m[Kwarning: [m[Kunused parameter ‘[01m[Kcdcr_point_index[m[K’ [[01;35m[K-Wunused-parameter[m[K]
[3.172s]   835 |                                         [01;35m[Kconst int& cdcr_point_index[m[K,
[3.172s]       |                                         [01;35m[K~~~~~~~~~~~^~~~~~~~~~~~~~~~[m[K
[3.172s] [01m[K/home/weiwei/Desktop/project/path_follow/src/path_follow/src/cdcr.cpp:836:46:[m[K [01;35m[Kwarning: [m[Kunused parameter ‘[01m[Kpath_point_index_next_start[m[K’ [[01;35m[K-Wunused-parameter[m[K]
[3.172s]   836 |                                         [01;35m[Kint& path_point_index_next_start[m[K)
[3.172s]       |                                         [01;35m[K~~~~~^~~~~~~~~~~~~~~~~~~~~~~~~~~[m[K
[4.753s] make[2]: *** [CMakeFiles/path_follow.dir/build.make:76：CMakeFiles/path_follow.dir/src/cdcr.cpp.o] 错误 1
[4.753s] make[1]: *** [CMakeFiles/Makefile2:78：CMakeFiles/path_follow.dir/all] 错误 2
[4.753s] make: *** [Makefile:141：all] 错误 2
[4.755s] Invoked command in '/home/weiwei/Desktop/project/path_follow/build/path_follow' returned '2': CMAKE_PREFIX_PATH=${CMAKE_PREFIX_PATH}:/opt/ros/foxy /usr/bin/cmake --build /home/weiwei/Desktop/project/path_follow/build/path_follow -- -j16 -l16
