-- Found ament_cmake: 0.9.12 (/opt/ros/foxy/share/ament_cmake/cmake)
-- Using PYTHON_EXECUTABLE: /usr/bin/python3
-- Found rclcpp: 2.4.3 (/opt/ros/foxy/share/rclcpp/cmake)
-- Using all available rosidl_typesupport_c: rosidl_typesupport_fastrtps_c;rosidl_typesupport_introspection_c
-- Found rosidl_adapter: 1.3.1 (/opt/ros/foxy/share/rosidl_adapter/cmake)
-- Using all available rosidl_typesupport_cpp: rosidl_typesupport_fastrtps_cpp;rosidl_typesupport_introspection_cpp
-- Found rmw_implementation_cmake: 1.0.4 (/opt/ros/foxy/share/rmw_implementation_cmake/cmake)
-- Using RMW implementation 'rmw_fastrtps_cpp' as default
-- Found nav_msgs: 2.0.5 (/opt/ros/foxy/share/nav_msgs/cmake)
-- Found visualization_msgs: 2.0.5 (/opt/ros/foxy/share/visualization_msgs/cmake)
-- Found rclcpp_components: 2.4.3 (/opt/ros/foxy/share/rclcpp_components/cmake)
-- Found BLAS: /usr/lib/x86_64-linux-gnu/libblas.so  
-- Found AMD headers in: /usr/include/suitesparse
-- Found AMD library: /usr/lib/x86_64-linux-gnu/libamd.so
-- Found CAMD headers in: /usr/include/suitesparse
-- Found CAMD library: /usr/lib/x86_64-linux-gnu/libcamd.so
-- Found CCOLAMD headers in: /usr/include/suitesparse
-- Found CCOLAMD library: /usr/lib/x86_64-linux-gnu/libccolamd.so
-- Found CHOLMOD headers in: /usr/include/suitesparse
-- Found CHOLMOD library: /usr/lib/x86_64-linux-gnu/libcholmod.so
-- Found COLAMD headers in: /usr/include/suitesparse
-- Found COLAMD library: /usr/lib/x86_64-linux-gnu/libcolamd.so
-- Found SPQR headers in: /usr/include/suitesparse
-- Found SPQR library: /usr/lib/x86_64-linux-gnu/libspqr.so
-- Found Config headers in: /usr/include/suitesparse
-- Found Config library: /usr/lib/x86_64-linux-gnu/libsuitesparseconfig.so
-- Found Intel Thread Building Blocks (TBB) library (2020.1 / 11101) include location: . Assuming SuiteSparseQR was compiled with TBB.
-- Looking for shm_open in rt
-- Looking for shm_open in rt - found
-- Adding librt to SuiteSparse_config libraries (required on Linux & Unix [not OSX] if SuiteSparse is compiled with timing).
-- Could NOT find METIS (missing: METIS_INCLUDE_DIR METIS_LIBRARY) 
-- Found SuiteSparse: /usr/include/suitesparse (found suitable version "5.7.1", minimum required is "5.7.1") found components: AMD CAMD CCOLAMD CHOLMOD COLAMD SPQR Config 
-- Found required Ceres dependency: Eigen version 3.3.9 in /usr/local/share/eigen3/cmake
-- Found required Ceres dependency: glog
-- Found required Ceres dependency: gflags
-- Found Ceres version: 2.2.0 installed in: /usr/local with components: [EigenSparse, SparseLinearAlgebraLibrary, LAPACK, SuiteSparse, SchurSpecializations]
-- Found ament_lint_auto: 0.9.8 (/opt/ros/foxy/share/ament_lint_auto/cmake)
-- Added test 'copyright' to check source files copyright and LICENSE
-- Added test 'cppcheck' to perform static code analysis on C / C++ code
-- Configured cppcheck include dirs: 
-- Configured cppcheck exclude dirs and/or files: 
-- Added test 'cpplint' to check C / C++ code against the Google style
-- Configured cpplint exclude dirs and/or files: 
-- Added test 'flake8' to check Python code syntax and style conventions
-- Added test 'lint_cmake' to check CMake code style
-- Added test 'pep257' to check Python code against some of the style conventions in PEP 257
-- Added test 'uncrustify' to check C / C++ code style
-- Configured uncrustify additional arguments: 
-- Added test 'xmllint' to check XML markup files
-- Configuring done
-- Generating done
-- Build files have been written to: /home/weiwei/Desktop/project/path_follow/build/path_follow
[35m[1mScanning dependencies of target path_follow[0m
[ 25%] [32mBuilding CXX object CMakeFiles/path_follow.dir/src/main.cpp.o[0m
[ 50%] [32mBuilding CXX object CMakeFiles/path_follow.dir/src/cdcr.cpp.o[0m
[ 75%] [32mBuilding CXX object CMakeFiles/path_follow.dir/src/joint.cpp.o[0m
In file included from [01m[K/home/weiwei/Desktop/project/path_follow/src/path_follow/src/cdcr.cpp:1[m[K:
[01m[K/home/weiwei/Desktop/project/path_follow/src/path_follow/src/cdcr.hpp:[m[K In constructor ‘[01m[KCDCR::x_residual::x_residual(double, double, double, double)[m[K’:
[01m[K/home/weiwei/Desktop/project/path_follow/src/path_follow/src/cdcr.hpp:50:18:[m[K [01;35m[Kwarning: [m[K‘[01m[KCDCR::x_residual::x_[m[K’ will be initialized after [[01;35m[K-Wreorder[m[K]
   50 |     const double [01;35m[Kx_[m[K;
      |                  [01;35m[K^~[m[K
[01m[K/home/weiwei/Desktop/project/path_follow/src/path_follow/src/cdcr.hpp:48:18:[m[K [01;35m[Kwarning: [m[K  ‘[01m[Kconst double CDCR::x_residual::weight_position_[m[K’ [[01;35m[K-Wreorder[m[K]
   48 |     const double [01;35m[Kweight_position_[m[K;
      |                  [01;35m[K^~~~~~~~~~~~~~~~[m[K
[01m[K/home/weiwei/Desktop/project/path_follow/src/path_follow/src/cdcr.hpp:35:5:[m[K [01;35m[Kwarning: [m[K  when initialized here [[01;35m[K-Wreorder[m[K]
   35 |     [01;35m[Kx_residual[m[K(double weight_position,
      |     [01;35m[K^~~~~~~~~~[m[K
[01m[K/home/weiwei/Desktop/project/path_follow/src/path_follow/src/cdcr.hpp:[m[K In constructor ‘[01m[KCDCR::y_residual::y_residual(double, double, double, double)[m[K’:
[01m[K/home/weiwei/Desktop/project/path_follow/src/path_follow/src/cdcr.hpp:68:18:[m[K [01;35m[Kwarning: [m[K‘[01m[KCDCR::y_residual::y_[m[K’ will be initialized after [[01;35m[K-Wreorder[m[K]
   68 |     const double [01;35m[Ky_[m[K;
      |                  [01;35m[K^~[m[K
[01m[K/home/weiwei/Desktop/project/path_follow/src/path_follow/src/cdcr.hpp:66:18:[m[K [01;35m[Kwarning: [m[K  ‘[01m[Kconst double CDCR::y_residual::weight_position_[m[K’ [[01;35m[K-Wreorder[m[K]
   66 |     const double [01;35m[Kweight_position_[m[K;
      |                  [01;35m[K^~~~~~~~~~~~~~~~[m[K
[01m[K/home/weiwei/Desktop/project/path_follow/src/path_follow/src/cdcr.hpp:53:5:[m[K [01;35m[Kwarning: [m[K  when initialized here [[01;35m[K-Wreorder[m[K]
   53 |     [01;35m[Ky_residual[m[K(double weight_position,
      |     [01;35m[K^~~~~~~~~~[m[K
[01m[K/home/weiwei/Desktop/project/path_follow/src/path_follow/src/cdcr.hpp:[m[K In constructor ‘[01m[KCDCR::z_residual::z_residual(double, double, double, double, double)[m[K’:
[01m[K/home/weiwei/Desktop/project/path_follow/src/path_follow/src/cdcr.hpp:87:51:[m[K [01;35m[Kwarning: [m[K‘[01m[KCDCR::z_residual::length_rigid1_[m[K’ will be initialized after [[01;35m[K-Wreorder[m[K]
   87 |     const double length_continuum_,length_rigid2_,[01;35m[Klength_rigid1_[m[K;
      |                                                   [01;35m[K^~~~~~~~~~~~~~[m[K
[01m[K/home/weiwei/Desktop/project/path_follow/src/path_follow/src/cdcr.hpp:87:36:[m[K [01;35m[Kwarning: [m[K  ‘[01m[Kconst double CDCR::z_residual::length_rigid2_[m[K’ [[01;35m[K-Wreorder[m[K]
   87 |     const double length_continuum_,[01;35m[Klength_rigid2_[m[K,length_rigid1_;
      |                                    [01;35m[K^~~~~~~~~~~~~~[m[K
[01m[K/home/weiwei/Desktop/project/path_follow/src/path_follow/src/cdcr.hpp:71:5:[m[K [01;35m[Kwarning: [m[K  when initialized here [[01;35m[K-Wreorder[m[K]
   71 |     [01;35m[Kz_residual[m[K(double weight_position,
      |     [01;35m[K^~~~~~~~~~[m[K
[01m[K/home/weiwei/Desktop/project/path_follow/src/path_follow/src/cdcr.hpp:88:18:[m[K [01;35m[Kwarning: [m[K‘[01m[KCDCR::z_residual::z_[m[K’ will be initialized after [[01;35m[K-Wreorder[m[K]
   88 |     const double [01;35m[Kz_[m[K;
      |                  [01;35m[K^~[m[K
[01m[K/home/weiwei/Desktop/project/path_follow/src/path_follow/src/cdcr.hpp:86:18:[m[K [01;35m[Kwarning: [m[K  ‘[01m[Kconst double CDCR::z_residual::weight_position_[m[K’ [[01;35m[K-Wreorder[m[K]
   86 |     const double [01;35m[Kweight_position_[m[K;
      |                  [01;35m[K^~~~~~~~~~~~~~~~[m[K
[01m[K/home/weiwei/Desktop/project/path_follow/src/path_follow/src/cdcr.hpp:71:5:[m[K [01;35m[Kwarning: [m[K  when initialized here [[01;35m[K-Wreorder[m[K]
   71 |     [01;35m[Kz_residual[m[K(double weight_position,
      |     [01;35m[K^~~~~~~~~~[m[K
[01m[K/home/weiwei/Desktop/project/path_follow/src/path_follow/src/cdcr.hpp:[m[K In constructor ‘[01m[KCDCR::angle_residual::angle_residual(double, double, double, double, Eigen::Vector3d)[m[K’:
[01m[K/home/weiwei/Desktop/project/path_follow/src/path_follow/src/cdcr.hpp:110:27:[m[K [01;35m[Kwarning: [m[K‘[01m[KCDCR::angle_residual::tangent_vector_[m[K’ will be initialized after [[01;35m[K-Wreorder[m[K]
  110 |     const Eigen::Vector3d [01;35m[Ktangent_vector_[m[K;
      |                           [01;35m[K^~~~~~~~~~~~~~~[m[K
[01m[K/home/weiwei/Desktop/project/path_follow/src/path_follow/src/cdcr.hpp:108:18:[m[K [01;35m[Kwarning: [m[K  ‘[01m[Kconst double CDCR::angle_residual::weight_direction_[m[K’ [[01;35m[K-Wreorder[m[K]
  108 |     const double [01;35m[Kweight_direction_[m[K;
      |                  [01;35m[K^~~~~~~~~~~~~~~~~[m[K
[01m[K/home/weiwei/Desktop/project/path_follow/src/path_follow/src/cdcr.hpp:91:5:[m[K [01;35m[Kwarning: [m[K  when initialized here [[01;35m[K-Wreorder[m[K]
   91 |     [01;35m[Kangle_residual[m[K(double weight_direction,
      |     [01;35m[K^~~~~~~~~~~~~~[m[K
In file included from [01m[K/home/weiwei/Desktop/project/path_follow/src/path_follow/src/main.cpp:1[m[K:
[01m[K/home/weiwei/Desktop/project/path_follow/src/path_follow/src/cdcr.hpp:[m[K In constructor ‘[01m[KCDCR::x_residual::x_residual(double, double, double, double)[m[K’:
[01m[K/home/weiwei/Desktop/project/path_follow/src/path_follow/src/cdcr.hpp:50:18:[m[K [01;35m[Kwarning: [m[K‘[01m[KCDCR::x_residual::x_[m[K’ will be initialized after [[01;35m[K-Wreorder[m[K]
   50 |     const double [01;35m[Kx_[m[K;
      |                  [01;35m[K^~[m[K
[01m[K/home/weiwei/Desktop/project/path_follow/src/path_follow/src/cdcr.hpp:48:18:[m[K [01;35m[Kwarning: [m[K  ‘[01m[Kconst double CDCR::x_residual::weight_position_[m[K’ [[01;35m[K-Wreorder[m[K]
   48 |     const double [01;35m[Kweight_position_[m[K;
      |                  [01;35m[K^~~~~~~~~~~~~~~~[m[K
[01m[K/home/weiwei/Desktop/project/path_follow/src/path_follow/src/cdcr.hpp:35:5:[m[K [01;35m[Kwarning: [m[K  when initialized here [[01;35m[K-Wreorder[m[K]
   35 |     [01;35m[Kx_residual[m[K(double weight_position,
      |     [01;35m[K^~~~~~~~~~[m[K
[01m[K/home/weiwei/Desktop/project/path_follow/src/path_follow/src/cdcr.hpp:[m[K In constructor ‘[01m[KCDCR::y_residual::y_residual(double, double, double, double)[m[K’:
[01m[K/home/weiwei/Desktop/project/path_follow/src/path_follow/src/cdcr.hpp:68:18:[m[K [01;35m[Kwarning: [m[K‘[01m[KCDCR::y_residual::y_[m[K’ will be initialized after [[01;35m[K-Wreorder[m[K]
   68 |     const double [01;35m[Ky_[m[K;
      |                  [01;35m[K^~[m[K
[01m[K/home/weiwei/Desktop/project/path_follow/src/path_follow/src/cdcr.hpp:66:18:[m[K [01;35m[Kwarning: [m[K  ‘[01m[Kconst double CDCR::y_residual::weight_position_[m[K’ [[01;35m[K-Wreorder[m[K]
   66 |     const double [01;35m[Kweight_position_[m[K;
      |                  [01;35m[K^~~~~~~~~~~~~~~~[m[K
[01m[K/home/weiwei/Desktop/project/path_follow/src/path_follow/src/cdcr.hpp:53:5:[m[K [01;35m[Kwarning: [m[K  when initialized here [[01;35m[K-Wreorder[m[K]
   53 |     [01;35m[Ky_residual[m[K(double weight_position,
      |     [01;35m[K^~~~~~~~~~[m[K
[01m[K/home/weiwei/Desktop/project/path_follow/src/path_follow/src/cdcr.hpp:[m[K In constructor ‘[01m[KCDCR::z_residual::z_residual(double, double, double, double, double)[m[K’:
[01m[K/home/weiwei/Desktop/project/path_follow/src/path_follow/src/cdcr.hpp:87:51:[m[K [01;35m[Kwarning: [m[K‘[01m[KCDCR::z_residual::length_rigid1_[m[K’ will be initialized after [[01;35m[K-Wreorder[m[K]
   87 |     const double length_continuum_,length_rigid2_,[01;35m[Klength_rigid1_[m[K;
      |                                                   [01;35m[K^~~~~~~~~~~~~~[m[K
[01m[K/home/weiwei/Desktop/project/path_follow/src/path_follow/src/cdcr.hpp:87:36:[m[K [01;35m[Kwarning: [m[K  ‘[01m[Kconst double CDCR::z_residual::length_rigid2_[m[K’ [[01;35m[K-Wreorder[m[K]
   87 |     const double length_continuum_,[01;35m[Klength_rigid2_[m[K,length_rigid1_;
      |                                    [01;35m[K^~~~~~~~~~~~~~[m[K
[01m[K/home/weiwei/Desktop/project/path_follow/src/path_follow/src/cdcr.hpp:71:5:[m[K [01;35m[Kwarning: [m[K  when initialized here [[01;35m[K-Wreorder[m[K]
   71 |     [01;35m[Kz_residual[m[K(double weight_position,
      |     [01;35m[K^~~~~~~~~~[m[K
[01m[K/home/weiwei/Desktop/project/path_follow/src/path_follow/src/cdcr.hpp:88:18:[m[K [01;35m[Kwarning: [m[K‘[01m[KCDCR::z_residual::z_[m[K’ will be initialized after [[01;35m[K-Wreorder[m[K]
   88 |     const double [01;35m[Kz_[m[K;
      |                  [01;35m[K^~[m[K
[01m[K/home/weiwei/Desktop/project/path_follow/src/path_follow/src/cdcr.hpp:86:18:[m[K [01;35m[Kwarning: [m[K  ‘[01m[Kconst double CDCR::z_residual::weight_position_[m[K’ [[01;35m[K-Wreorder[m[K]
   86 |     const double [01;35m[Kweight_position_[m[K;
      |                  [01;35m[K^~~~~~~~~~~~~~~~[m[K
[01m[K/home/weiwei/Desktop/project/path_follow/src/path_follow/src/cdcr.hpp:71:5:[m[K [01;35m[Kwarning: [m[K  when initialized here [[01;35m[K-Wreorder[m[K]
   71 |     [01;35m[Kz_residual[m[K(double weight_position,
      |     [01;35m[K^~~~~~~~~~[m[K
[01m[K/home/weiwei/Desktop/project/path_follow/src/path_follow/src/cdcr.hpp:[m[K In constructor ‘[01m[KCDCR::angle_residual::angle_residual(double, double, double, double, Eigen::Vector3d)[m[K’:
[01m[K/home/weiwei/Desktop/project/path_follow/src/path_follow/src/cdcr.hpp:110:27:[m[K [01;35m[Kwarning: [m[K‘[01m[KCDCR::angle_residual::tangent_vector_[m[K’ will be initialized after [[01;35m[K-Wreorder[m[K]
  110 |     const Eigen::Vector3d [01;35m[Ktangent_vector_[m[K;
      |                           [01;35m[K^~~~~~~~~~~~~~~[m[K
[01m[K/home/weiwei/Desktop/project/path_follow/src/path_follow/src/cdcr.hpp:108:18:[m[K [01;35m[Kwarning: [m[K  ‘[01m[Kconst double CDCR::angle_residual::weight_direction_[m[K’ [[01;35m[K-Wreorder[m[K]
  108 |     const double [01;35m[Kweight_direction_[m[K;
      |                  [01;35m[K^~~~~~~~~~~~~~~~~[m[K
[01m[K/home/weiwei/Desktop/project/path_follow/src/path_follow/src/cdcr.hpp:91:5:[m[K [01;35m[Kwarning: [m[K  when initialized here [[01;35m[K-Wreorder[m[K]
   91 |     [01;35m[Kangle_residual[m[K(double weight_direction,
      |     [01;35m[K^~~~~~~~~~~~~~[m[K
[01m[K/home/weiwei/Desktop/project/path_follow/src/path_follow/src/cdcr.cpp:[m[K In constructor ‘[01m[KCDCR::CDCR()[m[K’:
[01m[K/home/weiwei/Desktop/project/path_follow/src/path_follow/src/cdcr.cpp:68:12:[m[K [01;35m[Kwarning: [m[Kunused variable ‘[01m[Kbase_tolerance_deviation[m[K’ [[01;35m[K-Wunused-variable[m[K]
   68 |     double [01;35m[Kbase_tolerance_deviation[m[K = this->get_parameter("base_tolerance_deviation").as_double();
      |            [01;35m[K^~~~~~~~~~~~~~~~~~~~~~~~[m[K
[01m[K/home/weiwei/Desktop/project/path_follow/src/path_follow/src/cdcr.cpp:[m[K In member function ‘[01m[Kvoid CDCR::path_follow_exeperience()[m[K’:
[01m[K/home/weiwei/Desktop/project/path_follow/src/path_follow/src/cdcr.cpp:239:15:[m[K [01;35m[Kwarning: [m[Kstatement has no effect [[01;35m[K-Wunused-value[m[K]
  239 |         [01;35m[Kthis->start_track_path_point_id[m[K;
      |         [01;35m[K~~~~~~^~~~~~~~~~~~~~~~~~~~~~~~~[m[K
[01m[K/home/weiwei/Desktop/project/path_follow/src/path_follow/src/cdcr.cpp:[m[K In member function ‘[01m[Kvoid CDCR::getCorrectTravelPointID()[m[K’:
[01m[K/home/weiwei/Desktop/project/path_follow/src/path_follow/src/cdcr.cpp:250:19:[m[K [01;35m[Kwarning: [m[Kcomparison of integer expressions of different signedness: ‘[01m[Kint[m[K’ and ‘[01m[Kstd::vector<Eigen::Matrix<double, 3, 1> >::size_type[m[K’ {aka ‘[01m[Klong unsigned int[m[K’} [[01;35m[K-Wsign-compare[m[K]
  250 |     for (int i=1;[01;35m[Ki<path_points.size()-1[m[K;i++)
      |                  [01;35m[K~^~~~~~~~~~~~~~~~~~~~~[m[K
[01m[K/home/weiwei/Desktop/project/path_follow/src/path_follow/src/cdcr.cpp:252:14:[m[K [01;35m[Kwarning: [m[Ksuggest parentheses around assignment used as truth value [[01;35m[K-Wparentheses[m[K]
  252 |         if ([01;35m[Ki=path_points.size()-2[m[K)
      |             [01;35m[K~^~~~~~~~~~~~~~~~~~~~~[m[K
[01m[K/home/weiwei/Desktop/project/path_follow/src/path_follow/src/cdcr.cpp:266:23:[m[K [01;35m[Kwarning: [m[Kcomparison of integer expressions of different signedness: ‘[01m[Kint[m[K’ and ‘[01m[Kstd::vector<Eigen::Matrix<double, 3, 1> >::size_type[m[K’ {aka ‘[01m[Klong unsigned int[m[K’} [[01;35m[K-Wsign-compare[m[K]
  266 |         for (int j=i;[01;35m[Kj<path_points.size()-1[m[K;j++)
      |                      [01;35m[K~^~~~~~~~~~~~~~~~~~~~~[m[K
[01m[K/home/weiwei/Desktop/project/path_follow/src/path_follow/src/cdcr.cpp:268:18:[m[K [01;35m[Kwarning: [m[Ksuggest parentheses around assignment used as truth value [[01;35m[K-Wparentheses[m[K]
  268 |             if ([01;35m[Kj=path_points.size()-2[m[K)
      |                 [01;35m[K~^~~~~~~~~~~~~~~~~~~~~[m[K
[01m[K/home/weiwei/Desktop/project/path_follow/src/path_follow/src/cdcr.cpp:248:12:[m[K [01;35m[Kwarning: [m[Kunused variable ‘[01m[Kpath_deviation[m[K’ [[01;35m[K-Wunused-variable[m[K]
  248 |     double [01;35m[Kpath_deviation[m[K;
      |            [01;35m[K^~~~~~~~~~~~~~[m[K
[01m[K/home/weiwei/Desktop/project/path_follow/src/path_follow/src/cdcr.cpp:[m[K In member function ‘[01m[Kvoid CDCR::visualization()[m[K’:
[01m[K/home/weiwei/Desktop/project/path_follow/src/path_follow/src/cdcr.cpp:400:19:[m[K [01;35m[Kwarning: [m[Kcomparison of integer expressions of different signedness: ‘[01m[Kint[m[K’ and ‘[01m[Kstd::vector<Eigen::Matrix<double, 3, 1> >::size_type[m[K’ {aka ‘[01m[Klong unsigned int[m[K’} [[01;35m[K-Wsign-compare[m[K]
  400 |     for (int i=0;[01;35m[Ki<this->cdcr_points.size()[m[K;i++)
      |                  [01;35m[K~^~~~~~~~~~~~~~~~~~~~~~~~~[m[K
[01m[K/home/weiwei/Desktop/project/path_follow/src/path_follow/src/cdcr.cpp:410:19:[m[K [01;35m[Kwarning: [m[Kcomparison of integer expressions of different signedness: ‘[01m[Kint[m[K’ and ‘[01m[Kstd::vector<int>::size_type[m[K’ {aka ‘[01m[Klong unsigned int[m[K’} [[01;35m[K-Wsign-compare[m[K]
  410 |     for (int i=0;[01;35m[Ki<this->cdcr_segment_point_id.size()[m[K;i++)
      |                  [01;35m[K~^~~~~~~~~~~~~~~~~~~~~~~~~~~~~~~~~~~[m[K
[01m[K/home/weiwei/Desktop/project/path_follow/src/path_follow/src/cdcr.cpp:425:14:[m[K [01;35m[Kwarning: [m[Kcomparison of integer expressions of different signedness: ‘[01m[Kint[m[K’ and ‘[01m[Kstd::vector<int>::size_type[m[K’ {aka ‘[01m[Klong unsigned int[m[K’} [[01;35m[K-Wsign-compare[m[K]
  425 |         if ([01;35m[Ki==cdcr_segment_point_id.size()-1[m[K)
      |             [01;35m[K~^~~~~~~~~~~~~~~~~~~~~~~~~~~~~~~~[m[K
[01m[K/home/weiwei/Desktop/project/path_follow/src/path_follow/src/cdcr.cpp:[m[K In member function ‘[01m[Kvoid CDCR::cal_deviation_get_max_deviation_path_point_id()[m[K’:
[01m[K/home/weiwei/Desktop/project/path_follow/src/path_follow/src/cdcr.cpp:457:44:[m[K [01;31m[Kerror: [m[K‘[01m[Kclass CDCR[m[K’ has no member named ‘[01m[Kfit_end_path_point_id[m[K’; did you mean ‘[01m[Ktrack_path_point_id[m[K’?
  457 |     for (int i=track_path_point_id;i<this->[01;31m[Kfit_end_path_point_id[m[K;i++)
      |                                            [01;31m[K^~~~~~~~~~~~~~~~~~~~~[m[K
      |                                            [32m[Ktrack_path_point_id[m[K
[01m[K/home/weiwei/Desktop/project/path_follow/src/path_follow/src/cdcr.cpp:[m[K In member function ‘[01m[Kvoid CDCR::fitCDCR()[m[K’:
[01m[K/home/weiwei/Desktop/project/path_follow/src/path_follow/src/cdcr.cpp:469:10:[m[K [01;35m[Kwarning: [m[Kstatement has no effect [[01;35m[K-Wunused-value[m[K]
  469 |     for ([01;35m[Kjoint_id[m[K; joint_id<joint_number; joint_id++)
      |          [01;35m[K^~~~~~~~[m[K
[01m[K/home/weiwei/Desktop/project/path_follow/src/path_follow/src/cdcr.cpp:549:11:[m[K [01;31m[Kerror: [m[K‘[01m[Kclass CDCR[m[K’ has no member named ‘[01m[Kfit_end_path_point_id[m[K’; did you mean ‘[01m[Ktrack_path_point_id[m[K’?
  549 |     this->[01;31m[Kfit_end_path_point_id[m[K =segment_start_path_point_id;
      |           [01;31m[K^~~~~~~~~~~~~~~~~~~~~[m[K
      |           [32m[Ktrack_path_point_id[m[K
[01m[K/home/weiwei/Desktop/project/path_follow/src/path_follow/src/cdcr.cpp:[m[K In member function ‘[01m[Kvoid CDCR::find_closed_path_point(const int&, const Vector3d&, int&)[m[K’:
[01m[K/home/weiwei/Desktop/project/path_follow/src/path_follow/src/cdcr.cpp:568:52:[m[K [01;35m[Kwarning: [m[Kcomparison of integer expressions of different signedness: ‘[01m[Kint[m[K’ and ‘[01m[Kstd::vector<Eigen::Matrix<double, 3, 1> >::size_type[m[K’ {aka ‘[01m[Klong unsigned int[m[K’} [[01;35m[K-Wsign-compare[m[K]
  568 |         }while(temp_dot_value<0||[01;35m[Ktemp_path_point_id<path_points.size()[m[K);
      |                                  [01;35m[K~~~~~~~~~~~~~~~~~~^~~~~~~~~~~~~~~~~~~[m[K
[01m[K/home/weiwei/Desktop/project/path_follow/src/path_follow/src/cdcr.cpp:[m[K In member function ‘[01m[Kvoid CDCR::getPathDeviationAndNextIndex(const int&, const int&, int&)[m[K’:
[01m[K/home/weiwei/Desktop/project/path_follow/src/path_follow/src/cdcr.cpp:614:52:[m[K [01;35m[Kwarning: [m[Kunused parameter ‘[01m[Kpath_point_index_start[m[K’ [[01;35m[K-Wunused-parameter[m[K]
  614 | void CDCR::getPathDeviationAndNextIndex([01;35m[Kconst int& path_point_index_start[m[K,
      |                                         [01;35m[K~~~~~~~~~~~^~~~~~~~~~~~~~~~~~~~~~[m[K
[01m[K/home/weiwei/Desktop/project/path_follow/src/path_follow/src/cdcr.cpp:615:52:[m[K [01;35m[Kwarning: [m[Kunused parameter ‘[01m[Kcdcr_point_index[m[K’ [[01;35m[K-Wunused-parameter[m[K]
  615 |                                         [01;35m[Kconst int& cdcr_point_index[m[K,
      |                                         [01;35m[K~~~~~~~~~~~^~~~~~~~~~~~~~~~[m[K
[01m[K/home/weiwei/Desktop/project/path_follow/src/path_follow/src/cdcr.cpp:616:46:[m[K [01;35m[Kwarning: [m[Kunused parameter ‘[01m[Kpath_point_index_next_start[m[K’ [[01;35m[K-Wunused-parameter[m[K]
  616 |                                         [01;35m[Kint& path_point_index_next_start[m[K)
      |                                         [01;35m[K~~~~~^~~~~~~~~~~~~~~~~~~~~~~~~~~[m[K
In file included from [01m[K/usr/local/include/eigen3/Eigen/Core:366[m[K,
                 from [01m[K/usr/local/include/eigen3/Eigen/Dense:1[m[K,
                 from [01m[K/usr/local/include/eigen3/Eigen/Eigen:1[m[K,
                 from [01m[K/home/weiwei/Desktop/project/path_follow/src/path_follow/src/joint.hpp:2[m[K,
                 from [01m[K/home/weiwei/Desktop/project/path_follow/src/path_follow/src/cdcr.hpp:2[m[K,
                 from [01m[K/home/weiwei/Desktop/project/path_follow/src/path_follow/src/cdcr.cpp:1[m[K:
/usr/local/include/eigen3/Eigen/src/Core/GeneralProduct.h: In instantiation of ‘[01m[Kconst Eigen::Product<Derived, OtherDerived> Eigen::MatrixBase<Derived>::operator*(const Eigen::MatrixBase<OtherDerived>&) const [with OtherDerived = Eigen::Matrix<double, 3, 1>; Derived = Eigen::Matrix<double, 4, 4>][m[K’:
[01m[K/home/weiwei/Desktop/project/path_follow/src/path_follow/src/cdcr.cpp:346:192:[m[K   required from here
[01m[K/usr/local/include/eigen3/Eigen/src/Core/GeneralProduct.h:410:3:[m[K [01;31m[Kerror: [m[Kstatic assertion failed: INVALID_MATRIX_PRODUCT
  410 |   [01;31m[KEIGEN_STATIC_ASSERT[m[K(ProductIsValid || SameSizes, INVALID_MATRIX_PRODUCT)
      |   [01;31m[K^~~~~~~~~~~~~~~~~~~[m[K
In file included from [01m[K/usr/local/include/eigen3/Eigen/Geometry:42[m[K,
                 from [01m[K/usr/local/include/eigen3/Eigen/Dense:6[m[K,
                 from [01m[K/usr/local/include/eigen3/Eigen/Eigen:1[m[K,
                 from [01m[K/home/weiwei/Desktop/project/path_follow/src/path_follow/src/joint.hpp:2[m[K,
                 from [01m[K/home/weiwei/Desktop/project/path_follow/src/path_follow/src/cdcr.hpp:2[m[K,
                 from [01m[K/home/weiwei/Desktop/project/path_follow/src/path_follow/src/cdcr.cpp:1[m[K:
/usr/local/include/eigen3/Eigen/src/Geometry/Quaternion.h: In instantiation of ‘[01m[KDerived& Eigen::QuaternionBase<Derived>::operator=(const Eigen::MatrixBase<OtherDerived>&) [with OtherDerived = Eigen::Matrix<double, 4, 4>; Derived = Eigen::Quaternion<double>][m[K’:
[01m[K/usr/local/include/eigen3/Eigen/src/Geometry/Quaternion.h:275:90:[m[K   required from ‘[01m[KEigen::Quaternion<Scalar, Options>::Quaternion(const Eigen::MatrixBase<OtherDerived>&) [with Derived = Eigen::Matrix<double, 4, 4>; _Scalar = double; int _Options = 0][m[K’
[01m[K/home/weiwei/Desktop/project/path_follow/src/path_follow/src/cdcr.cpp:383:73:[m[K   required from here
[01m[K/usr/local/include/eigen3/Eigen/src/Geometry/Quaternion.h:530:59:[m[K [01;31m[Kerror: [m[Kincomplete type ‘[01m[KEigen::internal::quaternionbase_assign_impl<Eigen::Matrix<double, 4, 4>, 4, 4>[m[K’ used in nested name specifier
  530 |   [01;31m[Kinternal::quaternionbase_assign_impl<MatrixDerived>::run(*this, xpr.derived())[m[K;
      |   [01;31m[K~~~~~~~~~~~~~~~~~~~~~~~~~~~~~~~~~~~~~~~~~~~~~~~~~~~~~~~~^~~~~~~~~~~~~~~~~~~~~~[m[K
In file included from [01m[K/usr/local/include/eigen3/Eigen/Core:366[m[K,
                 from [01m[K/usr/local/include/eigen3/Eigen/Dense:1[m[K,
                 from [01m[K/usr/local/include/eigen3/Eigen/Eigen:1[m[K,
                 from [01m[K/home/weiwei/Desktop/project/path_follow/src/path_follow/src/joint.hpp:2[m[K,
                 from [01m[K/home/weiwei/Desktop/project/path_follow/src/path_follow/src/cdcr.hpp:2[m[K,
                 from [01m[K/home/weiwei/Desktop/project/path_follow/src/path_follow/src/cdcr.cpp:1[m[K:
/usr/local/include/eigen3/Eigen/src/Core/AssignEvaluator.h: In instantiation of ‘[01m[Kvoid Eigen::internal::call_assignment_no_alias(Dst&, const Src&, const Func&) [with Dst = Eigen::Matrix<double, 3, 1>; Src = Eigen::Product<Eigen::Matrix<double, 4, 4>, Eigen::Matrix<double, 3, 1>, 0>; Func = Eigen::internal::assign_op<double, double>][m[K’:
[01m[K/usr/local/include/eigen3/Eigen/src/Core/PlainObjectBase.h:732:41:[m[K   required from ‘[01m[KDerived& Eigen::PlainObjectBase<Derived>::_set_noalias(const Eigen::DenseBase<OtherDerived>&) [with OtherDerived = Eigen::Product<Eigen::Matrix<double, 4, 4>, Eigen::Matrix<double, 3, 1>, 0>; Derived = Eigen::Matrix<double, 3, 1>][m[K’
[01m[K/usr/local/include/eigen3/Eigen/src/Core/PlainObjectBase.h:537:7:[m[K   required from ‘[01m[KEigen::PlainObjectBase<Derived>::PlainObjectBase(const Eigen::DenseBase<OtherDerived>&) [with OtherDerived = Eigen::Product<Eigen::Matrix<double, 4, 4>, Eigen::Matrix<double, 3, 1>, 0>; Derived = Eigen::Matrix<double, 3, 1>][m[K’
[01m[K/usr/local/include/eigen3/Eigen/src/Core/Matrix.h:377:29:[m[K   required from ‘[01m[KEigen::Matrix<_Scalar, _Rows, _Cols, _Options, _MaxRows, _MaxCols>::Matrix(const Eigen::EigenBase<OtherDerived>&) [with OtherDerived = Eigen::Product<Eigen::Matrix<double, 4, 4>, Eigen::Matrix<double, 3, 1>, 0>; _Scalar = double; int _Rows = 3; int _Cols = 1; int _Options = 0; int _MaxRows = 3; int _MaxCols = 1][m[K’
[01m[K/home/weiwei/Desktop/project/path_follow/src/path_follow/src/cdcr.cpp:353:174:[m[K   required from here
[01m[K/usr/local/include/eigen3/Eigen/src/Core/AssignEvaluator.h:833:3:[m[K [01;31m[Kerror: [m[Kstatic assertion failed: YOU_MIXED_MATRICES_OF_DIFFERENT_SIZES
  833 |   [01;31m[KEIGEN_STATIC_ASSERT_SAME_MATRIX_SIZE[m[K(ActualDstTypeCleaned,Src)
      |   [01;31m[K^~~~~~~~~~~~~~~~~~~~~~~~~~~~~~~~~~~~[m[K
/usr/local/include/eigen3/Eigen/src/Core/AssignEvaluator.h: In instantiation of ‘[01m[Kvoid Eigen::internal::call_assignment_no_alias(Dst&, const Src&, const Func&) [with Dst = Eigen::Matrix<double, 3, 1>; Src = Eigen::Matrix<double, 4, 1>; Func = Eigen::internal::assign_op<double, double>][m[K’:
[01m[K/usr/local/include/eigen3/Eigen/src/Core/AssignEvaluator.h:797:27:[m[K   required from ‘[01m[Kvoid Eigen::internal::call_assignment(Dst&, const Src&, const Func&, typename Eigen::internal::enable_if<Eigen::internal::evaluator_assume_aliasing<Src>::value, void*>::type) [with Dst = Eigen::Matrix<double, 3, 1>; Src = Eigen::Product<Eigen::Matrix<double, 4, 4>, Eigen::Matrix<double, 3, 1>, 0>; Func = Eigen::internal::assign_op<double, double>; typename Eigen::internal::enable_if<Eigen::internal::evaluator_assume_aliasing<Src>::value, void*>::type = void*][m[K’
[01m[K/usr/local/include/eigen3/Eigen/src/Core/AssignEvaluator.h:782:18:[m[K   required from ‘[01m[Kvoid Eigen::internal::call_assignment(Dst&, const Src&) [with Dst = Eigen::Matrix<double, 3, 1>; Src = Eigen::Product<Eigen::Matrix<double, 4, 4>, Eigen::Matrix<double, 3, 1>, 0>][m[K’
[01m[K/usr/local/include/eigen3/Eigen/src/Core/PlainObjectBase.h:714:32:[m[K   required from ‘[01m[KDerived& Eigen::PlainObjectBase<Derived>::_set(const Eigen::DenseBase<OtherDerived>&) [with OtherDerived = Eigen::Product<Eigen::Matrix<double, 4, 4>, Eigen::Matrix<double, 3, 1>, 0>; Derived = Eigen::Matrix<double, 3, 1>][m[K’
[01m[K/usr/local/include/eigen3/Eigen/src/Core/Matrix.h:225:24:[m[K   required from ‘[01m[KEigen::Matrix<_Scalar, _Rows, _Cols, _Options, _MaxRows, _MaxCols>& Eigen::Matrix<_Scalar, _Rows, _Cols, _Options, _MaxRows, _MaxCols>::operator=(const Eigen::DenseBase<OtherDerived>&) [with OtherDerived = Eigen::Product<Eigen::Matrix<double, 4, 4>, Eigen::Matrix<double, 3, 1>, 0>; _Scalar = double; int _Rows = 3; int _Cols = 1; int _Options = 0; int _MaxRows = 3; int _MaxCols = 1][m[K’
[01m[K/home/weiwei/Desktop/project/path_follow/src/path_follow/src/cdcr.cpp:346:192:[m[K   required from here
[01m[K/usr/local/include/eigen3/Eigen/src/Core/AssignEvaluator.h:833:3:[m[K [01;31m[Kerror: [m[Kstatic assertion failed: YOU_MIXED_MATRICES_OF_DIFFERENT_SIZES
/usr/local/include/eigen3/Eigen/src/Core/GeneralProduct.h: In instantiation of ‘[01m[Kconst Eigen::Product<Derived, OtherDerived, 1> Eigen::MatrixBase<Derived>::lazyProduct(const Eigen::MatrixBase<OtherDerived>&) const [with OtherDerived = Eigen::Matrix<double, 3, 1>; Derived = Eigen::Matrix<double, 4, 4>][m[K’:
[01m[K/usr/local/include/eigen3/Eigen/src/Core/ProductEvaluators.h:397:29:[m[K   required from ‘[01m[Kstatic void Eigen::internal::generic_product_impl<Lhs, Rhs, Eigen::DenseShape, Eigen::DenseShape, 3>::evalTo(Dst&, const Lhs&, const Rhs&) [with Dst = Eigen::Matrix<double, 4, 1>; Lhs = Eigen::Matrix<double, 4, 4>; Rhs = Eigen::Matrix<double, 3, 1>][m[K’
[01m[K/usr/local/include/eigen3/Eigen/src/Core/ProductEvaluators.h:148:43:[m[K   required from ‘[01m[Kstatic void Eigen::internal::Assignment<DstXprType, Eigen::Product<Lhs, Rhs, Options>, Eigen::internal::assign_op<Scalar, Scalar>, Eigen::internal::Dense2Dense, typename Eigen::internal::enable_if<((Options == Eigen::DefaultProduct) || (Options == Eigen::AliasFreeProduct))>::type>::run(DstXprType&, const SrcXprType&, const Eigen::internal::assign_op<Scalar, Scalar>&) [with DstXprType = Eigen::Matrix<double, 4, 1>; Lhs = Eigen::Matrix<double, 4, 4>; Rhs = Eigen::Matrix<double, 3, 1>; int Options = 0; Scalar = double; Eigen::internal::Assignment<DstXprType, Eigen::Product<Lhs, Rhs, Options>, Eigen::internal::assign_op<Scalar, Scalar>, Eigen::internal::Dense2Dense, typename Eigen::internal::enable_if<((Options == Eigen::DefaultProduct) || (Options == Eigen::AliasFreeProduct))>::type>::SrcXprType = Eigen::Product<Eigen::Matrix<double, 4, 4>, Eigen::Matrix<double, 3, 1>, 0>][m[K’
[01m[K/usr/local/include/eigen3/Eigen/src/Core/AssignEvaluator.h:836:49:[m[K   required from ‘[01m[Kvoid Eigen::internal::call_assignment_no_alias(Dst&, const Src&, const Func&) [with Dst = Eigen::Matrix<double, 4, 1>; Src = Eigen::Product<Eigen::Matrix<double, 4, 4>, Eigen::Matrix<double, 3, 1>, 0>; Func = Eigen::internal::assign_op<double, double>][m[K’
[01m[K/usr/local/include/eigen3/Eigen/src/Core/PlainObjectBase.h:732:41:[m[K   required from ‘[01m[KDerived& Eigen::PlainObjectBase<Derived>::_set_noalias(const Eigen::DenseBase<OtherDerived>&) [with OtherDerived = Eigen::Product<Eigen::Matrix<double, 4, 4>, Eigen::Matrix<double, 3, 1>, 0>; Derived = Eigen::Matrix<double, 4, 1>][m[K’
[01m[K/usr/local/include/eigen3/Eigen/src/Core/PlainObjectBase.h:816:7:[m[K   required from ‘[01m[Kvoid Eigen::PlainObjectBase<Derived>::_init1(const Eigen::DenseBase<ElseDerived>&) [with T = Eigen::Product<Eigen::Matrix<double, 4, 4>, Eigen::Matrix<double, 3, 1>, 0>; OtherDerived = Eigen::Product<Eigen::Matrix<double, 4, 4>, Eigen::Matrix<double, 3, 1>, 0>; Derived = Eigen::Matrix<double, 4, 1>][m[K’
[01m[K/usr/local/include/eigen3/Eigen/src/Core/Matrix.h:294:31:[m[K   required from ‘[01m[KEigen::Matrix<_Scalar, _Rows, _Cols, _Options, _MaxRows, _MaxCols>::Matrix(const T&) [with T = Eigen::Product<Eigen::Matrix<double, 4, 4>, Eigen::Matrix<double, 3, 1>, 0>; _Scalar = double; int _Rows = 4; int _Cols = 1; int _Options = 0; int _MaxRows = 4; int _MaxCols = 1][m[K’
[01m[K/usr/local/include/eigen3/Eigen/src/Core/AssignEvaluator.h:796:41:[m[K   required from ‘[01m[Kvoid Eigen::internal::call_assignment(Dst&, const Src&, const Func&, typename Eigen::internal::enable_if<Eigen::internal::evaluator_assume_aliasing<Src>::value, void*>::type) [with Dst = Eigen::Matrix<double, 3, 1>; Src = Eigen::Product<Eigen::Matrix<double, 4, 4>, Eigen::Matrix<double, 3, 1>, 0>; Func = Eigen::internal::assign_op<double, double>; typename Eigen::internal::enable_if<Eigen::internal::evaluator_assume_aliasing<Src>::value, void*>::type = void*][m[K’
[01m[K/usr/local/include/eigen3/Eigen/src/Core/AssignEvaluator.h:782:18:[m[K   required from ‘[01m[Kvoid Eigen::internal::call_assignment(Dst&, const Src&) [with Dst = Eigen::Matrix<double, 3, 1>; Src = Eigen::Product<Eigen::Matrix<double, 4, 4>, Eigen::Matrix<double, 3, 1>, 0>][m[K’
[01m[K/usr/local/include/eigen3/Eigen/src/Core/PlainObjectBase.h:714:32:[m[K   required from ‘[01m[KDerived& Eigen::PlainObjectBase<Derived>::_set(const Eigen::DenseBase<OtherDerived>&) [with OtherDerived = Eigen::Product<Eigen::Matrix<double, 4, 4>, Eigen::Matrix<double, 3, 1>, 0>; Derived = Eigen::Matrix<double, 3, 1>][m[K’
[01m[K/usr/local/include/eigen3/Eigen/src/Core/Matrix.h:225:24:[m[K   required from ‘[01m[KEigen::Matrix<_Scalar, _Rows, _Cols, _Options, _MaxRows, _MaxCols>& Eigen::Matrix<_Scalar, _Rows, _Cols, _Options, _MaxRows, _MaxCols>::operator=(const Eigen::DenseBase<OtherDerived>&) [with OtherDerived = Eigen::Product<Eigen::Matrix<double, 4, 4>, Eigen::Matrix<double, 3, 1>, 0>; _Scalar = double; int _Rows = 3; int _Cols = 1; int _Options = 0; int _MaxRows = 3; int _MaxCols = 1][m[K’
[01m[K/home/weiwei/Desktop/project/path_follow/src/path_follow/src/cdcr.cpp:346:192:[m[K   required from here
[01m[K/usr/local/include/eigen3/Eigen/src/Core/GeneralProduct.h:448:3:[m[K [01;31m[Kerror: [m[Kstatic assertion failed: INVALID_MATRIX_PRODUCT
  448 |   [01;31m[KEIGEN_STATIC_ASSERT[m[K(ProductIsValid || SameSizes, INVALID_MATRIX_PRODUCT)
      |   [01;31m[K^~~~~~~~~~~~~~~~~~~[m[K
In file included from [01m[K/usr/local/include/ceres/internal/autodiff.h:151[m[K,
                 from [01m[K/usr/local/include/ceres/autodiff_cost_function.h:130[m[K,
                 from [01m[K/usr/local/include/ceres/ceres.h:37[m[K,
                 from [01m[K/home/weiwei/Desktop/project/path_follow/src/path_follow/src/cdcr.hpp:11[m[K,
                 from [01m[K/home/weiwei/Desktop/project/path_follow/src/path_follow/src/cdcr.cpp:1[m[K:
/usr/local/include/ceres/internal/variadic_evaluate.h: In instantiation of ‘[01m[Kbool ceres::internal::VariadicEvaluateImpl(const Functor&, const T* const*, T*, std::false_type, std::integer_sequence<int, Indices ...>) [with Functor = CDCR::angle_residual; T = double; int ...Indices = {0}; std::false_type = std::integral_constant<bool, false>][m[K’:
[01m[K/usr/local/include/ceres/internal/variadic_evaluate.h:77:30:[m[K   required from ‘[01m[Kbool ceres::internal::VariadicEvaluateImpl(const Functor&, const T* const*, T*, const void*) [with ParameterDims = ceres::internal::ParameterDims<false, 1>; Functor = CDCR::angle_residual; T = double][m[K’
[01m[K/usr/local/include/ceres/internal/variadic_evaluate.h:106:45:[m[K   required from ‘[01m[Kbool ceres::internal::VariadicEvaluate(const Functor&, const T* const*, T*) [with ParameterDims = ceres::internal::ParameterDims<false, 1>; Functor = CDCR::angle_residual; T = double][m[K’
[01m[K/usr/local/include/ceres/autodiff_cost_function.h:208:55:[m[K   required from ‘[01m[Kbool ceres::AutoDiffCostFunction<CostFunctor, kNumResiduals, Ns>::Evaluate(const double* const*, double*, double**) const [with CostFunctor = CDCR::angle_residual; int kNumResiduals = 1; int ...Ns = {1}][m[K’
[01m[K/usr/local/include/ceres/autodiff_cost_function.h:201:8:[m[K   required from here
[01m[K/usr/local/include/ceres/internal/variadic_evaluate.h:55:17:[m[K [01;31m[Kerror: [m[Kno match for call to ‘[01m[K(const CDCR::angle_residual) (const double* const&, double*&)[m[K’
   55 |   return [01;31m[Kfunctor(input[Indices]..., output)[m[K;
      |          [01;31m[K~~~~~~~^~~~~~~~~~~~~~~~~~~~~~~~~~~[m[K
In file included from [01m[K/home/weiwei/Desktop/project/path_follow/src/path_follow/src/cdcr.cpp:1[m[K:
[01m[K/home/weiwei/Desktop/project/path_follow/src/path_follow/src/cdcr.hpp:101:32:[m[K [01;36m[Knote: [m[Kcandidate: ‘[01m[Ktemplate<class T> bool CDCR::angle_residual::operator()(const T*, const T*, T*) const[m[K’
  101 |     template <typename T> bool [01;36m[Koperator[m[K()(const T* const alpha, const T* const theta, T* residual) const {
      |                                [01;36m[K^~~~~~~~[m[K
[01m[K/home/weiwei/Desktop/project/path_follow/src/path_follow/src/cdcr.hpp:101:32:[m[K [01;36m[Knote: [m[K  template argument deduction/substitution failed:
In file included from [01m[K/usr/local/include/ceres/internal/autodiff.h:151[m[K,
                 from [01m[K/usr/local/include/ceres/autodiff_cost_function.h:130[m[K,
                 from [01m[K/usr/local/include/ceres/ceres.h:37[m[K,
                 from [01m[K/home/weiwei/Desktop/project/path_follow/src/path_follow/src/cdcr.hpp:11[m[K,
                 from [01m[K/home/weiwei/Desktop/project/path_follow/src/path_follow/src/cdcr.cpp:1[m[K:
[01m[K/usr/local/include/ceres/internal/variadic_evaluate.h:55:17:[m[K [01;36m[Knote: [m[K  candidate expects 3 arguments, 2 provided
   55 |   return [01;36m[Kfunctor(input[Indices]..., output)[m[K;
      |          [01;36m[K~~~~~~~^~~~~~~~~~~~~~~~~~~~~~~~~~~[m[K
/usr/local/include/ceres/internal/variadic_evaluate.h: In instantiation of ‘[01m[Kbool ceres::internal::VariadicEvaluateImpl(const Functor&, const T* const*, T*, std::false_type, std::integer_sequence<int, Indices ...>) [with Functor = CDCR::z_residual; T = double; int ...Indices = {0}; std::false_type = std::integral_constant<bool, false>][m[K’:
[01m[K/usr/local/include/ceres/internal/variadic_evaluate.h:77:30:[m[K   required from ‘[01m[Kbool ceres::internal::VariadicEvaluateImpl(const Functor&, const T* const*, T*, const void*) [with ParameterDims = ceres::internal::ParameterDims<false, 1>; Functor = CDCR::z_residual; T = double][m[K’
[01m[K/usr/local/include/ceres/internal/variadic_evaluate.h:106:45:[m[K   required from ‘[01m[Kbool ceres::internal::VariadicEvaluate(const Functor&, const T* const*, T*) [with ParameterDims = ceres::internal::ParameterDims<false, 1>; Functor = CDCR::z_residual; T = double][m[K’
[01m[K/usr/local/include/ceres/autodiff_cost_function.h:208:55:[m[K   required from ‘[01m[Kbool ceres::AutoDiffCostFunction<CostFunctor, kNumResiduals, Ns>::Evaluate(const double* const*, double*, double**) const [with CostFunctor = CDCR::z_residual; int kNumResiduals = 1; int ...Ns = {1}][m[K’
[01m[K/usr/local/include/ceres/autodiff_cost_function.h:201:8:[m[K   required from here
[01m[K/usr/local/include/ceres/internal/variadic_evaluate.h:55:17:[m[K [01;31m[Kerror: [m[Kno match for call to ‘[01m[K(const CDCR::z_residual) (const double* const&, double*&)[m[K’
In file included from [01m[K/home/weiwei/Desktop/project/path_follow/src/path_follow/src/cdcr.cpp:1[m[K:
[01m[K/home/weiwei/Desktop/project/path_follow/src/path_follow/src/cdcr.hpp:81:32:[m[K [01;36m[Knote: [m[Kcandidate: ‘[01m[Ktemplate<class T> bool CDCR::z_residual::operator()(const T*, const T*, T*) const[m[K’
   81 |     template <typename T> bool [01;36m[Koperator[m[K()(const T* const alpha, const T* const theta, T* residual) const {
      |                                [01;36m[K^~~~~~~~[m[K
[01m[K/home/weiwei/Desktop/project/path_follow/src/path_follow/src/cdcr.hpp:81:32:[m[K [01;36m[Knote: [m[K  template argument deduction/substitution failed:
In file included from [01m[K/usr/local/include/ceres/internal/autodiff.h:151[m[K,
                 from [01m[K/usr/local/include/ceres/autodiff_cost_function.h:130[m[K,
                 from [01m[K/usr/local/include/ceres/ceres.h:37[m[K,
                 from [01m[K/home/weiwei/Desktop/project/path_follow/src/path_follow/src/cdcr.hpp:11[m[K,
                 from [01m[K/home/weiwei/Desktop/project/path_follow/src/path_follow/src/cdcr.cpp:1[m[K:
[01m[K/usr/local/include/ceres/internal/variadic_evaluate.h:55:17:[m[K [01;36m[Knote: [m[K  candidate expects 3 arguments, 2 provided
   55 |   return [01;36m[Kfunctor(input[Indices]..., output)[m[K;
      |          [01;36m[K~~~~~~~^~~~~~~~~~~~~~~~~~~~~~~~~~~[m[K
/usr/local/include/ceres/internal/variadic_evaluate.h: In instantiation of ‘[01m[Kbool ceres::internal::VariadicEvaluateImpl(const Functor&, const T* const*, T*, std::false_type, std::integer_sequence<int, Indices ...>) [with Functor = CDCR::y_residual; T = double; int ...Indices = {0}; std::false_type = std::integral_constant<bool, false>][m[K’:
[01m[K/usr/local/include/ceres/internal/variadic_evaluate.h:77:30:[m[K   required from ‘[01m[Kbool ceres::internal::VariadicEvaluateImpl(const Functor&, const T* const*, T*, const void*) [with ParameterDims = ceres::internal::ParameterDims<false, 1>; Functor = CDCR::y_residual; T = double][m[K’
[01m[K/usr/local/include/ceres/internal/variadic_evaluate.h:106:45:[m[K   required from ‘[01m[Kbool ceres::internal::VariadicEvaluate(const Functor&, const T* const*, T*) [with ParameterDims = ceres::internal::ParameterDims<false, 1>; Functor = CDCR::y_residual; T = double][m[K’
[01m[K/usr/local/include/ceres/autodiff_cost_function.h:208:55:[m[K   required from ‘[01m[Kbool ceres::AutoDiffCostFunction<CostFunctor, kNumResiduals, Ns>::Evaluate(const double* const*, double*, double**) const [with CostFunctor = CDCR::y_residual; int kNumResiduals = 1; int ...Ns = {1}][m[K’
[01m[K/usr/local/include/ceres/autodiff_cost_function.h:201:8:[m[K   required from here
[01m[K/usr/local/include/ceres/internal/variadic_evaluate.h:55:17:[m[K [01;31m[Kerror: [m[Kno match for call to ‘[01m[K(const CDCR::y_residual) (const double* const&, double*&)[m[K’
In file included from [01m[K/home/weiwei/Desktop/project/path_follow/src/path_follow/src/cdcr.cpp:1[m[K:
[01m[K/home/weiwei/Desktop/project/path_follow/src/path_follow/src/cdcr.hpp:61:32:[m[K [01;36m[Knote: [m[Kcandidate: ‘[01m[Ktemplate<class T> bool CDCR::y_residual::operator()(const T*, const T*, T*) const[m[K’
   61 |     template <typename T> bool [01;36m[Koperator[m[K()(const T* const alpha, const T* const theta, T* residual) const {
      |                                [01;36m[K^~~~~~~~[m[K
[01m[K/home/weiwei/Desktop/project/path_follow/src/path_follow/src/cdcr.hpp:61:32:[m[K [01;36m[Knote: [m[K  template argument deduction/substitution failed:
In file included from [01m[K/usr/local/include/ceres/internal/autodiff.h:151[m[K,
                 from [01m[K/usr/local/include/ceres/autodiff_cost_function.h:130[m[K,
                 from [01m[K/usr/local/include/ceres/ceres.h:37[m[K,
                 from [01m[K/home/weiwei/Desktop/project/path_follow/src/path_follow/src/cdcr.hpp:11[m[K,
                 from [01m[K/home/weiwei/Desktop/project/path_follow/src/path_follow/src/cdcr.cpp:1[m[K:
[01m[K/usr/local/include/ceres/internal/variadic_evaluate.h:55:17:[m[K [01;36m[Knote: [m[K  candidate expects 3 arguments, 2 provided
   55 |   return [01;36m[Kfunctor(input[Indices]..., output)[m[K;
      |          [01;36m[K~~~~~~~^~~~~~~~~~~~~~~~~~~~~~~~~~~[m[K
/usr/local/include/ceres/internal/variadic_evaluate.h: In instantiation of ‘[01m[Kbool ceres::internal::VariadicEvaluateImpl(const Functor&, const T* const*, T*, std::false_type, std::integer_sequence<int, Indices ...>) [with Functor = CDCR::x_residual; T = double; int ...Indices = {0}; std::false_type = std::integral_constant<bool, false>][m[K’:
[01m[K/usr/local/include/ceres/internal/variadic_evaluate.h:77:30:[m[K   required from ‘[01m[Kbool ceres::internal::VariadicEvaluateImpl(const Functor&, const T* const*, T*, const void*) [with ParameterDims = ceres::internal::ParameterDims<false, 1>; Functor = CDCR::x_residual; T = double][m[K’
[01m[K/usr/local/include/ceres/internal/variadic_evaluate.h:106:45:[m[K   required from ‘[01m[Kbool ceres::internal::VariadicEvaluate(const Functor&, const T* const*, T*) [with ParameterDims = ceres::internal::ParameterDims<false, 1>; Functor = CDCR::x_residual; T = double][m[K’
[01m[K/usr/local/include/ceres/autodiff_cost_function.h:208:55:[m[K   required from ‘[01m[Kbool ceres::AutoDiffCostFunction<CostFunctor, kNumResiduals, Ns>::Evaluate(const double* const*, double*, double**) const [with CostFunctor = CDCR::x_residual; int kNumResiduals = 1; int ...Ns = {1}][m[K’
[01m[K/usr/local/include/ceres/autodiff_cost_function.h:201:8:[m[K   required from here
[01m[K/usr/local/include/ceres/internal/variadic_evaluate.h:55:17:[m[K [01;31m[Kerror: [m[Kno match for call to ‘[01m[K(const CDCR::x_residual) (const double* const&, double*&)[m[K’
In file included from [01m[K/home/weiwei/Desktop/project/path_follow/src/path_follow/src/cdcr.cpp:1[m[K:
[01m[K/home/weiwei/Desktop/project/path_follow/src/path_follow/src/cdcr.hpp:43:32:[m[K [01;36m[Knote: [m[Kcandidate: ‘[01m[Ktemplate<class T> bool CDCR::x_residual::operator()(const T*, const T*, T*) const[m[K’
   43 |     template <typename T> bool [01;36m[Koperator[m[K()(const T* const alpha, const T* const theta, T* residual) const {
      |                                [01;36m[K^~~~~~~~[m[K
[01m[K/home/weiwei/Desktop/project/path_follow/src/path_follow/src/cdcr.hpp:43:32:[m[K [01;36m[Knote: [m[K  template argument deduction/substitution failed:
In file included from [01m[K/usr/local/include/ceres/internal/autodiff.h:151[m[K,
                 from [01m[K/usr/local/include/ceres/autodiff_cost_function.h:130[m[K,
                 from [01m[K/usr/local/include/ceres/ceres.h:37[m[K,
                 from [01m[K/home/weiwei/Desktop/project/path_follow/src/path_follow/src/cdcr.hpp:11[m[K,
                 from [01m[K/home/weiwei/Desktop/project/path_follow/src/path_follow/src/cdcr.cpp:1[m[K:
[01m[K/usr/local/include/ceres/internal/variadic_evaluate.h:55:17:[m[K [01;36m[Knote: [m[K  candidate expects 3 arguments, 2 provided
   55 |   return [01;36m[Kfunctor(input[Indices]..., output)[m[K;
      |          [01;36m[K~~~~~~~^~~~~~~~~~~~~~~~~~~~~~~~~~~[m[K
/usr/local/include/ceres/internal/variadic_evaluate.h: In instantiation of ‘[01m[Kbool ceres::internal::VariadicEvaluateImpl(const Functor&, const T* const*, T*, std::false_type, std::integer_sequence<int, Indices ...>) [with Functor = CDCR::angle_residual; T = ceres::Jet<double, 1>; int ...Indices = {0}; std::false_type = std::integral_constant<bool, false>][m[K’:
[01m[K/usr/local/include/ceres/internal/variadic_evaluate.h:77:30:[m[K   required from ‘[01m[Kbool ceres::internal::VariadicEvaluateImpl(const Functor&, const T* const*, T*, const void*) [with ParameterDims = ceres::internal::ParameterDims<false, 1>; Functor = CDCR::angle_residual; T = ceres::Jet<double, 1>][m[K’
[01m[K/usr/local/include/ceres/internal/variadic_evaluate.h:106:45:[m[K   required from ‘[01m[Kbool ceres::internal::VariadicEvaluate(const Functor&, const T* const*, T*) [with ParameterDims = ceres::internal::ParameterDims<false, 1>; Functor = CDCR::angle_residual; T = ceres::Jet<double, 1>][m[K’
[01m[K/usr/local/include/ceres/internal/autodiff.h:349:39:[m[K   required from ‘[01m[Kbool ceres::internal::AutoDifferentiate(const Functor&, const T* const*, int, T*, T**) [with int kNumResiduals = 1; ParameterDims = ceres::internal::ParameterDims<false, 1>; Functor = CDCR::angle_residual; T = double][m[K’
[01m[K/usr/local/include/ceres/autodiff_cost_function.h:211:69:[m[K   required from ‘[01m[Kbool ceres::AutoDiffCostFunction<CostFunctor, kNumResiduals, Ns>::Evaluate(const double* const*, double*, double**) const [with CostFunctor = CDCR::angle_residual; int kNumResiduals = 1; int ...Ns = {1}][m[K’
[01m[K/usr/local/include/ceres/autodiff_cost_function.h:201:8:[m[K   required from here
[01m[K/usr/local/include/ceres/internal/variadic_evaluate.h:55:17:[m[K [01;31m[Kerror: [m[Kno match for call to ‘[01m[K(const CDCR::angle_residual) (const ceres::Jet<double, 1>* const&, ceres::Jet<double, 1>*&)[m[K’
In file included from [01m[K/home/weiwei/Desktop/project/path_follow/src/path_follow/src/cdcr.cpp:1[m[K:
[01m[K/home/weiwei/Desktop/project/path_follow/src/path_follow/src/cdcr.hpp:101:32:[m[K [01;36m[Knote: [m[Kcandidate: ‘[01m[Ktemplate<class T> bool CDCR::angle_residual::operator()(const T*, const T*, T*) const[m[K’
  101 |     template <typename T> bool [01;36m[Koperator[m[K()(const T* const alpha, const T* const theta, T* residual) const {
      |                                [01;36m[K^~~~~~~~[m[K
[01m[K/home/weiwei/Desktop/project/path_follow/src/path_follow/src/cdcr.hpp:101:32:[m[K [01;36m[Knote: [m[K  template argument deduction/substitution failed:
In file included from [01m[K/usr/local/include/ceres/internal/autodiff.h:151[m[K,
                 from [01m[K/usr/local/include/ceres/autodiff_cost_function.h:130[m[K,
                 from [01m[K/usr/local/include/ceres/ceres.h:37[m[K,
                 from [01m[K/home/weiwei/Desktop/project/path_follow/src/path_follow/src/cdcr.hpp:11[m[K,
                 from [01m[K/home/weiwei/Desktop/project/path_follow/src/path_follow/src/cdcr.cpp:1[m[K:
[01m[K/usr/local/include/ceres/internal/variadic_evaluate.h:55:17:[m[K [01;36m[Knote: [m[K  candidate expects 3 arguments, 2 provided
   55 |   return [01;36m[Kfunctor(input[Indices]..., output)[m[K;
      |          [01;36m[K~~~~~~~^~~~~~~~~~~~~~~~~~~~~~~~~~~[m[K
/usr/local/include/ceres/internal/variadic_evaluate.h: In instantiation of ‘[01m[Kbool ceres::internal::VariadicEvaluateImpl(const Functor&, const T* const*, T*, std::false_type, std::integer_sequence<int, Indices ...>) [with Functor = CDCR::z_residual; T = ceres::Jet<double, 1>; int ...Indices = {0}; std::false_type = std::integral_constant<bool, false>][m[K’:
[01m[K/usr/local/include/ceres/internal/variadic_evaluate.h:77:30:[m[K   required from ‘[01m[Kbool ceres::internal::VariadicEvaluateImpl(const Functor&, const T* const*, T*, const void*) [with ParameterDims = ceres::internal::ParameterDims<false, 1>; Functor = CDCR::z_residual; T = ceres::Jet<double, 1>][m[K’
[01m[K/usr/local/include/ceres/internal/variadic_evaluate.h:106:45:[m[K   required from ‘[01m[Kbool ceres::internal::VariadicEvaluate(const Functor&, const T* const*, T*) [with ParameterDims = ceres::internal::ParameterDims<false, 1>; Functor = CDCR::z_residual; T = ceres::Jet<double, 1>][m[K’
[01m[K/usr/local/include/ceres/internal/autodiff.h:349:39:[m[K   required from ‘[01m[Kbool ceres::internal::AutoDifferentiate(const Functor&, const T* const*, int, T*, T**) [with int kNumResiduals = 1; ParameterDims = ceres::internal::ParameterDims<false, 1>; Functor = CDCR::z_residual; T = double][m[K’
[01m[K/usr/local/include/ceres/autodiff_cost_function.h:211:69:[m[K   required from ‘[01m[Kbool ceres::AutoDiffCostFunction<CostFunctor, kNumResiduals, Ns>::Evaluate(const double* const*, double*, double**) const [with CostFunctor = CDCR::z_residual; int kNumResiduals = 1; int ...Ns = {1}][m[K’
[01m[K/usr/local/include/ceres/autodiff_cost_function.h:201:8:[m[K   required from here
[01m[K/usr/local/include/ceres/internal/variadic_evaluate.h:55:17:[m[K [01;31m[Kerror: [m[Kno match for call to ‘[01m[K(const CDCR::z_residual) (const ceres::Jet<double, 1>* const&, ceres::Jet<double, 1>*&)[m[K’
In file included from [01m[K/home/weiwei/Desktop/project/path_follow/src/path_follow/src/cdcr.cpp:1[m[K:
[01m[K/home/weiwei/Desktop/project/path_follow/src/path_follow/src/cdcr.hpp:81:32:[m[K [01;36m[Knote: [m[Kcandidate: ‘[01m[Ktemplate<class T> bool CDCR::z_residual::operator()(const T*, const T*, T*) const[m[K’
   81 |     template <typename T> bool [01;36m[Koperator[m[K()(const T* const alpha, const T* const theta, T* residual) const {
      |                                [01;36m[K^~~~~~~~[m[K
[01m[K/home/weiwei/Desktop/project/path_follow/src/path_follow/src/cdcr.hpp:81:32:[m[K [01;36m[Knote: [m[K  template argument deduction/substitution failed:
In file included from [01m[K/usr/local/include/ceres/internal/autodiff.h:151[m[K,
                 from [01m[K/usr/local/include/ceres/autodiff_cost_function.h:130[m[K,
                 from [01m[K/usr/local/include/ceres/ceres.h:37[m[K,
                 from [01m[K/home/weiwei/Desktop/project/path_follow/src/path_follow/src/cdcr.hpp:11[m[K,
                 from [01m[K/home/weiwei/Desktop/project/path_follow/src/path_follow/src/cdcr.cpp:1[m[K:
[01m[K/usr/local/include/ceres/internal/variadic_evaluate.h:55:17:[m[K [01;36m[Knote: [m[K  candidate expects 3 arguments, 2 provided
   55 |   return [01;36m[Kfunctor(input[Indices]..., output)[m[K;
      |          [01;36m[K~~~~~~~^~~~~~~~~~~~~~~~~~~~~~~~~~~[m[K
/usr/local/include/ceres/internal/variadic_evaluate.h: In instantiation of ‘[01m[Kbool ceres::internal::VariadicEvaluateImpl(const Functor&, const T* const*, T*, std::false_type, std::integer_sequence<int, Indices ...>) [with Functor = CDCR::y_residual; T = ceres::Jet<double, 1>; int ...Indices = {0}; std::false_type = std::integral_constant<bool, false>][m[K’:
[01m[K/usr/local/include/ceres/internal/variadic_evaluate.h:77:30:[m[K   required from ‘[01m[Kbool ceres::internal::VariadicEvaluateImpl(const Functor&, const T* const*, T*, const void*) [with ParameterDims = ceres::internal::ParameterDims<false, 1>; Functor = CDCR::y_residual; T = ceres::Jet<double, 1>][m[K’
[01m[K/usr/local/include/ceres/internal/variadic_evaluate.h:106:45:[m[K   required from ‘[01m[Kbool ceres::internal::VariadicEvaluate(const Functor&, const T* const*, T*) [with ParameterDims = ceres::internal::ParameterDims<false, 1>; Functor = CDCR::y_residual; T = ceres::Jet<double, 1>][m[K’
[01m[K/usr/local/include/ceres/internal/autodiff.h:349:39:[m[K   required from ‘[01m[Kbool ceres::internal::AutoDifferentiate(const Functor&, const T* const*, int, T*, T**) [with int kNumResiduals = 1; ParameterDims = ceres::internal::ParameterDims<false, 1>; Functor = CDCR::y_residual; T = double][m[K’
[01m[K/usr/local/include/ceres/autodiff_cost_function.h:211:69:[m[K   required from ‘[01m[Kbool ceres::AutoDiffCostFunction<CostFunctor, kNumResiduals, Ns>::Evaluate(const double* const*, double*, double**) const [with CostFunctor = CDCR::y_residual; int kNumResiduals = 1; int ...Ns = {1}][m[K’
[01m[K/usr/local/include/ceres/autodiff_cost_function.h:201:8:[m[K   required from here
[01m[K/usr/local/include/ceres/internal/variadic_evaluate.h:55:17:[m[K [01;31m[Kerror: [m[Kno match for call to ‘[01m[K(const CDCR::y_residual) (const ceres::Jet<double, 1>* const&, ceres::Jet<double, 1>*&)[m[K’
In file included from [01m[K/home/weiwei/Desktop/project/path_follow/src/path_follow/src/cdcr.cpp:1[m[K:
[01m[K/home/weiwei/Desktop/project/path_follow/src/path_follow/src/cdcr.hpp:61:32:[m[K [01;36m[Knote: [m[Kcandidate: ‘[01m[Ktemplate<class T> bool CDCR::y_residual::operator()(const T*, const T*, T*) const[m[K’
   61 |     template <typename T> bool [01;36m[Koperator[m[K()(const T* const alpha, const T* const theta, T* residual) const {
      |                                [01;36m[K^~~~~~~~[m[K
[01m[K/home/weiwei/Desktop/project/path_follow/src/path_follow/src/cdcr.hpp:61:32:[m[K [01;36m[Knote: [m[K  template argument deduction/substitution failed:
In file included from [01m[K/usr/local/include/ceres/internal/autodiff.h:151[m[K,
                 from [01m[K/usr/local/include/ceres/autodiff_cost_function.h:130[m[K,
                 from [01m[K/usr/local/include/ceres/ceres.h:37[m[K,
                 from [01m[K/home/weiwei/Desktop/project/path_follow/src/path_follow/src/cdcr.hpp:11[m[K,
                 from [01m[K/home/weiwei/Desktop/project/path_follow/src/path_follow/src/cdcr.cpp:1[m[K:
[01m[K/usr/local/include/ceres/internal/variadic_evaluate.h:55:17:[m[K [01;36m[Knote: [m[K  candidate expects 3 arguments, 2 provided
   55 |   return [01;36m[Kfunctor(input[Indices]..., output)[m[K;
      |          [01;36m[K~~~~~~~^~~~~~~~~~~~~~~~~~~~~~~~~~~[m[K
/usr/local/include/ceres/internal/variadic_evaluate.h: In instantiation of ‘[01m[Kbool ceres::internal::VariadicEvaluateImpl(const Functor&, const T* const*, T*, std::false_type, std::integer_sequence<int, Indices ...>) [with Functor = CDCR::x_residual; T = ceres::Jet<double, 1>; int ...Indices = {0}; std::false_type = std::integral_constant<bool, false>][m[K’:
[01m[K/usr/local/include/ceres/internal/variadic_evaluate.h:77:30:[m[K   required from ‘[01m[Kbool ceres::internal::VariadicEvaluateImpl(const Functor&, const T* const*, T*, const void*) [with ParameterDims = ceres::internal::ParameterDims<false, 1>; Functor = CDCR::x_residual; T = ceres::Jet<double, 1>][m[K’
[01m[K/usr/local/include/ceres/internal/variadic_evaluate.h:106:45:[m[K   required from ‘[01m[Kbool ceres::internal::VariadicEvaluate(const Functor&, const T* const*, T*) [with ParameterDims = ceres::internal::ParameterDims<false, 1>; Functor = CDCR::x_residual; T = ceres::Jet<double, 1>][m[K’
[01m[K/usr/local/include/ceres/internal/autodiff.h:349:39:[m[K   required from ‘[01m[Kbool ceres::internal::AutoDifferentiate(const Functor&, const T* const*, int, T*, T**) [with int kNumResiduals = 1; ParameterDims = ceres::internal::ParameterDims<false, 1>; Functor = CDCR::x_residual; T = double][m[K’
[01m[K/usr/local/include/ceres/autodiff_cost_function.h:211:69:[m[K   required from ‘[01m[Kbool ceres::AutoDiffCostFunction<CostFunctor, kNumResiduals, Ns>::Evaluate(const double* const*, double*, double**) const [with CostFunctor = CDCR::x_residual; int kNumResiduals = 1; int ...Ns = {1}][m[K’
[01m[K/usr/local/include/ceres/autodiff_cost_function.h:201:8:[m[K   required from here
[01m[K/usr/local/include/ceres/internal/variadic_evaluate.h:55:17:[m[K [01;31m[Kerror: [m[Kno match for call to ‘[01m[K(const CDCR::x_residual) (const ceres::Jet<double, 1>* const&, ceres::Jet<double, 1>*&)[m[K’
In file included from [01m[K/home/weiwei/Desktop/project/path_follow/src/path_follow/src/cdcr.cpp:1[m[K:
[01m[K/home/weiwei/Desktop/project/path_follow/src/path_follow/src/cdcr.hpp:43:32:[m[K [01;36m[Knote: [m[Kcandidate: ‘[01m[Ktemplate<class T> bool CDCR::x_residual::operator()(const T*, const T*, T*) const[m[K’
   43 |     template <typename T> bool [01;36m[Koperator[m[K()(const T* const alpha, const T* const theta, T* residual) const {
      |                                [01;36m[K^~~~~~~~[m[K
[01m[K/home/weiwei/Desktop/project/path_follow/src/path_follow/src/cdcr.hpp:43:32:[m[K [01;36m[Knote: [m[K  template argument deduction/substitution failed:
In file included from [01m[K/usr/local/include/ceres/internal/autodiff.h:151[m[K,
                 from [01m[K/usr/local/include/ceres/autodiff_cost_function.h:130[m[K,
                 from [01m[K/usr/local/include/ceres/ceres.h:37[m[K,
                 from [01m[K/home/weiwei/Desktop/project/path_follow/src/path_follow/src/cdcr.hpp:11[m[K,
                 from [01m[K/home/weiwei/Desktop/project/path_follow/src/path_follow/src/cdcr.cpp:1[m[K:
[01m[K/usr/local/include/ceres/internal/variadic_evaluate.h:55:17:[m[K [01;36m[Knote: [m[K  candidate expects 3 arguments, 2 provided
   55 |   return [01;36m[Kfunctor(input[Indices]..., output)[m[K;
      |          [01;36m[K~~~~~~~^~~~~~~~~~~~~~~~~~~~~~~~~~~[m[K
make[2]: *** [CMakeFiles/path_follow.dir/build.make:76：CMakeFiles/path_follow.dir/src/cdcr.cpp.o] 错误 1
make[1]: *** [CMakeFiles/Makefile2:78：CMakeFiles/path_follow.dir/all] 错误 2
make: *** [Makefile:141：all] 错误 2
