[0.079s] Invoking command in '/home/weiwei/Desktop/project/path_follow/build/path_follow': CMAKE_PREFIX_PATH=/opt/ros/foxy /usr/bin/cmake --build /home/weiwei/Desktop/project/path_follow/build/path_follow -- -j16 -l16
[0.121s] -- Found ament_cmake: 0.9.12 (/opt/ros/foxy/share/ament_cmake/cmake)
[0.137s] -- Using PYTHON_EXECUTABLE: /usr/bin/python3
[0.262s] -- Found rclcpp: 2.4.3 (/opt/ros/foxy/share/rclcpp/cmake)
[0.297s] -- Using all available rosidl_typesupport_c: rosidl_typesupport_fastrtps_c;rosidl_typesupport_introspection_c
[0.300s] -- Found rosidl_adapter: 1.3.1 (/opt/ros/foxy/share/rosidl_adapter/cmake)
[0.393s] -- Using all available rosidl_typesupport_cpp: rosidl_typesupport_fastrtps_cpp;rosidl_typesupport_introspection_cpp
[0.430s] -- Found rmw_implementation_cmake: 1.0.4 (/opt/ros/foxy/share/rmw_implementation_cmake/cmake)
[0.431s] -- Using RMW implementation 'rmw_fastrtps_cpp' as default
[0.528s] -- Found nav_msgs: 2.0.5 (/opt/ros/foxy/share/nav_msgs/cmake)
[0.600s] -- Found visualization_msgs: 2.0.5 (/opt/ros/foxy/share/visualization_msgs/cmake)
[0.646s] -- Found rclcpp_components: 2.4.3 (/opt/ros/foxy/share/rclcpp_components/cmake)
[0.892s] -- Found BLAS: /usr/lib/x86_64-linux-gnu/libblas.so  
[1.013s] -- Found AMD headers in: /usr/include/suitesparse
[1.015s] -- Found AMD library: /usr/lib/x86_64-linux-gnu/libamd.so
[1.015s] -- Found CAMD headers in: /usr/include/suitesparse
[1.016s] -- Found CAMD library: /usr/lib/x86_64-linux-gnu/libcamd.so
[1.017s] -- Found CCOLAMD headers in: /usr/include/suitesparse
[1.018s] -- Found CCOLAMD library: /usr/lib/x86_64-linux-gnu/libccolamd.so
[1.018s] -- Found CHOLMOD headers in: /usr/include/suitesparse
[1.019s] -- Found CHOLMOD library: /usr/lib/x86_64-linux-gnu/libcholmod.so
[1.019s] -- Found COLAMD headers in: /usr/include/suitesparse
[1.020s] -- Found COLAMD library: /usr/lib/x86_64-linux-gnu/libcolamd.so
[1.020s] -- Found SPQR headers in: /usr/include/suitesparse
[1.021s] -- Found SPQR library: /usr/lib/x86_64-linux-gnu/libspqr.so
[1.021s] -- Found Config headers in: /usr/include/suitesparse
[1.022s] -- Found Config library: /usr/lib/x86_64-linux-gnu/libsuitesparseconfig.so
[1.024s] -- Found Intel Thread Building Blocks (TBB) library (2020.1 / 11101) include location: . Assuming SuiteSparseQR was compiled with TBB.
[1.024s] -- Looking for shm_open in rt
[1.069s] -- Looking for shm_open in rt - found
[1.069s] -- Adding librt to SuiteSparse_config libraries (required on Linux & Unix [not OSX] if SuiteSparse is compiled with timing).
[1.075s] -- Could NOT find METIS (missing: METIS_INCLUDE_DIR METIS_LIBRARY) 
[1.075s] -- Found SuiteSparse: /usr/include/suitesparse (found suitable version "5.7.1", minimum required is "5.7.1") found components: AMD CAMD CCOLAMD CHOLMOD COLAMD SPQR Config 
[1.077s] -- Found required Ceres dependency: Eigen version 3.3.9 in /usr/local/share/eigen3/cmake
[1.079s] -- Found required Ceres dependency: glog
[1.081s] -- Found required Ceres dependency: gflags
[1.082s] -- Found Ceres version: 2.2.0 installed in: /usr/local with components: [EigenSparse, SparseLinearAlgebraLibrary, LAPACK, SuiteSparse, SchurSpecializations]
[1.083s] -- Found ament_lint_auto: 0.9.8 (/opt/ros/foxy/share/ament_lint_auto/cmake)
[1.131s] -- Added test 'copyright' to check source files copyright and LICENSE
[1.131s] -- Added test 'cppcheck' to perform static code analysis on C / C++ code
[1.131s] -- Configured cppcheck include dirs: 
[1.131s] -- Configured cppcheck exclude dirs and/or files: 
[1.132s] -- Added test 'cpplint' to check C / C++ code against the Google style
[1.132s] -- Configured cpplint exclude dirs and/or files: 
[1.133s] -- Added test 'flake8' to check Python code syntax and style conventions
[1.133s] -- Added test 'lint_cmake' to check CMake code style
[1.133s] -- Added test 'pep257' to check Python code against some of the style conventions in PEP 257
[1.134s] -- Added test 'uncrustify' to check C / C++ code style
[1.134s] -- Configured uncrustify additional arguments: 
[1.134s] -- Added test 'xmllint' to check XML markup files
[1.137s] -- Configuring done
[1.150s] -- Generating done
[1.152s] -- Build files have been written to: /home/weiwei/Desktop/project/path_follow/build/path_follow
[1.171s] [35m[1mScanning dependencies of target path_follow[0m
[1.200s] [ 25%] [32mBuilding CXX object CMakeFiles/path_follow.dir/src/main.cpp.o[0m
[1.201s] [ 50%] [32mBuilding CXX object CMakeFiles/path_follow.dir/src/cdcr.cpp.o[0m
[1.201s] [ 75%] [32mBuilding CXX object CMakeFiles/path_follow.dir/src/joint.cpp.o[0m
[2.879s] In file included from [01m[K/home/weiwei/Desktop/project/path_follow/src/path_follow/src/cdcr.cpp:1[m[K:
[2.879s] [01m[K/home/weiwei/Desktop/project/path_follow/src/path_follow/src/cdcr.hpp:[m[K In constructor ‘[01m[KCDCR::x_residual::x_residual(double, double, double, double)[m[K’:
[2.879s] [01m[K/home/weiwei/Desktop/project/path_follow/src/path_follow/src/cdcr.hpp:50:18:[m[K [01;35m[Kwarning: [m[K‘[01m[KCDCR::x_residual::x_[m[K’ will be initialized after [[01;35m[K-Wreorder[m[K]
[2.879s]    50 |     const double [01;35m[Kx_[m[K;
[2.879s]       |                  [01;35m[K^~[m[K
[2.879s] [01m[K/home/weiwei/Desktop/project/path_follow/src/path_follow/src/cdcr.hpp:48:18:[m[K [01;35m[Kwarning: [m[K  ‘[01m[Kconst double CDCR::x_residual::weight_position_[m[K’ [[01;35m[K-Wreorder[m[K]
[2.879s]    48 |     const double [01;35m[Kweight_position_[m[K;
[2.879s]       |                  [01;35m[K^~~~~~~~~~~~~~~~[m[K
[2.879s] [01m[K/home/weiwei/Desktop/project/path_follow/src/path_follow/src/cdcr.hpp:35:5:[m[K [01;35m[Kwarning: [m[K  when initialized here [[01;35m[K-Wreorder[m[K]
[2.879s]    35 |     [01;35m[Kx_residual[m[K(double weight_position,
[2.880s]       |     [01;35m[K^~~~~~~~~~[m[K
[2.880s] [01m[K/home/weiwei/Desktop/project/path_follow/src/path_follow/src/cdcr.hpp:[m[K In constructor ‘[01m[KCDCR::y_residual::y_residual(double, double, double, double)[m[K’:
[2.880s] [01m[K/home/weiwei/Desktop/project/path_follow/src/path_follow/src/cdcr.hpp:68:18:[m[K [01;35m[Kwarning: [m[K‘[01m[KCDCR::y_residual::y_[m[K’ will be initialized after [[01;35m[K-Wreorder[m[K]
[2.880s]    68 |     const double [01;35m[Ky_[m[K;
[2.880s]       |                  [01;35m[K^~[m[K
[2.880s] [01m[K/home/weiwei/Desktop/project/path_follow/src/path_follow/src/cdcr.hpp:66:18:[m[K [01;35m[Kwarning: [m[K  ‘[01m[Kconst double CDCR::y_residual::weight_position_[m[K’ [[01;35m[K-Wreorder[m[K]
[2.880s]    66 |     const double [01;35m[Kweight_position_[m[K;
[2.880s]       |                  [01;35m[K^~~~~~~~~~~~~~~~[m[K
[2.880s] [01m[K/home/weiwei/Desktop/project/path_follow/src/path_follow/src/cdcr.hpp:53:5:[m[K [01;35m[Kwarning: [m[K  when initialized here [[01;35m[K-Wreorder[m[K]
[2.880s]    53 |     [01;35m[Ky_residual[m[K(double weight_position,
[2.880s]       |     [01;35m[K^~~~~~~~~~[m[K
[2.880s] [01m[K/home/weiwei/Desktop/project/path_follow/src/path_follow/src/cdcr.hpp:[m[K In constructor ‘[01m[KCDCR::z_residual::z_residual(double, double, double, double, double)[m[K’:
[2.880s] [01m[K/home/weiwei/Desktop/project/path_follow/src/path_follow/src/cdcr.hpp:87:51:[m[K [01;35m[Kwarning: [m[K‘[01m[KCDCR::z_residual::length_rigid1_[m[K’ will be initialized after [[01;35m[K-Wreorder[m[K]
[2.880s]    87 |     const double length_continuum_,length_rigid2_,[01;35m[Klength_rigid1_[m[K;
[2.880s]       |                                                   [01;35m[K^~~~~~~~~~~~~~[m[K
[2.880s] [01m[K/home/weiwei/Desktop/project/path_follow/src/path_follow/src/cdcr.hpp:87:36:[m[K [01;35m[Kwarning: [m[K  ‘[01m[Kconst double CDCR::z_residual::length_rigid2_[m[K’ [[01;35m[K-Wreorder[m[K]
[2.880s]    87 |     const double length_continuum_,[01;35m[Klength_rigid2_[m[K,length_rigid1_;
[2.880s]       |                                    [01;35m[K^~~~~~~~~~~~~~[m[K
[2.881s] [01m[K/home/weiwei/Desktop/project/path_follow/src/path_follow/src/cdcr.hpp:71:5:[m[K [01;35m[Kwarning: [m[K  when initialized here [[01;35m[K-Wreorder[m[K]
[2.881s]    71 |     [01;35m[Kz_residual[m[K(double weight_position,
[2.881s]       |     [01;35m[K^~~~~~~~~~[m[K
[2.881s] [01m[K/home/weiwei/Desktop/project/path_follow/src/path_follow/src/cdcr.hpp:88:18:[m[K [01;35m[Kwarning: [m[K‘[01m[KCDCR::z_residual::z_[m[K’ will be initialized after [[01;35m[K-Wreorder[m[K]
[2.881s]    88 |     const double [01;35m[Kz_[m[K;
[2.881s]       |                  [01;35m[K^~[m[K
[2.881s] [01m[K/home/weiwei/Desktop/project/path_follow/src/path_follow/src/cdcr.hpp:86:18:[m[K [01;35m[Kwarning: [m[K  ‘[01m[Kconst double CDCR::z_residual::weight_position_[m[K’ [[01;35m[K-Wreorder[m[K]
[2.881s]    86 |     const double [01;35m[Kweight_position_[m[K;
[2.881s]       |                  [01;35m[K^~~~~~~~~~~~~~~~[m[K
[2.881s] [01m[K/home/weiwei/Desktop/project/path_follow/src/path_follow/src/cdcr.hpp:71:5:[m[K [01;35m[Kwarning: [m[K  when initialized here [[01;35m[K-Wreorder[m[K]
[2.881s]    71 |     [01;35m[Kz_residual[m[K(double weight_position,
[2.881s]       |     [01;35m[K^~~~~~~~~~[m[K
[2.881s] [01m[K/home/weiwei/Desktop/project/path_follow/src/path_follow/src/cdcr.hpp:[m[K In constructor ‘[01m[KCDCR::angle_residual::angle_residual(double, double, double, double, Eigen::Vector3d)[m[K’:
[2.881s] [01m[K/home/weiwei/Desktop/project/path_follow/src/path_follow/src/cdcr.hpp:110:27:[m[K [01;35m[Kwarning: [m[K‘[01m[KCDCR::angle_residual::tangent_vector_[m[K’ will be initialized after [[01;35m[K-Wreorder[m[K]
[2.881s]   110 |     const Eigen::Vector3d [01;35m[Ktangent_vector_[m[K;
[2.881s]       |                           [01;35m[K^~~~~~~~~~~~~~~[m[K
[2.881s] [01m[K/home/weiwei/Desktop/project/path_follow/src/path_follow/src/cdcr.hpp:108:18:[m[K [01;35m[Kwarning: [m[K  ‘[01m[Kconst double CDCR::angle_residual::weight_direction_[m[K’ [[01;35m[K-Wreorder[m[K]
[2.881s]   108 |     const double [01;35m[Kweight_direction_[m[K;
[2.881s]       |                  [01;35m[K^~~~~~~~~~~~~~~~~[m[K
[2.881s] [01m[K/home/weiwei/Desktop/project/path_follow/src/path_follow/src/cdcr.hpp:91:5:[m[K [01;35m[Kwarning: [m[K  when initialized here [[01;35m[K-Wreorder[m[K]
[2.881s]    91 |     [01;35m[Kangle_residual[m[K(double weight_direction,
[2.881s]       |     [01;35m[K^~~~~~~~~~~~~~[m[K
[2.881s] In file included from [01m[K/home/weiwei/Desktop/project/path_follow/src/path_follow/src/main.cpp:1[m[K:
[2.881s] [01m[K/home/weiwei/Desktop/project/path_follow/src/path_follow/src/cdcr.hpp:[m[K In constructor ‘[01m[KCDCR::x_residual::x_residual(double, double, double, double)[m[K’:
[2.881s] [01m[K/home/weiwei/Desktop/project/path_follow/src/path_follow/src/cdcr.hpp:50:18:[m[K [01;35m[Kwarning: [m[K‘[01m[KCDCR::x_residual::x_[m[K’ will be initialized after [[01;35m[K-Wreorder[m[K]
[2.881s]    50 |     const double [01;35m[Kx_[m[K;
[2.881s]       |                  [01;35m[K^~[m[K
[2.881s] [01m[K/home/weiwei/Desktop/project/path_follow/src/path_follow/src/cdcr.hpp:48:18:[m[K [01;35m[Kwarning: [m[K  ‘[01m[Kconst double CDCR::x_residual::weight_position_[m[K’ [[01;35m[K-Wreorder[m[K]
[2.881s]    48 |     const double [01;35m[Kweight_position_[m[K;
[2.881s]       |                  [01;35m[K^~~~~~~~~~~~~~~~[m[K
[2.882s] [01m[K/home/weiwei/Desktop/project/path_follow/src/path_follow/src/cdcr.hpp:35:5:[m[K [01;35m[Kwarning: [m[K  when initialized here [[01;35m[K-Wreorder[m[K]
[2.882s]    35 |     [01;35m[Kx_residual[m[K(double weight_position,
[2.882s]       |     [01;35m[K^~~~~~~~~~[m[K
[2.882s] [01m[K/home/weiwei/Desktop/project/path_follow/src/path_follow/src/cdcr.hpp:[m[K In constructor ‘[01m[KCDCR::y_residual::y_residual(double, double, double, double)[m[K’:
[2.882s] [01m[K/home/weiwei/Desktop/project/path_follow/src/path_follow/src/cdcr.hpp:68:18:[m[K [01;35m[Kwarning: [m[K‘[01m[KCDCR::y_residual::y_[m[K’ will be initialized after [[01;35m[K-Wreorder[m[K]
[2.882s]    68 |     const double [01;35m[Ky_[m[K;
[2.882s]       |                  [01;35m[K^~[m[K
[2.882s] [01m[K/home/weiwei/Desktop/project/path_follow/src/path_follow/src/cdcr.hpp:66:18:[m[K [01;35m[Kwarning: [m[K  ‘[01m[Kconst double CDCR::y_residual::weight_position_[m[K’ [[01;35m[K-Wreorder[m[K]
[2.882s]    66 |     const double [01;35m[Kweight_position_[m[K;
[2.882s]       |                  [01;35m[K^~~~~~~~~~~~~~~~[m[K
[2.882s] [01m[K/home/weiwei/Desktop/project/path_follow/src/path_follow/src/cdcr.hpp:53:5:[m[K [01;35m[Kwarning: [m[K  when initialized here [[01;35m[K-Wreorder[m[K]
[2.882s]    53 |     [01;35m[Ky_residual[m[K(double weight_position,
[2.882s]       |     [01;35m[K^~~~~~~~~~[m[K
[2.882s] [01m[K/home/weiwei/Desktop/project/path_follow/src/path_follow/src/cdcr.hpp:[m[K In constructor ‘[01m[KCDCR::z_residual::z_residual(double, double, double, double, double)[m[K’:
[2.882s] [01m[K/home/weiwei/Desktop/project/path_follow/src/path_follow/src/cdcr.hpp:87:51:[m[K [01;35m[Kwarning: [m[K‘[01m[KCDCR::z_residual::length_rigid1_[m[K’ will be initialized after [[01;35m[K-Wreorder[m[K]
[2.882s]    87 |     const double length_continuum_,length_rigid2_,[01;35m[Klength_rigid1_[m[K;
[2.882s]       |                                                   [01;35m[K^~~~~~~~~~~~~~[m[K
[2.882s] [01m[K/home/weiwei/Desktop/project/path_follow/src/path_follow/src/cdcr.hpp:87:36:[m[K [01;35m[Kwarning: [m[K  ‘[01m[Kconst double CDCR::z_residual::length_rigid2_[m[K’ [[01;35m[K-Wreorder[m[K]
[2.882s]    87 |     const double length_continuum_,[01;35m[Klength_rigid2_[m[K,length_rigid1_;
[2.882s]       |                                    [01;35m[K^~~~~~~~~~~~~~[m[K
[2.882s] [01m[K/home/weiwei/Desktop/project/path_follow/src/path_follow/src/cdcr.hpp:71:5:[m[K [01;35m[Kwarning: [m[K  when initialized here [[01;35m[K-Wreorder[m[K]
[2.882s]    71 |     [01;35m[Kz_residual[m[K(double weight_position,
[2.882s]       |     [01;35m[K^~~~~~~~~~[m[K
[2.882s] [01m[K/home/weiwei/Desktop/project/path_follow/src/path_follow/src/cdcr.hpp:88:18:[m[K [01;35m[Kwarning: [m[K‘[01m[KCDCR::z_residual::z_[m[K’ will be initialized after [[01;35m[K-Wreorder[m[K]
[2.882s]    88 |     const double [01;35m[Kz_[m[K;
[2.882s]       |                  [01;35m[K^~[m[K
[2.882s] [01m[K/home/weiwei/Desktop/project/path_follow/src/path_follow/src/cdcr.hpp:86:18:[m[K [01;35m[Kwarning: [m[K  ‘[01m[Kconst double CDCR::z_residual::weight_position_[m[K’ [[01;35m[K-Wreorder[m[K]
[2.882s]    86 |     const double [01;35m[Kweight_position_[m[K;
[2.882s]       |                  [01;35m[K^~~~~~~~~~~~~~~~[m[K
[2.882s] [01m[K/home/weiwei/Desktop/project/path_follow/src/path_follow/src/cdcr.hpp:71:5:[m[K [01;35m[Kwarning: [m[K  when initialized here [[01;35m[K-Wreorder[m[K]
[2.882s]    71 |     [01;35m[Kz_residual[m[K(double weight_position,
[2.883s]       |     [01;35m[K^~~~~~~~~~[m[K
[2.883s] [01m[K/home/weiwei/Desktop/project/path_follow/src/path_follow/src/cdcr.hpp:[m[K In constructor ‘[01m[KCDCR::angle_residual::angle_residual(double, double, double, double, Eigen::Vector3d)[m[K’:
[2.883s] [01m[K/home/weiwei/Desktop/project/path_follow/src/path_follow/src/cdcr.hpp:110:27:[m[K [01;35m[Kwarning: [m[K‘[01m[KCDCR::angle_residual::tangent_vector_[m[K’ will be initialized after [[01;35m[K-Wreorder[m[K]
[2.883s]   110 |     const Eigen::Vector3d [01;35m[Ktangent_vector_[m[K;
[2.883s]       |                           [01;35m[K^~~~~~~~~~~~~~~[m[K
[2.883s] [01m[K/home/weiwei/Desktop/project/path_follow/src/path_follow/src/cdcr.hpp:108:18:[m[K [01;35m[Kwarning: [m[K  ‘[01m[Kconst double CDCR::angle_residual::weight_direction_[m[K’ [[01;35m[K-Wreorder[m[K]
[2.883s]   108 |     const double [01;35m[Kweight_direction_[m[K;
[2.883s]       |                  [01;35m[K^~~~~~~~~~~~~~~~~[m[K
[2.883s] [01m[K/home/weiwei/Desktop/project/path_follow/src/path_follow/src/cdcr.hpp:91:5:[m[K [01;35m[Kwarning: [m[K  when initialized here [[01;35m[K-Wreorder[m[K]
[2.883s]    91 |     [01;35m[Kangle_residual[m[K(double weight_direction,
[2.883s]       |     [01;35m[K^~~~~~~~~~~~~~[m[K
[2.923s] [01m[K/home/weiwei/Desktop/project/path_follow/src/path_follow/src/cdcr.cpp:[m[K In constructor ‘[01m[KCDCR::CDCR()[m[K’:
[2.923s] [01m[K/home/weiwei/Desktop/project/path_follow/src/path_follow/src/cdcr.cpp:68:12:[m[K [01;35m[Kwarning: [m[Kunused variable ‘[01m[Kbase_tolerance_deviation[m[K’ [[01;35m[K-Wunused-variable[m[K]
[2.923s]    68 |     double [01;35m[Kbase_tolerance_deviation[m[K = this->get_parameter("base_tolerance_deviation").as_double();
[2.923s]       |            [01;35m[K^~~~~~~~~~~~~~~~~~~~~~~~[m[K
[2.974s] [01m[K/home/weiwei/Desktop/project/path_follow/src/path_follow/src/cdcr.cpp:[m[K In member function ‘[01m[Kvoid CDCR::path_follow_exeperience()[m[K’:
[2.974s] [01m[K/home/weiwei/Desktop/project/path_follow/src/path_follow/src/cdcr.cpp:239:15:[m[K [01;35m[Kwarning: [m[Kstatement has no effect [[01;35m[K-Wunused-value[m[K]
[2.974s]   239 |         [01;35m[Kthis->start_track_path_point_id[m[K;
[2.974s]       |         [01;35m[K~~~~~~^~~~~~~~~~~~~~~~~~~~~~~~~[m[K
[2.974s] [01m[K/home/weiwei/Desktop/project/path_follow/src/path_follow/src/cdcr.cpp:[m[K In member function ‘[01m[Kvoid CDCR::getCorrectTravelPointID()[m[K’:
[2.974s] [01m[K/home/weiwei/Desktop/project/path_follow/src/path_follow/src/cdcr.cpp:250:19:[m[K [01;35m[Kwarning: [m[Kcomparison of integer expressions of different signedness: ‘[01m[Kint[m[K’ and ‘[01m[Kstd::vector<Eigen::Matrix<double, 3, 1> >::size_type[m[K’ {aka ‘[01m[Klong unsigned int[m[K’} [[01;35m[K-Wsign-compare[m[K]
[2.974s]   250 |     for (int i=1;[01;35m[Ki<path_points.size()-1[m[K;i++)
[2.974s]       |                  [01;35m[K~^~~~~~~~~~~~~~~~~~~~~[m[K
[2.974s] [01m[K/home/weiwei/Desktop/project/path_follow/src/path_follow/src/cdcr.cpp:252:14:[m[K [01;35m[Kwarning: [m[Ksuggest parentheses around assignment used as truth value [[01;35m[K-Wparentheses[m[K]
[2.974s]   252 |         if ([01;35m[Ki=path_points.size()-2[m[K)
[2.975s]       |             [01;35m[K~^~~~~~~~~~~~~~~~~~~~~[m[K
[2.975s] [01m[K/home/weiwei/Desktop/project/path_follow/src/path_follow/src/cdcr.cpp:266:23:[m[K [01;35m[Kwarning: [m[Kcomparison of integer expressions of different signedness: ‘[01m[Kint[m[K’ and ‘[01m[Kstd::vector<Eigen::Matrix<double, 3, 1> >::size_type[m[K’ {aka ‘[01m[Klong unsigned int[m[K’} [[01;35m[K-Wsign-compare[m[K]
[2.975s]   266 |         for (int j=i;[01;35m[Kj<path_points.size()-1[m[K;j++)
[2.975s]       |                      [01;35m[K~^~~~~~~~~~~~~~~~~~~~~[m[K
[2.975s] [01m[K/home/weiwei/Desktop/project/path_follow/src/path_follow/src/cdcr.cpp:268:18:[m[K [01;35m[Kwarning: [m[Ksuggest parentheses around assignment used as truth value [[01;35m[K-Wparentheses[m[K]
[2.975s]   268 |             if ([01;35m[Kj=path_points.size()-2[m[K)
[2.975s]       |                 [01;35m[K~^~~~~~~~~~~~~~~~~~~~~[m[K
[2.975s] [01m[K/home/weiwei/Desktop/project/path_follow/src/path_follow/src/cdcr.cpp:248:12:[m[K [01;35m[Kwarning: [m[Kunused variable ‘[01m[Kpath_deviation[m[K’ [[01;35m[K-Wunused-variable[m[K]
[2.975s]   248 |     double [01;35m[Kpath_deviation[m[K;
[2.975s]       |            [01;35m[K^~~~~~~~~~~~~~[m[K
[3.045s] [01m[K/home/weiwei/Desktop/project/path_follow/src/path_follow/src/cdcr.cpp:[m[K In member function ‘[01m[Kvoid CDCR::visualization()[m[K’:
[3.045s] [01m[K/home/weiwei/Desktop/project/path_follow/src/path_follow/src/cdcr.cpp:400:19:[m[K [01;35m[Kwarning: [m[Kcomparison of integer expressions of different signedness: ‘[01m[Kint[m[K’ and ‘[01m[Kstd::vector<Eigen::Matrix<double, 3, 1> >::size_type[m[K’ {aka ‘[01m[Klong unsigned int[m[K’} [[01;35m[K-Wsign-compare[m[K]
[3.045s]   400 |     for (int i=0;[01;35m[Ki<this->cdcr_points.size()[m[K;i++)
[3.045s]       |                  [01;35m[K~^~~~~~~~~~~~~~~~~~~~~~~~~[m[K
[3.045s] [01m[K/home/weiwei/Desktop/project/path_follow/src/path_follow/src/cdcr.cpp:410:19:[m[K [01;35m[Kwarning: [m[Kcomparison of integer expressions of different signedness: ‘[01m[Kint[m[K’ and ‘[01m[Kstd::vector<int>::size_type[m[K’ {aka ‘[01m[Klong unsigned int[m[K’} [[01;35m[K-Wsign-compare[m[K]
[3.045s]   410 |     for (int i=0;[01;35m[Ki<this->cdcr_segment_point_id.size()[m[K;i++)
[3.045s]       |                  [01;35m[K~^~~~~~~~~~~~~~~~~~~~~~~~~~~~~~~~~~~[m[K
[3.045s] [01m[K/home/weiwei/Desktop/project/path_follow/src/path_follow/src/cdcr.cpp:425:14:[m[K [01;35m[Kwarning: [m[Kcomparison of integer expressions of different signedness: ‘[01m[Kint[m[K’ and ‘[01m[Kstd::vector<int>::size_type[m[K’ {aka ‘[01m[Klong unsigned int[m[K’} [[01;35m[K-Wsign-compare[m[K]
[3.045s]   425 |         if ([01;35m[Ki==cdcr_segment_point_id.size()-1[m[K)
[3.045s]       |             [01;35m[K~^~~~~~~~~~~~~~~~~~~~~~~~~~~~~~~~[m[K
[3.070s] [01m[K/home/weiwei/Desktop/project/path_follow/src/path_follow/src/cdcr.cpp:[m[K In member function ‘[01m[Kvoid CDCR::cal_deviation_get_max_deviation_path_point_id()[m[K’:
[3.071s] [01m[K/home/weiwei/Desktop/project/path_follow/src/path_follow/src/cdcr.cpp:457:44:[m[K [01;31m[Kerror: [m[K‘[01m[Kclass CDCR[m[K’ has no member named ‘[01m[Kfit_end_path_point_id[m[K’; did you mean ‘[01m[Ktrack_path_point_id[m[K’?
[3.071s]   457 |     for (int i=track_path_point_id;i<this->[01;31m[Kfit_end_path_point_id[m[K;i++)
[3.071s]       |                                            [01;31m[K^~~~~~~~~~~~~~~~~~~~~[m[K
[3.071s]       |                                            [32m[Ktrack_path_point_id[m[K
[3.071s] [01m[K/home/weiwei/Desktop/project/path_follow/src/path_follow/src/cdcr.cpp:[m[K In member function ‘[01m[Kvoid CDCR::fitCDCR()[m[K’:
[3.071s] [01m[K/home/weiwei/Desktop/project/path_follow/src/path_follow/src/cdcr.cpp:469:10:[m[K [01;35m[Kwarning: [m[Kstatement has no effect [[01;35m[K-Wunused-value[m[K]
[3.071s]   469 |     for ([01;35m[Kjoint_id[m[K; joint_id<joint_number; joint_id++)
[3.071s]       |          [01;35m[K^~~~~~~~[m[K
[3.096s] [01m[K/home/weiwei/Desktop/project/path_follow/src/path_follow/src/cdcr.cpp:549:11:[m[K [01;31m[Kerror: [m[K‘[01m[Kclass CDCR[m[K’ has no member named ‘[01m[Kfit_end_path_point_id[m[K’; did you mean ‘[01m[Ktrack_path_point_id[m[K’?
[3.096s]   549 |     this->[01;31m[Kfit_end_path_point_id[m[K =segment_start_path_point_id;
[3.096s]       |           [01;31m[K^~~~~~~~~~~~~~~~~~~~~[m[K
[3.096s]       |           [32m[Ktrack_path_point_id[m[K
[3.096s] [01m[K/home/weiwei/Desktop/project/path_follow/src/path_follow/src/cdcr.cpp:[m[K In member function ‘[01m[Kvoid CDCR::find_closed_path_point(const int&, const Vector3d&, int&)[m[K’:
[3.096s] [01m[K/home/weiwei/Desktop/project/path_follow/src/path_follow/src/cdcr.cpp:568:52:[m[K [01;35m[Kwarning: [m[Kcomparison of integer expressions of different signedness: ‘[01m[Kint[m[K’ and ‘[01m[Kstd::vector<Eigen::Matrix<double, 3, 1> >::size_type[m[K’ {aka ‘[01m[Klong unsigned int[m[K’} [[01;35m[K-Wsign-compare[m[K]
[3.096s]   568 |         }while(temp_dot_value<0||[01;35m[Ktemp_path_point_id<path_points.size()[m[K);
[3.096s]       |                                  [01;35m[K~~~~~~~~~~~~~~~~~~^~~~~~~~~~~~~~~~~~~[m[K
[3.097s] [01m[K/home/weiwei/Desktop/project/path_follow/src/path_follow/src/cdcr.cpp:[m[K In member function ‘[01m[Kvoid CDCR::getPathDeviationAndNextIndex(const int&, const int&, int&)[m[K’:
[3.097s] [01m[K/home/weiwei/Desktop/project/path_follow/src/path_follow/src/cdcr.cpp:614:52:[m[K [01;35m[Kwarning: [m[Kunused parameter ‘[01m[Kpath_point_index_start[m[K’ [[01;35m[K-Wunused-parameter[m[K]
[3.097s]   614 | void CDCR::getPathDeviationAndNextIndex([01;35m[Kconst int& path_point_index_start[m[K,
[3.097s]       |                                         [01;35m[K~~~~~~~~~~~^~~~~~~~~~~~~~~~~~~~~~[m[K
[3.097s] [01m[K/home/weiwei/Desktop/project/path_follow/src/path_follow/src/cdcr.cpp:615:52:[m[K [01;35m[Kwarning: [m[Kunused parameter ‘[01m[Kcdcr_point_index[m[K’ [[01;35m[K-Wunused-parameter[m[K]
[3.097s]   615 |                                         [01;35m[Kconst int& cdcr_point_index[m[K,
[3.097s]       |                                         [01;35m[K~~~~~~~~~~~^~~~~~~~~~~~~~~~[m[K
[3.097s] [01m[K/home/weiwei/Desktop/project/path_follow/src/path_follow/src/cdcr.cpp:616:46:[m[K [01;35m[Kwarning: [m[Kunused parameter ‘[01m[Kpath_point_index_next_start[m[K’ [[01;35m[K-Wunused-parameter[m[K]
[3.097s]   616 |                                         [01;35m[Kint& path_point_index_next_start[m[K)
[3.097s]       |                                         [01;35m[K~~~~~^~~~~~~~~~~~~~~~~~~~~~~~~~~[m[K
[3.177s] In file included from [01m[K/usr/local/include/eigen3/Eigen/Core:366[m[K,
[3.177s]                  from [01m[K/usr/local/include/eigen3/Eigen/Dense:1[m[K,
[3.177s]                  from [01m[K/usr/local/include/eigen3/Eigen/Eigen:1[m[K,
[3.177s]                  from [01m[K/home/weiwei/Desktop/project/path_follow/src/path_follow/src/joint.hpp:2[m[K,
[3.177s]                  from [01m[K/home/weiwei/Desktop/project/path_follow/src/path_follow/src/cdcr.hpp:2[m[K,
[3.177s]                  from [01m[K/home/weiwei/Desktop/project/path_follow/src/path_follow/src/cdcr.cpp:1[m[K:
[3.177s] /usr/local/include/eigen3/Eigen/src/Core/GeneralProduct.h: In instantiation of ‘[01m[Kconst Eigen::Product<Derived, OtherDerived> Eigen::MatrixBase<Derived>::operator*(const Eigen::MatrixBase<OtherDerived>&) const [with OtherDerived = Eigen::Matrix<double, 3, 1>; Derived = Eigen::Matrix<double, 4, 4>][m[K’:
[3.177s] [01m[K/home/weiwei/Desktop/project/path_follow/src/path_follow/src/cdcr.cpp:346:192:[m[K   required from here
[3.177s] [01m[K/usr/local/include/eigen3/Eigen/src/Core/GeneralProduct.h:410:3:[m[K [01;31m[Kerror: [m[Kstatic assertion failed: INVALID_MATRIX_PRODUCT
[3.177s]   410 |   [01;31m[KEIGEN_STATIC_ASSERT[m[K(ProductIsValid || SameSizes, INVALID_MATRIX_PRODUCT)
[3.177s]       |   [01;31m[K^~~~~~~~~~~~~~~~~~~[m[K
[3.300s] In file included from [01m[K/usr/local/include/eigen3/Eigen/Geometry:42[m[K,
[3.300s]                  from [01m[K/usr/local/include/eigen3/Eigen/Dense:6[m[K,
[3.300s]                  from [01m[K/usr/local/include/eigen3/Eigen/Eigen:1[m[K,
[3.300s]                  from [01m[K/home/weiwei/Desktop/project/path_follow/src/path_follow/src/joint.hpp:2[m[K,
[3.300s]                  from [01m[K/home/weiwei/Desktop/project/path_follow/src/path_follow/src/cdcr.hpp:2[m[K,
[3.300s]                  from [01m[K/home/weiwei/Desktop/project/path_follow/src/path_follow/src/cdcr.cpp:1[m[K:
[3.300s] /usr/local/include/eigen3/Eigen/src/Geometry/Quaternion.h: In instantiation of ‘[01m[KDerived& Eigen::QuaternionBase<Derived>::operator=(const Eigen::MatrixBase<OtherDerived>&) [with OtherDerived = Eigen::Matrix<double, 4, 4>; Derived = Eigen::Quaternion<double>][m[K’:
[3.300s] [01m[K/usr/local/include/eigen3/Eigen/src/Geometry/Quaternion.h:275:90:[m[K   required from ‘[01m[KEigen::Quaternion<Scalar, Options>::Quaternion(const Eigen::MatrixBase<OtherDerived>&) [with Derived = Eigen::Matrix<double, 4, 4>; _Scalar = double; int _Options = 0][m[K’
[3.300s] [01m[K/home/weiwei/Desktop/project/path_follow/src/path_follow/src/cdcr.cpp:383:73:[m[K   required from here
[3.300s] [01m[K/usr/local/include/eigen3/Eigen/src/Geometry/Quaternion.h:530:59:[m[K [01;31m[Kerror: [m[Kincomplete type ‘[01m[KEigen::internal::quaternionbase_assign_impl<Eigen::Matrix<double, 4, 4>, 4, 4>[m[K’ used in nested name specifier
[3.300s]   530 |   [01;31m[Kinternal::quaternionbase_assign_impl<MatrixDerived>::run(*this, xpr.derived())[m[K;
[3.300s]       |   [01;31m[K~~~~~~~~~~~~~~~~~~~~~~~~~~~~~~~~~~~~~~~~~~~~~~~~~~~~~~~~^~~~~~~~~~~~~~~~~~~~~~[m[K
[3.442s] In file included from [01m[K/usr/local/include/eigen3/Eigen/Core:366[m[K,
[3.442s]                  from [01m[K/usr/local/include/eigen3/Eigen/Dense:1[m[K,
[3.442s]                  from [01m[K/usr/local/include/eigen3/Eigen/Eigen:1[m[K,
[3.442s]                  from [01m[K/home/weiwei/Desktop/project/path_follow/src/path_follow/src/joint.hpp:2[m[K,
[3.442s]                  from [01m[K/home/weiwei/Desktop/project/path_follow/src/path_follow/src/cdcr.hpp:2[m[K,
[3.442s]                  from [01m[K/home/weiwei/Desktop/project/path_follow/src/path_follow/src/cdcr.cpp:1[m[K:
[3.442s] /usr/local/include/eigen3/Eigen/src/Core/AssignEvaluator.h: In instantiation of ‘[01m[Kvoid Eigen::internal::call_assignment_no_alias(Dst&, const Src&, const Func&) [with Dst = Eigen::Matrix<double, 3, 1>; Src = Eigen::Product<Eigen::Matrix<double, 4, 4>, Eigen::Matrix<double, 3, 1>, 0>; Func = Eigen::internal::assign_op<double, double>][m[K’:
[3.442s] [01m[K/usr/local/include/eigen3/Eigen/src/Core/PlainObjectBase.h:732:41:[m[K   required from ‘[01m[KDerived& Eigen::PlainObjectBase<Derived>::_set_noalias(const Eigen::DenseBase<OtherDerived>&) [with OtherDerived = Eigen::Product<Eigen::Matrix<double, 4, 4>, Eigen::Matrix<double, 3, 1>, 0>; Derived = Eigen::Matrix<double, 3, 1>][m[K’
[3.442s] [01m[K/usr/local/include/eigen3/Eigen/src/Core/PlainObjectBase.h:537:7:[m[K   required from ‘[01m[KEigen::PlainObjectBase<Derived>::PlainObjectBase(const Eigen::DenseBase<OtherDerived>&) [with OtherDerived = Eigen::Product<Eigen::Matrix<double, 4, 4>, Eigen::Matrix<double, 3, 1>, 0>; Derived = Eigen::Matrix<double, 3, 1>][m[K’
[3.442s] [01m[K/usr/local/include/eigen3/Eigen/src/Core/Matrix.h:377:29:[m[K   required from ‘[01m[KEigen::Matrix<_Scalar, _Rows, _Cols, _Options, _MaxRows, _MaxCols>::Matrix(const Eigen::EigenBase<OtherDerived>&) [with OtherDerived = Eigen::Product<Eigen::Matrix<double, 4, 4>, Eigen::Matrix<double, 3, 1>, 0>; _Scalar = double; int _Rows = 3; int _Cols = 1; int _Options = 0; int _MaxRows = 3; int _MaxCols = 1][m[K’
[3.442s] [01m[K/home/weiwei/Desktop/project/path_follow/src/path_follow/src/cdcr.cpp:353:174:[m[K   required from here
[3.442s] [01m[K/usr/local/include/eigen3/Eigen/src/Core/AssignEvaluator.h:833:3:[m[K [01;31m[Kerror: [m[Kstatic assertion failed: YOU_MIXED_MATRICES_OF_DIFFERENT_SIZES
[3.442s]   833 |   [01;31m[KEIGEN_STATIC_ASSERT_SAME_MATRIX_SIZE[m[K(ActualDstTypeCleaned,Src)
[3.442s]       |   [01;31m[K^~~~~~~~~~~~~~~~~~~~~~~~~~~~~~~~~~~~[m[K
[3.495s] /usr/local/include/eigen3/Eigen/src/Core/AssignEvaluator.h: In instantiation of ‘[01m[Kvoid Eigen::internal::call_assignment_no_alias(Dst&, const Src&, const Func&) [with Dst = Eigen::Matrix<double, 3, 1>; Src = Eigen::Matrix<double, 4, 1>; Func = Eigen::internal::assign_op<double, double>][m[K’:
[3.495s] [01m[K/usr/local/include/eigen3/Eigen/src/Core/AssignEvaluator.h:797:27:[m[K   required from ‘[01m[Kvoid Eigen::internal::call_assignment(Dst&, const Src&, const Func&, typename Eigen::internal::enable_if<Eigen::internal::evaluator_assume_aliasing<Src>::value, void*>::type) [with Dst = Eigen::Matrix<double, 3, 1>; Src = Eigen::Product<Eigen::Matrix<double, 4, 4>, Eigen::Matrix<double, 3, 1>, 0>; Func = Eigen::internal::assign_op<double, double>; typename Eigen::internal::enable_if<Eigen::internal::evaluator_assume_aliasing<Src>::value, void*>::type = void*][m[K’
[3.495s] [01m[K/usr/local/include/eigen3/Eigen/src/Core/AssignEvaluator.h:782:18:[m[K   required from ‘[01m[Kvoid Eigen::internal::call_assignment(Dst&, const Src&) [with Dst = Eigen::Matrix<double, 3, 1>; Src = Eigen::Product<Eigen::Matrix<double, 4, 4>, Eigen::Matrix<double, 3, 1>, 0>][m[K’
[3.495s] [01m[K/usr/local/include/eigen3/Eigen/src/Core/PlainObjectBase.h:714:32:[m[K   required from ‘[01m[KDerived& Eigen::PlainObjectBase<Derived>::_set(const Eigen::DenseBase<OtherDerived>&) [with OtherDerived = Eigen::Product<Eigen::Matrix<double, 4, 4>, Eigen::Matrix<double, 3, 1>, 0>; Derived = Eigen::Matrix<double, 3, 1>][m[K’
[3.495s] [01m[K/usr/local/include/eigen3/Eigen/src/Core/Matrix.h:225:24:[m[K   required from ‘[01m[KEigen::Matrix<_Scalar, _Rows, _Cols, _Options, _MaxRows, _MaxCols>& Eigen::Matrix<_Scalar, _Rows, _Cols, _Options, _MaxRows, _MaxCols>::operator=(const Eigen::DenseBase<OtherDerived>&) [with OtherDerived = Eigen::Product<Eigen::Matrix<double, 4, 4>, Eigen::Matrix<double, 3, 1>, 0>; _Scalar = double; int _Rows = 3; int _Cols = 1; int _Options = 0; int _MaxRows = 3; int _MaxCols = 1][m[K’
[3.495s] [01m[K/home/weiwei/Desktop/project/path_follow/src/path_follow/src/cdcr.cpp:346:192:[m[K   required from here
[3.495s] [01m[K/usr/local/include/eigen3/Eigen/src/Core/AssignEvaluator.h:833:3:[m[K [01;31m[Kerror: [m[Kstatic assertion failed: YOU_MIXED_MATRICES_OF_DIFFERENT_SIZES
[3.969s] /usr/local/include/eigen3/Eigen/src/Core/GeneralProduct.h: In instantiation of ‘[01m[Kconst Eigen::Product<Derived, OtherDerived, 1> Eigen::MatrixBase<Derived>::lazyProduct(const Eigen::MatrixBase<OtherDerived>&) const [with OtherDerived = Eigen::Matrix<double, 3, 1>; Derived = Eigen::Matrix<double, 4, 4>][m[K’:
[3.969s] [01m[K/usr/local/include/eigen3/Eigen/src/Core/ProductEvaluators.h:397:29:[m[K   required from ‘[01m[Kstatic void Eigen::internal::generic_product_impl<Lhs, Rhs, Eigen::DenseShape, Eigen::DenseShape, 3>::evalTo(Dst&, const Lhs&, const Rhs&) [with Dst = Eigen::Matrix<double, 4, 1>; Lhs = Eigen::Matrix<double, 4, 4>; Rhs = Eigen::Matrix<double, 3, 1>][m[K’
[3.969s] [01m[K/usr/local/include/eigen3/Eigen/src/Core/ProductEvaluators.h:148:43:[m[K   required from ‘[01m[Kstatic void Eigen::internal::Assignment<DstXprType, Eigen::Product<Lhs, Rhs, Options>, Eigen::internal::assign_op<Scalar, Scalar>, Eigen::internal::Dense2Dense, typename Eigen::internal::enable_if<((Options == Eigen::DefaultProduct) || (Options == Eigen::AliasFreeProduct))>::type>::run(DstXprType&, const SrcXprType&, const Eigen::internal::assign_op<Scalar, Scalar>&) [with DstXprType = Eigen::Matrix<double, 4, 1>; Lhs = Eigen::Matrix<double, 4, 4>; Rhs = Eigen::Matrix<double, 3, 1>; int Options = 0; Scalar = double; Eigen::internal::Assignment<DstXprType, Eigen::Product<Lhs, Rhs, Options>, Eigen::internal::assign_op<Scalar, Scalar>, Eigen::internal::Dense2Dense, typename Eigen::internal::enable_if<((Options == Eigen::DefaultProduct) || (Options == Eigen::AliasFreeProduct))>::type>::SrcXprType = Eigen::Product<Eigen::Matrix<double, 4, 4>, Eigen::Matrix<double, 3, 1>, 0>][m[K’
[3.969s] [01m[K/usr/local/include/eigen3/Eigen/src/Core/AssignEvaluator.h:836:49:[m[K   required from ‘[01m[Kvoid Eigen::internal::call_assignment_no_alias(Dst&, const Src&, const Func&) [with Dst = Eigen::Matrix<double, 4, 1>; Src = Eigen::Product<Eigen::Matrix<double, 4, 4>, Eigen::Matrix<double, 3, 1>, 0>; Func = Eigen::internal::assign_op<double, double>][m[K’
[3.969s] [01m[K/usr/local/include/eigen3/Eigen/src/Core/PlainObjectBase.h:732:41:[m[K   required from ‘[01m[KDerived& Eigen::PlainObjectBase<Derived>::_set_noalias(const Eigen::DenseBase<OtherDerived>&) [with OtherDerived = Eigen::Product<Eigen::Matrix<double, 4, 4>, Eigen::Matrix<double, 3, 1>, 0>; Derived = Eigen::Matrix<double, 4, 1>][m[K’
[3.969s] [01m[K/usr/local/include/eigen3/Eigen/src/Core/PlainObjectBase.h:816:7:[m[K   required from ‘[01m[Kvoid Eigen::PlainObjectBase<Derived>::_init1(const Eigen::DenseBase<ElseDerived>&) [with T = Eigen::Product<Eigen::Matrix<double, 4, 4>, Eigen::Matrix<double, 3, 1>, 0>; OtherDerived = Eigen::Product<Eigen::Matrix<double, 4, 4>, Eigen::Matrix<double, 3, 1>, 0>; Derived = Eigen::Matrix<double, 4, 1>][m[K’
[3.969s] [01m[K/usr/local/include/eigen3/Eigen/src/Core/Matrix.h:294:31:[m[K   required from ‘[01m[KEigen::Matrix<_Scalar, _Rows, _Cols, _Options, _MaxRows, _MaxCols>::Matrix(const T&) [with T = Eigen::Product<Eigen::Matrix<double, 4, 4>, Eigen::Matrix<double, 3, 1>, 0>; _Scalar = double; int _Rows = 4; int _Cols = 1; int _Options = 0; int _MaxRows = 4; int _MaxCols = 1][m[K’
[3.969s] [01m[K/usr/local/include/eigen3/Eigen/src/Core/AssignEvaluator.h:796:41:[m[K   required from ‘[01m[Kvoid Eigen::internal::call_assignment(Dst&, const Src&, const Func&, typename Eigen::internal::enable_if<Eigen::internal::evaluator_assume_aliasing<Src>::value, void*>::type) [with Dst = Eigen::Matrix<double, 3, 1>; Src = Eigen::Product<Eigen::Matrix<double, 4, 4>, Eigen::Matrix<double, 3, 1>, 0>; Func = Eigen::internal::assign_op<double, double>; typename Eigen::internal::enable_if<Eigen::internal::evaluator_assume_aliasing<Src>::value, void*>::type = void*][m[K’
[3.969s] [01m[K/usr/local/include/eigen3/Eigen/src/Core/AssignEvaluator.h:782:18:[m[K   required from ‘[01m[Kvoid Eigen::internal::call_assignment(Dst&, const Src&) [with Dst = Eigen::Matrix<double, 3, 1>; Src = Eigen::Product<Eigen::Matrix<double, 4, 4>, Eigen::Matrix<double, 3, 1>, 0>][m[K’
[3.969s] [01m[K/usr/local/include/eigen3/Eigen/src/Core/PlainObjectBase.h:714:32:[m[K   required from ‘[01m[KDerived& Eigen::PlainObjectBase<Derived>::_set(const Eigen::DenseBase<OtherDerived>&) [with OtherDerived = Eigen::Product<Eigen::Matrix<double, 4, 4>, Eigen::Matrix<double, 3, 1>, 0>; Derived = Eigen::Matrix<double, 3, 1>][m[K’
[3.969s] [01m[K/usr/local/include/eigen3/Eigen/src/Core/Matrix.h:225:24:[m[K   required from ‘[01m[KEigen::Matrix<_Scalar, _Rows, _Cols, _Options, _MaxRows, _MaxCols>& Eigen::Matrix<_Scalar, _Rows, _Cols, _Options, _MaxRows, _MaxCols>::operator=(const Eigen::DenseBase<OtherDerived>&) [with OtherDerived = Eigen::Product<Eigen::Matrix<double, 4, 4>, Eigen::Matrix<double, 3, 1>, 0>; _Scalar = double; int _Rows = 3; int _Cols = 1; int _Options = 0; int _MaxRows = 3; int _MaxCols = 1][m[K’
[3.969s] [01m[K/home/weiwei/Desktop/project/path_follow/src/path_follow/src/cdcr.cpp:346:192:[m[K   required from here
[3.969s] [01m[K/usr/local/include/eigen3/Eigen/src/Core/GeneralProduct.h:448:3:[m[K [01;31m[Kerror: [m[Kstatic assertion failed: INVALID_MATRIX_PRODUCT
[3.969s]   448 |   [01;31m[KEIGEN_STATIC_ASSERT[m[K(ProductIsValid || SameSizes, INVALID_MATRIX_PRODUCT)
[3.969s]       |   [01;31m[K^~~~~~~~~~~~~~~~~~~[m[K
[4.140s] In file included from [01m[K/usr/local/include/ceres/internal/autodiff.h:151[m[K,
[4.140s]                  from [01m[K/usr/local/include/ceres/autodiff_cost_function.h:130[m[K,
[4.140s]                  from [01m[K/usr/local/include/ceres/ceres.h:37[m[K,
[4.140s]                  from [01m[K/home/weiwei/Desktop/project/path_follow/src/path_follow/src/cdcr.hpp:11[m[K,
[4.140s]                  from [01m[K/home/weiwei/Desktop/project/path_follow/src/path_follow/src/cdcr.cpp:1[m[K:
[4.140s] /usr/local/include/ceres/internal/variadic_evaluate.h: In instantiation of ‘[01m[Kbool ceres::internal::VariadicEvaluateImpl(const Functor&, const T* const*, T*, std::false_type, std::integer_sequence<int, Indices ...>) [with Functor = CDCR::angle_residual; T = double; int ...Indices = {0}; std::false_type = std::integral_constant<bool, false>][m[K’:
[4.140s] [01m[K/usr/local/include/ceres/internal/variadic_evaluate.h:77:30:[m[K   required from ‘[01m[Kbool ceres::internal::VariadicEvaluateImpl(const Functor&, const T* const*, T*, const void*) [with ParameterDims = ceres::internal::ParameterDims<false, 1>; Functor = CDCR::angle_residual; T = double][m[K’
[4.140s] [01m[K/usr/local/include/ceres/internal/variadic_evaluate.h:106:45:[m[K   required from ‘[01m[Kbool ceres::internal::VariadicEvaluate(const Functor&, const T* const*, T*) [with ParameterDims = ceres::internal::ParameterDims<false, 1>; Functor = CDCR::angle_residual; T = double][m[K’
[4.140s] [01m[K/usr/local/include/ceres/autodiff_cost_function.h:208:55:[m[K   required from ‘[01m[Kbool ceres::AutoDiffCostFunction<CostFunctor, kNumResiduals, Ns>::Evaluate(const double* const*, double*, double**) const [with CostFunctor = CDCR::angle_residual; int kNumResiduals = 1; int ...Ns = {1}][m[K’
[4.140s] [01m[K/usr/local/include/ceres/autodiff_cost_function.h:201:8:[m[K   required from here
[4.140s] [01m[K/usr/local/include/ceres/internal/variadic_evaluate.h:55:17:[m[K [01;31m[Kerror: [m[Kno match for call to ‘[01m[K(const CDCR::angle_residual) (const double* const&, double*&)[m[K’
[4.140s]    55 |   return [01;31m[Kfunctor(input[Indices]..., output)[m[K;
[4.140s]       |          [01;31m[K~~~~~~~^~~~~~~~~~~~~~~~~~~~~~~~~~~[m[K
[4.140s] In file included from [01m[K/home/weiwei/Desktop/project/path_follow/src/path_follow/src/cdcr.cpp:1[m[K:
[4.140s] [01m[K/home/weiwei/Desktop/project/path_follow/src/path_follow/src/cdcr.hpp:101:32:[m[K [01;36m[Knote: [m[Kcandidate: ‘[01m[Ktemplate<class T> bool CDCR::angle_residual::operator()(const T*, const T*, T*) const[m[K’
[4.140s]   101 |     template <typename T> bool [01;36m[Koperator[m[K()(const T* const alpha, const T* const theta, T* residual) const {
[4.140s]       |                                [01;36m[K^~~~~~~~[m[K
[4.140s] [01m[K/home/weiwei/Desktop/project/path_follow/src/path_follow/src/cdcr.hpp:101:32:[m[K [01;36m[Knote: [m[K  template argument deduction/substitution failed:
[4.140s] In file included from [01m[K/usr/local/include/ceres/internal/autodiff.h:151[m[K,
[4.140s]                  from [01m[K/usr/local/include/ceres/autodiff_cost_function.h:130[m[K,
[4.140s]                  from [01m[K/usr/local/include/ceres/ceres.h:37[m[K,
[4.141s]                  from [01m[K/home/weiwei/Desktop/project/path_follow/src/path_follow/src/cdcr.hpp:11[m[K,
[4.141s]                  from [01m[K/home/weiwei/Desktop/project/path_follow/src/path_follow/src/cdcr.cpp:1[m[K:
[4.141s] [01m[K/usr/local/include/ceres/internal/variadic_evaluate.h:55:17:[m[K [01;36m[Knote: [m[K  candidate expects 3 arguments, 2 provided
[4.141s]    55 |   return [01;36m[Kfunctor(input[Indices]..., output)[m[K;
[4.141s]       |          [01;36m[K~~~~~~~^~~~~~~~~~~~~~~~~~~~~~~~~~~[m[K
[4.153s] /usr/local/include/ceres/internal/variadic_evaluate.h: In instantiation of ‘[01m[Kbool ceres::internal::VariadicEvaluateImpl(const Functor&, const T* const*, T*, std::false_type, std::integer_sequence<int, Indices ...>) [with Functor = CDCR::z_residual; T = double; int ...Indices = {0}; std::false_type = std::integral_constant<bool, false>][m[K’:
[4.153s] [01m[K/usr/local/include/ceres/internal/variadic_evaluate.h:77:30:[m[K   required from ‘[01m[Kbool ceres::internal::VariadicEvaluateImpl(const Functor&, const T* const*, T*, const void*) [with ParameterDims = ceres::internal::ParameterDims<false, 1>; Functor = CDCR::z_residual; T = double][m[K’
[4.154s] [01m[K/usr/local/include/ceres/internal/variadic_evaluate.h:106:45:[m[K   required from ‘[01m[Kbool ceres::internal::VariadicEvaluate(const Functor&, const T* const*, T*) [with ParameterDims = ceres::internal::ParameterDims<false, 1>; Functor = CDCR::z_residual; T = double][m[K’
[4.154s] [01m[K/usr/local/include/ceres/autodiff_cost_function.h:208:55:[m[K   required from ‘[01m[Kbool ceres::AutoDiffCostFunction<CostFunctor, kNumResiduals, Ns>::Evaluate(const double* const*, double*, double**) const [with CostFunctor = CDCR::z_residual; int kNumResiduals = 1; int ...Ns = {1}][m[K’
[4.154s] [01m[K/usr/local/include/ceres/autodiff_cost_function.h:201:8:[m[K   required from here
[4.154s] [01m[K/usr/local/include/ceres/internal/variadic_evaluate.h:55:17:[m[K [01;31m[Kerror: [m[Kno match for call to ‘[01m[K(const CDCR::z_residual) (const double* const&, double*&)[m[K’
[4.154s] In file included from [01m[K/home/weiwei/Desktop/project/path_follow/src/path_follow/src/cdcr.cpp:1[m[K:
[4.154s] [01m[K/home/weiwei/Desktop/project/path_follow/src/path_follow/src/cdcr.hpp:81:32:[m[K [01;36m[Knote: [m[Kcandidate: ‘[01m[Ktemplate<class T> bool CDCR::z_residual::operator()(const T*, const T*, T*) const[m[K’
[4.154s]    81 |     template <typename T> bool [01;36m[Koperator[m[K()(const T* const alpha, const T* const theta, T* residual) const {
[4.154s]       |                                [01;36m[K^~~~~~~~[m[K
[4.154s] [01m[K/home/weiwei/Desktop/project/path_follow/src/path_follow/src/cdcr.hpp:81:32:[m[K [01;36m[Knote: [m[K  template argument deduction/substitution failed:
[4.154s] In file included from [01m[K/usr/local/include/ceres/internal/autodiff.h:151[m[K,
[4.154s]                  from [01m[K/usr/local/include/ceres/autodiff_cost_function.h:130[m[K,
[4.154s]                  from [01m[K/usr/local/include/ceres/ceres.h:37[m[K,
[4.154s]                  from [01m[K/home/weiwei/Desktop/project/path_follow/src/path_follow/src/cdcr.hpp:11[m[K,
[4.154s]                  from [01m[K/home/weiwei/Desktop/project/path_follow/src/path_follow/src/cdcr.cpp:1[m[K:
[4.154s] [01m[K/usr/local/include/ceres/internal/variadic_evaluate.h:55:17:[m[K [01;36m[Knote: [m[K  candidate expects 3 arguments, 2 provided
[4.154s]    55 |   return [01;36m[Kfunctor(input[Indices]..., output)[m[K;
[4.154s]       |          [01;36m[K~~~~~~~^~~~~~~~~~~~~~~~~~~~~~~~~~~[m[K
[4.154s] /usr/local/include/ceres/internal/variadic_evaluate.h: In instantiation of ‘[01m[Kbool ceres::internal::VariadicEvaluateImpl(const Functor&, const T* const*, T*, std::false_type, std::integer_sequence<int, Indices ...>) [with Functor = CDCR::y_residual; T = double; int ...Indices = {0}; std::false_type = std::integral_constant<bool, false>][m[K’:
[4.154s] [01m[K/usr/local/include/ceres/internal/variadic_evaluate.h:77:30:[m[K   required from ‘[01m[Kbool ceres::internal::VariadicEvaluateImpl(const Functor&, const T* const*, T*, const void*) [with ParameterDims = ceres::internal::ParameterDims<false, 1>; Functor = CDCR::y_residual; T = double][m[K’
[4.154s] [01m[K/usr/local/include/ceres/internal/variadic_evaluate.h:106:45:[m[K   required from ‘[01m[Kbool ceres::internal::VariadicEvaluate(const Functor&, const T* const*, T*) [with ParameterDims = ceres::internal::ParameterDims<false, 1>; Functor = CDCR::y_residual; T = double][m[K’
[4.154s] [01m[K/usr/local/include/ceres/autodiff_cost_function.h:208:55:[m[K   required from ‘[01m[Kbool ceres::AutoDiffCostFunction<CostFunctor, kNumResiduals, Ns>::Evaluate(const double* const*, double*, double**) const [with CostFunctor = CDCR::y_residual; int kNumResiduals = 1; int ...Ns = {1}][m[K’
[4.154s] [01m[K/usr/local/include/ceres/autodiff_cost_function.h:201:8:[m[K   required from here
[4.155s] [01m[K/usr/local/include/ceres/internal/variadic_evaluate.h:55:17:[m[K [01;31m[Kerror: [m[Kno match for call to ‘[01m[K(const CDCR::y_residual) (const double* const&, double*&)[m[K’
[4.155s] In file included from [01m[K/home/weiwei/Desktop/project/path_follow/src/path_follow/src/cdcr.cpp:1[m[K:
[4.155s] [01m[K/home/weiwei/Desktop/project/path_follow/src/path_follow/src/cdcr.hpp:61:32:[m[K [01;36m[Knote: [m[Kcandidate: ‘[01m[Ktemplate<class T> bool CDCR::y_residual::operator()(const T*, const T*, T*) const[m[K’
[4.155s]    61 |     template <typename T> bool [01;36m[Koperator[m[K()(const T* const alpha, const T* const theta, T* residual) const {
[4.155s]       |                                [01;36m[K^~~~~~~~[m[K
[4.155s] [01m[K/home/weiwei/Desktop/project/path_follow/src/path_follow/src/cdcr.hpp:61:32:[m[K [01;36m[Knote: [m[K  template argument deduction/substitution failed:
[4.155s] In file included from [01m[K/usr/local/include/ceres/internal/autodiff.h:151[m[K,
[4.155s]                  from [01m[K/usr/local/include/ceres/autodiff_cost_function.h:130[m[K,
[4.155s]                  from [01m[K/usr/local/include/ceres/ceres.h:37[m[K,
[4.155s]                  from [01m[K/home/weiwei/Desktop/project/path_follow/src/path_follow/src/cdcr.hpp:11[m[K,
[4.155s]                  from [01m[K/home/weiwei/Desktop/project/path_follow/src/path_follow/src/cdcr.cpp:1[m[K:
[4.155s] [01m[K/usr/local/include/ceres/internal/variadic_evaluate.h:55:17:[m[K [01;36m[Knote: [m[K  candidate expects 3 arguments, 2 provided
[4.155s]    55 |   return [01;36m[Kfunctor(input[Indices]..., output)[m[K;
[4.155s]       |          [01;36m[K~~~~~~~^~~~~~~~~~~~~~~~~~~~~~~~~~~[m[K
[4.155s] /usr/local/include/ceres/internal/variadic_evaluate.h: In instantiation of ‘[01m[Kbool ceres::internal::VariadicEvaluateImpl(const Functor&, const T* const*, T*, std::false_type, std::integer_sequence<int, Indices ...>) [with Functor = CDCR::x_residual; T = double; int ...Indices = {0}; std::false_type = std::integral_constant<bool, false>][m[K’:
[4.155s] [01m[K/usr/local/include/ceres/internal/variadic_evaluate.h:77:30:[m[K   required from ‘[01m[Kbool ceres::internal::VariadicEvaluateImpl(const Functor&, const T* const*, T*, const void*) [with ParameterDims = ceres::internal::ParameterDims<false, 1>; Functor = CDCR::x_residual; T = double][m[K’
[4.155s] [01m[K/usr/local/include/ceres/internal/variadic_evaluate.h:106:45:[m[K   required from ‘[01m[Kbool ceres::internal::VariadicEvaluate(const Functor&, const T* const*, T*) [with ParameterDims = ceres::internal::ParameterDims<false, 1>; Functor = CDCR::x_residual; T = double][m[K’
[4.155s] [01m[K/usr/local/include/ceres/autodiff_cost_function.h:208:55:[m[K   required from ‘[01m[Kbool ceres::AutoDiffCostFunction<CostFunctor, kNumResiduals, Ns>::Evaluate(const double* const*, double*, double**) const [with CostFunctor = CDCR::x_residual; int kNumResiduals = 1; int ...Ns = {1}][m[K’
[4.155s] [01m[K/usr/local/include/ceres/autodiff_cost_function.h:201:8:[m[K   required from here
[4.155s] [01m[K/usr/local/include/ceres/internal/variadic_evaluate.h:55:17:[m[K [01;31m[Kerror: [m[Kno match for call to ‘[01m[K(const CDCR::x_residual) (const double* const&, double*&)[m[K’
[4.155s] In file included from [01m[K/home/weiwei/Desktop/project/path_follow/src/path_follow/src/cdcr.cpp:1[m[K:
[4.155s] [01m[K/home/weiwei/Desktop/project/path_follow/src/path_follow/src/cdcr.hpp:43:32:[m[K [01;36m[Knote: [m[Kcandidate: ‘[01m[Ktemplate<class T> bool CDCR::x_residual::operator()(const T*, const T*, T*) const[m[K’
[4.156s]    43 |     template <typename T> bool [01;36m[Koperator[m[K()(const T* const alpha, const T* const theta, T* residual) const {
[4.156s]       |                                [01;36m[K^~~~~~~~[m[K
[4.156s] [01m[K/home/weiwei/Desktop/project/path_follow/src/path_follow/src/cdcr.hpp:43:32:[m[K [01;36m[Knote: [m[K  template argument deduction/substitution failed:
[4.156s] In file included from [01m[K/usr/local/include/ceres/internal/autodiff.h:151[m[K,
[4.156s]                  from [01m[K/usr/local/include/ceres/autodiff_cost_function.h:130[m[K,
[4.156s]                  from [01m[K/usr/local/include/ceres/ceres.h:37[m[K,
[4.156s]                  from [01m[K/home/weiwei/Desktop/project/path_follow/src/path_follow/src/cdcr.hpp:11[m[K,
[4.156s]                  from [01m[K/home/weiwei/Desktop/project/path_follow/src/path_follow/src/cdcr.cpp:1[m[K:
[4.156s] [01m[K/usr/local/include/ceres/internal/variadic_evaluate.h:55:17:[m[K [01;36m[Knote: [m[K  candidate expects 3 arguments, 2 provided
[4.156s]    55 |   return [01;36m[Kfunctor(input[Indices]..., output)[m[K;
[4.156s]       |          [01;36m[K~~~~~~~^~~~~~~~~~~~~~~~~~~~~~~~~~~[m[K
[4.156s] /usr/local/include/ceres/internal/variadic_evaluate.h: In instantiation of ‘[01m[Kbool ceres::internal::VariadicEvaluateImpl(const Functor&, const T* const*, T*, std::false_type, std::integer_sequence<int, Indices ...>) [with Functor = CDCR::angle_residual; T = ceres::Jet<double, 1>; int ...Indices = {0}; std::false_type = std::integral_constant<bool, false>][m[K’:
[4.156s] [01m[K/usr/local/include/ceres/internal/variadic_evaluate.h:77:30:[m[K   required from ‘[01m[Kbool ceres::internal::VariadicEvaluateImpl(const Functor&, const T* const*, T*, const void*) [with ParameterDims = ceres::internal::ParameterDims<false, 1>; Functor = CDCR::angle_residual; T = ceres::Jet<double, 1>][m[K’
[4.156s] [01m[K/usr/local/include/ceres/internal/variadic_evaluate.h:106:45:[m[K   required from ‘[01m[Kbool ceres::internal::VariadicEvaluate(const Functor&, const T* const*, T*) [with ParameterDims = ceres::internal::ParameterDims<false, 1>; Functor = CDCR::angle_residual; T = ceres::Jet<double, 1>][m[K’
[4.156s] [01m[K/usr/local/include/ceres/internal/autodiff.h:349:39:[m[K   required from ‘[01m[Kbool ceres::internal::AutoDifferentiate(const Functor&, const T* const*, int, T*, T**) [with int kNumResiduals = 1; ParameterDims = ceres::internal::ParameterDims<false, 1>; Functor = CDCR::angle_residual; T = double][m[K’
[4.156s] [01m[K/usr/local/include/ceres/autodiff_cost_function.h:211:69:[m[K   required from ‘[01m[Kbool ceres::AutoDiffCostFunction<CostFunctor, kNumResiduals, Ns>::Evaluate(const double* const*, double*, double**) const [with CostFunctor = CDCR::angle_residual; int kNumResiduals = 1; int ...Ns = {1}][m[K’
[4.156s] [01m[K/usr/local/include/ceres/autodiff_cost_function.h:201:8:[m[K   required from here
[4.156s] [01m[K/usr/local/include/ceres/internal/variadic_evaluate.h:55:17:[m[K [01;31m[Kerror: [m[Kno match for call to ‘[01m[K(const CDCR::angle_residual) (const ceres::Jet<double, 1>* const&, ceres::Jet<double, 1>*&)[m[K’
[4.156s] In file included from [01m[K/home/weiwei/Desktop/project/path_follow/src/path_follow/src/cdcr.cpp:1[m[K:
[4.156s] [01m[K/home/weiwei/Desktop/project/path_follow/src/path_follow/src/cdcr.hpp:101:32:[m[K [01;36m[Knote: [m[Kcandidate: ‘[01m[Ktemplate<class T> bool CDCR::angle_residual::operator()(const T*, const T*, T*) const[m[K’
[4.156s]   101 |     template <typename T> bool [01;36m[Koperator[m[K()(const T* const alpha, const T* const theta, T* residual) const {
[4.156s]       |                                [01;36m[K^~~~~~~~[m[K
[4.156s] [01m[K/home/weiwei/Desktop/project/path_follow/src/path_follow/src/cdcr.hpp:101:32:[m[K [01;36m[Knote: [m[K  template argument deduction/substitution failed:
[4.156s] In file included from [01m[K/usr/local/include/ceres/internal/autodiff.h:151[m[K,
[4.156s]                  from [01m[K/usr/local/include/ceres/autodiff_cost_function.h:130[m[K,
[4.156s]                  from [01m[K/usr/local/include/ceres/ceres.h:37[m[K,
[4.156s]                  from [01m[K/home/weiwei/Desktop/project/path_follow/src/path_follow/src/cdcr.hpp:11[m[K,
[4.156s]                  from [01m[K/home/weiwei/Desktop/project/path_follow/src/path_follow/src/cdcr.cpp:1[m[K:
[4.156s] [01m[K/usr/local/include/ceres/internal/variadic_evaluate.h:55:17:[m[K [01;36m[Knote: [m[K  candidate expects 3 arguments, 2 provided
[4.156s]    55 |   return [01;36m[Kfunctor(input[Indices]..., output)[m[K;
[4.157s]       |          [01;36m[K~~~~~~~^~~~~~~~~~~~~~~~~~~~~~~~~~~[m[K
[4.157s] /usr/local/include/ceres/internal/variadic_evaluate.h: In instantiation of ‘[01m[Kbool ceres::internal::VariadicEvaluateImpl(const Functor&, const T* const*, T*, std::false_type, std::integer_sequence<int, Indices ...>) [with Functor = CDCR::z_residual; T = ceres::Jet<double, 1>; int ...Indices = {0}; std::false_type = std::integral_constant<bool, false>][m[K’:
[4.157s] [01m[K/usr/local/include/ceres/internal/variadic_evaluate.h:77:30:[m[K   required from ‘[01m[Kbool ceres::internal::VariadicEvaluateImpl(const Functor&, const T* const*, T*, const void*) [with ParameterDims = ceres::internal::ParameterDims<false, 1>; Functor = CDCR::z_residual; T = ceres::Jet<double, 1>][m[K’
[4.157s] [01m[K/usr/local/include/ceres/internal/variadic_evaluate.h:106:45:[m[K   required from ‘[01m[Kbool ceres::internal::VariadicEvaluate(const Functor&, const T* const*, T*) [with ParameterDims = ceres::internal::ParameterDims<false, 1>; Functor = CDCR::z_residual; T = ceres::Jet<double, 1>][m[K’
[4.157s] [01m[K/usr/local/include/ceres/internal/autodiff.h:349:39:[m[K   required from ‘[01m[Kbool ceres::internal::AutoDifferentiate(const Functor&, const T* const*, int, T*, T**) [with int kNumResiduals = 1; ParameterDims = ceres::internal::ParameterDims<false, 1>; Functor = CDCR::z_residual; T = double][m[K’
[4.157s] [01m[K/usr/local/include/ceres/autodiff_cost_function.h:211:69:[m[K   required from ‘[01m[Kbool ceres::AutoDiffCostFunction<CostFunctor, kNumResiduals, Ns>::Evaluate(const double* const*, double*, double**) const [with CostFunctor = CDCR::z_residual; int kNumResiduals = 1; int ...Ns = {1}][m[K’
[4.157s] [01m[K/usr/local/include/ceres/autodiff_cost_function.h:201:8:[m[K   required from here
[4.157s] [01m[K/usr/local/include/ceres/internal/variadic_evaluate.h:55:17:[m[K [01;31m[Kerror: [m[Kno match for call to ‘[01m[K(const CDCR::z_residual) (const ceres::Jet<double, 1>* const&, ceres::Jet<double, 1>*&)[m[K’
[4.157s] In file included from [01m[K/home/weiwei/Desktop/project/path_follow/src/path_follow/src/cdcr.cpp:1[m[K:
[4.157s] [01m[K/home/weiwei/Desktop/project/path_follow/src/path_follow/src/cdcr.hpp:81:32:[m[K [01;36m[Knote: [m[Kcandidate: ‘[01m[Ktemplate<class T> bool CDCR::z_residual::operator()(const T*, const T*, T*) const[m[K’
[4.157s]    81 |     template <typename T> bool [01;36m[Koperator[m[K()(const T* const alpha, const T* const theta, T* residual) const {
[4.157s]       |                                [01;36m[K^~~~~~~~[m[K
[4.157s] [01m[K/home/weiwei/Desktop/project/path_follow/src/path_follow/src/cdcr.hpp:81:32:[m[K [01;36m[Knote: [m[K  template argument deduction/substitution failed:
[4.157s] In file included from [01m[K/usr/local/include/ceres/internal/autodiff.h:151[m[K,
[4.157s]                  from [01m[K/usr/local/include/ceres/autodiff_cost_function.h:130[m[K,
[4.157s]                  from [01m[K/usr/local/include/ceres/ceres.h:37[m[K,
[4.157s]                  from [01m[K/home/weiwei/Desktop/project/path_follow/src/path_follow/src/cdcr.hpp:11[m[K,
[4.157s]                  from [01m[K/home/weiwei/Desktop/project/path_follow/src/path_follow/src/cdcr.cpp:1[m[K:
[4.157s] [01m[K/usr/local/include/ceres/internal/variadic_evaluate.h:55:17:[m[K [01;36m[Knote: [m[K  candidate expects 3 arguments, 2 provided
[4.157s]    55 |   return [01;36m[Kfunctor(input[Indices]..., output)[m[K;
[4.157s]       |          [01;36m[K~~~~~~~^~~~~~~~~~~~~~~~~~~~~~~~~~~[m[K
[4.157s] /usr/local/include/ceres/internal/variadic_evaluate.h: In instantiation of ‘[01m[Kbool ceres::internal::VariadicEvaluateImpl(const Functor&, const T* const*, T*, std::false_type, std::integer_sequence<int, Indices ...>) [with Functor = CDCR::y_residual; T = ceres::Jet<double, 1>; int ...Indices = {0}; std::false_type = std::integral_constant<bool, false>][m[K’:
[4.157s] [01m[K/usr/local/include/ceres/internal/variadic_evaluate.h:77:30:[m[K   required from ‘[01m[Kbool ceres::internal::VariadicEvaluateImpl(const Functor&, const T* const*, T*, const void*) [with ParameterDims = ceres::internal::ParameterDims<false, 1>; Functor = CDCR::y_residual; T = ceres::Jet<double, 1>][m[K’
[4.157s] [01m[K/usr/local/include/ceres/internal/variadic_evaluate.h:106:45:[m[K   required from ‘[01m[Kbool ceres::internal::VariadicEvaluate(const Functor&, const T* const*, T*) [with ParameterDims = ceres::internal::ParameterDims<false, 1>; Functor = CDCR::y_residual; T = ceres::Jet<double, 1>][m[K’
[4.157s] [01m[K/usr/local/include/ceres/internal/autodiff.h:349:39:[m[K   required from ‘[01m[Kbool ceres::internal::AutoDifferentiate(const Functor&, const T* const*, int, T*, T**) [with int kNumResiduals = 1; ParameterDims = ceres::internal::ParameterDims<false, 1>; Functor = CDCR::y_residual; T = double][m[K’
[4.157s] [01m[K/usr/local/include/ceres/autodiff_cost_function.h:211:69:[m[K   required from ‘[01m[Kbool ceres::AutoDiffCostFunction<CostFunctor, kNumResiduals, Ns>::Evaluate(const double* const*, double*, double**) const [with CostFunctor = CDCR::y_residual; int kNumResiduals = 1; int ...Ns = {1}][m[K’
[4.157s] [01m[K/usr/local/include/ceres/autodiff_cost_function.h:201:8:[m[K   required from here
[4.157s] [01m[K/usr/local/include/ceres/internal/variadic_evaluate.h:55:17:[m[K [01;31m[Kerror: [m[Kno match for call to ‘[01m[K(const CDCR::y_residual) (const ceres::Jet<double, 1>* const&, ceres::Jet<double, 1>*&)[m[K’
[4.157s] In file included from [01m[K/home/weiwei/Desktop/project/path_follow/src/path_follow/src/cdcr.cpp:1[m[K:
[4.157s] [01m[K/home/weiwei/Desktop/project/path_follow/src/path_follow/src/cdcr.hpp:61:32:[m[K [01;36m[Knote: [m[Kcandidate: ‘[01m[Ktemplate<class T> bool CDCR::y_residual::operator()(const T*, const T*, T*) const[m[K’
[4.158s]    61 |     template <typename T> bool [01;36m[Koperator[m[K()(const T* const alpha, const T* const theta, T* residual) const {
[4.158s]       |                                [01;36m[K^~~~~~~~[m[K
[4.158s] [01m[K/home/weiwei/Desktop/project/path_follow/src/path_follow/src/cdcr.hpp:61:32:[m[K [01;36m[Knote: [m[K  template argument deduction/substitution failed:
[4.158s] In file included from [01m[K/usr/local/include/ceres/internal/autodiff.h:151[m[K,
[4.158s]                  from [01m[K/usr/local/include/ceres/autodiff_cost_function.h:130[m[K,
[4.158s]                  from [01m[K/usr/local/include/ceres/ceres.h:37[m[K,
[4.158s]                  from [01m[K/home/weiwei/Desktop/project/path_follow/src/path_follow/src/cdcr.hpp:11[m[K,
[4.158s]                  from [01m[K/home/weiwei/Desktop/project/path_follow/src/path_follow/src/cdcr.cpp:1[m[K:
[4.158s] [01m[K/usr/local/include/ceres/internal/variadic_evaluate.h:55:17:[m[K [01;36m[Knote: [m[K  candidate expects 3 arguments, 2 provided
[4.158s]    55 |   return [01;36m[Kfunctor(input[Indices]..., output)[m[K;
[4.158s]       |          [01;36m[K~~~~~~~^~~~~~~~~~~~~~~~~~~~~~~~~~~[m[K
[4.158s] /usr/local/include/ceres/internal/variadic_evaluate.h: In instantiation of ‘[01m[Kbool ceres::internal::VariadicEvaluateImpl(const Functor&, const T* const*, T*, std::false_type, std::integer_sequence<int, Indices ...>) [with Functor = CDCR::x_residual; T = ceres::Jet<double, 1>; int ...Indices = {0}; std::false_type = std::integral_constant<bool, false>][m[K’:
[4.158s] [01m[K/usr/local/include/ceres/internal/variadic_evaluate.h:77:30:[m[K   required from ‘[01m[Kbool ceres::internal::VariadicEvaluateImpl(const Functor&, const T* const*, T*, const void*) [with ParameterDims = ceres::internal::ParameterDims<false, 1>; Functor = CDCR::x_residual; T = ceres::Jet<double, 1>][m[K’
[4.158s] [01m[K/usr/local/include/ceres/internal/variadic_evaluate.h:106:45:[m[K   required from ‘[01m[Kbool ceres::internal::VariadicEvaluate(const Functor&, const T* const*, T*) [with ParameterDims = ceres::internal::ParameterDims<false, 1>; Functor = CDCR::x_residual; T = ceres::Jet<double, 1>][m[K’
[4.158s] [01m[K/usr/local/include/ceres/internal/autodiff.h:349:39:[m[K   required from ‘[01m[Kbool ceres::internal::AutoDifferentiate(const Functor&, const T* const*, int, T*, T**) [with int kNumResiduals = 1; ParameterDims = ceres::internal::ParameterDims<false, 1>; Functor = CDCR::x_residual; T = double][m[K’
[4.158s] [01m[K/usr/local/include/ceres/autodiff_cost_function.h:211:69:[m[K   required from ‘[01m[Kbool ceres::AutoDiffCostFunction<CostFunctor, kNumResiduals, Ns>::Evaluate(const double* const*, double*, double**) const [with CostFunctor = CDCR::x_residual; int kNumResiduals = 1; int ...Ns = {1}][m[K’
[4.158s] [01m[K/usr/local/include/ceres/autodiff_cost_function.h:201:8:[m[K   required from here
[4.158s] [01m[K/usr/local/include/ceres/internal/variadic_evaluate.h:55:17:[m[K [01;31m[Kerror: [m[Kno match for call to ‘[01m[K(const CDCR::x_residual) (const ceres::Jet<double, 1>* const&, ceres::Jet<double, 1>*&)[m[K’
[4.158s] In file included from [01m[K/home/weiwei/Desktop/project/path_follow/src/path_follow/src/cdcr.cpp:1[m[K:
[4.158s] [01m[K/home/weiwei/Desktop/project/path_follow/src/path_follow/src/cdcr.hpp:43:32:[m[K [01;36m[Knote: [m[Kcandidate: ‘[01m[Ktemplate<class T> bool CDCR::x_residual::operator()(const T*, const T*, T*) const[m[K’
[4.158s]    43 |     template <typename T> bool [01;36m[Koperator[m[K()(const T* const alpha, const T* const theta, T* residual) const {
[4.158s]       |                                [01;36m[K^~~~~~~~[m[K
[4.158s] [01m[K/home/weiwei/Desktop/project/path_follow/src/path_follow/src/cdcr.hpp:43:32:[m[K [01;36m[Knote: [m[K  template argument deduction/substitution failed:
[4.158s] In file included from [01m[K/usr/local/include/ceres/internal/autodiff.h:151[m[K,
[4.158s]                  from [01m[K/usr/local/include/ceres/autodiff_cost_function.h:130[m[K,
[4.158s]                  from [01m[K/usr/local/include/ceres/ceres.h:37[m[K,
[4.158s]                  from [01m[K/home/weiwei/Desktop/project/path_follow/src/path_follow/src/cdcr.hpp:11[m[K,
[4.158s]                  from [01m[K/home/weiwei/Desktop/project/path_follow/src/path_follow/src/cdcr.cpp:1[m[K:
[4.158s] [01m[K/usr/local/include/ceres/internal/variadic_evaluate.h:55:17:[m[K [01;36m[Knote: [m[K  candidate expects 3 arguments, 2 provided
[4.158s]    55 |   return [01;36m[Kfunctor(input[Indices]..., output)[m[K;
[4.159s]       |          [01;36m[K~~~~~~~^~~~~~~~~~~~~~~~~~~~~~~~~~~[m[K
[4.334s] make[2]: *** [CMakeFiles/path_follow.dir/build.make:76：CMakeFiles/path_follow.dir/src/cdcr.cpp.o] 错误 1
[4.334s] make[1]: *** [CMakeFiles/Makefile2:78：CMakeFiles/path_follow.dir/all] 错误 2
[4.334s] make: *** [Makefile:141：all] 错误 2
[4.337s] Invoked command in '/home/weiwei/Desktop/project/path_follow/build/path_follow' returned '2': CMAKE_PREFIX_PATH=/opt/ros/foxy /usr/bin/cmake --build /home/weiwei/Desktop/project/path_follow/build/path_follow -- -j16 -l16
