[0.105s] Invoking command in '/home/weiwei/Desktop/project/path_follow/build/path_follow': CMAKE_PREFIX_PATH=${CMAKE_PREFIX_PATH}:/opt/ros/foxy /usr/bin/cmake --build /home/weiwei/Desktop/project/path_follow/build/path_follow -- -j16 -l16
[0.142s] [35m[1mScanning dependencies of target path_follow[0m
[0.181s] [ 50%] [32mBuilding CXX object CMakeFiles/path_follow.dir/src/cdcr.cpp.o[0m
[0.181s] [ 50%] [32mBuilding CXX object CMakeFiles/path_follow.dir/src/main.cpp.o[0m
[0.429s] In file included from [01m[K/home/weiwei/Desktop/project/path_follow/src/path_follow/src/main.cpp:1[m[K:
[0.429s] [01m[K/home/weiwei/Desktop/project/path_follow/src/path_follow/src/cdcr.hpp:14:10:[m[K [01;31m[Kfatal error: [m[Ksignal.hpp: æ²¡æœ‰é‚£ä¸ªæ–‡ä»¶æˆ–ç›®å½•
[0.429s]    14 | #include [01;31m[K<signal.hpp>[m[K
[0.429s]       |          [01;31m[K^~~~~~~~~~~~[m[K
[0.429s] compilation terminated.
[0.434s] make[2]: *** [CMakeFiles/path_follow.dir/build.make:63ï¼šCMakeFiles/path_follow.dir/src/main.cpp.o] é”™è¯¯ 1
[0.434s] make[2]: *** æ­£åœ¨ç­‰å¾…æœªå®Œæˆçš„ä»»åŠ¡....
[0.447s] In file included from [01m[K/home/weiwei/Desktop/project/path_follow/src/path_follow/src/cdcr.cpp:1[m[K:
[0.447s] [01m[K/home/weiwei/Desktop/project/path_follow/src/path_follow/src/cdcr.hpp:14:10:[m[K [01;31m[Kfatal error: [m[Ksignal.hpp: æ²¡æœ‰é‚£ä¸ªæ–‡ä»¶æˆ–ç›®å½•
[0.447s]    14 | #include [01;31m[K<signal.hpp>[m[K
[0.447s]       |          [01;31m[K^~~~~~~~~~~~[m[K
[0.447s] compilation terminated.
[0.452s] make[2]: *** [CMakeFiles/path_follow.dir/build.make:76ï¼šCMakeFiles/path_follow.dir/src/cdcr.cpp.o] é”™è¯¯ 1
[0.452s] make[1]: *** [CMakeFiles/Makefile2:78ï¼šCMakeFiles/path_follow.dir/all] é”™è¯¯ 2
[0.453s] make: *** [Makefile:141ï¼šall] é”™è¯¯ 2
[0.455s] Invoked command in '/home/weiwei/Desktop/project/path_follow/build/path_follow' returned '2': CMAKE_PREFIX_PATH=${CMAKE_PREFIX_PATH}:/opt/ros/foxy /usr/bin/cmake --build /home/weiwei/Desktop/project/path_follow/build/path_follow -- -j16 -l16
