[0.079s] Invoking command in '/home/weiwei/Desktop/project/path_follow/build/path_generator': CMAKE_PREFIX_PATH=/opt/ros/foxy /usr/bin/cmake --build /home/weiwei/Desktop/project/path_follow/build/path_generator -- -j16 -l16
[0.114s] [100%] Built target path_generator
[0.120s] Invoked command in '/home/weiwei/Desktop/project/path_follow/build/path_generator' returned '0': CMAKE_PREFIX_PATH=/opt/ros/foxy /usr/bin/cmake --build /home/weiwei/Desktop/project/path_follow/build/path_generator -- -j16 -l16
[0.146s] Invoking command in '/home/weiwei/Desktop/project/path_follow/build/path_generator': CMAKE_PREFIX_PATH=/opt/ros/foxy /usr/bin/cmake --install /home/weiwei/Desktop/project/path_follow/build/path_generator
[0.152s] -- Install configuration: ""
[0.152s] -- Up-to-date: /home/weiwei/Desktop/project/path_follow/install/path_generator/lib/path_generator/path_generator
[0.152s] -- Up-to-date: /home/weiwei/Desktop/project/path_follow/install/path_generator/share/ament_index/resource_index/package_run_dependencies/path_generator
[0.152s] -- Up-to-date: /home/weiwei/Desktop/project/path_follow/install/path_generator/share/ament_index/resource_index/parent_prefix_path/path_generator
[0.152s] -- Up-to-date: /home/weiwei/Desktop/project/path_follow/install/path_generator/share/path_generator/environment/ament_prefix_path.sh
[0.152s] -- Up-to-date: /home/weiwei/Desktop/project/path_follow/install/path_generator/share/path_generator/environment/ament_prefix_path.dsv
[0.152s] -- Up-to-date: /home/weiwei/Desktop/project/path_follow/install/path_generator/share/path_generator/environment/path.sh
[0.152s] -- Up-to-date: /home/weiwei/Desktop/project/path_follow/install/path_generator/share/path_generator/environment/path.dsv
[0.153s] -- Up-to-date: /home/weiwei/Desktop/project/path_follow/install/path_generator/share/path_generator/local_setup.bash
[0.153s] -- Up-to-date: /home/weiwei/Desktop/project/path_follow/install/path_generator/share/path_generator/local_setup.sh
[0.153s] -- Up-to-date: /home/weiwei/Desktop/project/path_follow/install/path_generator/share/path_generator/local_setup.zsh
[0.153s] -- Up-to-date: /home/weiwei/Desktop/project/path_follow/install/path_generator/share/path_generator/local_setup.dsv
[0.153s] -- Installing: /home/weiwei/Desktop/project/path_follow/install/path_generator/share/path_generator/package.dsv
[0.153s] -- Up-to-date: /home/weiwei/Desktop/project/path_follow/install/path_generator/share/ament_index/resource_index/packages/path_generator
[0.153s] -- Up-to-date: /home/weiwei/Desktop/project/path_follow/install/path_generator/share/path_generator/cmake/path_generatorConfig.cmake
[0.153s] -- Up-to-date: /home/weiwei/Desktop/project/path_follow/install/path_generator/share/path_generator/cmake/path_generatorConfig-version.cmake
[0.153s] -- Up-to-date: /home/weiwei/Desktop/project/path_follow/install/path_generator/share/path_generator/package.xml
[0.154s] Invoked command in '/home/weiwei/Desktop/project/path_follow/build/path_generator' returned '0': CMAKE_PREFIX_PATH=/opt/ros/foxy /usr/bin/cmake --install /home/weiwei/Desktop/project/path_follow/build/path_generator
